%LC春樹
%LC春樹
「――よーし。できあがり」%K%P
「――よーし。できあがり」%K%P
やっぱり日本の朝食と言えば、\n白いご飯とお鮭の塩焼き、それにお味噌汁だよね。%K%P
やっぱり日本の朝食と言えば、\n白いご飯とお鮭の塩焼き、それにお味噌汁だよね。%K%P
この匂いを嗅いでいるだけで、\n帰ってきたって感じがするなぁ。%K%P
この匂いを嗅いでいるだけで、\n帰ってきたって感じがするなぁ。%K%P
%LC春樹
%LC春樹
「お姉ちゃ――じゃなくて。\n　姉さ〜ん？　朝ご飯できたぞ、姉さん〜！」%K%P
「お姉ちゃ――じゃなくて。\n　姉さ〜ん？　朝ご飯できたぞ、姉さん〜！」%K%P
お部屋の方へ呼びかけるけど返事がない。%K%P
お部屋の方へ呼びかけるけど返事がない。%K%P
まだ寝てるのかな。冷める前に食べて欲しいのに。%K%P
まだ寝てるのかな。冷める前に食べて欲しいのに。%K%P
%LC春樹
%LC春樹
「姉さん？　起きてる？　姉さんー？」%K%P
「姉さん？　起きてる？　姉さんー？」%K%P
%LC千鶴
%LC千鶴
『んん〜…………。毎日が……ＳＵＮＤＡＹ……』%K%P
『んん〜…………。毎日が……ＳＵＮＤＡＹ……』%K%P
%LC春樹
%LC春樹
「はぁ……。ったくもー……」%K%P
「はぁ……。ったくもー……」%K%P
聞こえてきたのは、そんなダメ人間の声だった。%K%P
聞こえてきたのは、そんなダメ人間の声だった。%K%P
でも、ため息をついてる場合じゃない。%K%P
でも、ため息をついてる場合じゃない。%K%P
たとえ年下の弟だとしても僕――いいや、俺は男だ。\nだらしない姉を男らしく引っ張ってあげないと。%K%P
たとえ年下の弟だとしても僕――いいや、俺は男だ。\nだらしない姉を男らしく引っ張ってあげないと。%K%P
%LC春樹
%LC春樹
「コラ、姉さん！\n　あんまり自堕落な生活をしていると牛に――」%K%P
「コラ、姉さん！\n　あんまり自堕落な生活をしていると牛に――」%K%P
%LC春樹
%LC春樹
「なるぞ――って！？」%K%P
「なるぞ――って！？」%K%P
%LC千鶴
%LC千鶴
「むにゃむにゃ……」%K%P
「むにゃむにゃ……」%K%P
どうして裸！？\n向こうではちゃんと服着て寝てたよね！？%K%P
どうして裸！？\n向こうではちゃんと服着て寝てたよね！？%K%P
%LC千鶴
%LC千鶴
「んん〜……。まだ眠いぃー……。\n　もうちょい、ぐーぐー、寝かせてぇ……」%K%P
「んん〜……。まだ眠いぃー……。\n　もうちょい、ぐーぐー、寝かせてぇ……」%K%P
身じろぎする度に大きなお胸がぷるんと揺れて――\nめ、目のやり場に困る……！！%K%P
身じろぎする度に大きなお胸がぷるんと揺れて――\nめ、目のやり場に困る……！！%K%P
%LC春樹
%LC春樹
「いいから起きて……！　その前に服着てっ！\n　それでもファッションデザイナーなのっ！？」%K%P
「いいから起きて……！　その前に服着てっ！\n　それでもファッションデザイナーなのっ！？」%K%P
%LC千鶴
%LC千鶴
「服ってのはね……誰かに見てもらうために、むにゃ、\n　着るものなのさー……だから寝る時は必要ないのー……」%K%P
「服ってのはね……誰かに見てもらうために、むにゃ、\n　着るものなのさー……だから寝る時は必要ないのー……」%K%P
%LC春樹
%LC春樹
「見られてるからっ！\n　いま僕にがっつり見られてるからっ！」%K%P
「見られてるからっ！\n　いま僕にがっつり見られてるからっ！」%K%P
%LC千鶴
%LC千鶴
「へ〜……？」%K%P
「へ〜……？」%K%P
顔を真っ赤にして叫ぶと、お姉ちゃんは\n目をゴシゴシ擦って悪戯っぽく微笑みかけてきた。%K%P
顔を真っ赤にして叫ぶと、お姉ちゃんは\n目をゴシゴシ擦って悪戯っぽく微笑みかけてきた。%K%P
%LC春樹
%LC春樹
「な、なにさ」%K%P
「な、なにさ」%K%P
%LC千鶴
%LC千鶴
「や〜。春樹もお年頃の男の子なんだって思ってさー……」%K%P
「や〜。春樹もお年頃の男の子なんだって思ってさー……」%K%P
%LC春樹
%LC春樹
「ど、どういう意味？」%K%P
「ど、どういう意味？」%K%P
%LC千鶴
%LC千鶴
「お姉ちゃんの裸、ふふ、じーっと見てるんっしょ？」%K%P
「お姉ちゃんの裸、ふふ、じーっと見てるんっしょ？」%K%P
%LC春樹
%LC春樹
「え……？　〜〜っっ！！」%K%P
「え……？　〜〜っっ！！」%K%P
%LC千鶴
%LC千鶴
「こーの、す・け・べ♪」%K%P
「こーの、す・け・べ♪」%K%P
%LC春樹
%LC春樹
「みみみ、見てないってばぁ〜！！」%K%P
「みみみ、見てないってばぁ〜！！」%K%P
%LC千鶴
%LC千鶴
『あはは、そんなに慌てて出て行っちゃったら、\n　お姉ちゃんの裸エロい目で見てたって証拠になんよ〜？』%K%P
『あはは、そんなに慌てて出て行っちゃったら、\n　お姉ちゃんの裸エロい目で見てたって証拠になんよ〜？』%K%P
%LC春樹
%LC春樹
「そんな目で見てないっ……！！\n　お姉ちゃんの裸なんて見る価値ないからっ！！」%K%P
「そんな目で見てないっ……！！\n　お姉ちゃんの裸なんて見る価値ないからっ！！」%K%P
%LC千鶴
%LC千鶴
『む。それはそれでムカつくな。\n　社会人独身女性の心に深い傷を残す言葉だぞ、それ』%K%P
『む。それはそれでムカつくな。\n　社会人独身女性の心に深い傷を残す言葉だぞ、それ』%K%P
%LC春樹
%LC春樹
「ならちゃんとしてっ！　朝ご飯用意してあるから、\n　早く着替えて食べに来て！　いや食べに来いっ！」%K%P
「ならちゃんとしてっ！　朝ご飯用意してあるから、\n　早く着替えて食べに来て！　いや食べに来いっ！」%K%P
%LC千鶴
%LC千鶴
『食べに来いって。まーた格好付けちゃって。\n　似合わないよー？　その口調』%K%P
『食べに来いって。まーた格好付けちゃって。\n　似合わないよー？　その口調』%K%P
%LC春樹
%LC春樹
「う、うるさいな！　余計なお世話だよ！\n　僕――じゃなくて！　俺の勝手だから！」%K%P
「う、うるさいな！　余計なお世話だよ！\n　僕――じゃなくて！　俺の勝手だから！」%K%P
%LC千鶴
%LC千鶴
『ぷーくすくす。言ったそばから「僕」とか\n　言っちゃってるし。無理して変えなくていいのに〜』%K%P
『ぷーくすくす。言ったそばから「僕」とか\n　言っちゃってるし。無理して変えなくていいのに〜』%K%P
%LC春樹
%LC春樹
「〜〜っっ！　それ以上バカにするなら、\n　姉さんの朝飯抜きにするからっ！」%K%P
「〜〜っっ！　それ以上バカにするなら、\n　姉さんの朝飯抜きにするからっ！」%K%P
%LC千鶴
%LC千鶴
「――ちょっ！　そりゃないよ、春樹！！\n　ごめんっ、ごめんってば〜！！」%K%P
「――ちょっ！　そりゃないよ、春樹！！\n　ごめんっ、ごめんってば〜！！」%K%P
%LC春樹
%LC春樹
「きゃあああっ！！？　どうして裸で出てくるの！！？」%K%P
「きゃあああっ！！？　どうして裸で出てくるの！！？」%K%P
%LC千鶴
%LC千鶴
「春樹がご飯抜きとか言うからっしょ！？\n　それだけはマジ勘弁っ、謝るって！」%K%P
「春樹がご飯抜きとか言うからっしょ！？\n　それだけはマジ勘弁っ、謝るって！」%K%P
%LC春樹
%LC春樹
「わかったから服着てっ！！\n　部屋戻ってってば〜！！」%K%P
「わかったから服着てっ！！\n　部屋戻ってってば〜！！」%K%P
全裸の姉を必死で部屋へ戻す。%K%P
全裸の姉を必死で部屋へ戻す。%K%P
今更になってお姉ちゃんとの\n二人暮らしが不安になってきた……。%K%P
今更になってお姉ちゃんとの\n二人暮らしが不安になってきた……。%K%P
%LC千鶴
%LC千鶴
「うま〜！　春樹を連れて帰ってきて良かったよ〜。\n　こんなご飯、一人じゃ作れないもんね〜」%K%P
「うま〜！　春樹を連れて帰ってきて良かったよ〜。\n　こんなご飯、一人じゃ作れないもんね〜」%K%P
%LC春樹
%LC春樹
「俺は一人暮らししたくなってきたよ……」%K%P
「俺は一人暮らししたくなってきたよ……」%K%P
%LC千鶴
%LC千鶴
「おいおい、そりゃないよ{我が弟:モン　フレヘール}。\n　あたしの何が不満だって言うのさー」%K%P
「おいおい、そりゃないよ{我が弟:モン　フレヘール}。\n　あたしの何が不満だって言うのさー」%K%P
%LC春樹
%LC春樹
「だらしなさに決まってるじゃん！？\n　こっちに帰ってきてから日に日に酷くなってるし！」%K%P
「だらしなさに決まってるじゃん！？\n　こっちに帰ってきてから日に日に酷くなってるし！」%K%P
%LC千鶴
%LC千鶴
「春樹は真面目だね〜。親の目もないんだし、\n　もっと気楽に過ごせばいいのにさ〜」%K%P
「春樹は真面目だね〜。親の目もないんだし、\n　もっと気楽に過ごせばいいのにさ〜」%K%P
%LC春樹
%LC春樹
「姉さんは気が抜けすぎてるから！」%K%P
「姉さんは気が抜けすぎてるから！」%K%P
%LC千鶴
%LC千鶴
「んだよー。ちゃんと服も着てきたじゃん。\n　しっかし日本の夏はあっついね〜」%K%P
「んだよー。ちゃんと服も着てきたじゃん。\n　しっかし日本の夏はあっついね〜」%K%P
%LC春樹
%LC春樹
「わわわっ！　シャツの襟引っ張るなっ！\n　変なものが見えちゃうって！」%K%P
「わわわっ！　シャツの襟引っ張るなっ！\n　変なものが見えちゃうって！」%K%P
%LC千鶴
%LC千鶴
「んん〜？　やっぱ気になんの？\n　さっき見る価値ないとか言ってたクセに〜」%K%P
「んん〜？　やっぱ気になんの？\n　さっき見る価値ないとか言ってたクセに〜」%K%P
%LC春樹
%LC春樹
「下品だって言ってるの！」%K%P
「下品だって言ってるの！」%K%P
%LC千鶴
%LC千鶴
「あはは、顔真っ赤にしちゃって可愛い〜。\n　やっぱ春樹をからかうのは面白いね〜」%K%P
「あはは、顔真っ赤にしちゃって可愛い〜。\n　やっぱ春樹をからかうのは面白いね〜」%K%P
お姉ちゃんがケタケタと笑う。\nぐぬぬ、この姉は本当にいつもいつも……！%K%P
お姉ちゃんがケタケタと笑う。\nぐぬぬ、この姉は本当にいつもいつも……！%K%P
――ってダメダメ。落ち着くんだ、僕。\nこんなことで取り乱したら男らしくない。%K%P
――ってダメダメ。落ち着くんだ、僕。\nこんなことで取り乱したら男らしくない。%K%P
%LC春樹
%LC春樹
「さっきも言ったけど\n　俺は姉さんの身体になんて興味ないから。\n　あまりからかうようなら本気で怒るよ」%K%P
「さっきも言ったけど\n　俺は姉さんの身体になんて興味ないから。\n　あまりからかうようなら本気で怒るよ」%K%P
%LC千鶴
%LC千鶴
「あらら拗ねちゃった。すーぐ素が出ちゃうクセに、\n　また変な口調で喋っちゃってさ」%K%P
「あらら拗ねちゃった。すーぐ素が出ちゃうクセに、\n　また変な口調で喋っちゃってさ」%K%P
%LC春樹
%LC春樹
「へ、変な口調じゃない。男らしい口調だよ！」%K%P
「へ、変な口調じゃない。男らしい口調だよ！」%K%P
%LC千鶴
%LC千鶴
「ふーん？　でも向こうじゃ、そんな喋り方\n　してなかったじゃん。どういう風の吹き回し？」%K%P
「ふーん？　でも向こうじゃ、そんな喋り方\n　してなかったじゃん。どういう風の吹き回し？」%K%P
%LC春樹
%LC春樹
「姉さんには関係ないってば！」%K%P
「姉さんには関係ないってば！」%K%P
%LC千鶴
%LC千鶴
「ふ〜ん？」%K%P
「ふ〜ん？」%K%P
お姉ちゃんがニタニタ笑って僕を見てくる。\n……ふんだ。バカにしてくれちゃって。%K%P
お姉ちゃんがニタニタ笑って僕を見てくる。\n……ふんだ。バカにしてくれちゃって。%K%P
でも僕は決めたんだ。日本に帰ってきた以上、\n格好良くて強い「男の中の男」になるって。%K%P
でも僕は決めたんだ。日本に帰ってきた以上、\n格好良くて強い「男の中の男」になるって。%K%P
口調も態度も格好良くして、\n今までの自分とさよならするんだって。%K%P
口調も態度も格好良くして、\n今までの自分とさよならするんだって。%K%P
%LC春樹
%LC春樹
「とにかく……あまり自堕落な生活を送るようなら、\n　父さんと母さんに言いつけるから。覚悟してよ？」%K%P
「とにかく……あまり自堕落な生活を送るようなら、\n　父さんと母さんに言いつけるから。覚悟してよ？」%K%P
%LC千鶴
%LC千鶴
「はいはい。ま、善処は致しますよーっと」%K%P
「はいはい。ま、善処は致しますよーっと」%K%P
%LC千鶴
%LC千鶴
「言うてあたしも……お父さんたちが守り続けてくれた\n　この屋敷を継いでいきたいしね」%K%P
「言うてあたしも……お父さんたちが守り続けてくれた\n　この屋敷を継いでいきたいしね」%K%P
一転してお姉ちゃんが優しい顔になって、\n懐かしそうにテーブルをしみじみと撫でる。%K%P
一転してお姉ちゃんが優しい顔になって、\n懐かしそうにテーブルをしみじみと撫でる。%K%P
%LC千鶴
%LC千鶴
「帰ってきた時は子供の頃に\n　タイムスリップしちゃったのかと思ったよ。\n　向こうに移住する前と変わってなさすぎて」%K%P
「帰ってきた時は子供の頃に\n　タイムスリップしちゃったのかと思ったよ。\n　向こうに移住する前と変わってなさすぎて」%K%P
%LC春樹
%LC春樹
「……俺もビックリした。\n　てっきりここはもう引き払ったとばかり思ってたし」%K%P
「……俺もビックリした。\n　てっきりここはもう引き払ったとばかり思ってたし」%K%P
%LC千鶴
%LC千鶴
「一家揃ってここで暮らしてた時ですら、\n　売っちゃおうかって話も出てたもんね〜」%K%P
「一家揃ってここで暮らしてた時ですら、\n　売っちゃおうかって話も出てたもんね〜」%K%P
%LC春樹
%LC春樹
「うん……。でも、父さんたち、\n　ずっと残しておいてくれてたんだ……」%K%P
「うん……。でも、父さんたち、\n　ずっと残しておいてくれてたんだ……」%K%P
このお屋敷は僕とお姉ちゃんの生まれ育った場所だ。%K%P
このお屋敷は僕とお姉ちゃんの生まれ育った場所だ。%K%P
我が家――{蛍乃:けいの}家は名家とまではいかないものの、\n古くは貿易業でそこそこ名の知れた家だったらしい。%K%P
我が家――{蛍乃:けいの}家は名家とまではいかないものの、\n古くは貿易業でそこそこ名の知れた家だったらしい。%K%P
しかし今となってはその面影はどこにもなく、\n僕が生まれた時には半ば落ちぶれてしまっていた。%K%P
しかし今となってはその面影はどこにもなく、\n僕が生まれた時には半ば落ちぶれてしまっていた。%K%P
そこで家を建て直すためにお父さんたちが\n海外で新しい事業を始めることにしたのが５年前。%K%P
そこで家を建て直すためにお父さんたちが\n海外で新しい事業を始めることにしたのが５年前。%K%P
一家揃って住み慣れた日本を離れて、\nフランスに移住したんだ。%K%P
一家揃って住み慣れた日本を離れて、\nフランスに移住したんだ。%K%P
その時に、このお屋敷も引き払って\nしまったのだと思っていたけれど……。%K%P
その時に、このお屋敷も引き払って\nしまったのだと思っていたけれど……。%K%P
お父さんたちは僕たちの帰る家を\nこっそり守り続けてくれていたらしい。%K%P
お父さんたちは僕たちの帰る家を\nこっそり守り続けてくれていたらしい。%K%P
決して楽な暮らしじゃなかったはずなのに。\nお金のかかるこのお屋敷を維持し続けてくれていたんだ。%K%P
決して楽な暮らしじゃなかったはずなのに。\nお金のかかるこのお屋敷を維持し続けてくれていたんだ。%K%P
僕たちがここに帰ってきたのはつい二週間前だけど、\nなんだか不思議な安心感に包まれてしまう。%K%P
僕たちがここに帰ってきたのはつい二週間前だけど、\nなんだか不思議な安心感に包まれてしまう。%K%P
まるでフランスにいるお父さんとお母さんが\n僕たちを守ってくれているような。そんな気がして。%K%P
まるでフランスにいるお父さんとお母さんが\n僕たちを守ってくれているような。そんな気がして。%K%P
%LC千鶴
%LC千鶴
「まぁ……あの極貧生活時代にここを売り払っておけば\n　もうちょい楽な暮らしできた気もするけどね」%K%P
「まぁ……あの極貧生活時代にここを売り払っておけば\n　もうちょい楽な暮らしできた気もするけどね」%K%P
%LC春樹
%LC春樹
「うっ……！　それはそうかもしれないけど……」%K%P
「うっ……！　それはそうかもしれないけど……」%K%P
%LC千鶴
%LC千鶴
「『フランスで新事業を始めるの！』って、\n　一家もろとも海外移住させといて失敗すんだもんねー」%K%P
「『フランスで新事業を始めるの！』って、\n　一家もろとも海外移住させといて失敗すんだもんねー」%K%P
%LC春樹
%LC春樹
「新しい事業は難しいって言うし……！」%K%P
「新しい事業は難しいって言うし……！」%K%P
%LC千鶴
%LC千鶴
「クロワッサン一つを家族みんなで分け合う日々……。\n　あの時このお屋敷を売ったお金があれば……ううう！」%K%P
「クロワッサン一つを家族みんなで分け合う日々……。\n　あの時このお屋敷を売ったお金があれば……ううう！」%K%P
%LC春樹
%LC春樹
「い、いいじゃん。今は事業も軌道に乗って、\n　不自由なく暮らせてるんだしさ……！」%K%P
「い、いいじゃん。今は事業も軌道に乗って、\n　不自由なく暮らせてるんだしさ……！」%K%P
%LC千鶴
%LC千鶴
「ふふ、そだね。\n　おかげで住み慣れた家にも戻ってこられたし」%K%P
「ふふ、そだね。\n　おかげで住み慣れた家にも戻ってこられたし」%K%P
%LC千鶴
%LC千鶴
「春樹も……こっちに来てから、\n　なんだか笑顔が増えた気がするし」%K%P
「春樹も……こっちに来てから、\n　なんだか笑顔が増えた気がするし」%K%P
%LC春樹
%LC春樹
「お姉ちゃん……」%K%P
「お姉ちゃん……」%K%P
ポロっと零れたお姉ちゃんの一言に\nつい素に戻って呟いてしまう。%K%P
ポロっと零れたお姉ちゃんの一言に\nつい素に戻って呟いてしまう。%K%P
――ここへ帰ってくるのは\n本当はお姉ちゃん一人のはずだった。%K%P
――ここへ帰ってくるのは\n本当はお姉ちゃん一人のはずだった。%K%P
お姉ちゃんはフランスでの暮らしが合わず、\n日本に帰りたいとお父さんに常々相談していたらしい。%K%P
お姉ちゃんはフランスでの暮らしが合わず、\n日本に帰りたいとお父さんに常々相談していたらしい。%K%P
とはいえ当初は金銭面的に難しくてお父さんも\n首を縦に振れなかったけれど。%K%P
とはいえ当初は金銭面的に難しくてお父さんも\n首を縦に振れなかったけれど。%K%P
でもお姉ちゃんがパリで認められるほどの\nデザイナーになったことで金銭問題が解決し、\n時間はかかったけど帰国することになったんだ。%K%P
でもお姉ちゃんがパリで認められるほどの\nデザイナーになったことで金銭問題が解決し、\n時間はかかったけど帰国することになったんだ。%K%P
その時にお姉ちゃんは\n僕にも声をかけてくれて――%K%P
その時にお姉ちゃんは\n僕にも声をかけてくれて――%K%P
%LC春樹
%LC春樹
「……ありがとね、お姉ちゃん。\n　僕も一緒に日本へ連れてきてくれて」%K%P
「……ありがとね、お姉ちゃん。\n　僕も一緒に日本へ連れてきてくれて」%K%P
%LC千鶴
%LC千鶴
「どしたのもー。急にしんみりしちゃってさ。\n　あたしが身の回りのことなんもできないから、\n　無理やり春樹を連れてきただけだって」%K%P
「どしたのもー。急にしんみりしちゃってさ。\n　あたしが身の回りのことなんもできないから、\n　無理やり春樹を連れてきただけだって」%K%P
%LC千鶴
%LC千鶴
「謂わば使用人代わりって感じ？\n　だから気にすることないってば」%K%P
「謂わば使用人代わりって感じ？\n　だから気にすることないってば」%K%P
%LC春樹
%LC春樹
「お姉ちゃん……」%K%P
「お姉ちゃん……」%K%P
奔放に見えるお姉ちゃんだけど、\n本当は誰よりも優しいことを僕は知ってる。%K%P
奔放に見えるお姉ちゃんだけど、\n本当は誰よりも優しいことを僕は知ってる。%K%P
だからこそ僕も頑張らなくちゃ。%K%P
だからこそ僕も頑張らなくちゃ。%K%P
向こうでは中々男らしいところを見せられなかったけど、\nこっちでは頼りがいのある格好いい男で在ろう。%K%P
向こうでは中々男らしいところを見せられなかったけど、\nこっちでは頼りがいのある格好いい男で在ろう。%K%P
そして男らしい自分に自信が持てるようになったら、\nあの子ともう一度――%K%P
そして男らしい自分に自信が持てるようになったら、\nあの子ともう一度――%K%P
%LC千鶴
%LC千鶴
「それに……ふふふ。\n　春樹はあたしの大切なビジネスパートナーだし、ね？」%K%P
「それに……ふふふ。\n　春樹はあたしの大切なビジネスパートナーだし、ね？」%K%P
%LC春樹
%LC春樹
「え゛？」%K%P
「え゛？」%K%P
ビ、ビジネスパートナーって……。%K%P
ビ、ビジネスパートナーって……。%K%P
%LC春樹
%LC春樹
「ま、待って、お姉ちゃん、いいや姉さん……。\n　約束したよね？　俺はもう二度と{アレ;・}はしないって……」%K%P
「ま、待って、お姉ちゃん、いいや姉さん……。\n　約束したよね？　俺はもう二度と{アレ;・}はしないって……」%K%P
%LC千鶴
%LC千鶴
「あ、そうだ！　使用人で思い出した。\n　春樹にプレゼントがあるんだ〜」%K%P
「あ、そうだ！　使用人で思い出した。\n　春樹にプレゼントがあるんだ〜」%K%P
僕の言葉を無視して、お姉ちゃんがニヤニヤと笑う。\nこ、この流れはマズい……！%K%P
僕の言葉を無視して、お姉ちゃんがニヤニヤと笑う。\nこ、この流れはマズい……！%K%P
%LC春樹
%LC春樹
「俺、用事を思い出し――」%K%P
「俺、用事を思い出し――」%K%P
%LC千鶴
%LC千鶴
「――ほらほら行くよ〜！\n　レッツ、お着替えターイムっ！」%K%P
「――ほらほら行くよ〜！\n　レッツ、お着替えターイムっ！」%K%P
%LC春樹
%LC春樹
「待って、やめっ――引っ張るなっ！！」%K%P
「待って、やめっ――引っ張るなっ！！」%K%P
%LC春樹
%LC春樹
%XS20「俺はもう、あんなことしたくないんだってばぁ〜！！」%XE%K%P
%XS20「俺はもう、あんなことしたくないんだってばぁ〜！！」%XE%K%P
………………%K%P
………………%K%P
…………%K%P
…………%K%P
……%K%P
……%K%P
%LC千鶴
%LC千鶴
「おお〜。よく似合ってるじゃん」%K%P
「おお〜。よく似合ってるじゃん」%K%P
%LC春樹
%LC春樹
「…………」%K%P
「…………」%K%P
%LC千鶴
%LC千鶴
「服のサイズも……うん、ぴったり！」%K%P
「服のサイズも……うん、ぴったり！」%K%P
%LC春樹
%LC春樹
「…………」%K%P
「…………」%K%P
%LC千鶴
%LC千鶴
「着心地はどう？　春樹――じゃないや」%K%P
「着心地はどう？　春樹――じゃないや」%K%P
%LC千鶴
%LC千鶴
「ほーたるっ？」%K%P
「ほーたるっ？」%K%P
%LC蛍
%LC蛍
「『蛍』って呼ぶのやめてってばぁ〜……！！\n　わたしはもう『蛍』を辞めたの〜！！」%K%P
「『蛍』って呼ぶのやめてってばぁ〜……！！\n　わたしはもう『蛍』を辞めたの〜！！」%K%P
%LC千鶴
%LC千鶴
「んなこと言って〜。声色だって変えてるじゃん。\n　ホントはノリノリで女装してるんしょ〜？」%K%P
「んなこと言って〜。声色だって変えてるじゃん。\n　ホントはノリノリで女装してるんしょ〜？」%K%P
%LC蛍
%LC蛍
「こ、これはつい反射的にでちゃうだけで……！\n　長年の蓄積が出ちゃってるだけで……！」%K%P
「こ、これはつい反射的にでちゃうだけで……！\n　長年の蓄積が出ちゃってるだけで……！」%K%P
%LC千鶴
%LC千鶴
「それだよ、それ！　長年に渡る女装生活で、\n　蛍にはたくさんファンもできてるんだしさ〜」%K%P
「それだよ、それ！　長年に渡る女装生活で、\n　蛍にはたくさんファンもできてるんだしさ〜」%K%P
%LC千鶴
%LC千鶴
「いま辞めるとか言い出したらファンが悲しむよ〜？\n　『{春日蛍:かすがほたる}』は我が『ＨＯＴＡＴＵＲＵ』が誇る、\n　専属美人女性モデルなんだし！」%K%P
「いま辞めるとか言い出したらファンが悲しむよ〜？\n　『{春日蛍:かすがほたる}』は我が『ＨＯＴＡＴＵＲＵ』が誇る、\n　専属美人女性モデルなんだし！」%K%P
%LC蛍
%LC蛍
「わたしは美人でもないし、女性でもない！」%K%P
「わたしは美人でもないし、女性でもない！」%K%P
%LC千鶴
%LC千鶴
「や、美人だって。そこらの女子より何倍も可愛いから。\n　ブランドが有名になったのも蛍のおかげじゃん。\n　蛍の可愛さがパリジェンヌの心を掴んだからじゃん！」%K%P
「や、美人だって。そこらの女子より何倍も可愛いから。\n　ブランドが有名になったのも蛍のおかげじゃん。\n　蛍の可愛さがパリジェンヌの心を掴んだからじゃん！」%K%P
%LC蛍
%LC蛍
「その事実も不本意なんだってばぁ〜！」%K%P
「その事実も不本意なんだってばぁ〜！」%K%P
わざわざ姿見の前に僕を連れてきて、\n女の子の格好をした姿をお姉ちゃんが確認させてくる。%K%P
わざわざ姿見の前に僕を連れてきて、\n女の子の格好をした姿をお姉ちゃんが確認させてくる。%K%P
反射的に背筋を伸ばして、\n立ち振る舞いを意識してしまう自分が憎い。%K%P
反射的に背筋を伸ばして、\n立ち振る舞いを意識してしまう自分が憎い。%K%P
ファッションモデルとしての所作が\nここ数年の間で身体に染みついてしまっているんだ。%K%P
ファッションモデルとしての所作が\nここ数年の間で身体に染みついてしまっているんだ。%K%P
でも、だからこそ――%K%P
でも、だからこそ――%K%P
%LC蛍
%LC蛍
「これ以上、女の子らしくならないように、\n　お姉ちゃんの仕事は手伝わないって約束したのに〜！」%K%P
「これ以上、女の子らしくならないように、\n　お姉ちゃんの仕事は手伝わないって約束したのに〜！」%K%P
%LC千鶴
%LC千鶴
「あいたたたた。仕事じゃないってプレゼントだって。\n　家事を一手に引き受けてくれる春樹へのプレゼント！\n　それなら普段着でもいけるっしょ？」%K%P
「あいたたたた。仕事じゃないってプレゼントだって。\n　家事を一手に引き受けてくれる春樹へのプレゼント！\n　それなら普段着でもいけるっしょ？」%K%P
%LC蛍
%LC蛍
「せめて燕尾服にして！？\n　どうしてメイド服なの！？」%K%P
「せめて燕尾服にして！？\n　どうしてメイド服なの！？」%K%P
%LC千鶴
%LC千鶴
「そりゃ男の格好してたら、\n　どんどん女性らしい所作を忘れちゃうからじゃん」%K%P
「そりゃ男の格好してたら、\n　どんどん女性らしい所作を忘れちゃうからじゃん」%K%P
%LC蛍
%LC蛍
「わたしは――じゃなくて！　俺は忘れたいの！！」%K%P
「わたしは――じゃなくて！　俺は忘れたいの！！」%K%P
%LC千鶴
%LC千鶴
「ダメダメ。蛍以上にあたしの服を可愛く見せてくれる\n　女の子は他にいないんだから」%K%P
「ダメダメ。蛍以上にあたしの服を可愛く見せてくれる\n　女の子は他にいないんだから」%K%P
%LC千鶴
%LC千鶴
「蛍にはこれからもあたし専属の\n　ファッションモデルとして活躍してもらわなくちゃ。\n　こっちも商売かかってるし」%K%P
「蛍にはこれからもあたし専属の\n　ファッションモデルとして活躍してもらわなくちゃ。\n　こっちも商売かかってるし」%K%P
%LC蛍
%LC蛍
「だから約束が違うよぉ〜……！！」%K%P
「だから約束が違うよぉ〜……！！」%K%P
%LC千鶴
%LC千鶴
「そうは言うけどね？　自分の服を引き立ててくれる\n　モデルはホントに重要なんだよ？　わかってるっしょ？」%K%P
「そうは言うけどね？　自分の服を引き立ててくれる\n　モデルはホントに重要なんだよ？　わかってるっしょ？」%K%P
%LC蛍
%LC蛍
「うっ。それは……！」%K%P
「うっ。それは……！」%K%P
%LC千鶴
%LC千鶴
「蛍がいなくなったら新作の衣装が売れなくなっちゃう\n　ってば！　そしたらまた貧乏生活に戻っちゃうじゃん！」%K%P
「蛍がいなくなったら新作の衣装が売れなくなっちゃう\n　ってば！　そしたらまた貧乏生活に戻っちゃうじゃん！」%K%P
%LC蛍
%LC蛍
「うぅっ……！」%K%P
「うぅっ……！」%K%P
お姉ちゃんの訴えもわからなくもない。\n実際、フランスにいた時はそうだったから。%K%P
お姉ちゃんの訴えもわからなくもない。\n実際、フランスにいた時はそうだったから。%K%P
――向こうで極貧生活を送っていた時、\nお姉ちゃんは金策のために服作りを始めてくれた。%K%P
――向こうで極貧生活を送っていた時、\nお姉ちゃんは金策のために服作りを始めてくれた。%K%P
『ＨＯＴＡＴＵＲＵ』というファッションブランドを\n立ち上げて、通信販売を始めてくれたんだけど――%K%P
『ＨＯＴＡＴＵＲＵ』というファッションブランドを\n立ち上げて、通信販売を始めてくれたんだけど――%K%P
%LC千鶴
%LC千鶴
「あたしの服が売れるようになったのは、\n　蛍がモデルをしてくれるようになってからだよ？」%K%P
「あたしの服が売れるようになったのは、\n　蛍がモデルをしてくれるようになってからだよ？」%K%P
%LC千鶴
%LC千鶴
「どれだけ良い服もモデルが\n　いないと目に付かないんだよ！」%K%P
「どれだけ良い服もモデルが\n　いないと目に付かないんだよ！」%K%P
そう。服の画像だけをあげているうちは\n全くと言っていいほど売れなかったんだ。%K%P
そう。服の画像だけをあげているうちは\n全くと言っていいほど売れなかったんだ。%K%P
そこでお姉ちゃんは自分の服をよりよく見せるために、\n僕にファッションモデルになってと頼んできた。%K%P
そこでお姉ちゃんは自分の服をよりよく見せるために、\n僕にファッションモデルになってと頼んできた。%K%P
「女装して、あたしの服を着てくんない？」と。%K%P
「女装して、あたしの服を着てくんない？」と。%K%P
%LC千鶴
%LC千鶴
「蛍がモデルを務めてくれてからというもの、\n　注文が殺到したもんね〜。あの時思ったよ。\n　あたしの目に狂いはなかったって」%K%P
「蛍がモデルを務めてくれてからというもの、\n　注文が殺到したもんね〜。あの時思ったよ。\n　あたしの目に狂いはなかったって」%K%P
%LC千鶴
%LC千鶴
「あたしの服を世界で一番可愛く見せてくれるのは、\n　誰でもない――あたしの妹だったんだって！」%K%P
「あたしの服を世界で一番可愛く見せてくれるのは、\n　誰でもない――あたしの妹だったんだって！」%K%P
%LC蛍
%LC蛍
%XS20「弟！　俺は弟だから！！」%XE%K%P
%XS20「弟！　俺は弟だから！！」%XE%K%P
%LC千鶴
%LC千鶴
「まぁまぁ細かいことはいいじゃん。\n　ともかく蛍はあたしにとって、\n　なくてはならない存在なんだよ！」%K%P
「まぁまぁ細かいことはいいじゃん。\n　ともかく蛍はあたしにとって、\n　なくてはならない存在なんだよ！」%K%P
%LC蛍
%LC蛍
「必要としてもらえるのは嬉しいけど……うぅ」%K%P
「必要としてもらえるのは嬉しいけど……うぅ」%K%P
以来、僕は『春日蛍』として『ＨＯＴＡＴＵＲＵ』の\n看板の一部を背負ってきた。%K%P
以来、僕は『春日蛍』として『ＨＯＴＡＴＵＲＵ』の\n看板の一部を背負ってきた。%K%P
少しでも売り上げが良くなるなら、と。\n普段から女装してモデルとしての自分を高めて――%K%P
少しでも売り上げが良くなるなら、と。\n普段から女装してモデルとしての自分を高めて――%K%P
――でもお父さんたちの事業も安定して、\nお姉ちゃんも有名になってお金の心配もなくなった今。%K%P
――でもお父さんたちの事業も安定して、\nお姉ちゃんも有名になってお金の心配もなくなった今。%K%P
僕が女装してまで『蛍』になる必要はない。\nモデルの仕事をしなくちゃいけない理由はない。%K%P
僕が女装してまで『蛍』になる必要はない。\nモデルの仕事をしなくちゃいけない理由はない。%K%P
%LC蛍
%LC蛍
「姉さんには悪いけど、蛍はもういないんだって。\n　日本に帰る前にそう言っておいたよね？」%K%P
「姉さんには悪いけど、蛍はもういないんだって。\n　日本に帰る前にそう言っておいたよね？」%K%P
%LC蛍
%LC蛍
「もし蛍が男だとバレたら事だし。\n　今まではお金のこともあったから仕方なくしてたけどさ。\n　意味も無く危険な綱渡りする必要はないよ」%K%P
「もし蛍が男だとバレたら事だし。\n　今まではお金のこともあったから仕方なくしてたけどさ。\n　意味も無く危険な綱渡りする必要はないよ」%K%P
%LC千鶴
%LC千鶴
「それはそうだけどさ〜……」%K%P
「それはそうだけどさ〜……」%K%P
お姉ちゃんが不満げに頬を膨らませる。\nけど、僕の意志は固かった。%K%P
お姉ちゃんが不満げに頬を膨らませる。\nけど、僕の意志は固かった。%K%P
もう「可愛い」なんて言われたくない。%K%P
もう「可愛い」なんて言われたくない。%K%P
今までお姉ちゃんの力になれていたのは嬉しいけど、\n本当は女装なんてこれっぽっちもしたくないんだ。%K%P
今までお姉ちゃんの力になれていたのは嬉しいけど、\n本当は女装なんてこれっぽっちもしたくないんだ。%K%P
むしろ僕は男らしくなりたい。%K%P
むしろ僕は男らしくなりたい。%K%P
やっと女装生活から解放されたんだ。\n僕はこれから男を磨く。磨いて磨いて、そして――%K%P
やっと女装生活から解放されたんだ。\n僕はこれから男を磨く。磨いて磨いて、そして――%K%P
%LC千鶴
%LC千鶴
「はぁ〜……。ま、恋のためなら仕方ないか」%K%P
「はぁ〜……。ま、恋のためなら仕方ないか」%K%P
%LC蛍
%LC蛍
「っっ！？　こここ、恋って……！？\n　いきなり何……！？」%K%P
「っっ！？　こここ、恋って……！？\n　いきなり何……！？」%K%P
%LC千鶴
%LC千鶴
「蛍になりたくない理由の話に決まってんじゃん。\n　ふふ、春樹はホント一途だよね〜？\n　わざわざ口調まで変えて格好付けちゃってさ〜？」%K%P
「蛍になりたくない理由の話に決まってんじゃん。\n　ふふ、春樹はホント一途だよね〜？\n　わざわざ口調まで変えて格好付けちゃってさ〜？」%K%P
%LC千鶴
%LC千鶴
「清佳ちゃんのこと、ずっと好きなままなんだ？」%K%P
「清佳ちゃんのこと、ずっと好きなままなんだ？」%K%P
%LC蛍
%LC蛍
「〜〜っっ！！」%K%P
「〜〜っっ！！」%K%P
%LC千鶴
%LC千鶴
「あはは、わかりやす〜い。なら確かに\n　女の子らしくなるより男らしくならなきゃだよね〜」%K%P
「あはは、わかりやす〜い。なら確かに\n　女の子らしくなるより男らしくならなきゃだよね〜」%K%P
%LC千鶴
%LC千鶴
「向こうは大財閥のお嬢様だし。\n　若いのに化粧品会社の経営もしてるんでしょ？\n　そんじょそこらの男じゃ釣り合わない人だもん」%K%P
「向こうは大財閥のお嬢様だし。\n　若いのに化粧品会社の経営もしてるんでしょ？\n　そんじょそこらの男じゃ釣り合わない人だもん」%K%P
%LC蛍
%LC蛍
「わ、わかってるなら女装なんてさせないでよ……！\n　なんなら男らしく仕立てて欲しいくらいなのに……！」%K%P
「わ、わかってるなら女装なんてさせないでよ……！\n　なんなら男らしく仕立てて欲しいくらいなのに……！」%K%P
%LC千鶴
%LC千鶴
「けど清佳ちゃんは春樹のこと知らないんでしょ？\n　最初に出会った時、蛍として出会っちゃったから。\n　性別はもちろん、別人だと思われてるんじゃない？」%K%P
「けど清佳ちゃんは春樹のこと知らないんでしょ？\n　最初に出会った時、蛍として出会っちゃったから。\n　性別はもちろん、別人だと思われてるんじゃない？」%K%P
%LC蛍
%LC蛍
「うっ……。それは……」%K%P
「うっ……。それは……」%K%P
%LC千鶴
%LC千鶴
「春樹として出会っても『誰この人』ってなるよね。\n　そもそも会えるかどうかもわかんないし」%K%P
「春樹として出会っても『誰この人』ってなるよね。\n　そもそも会えるかどうかもわかんないし」%K%P
%LC千鶴
%LC千鶴
「ならいっそ友達の蛍として会いに行った方がよくない？\n　それなら格の違うご令嬢でも会ってもらえそうじゃん？」%K%P
「ならいっそ友達の蛍として会いに行った方がよくない？\n　それなら格の違うご令嬢でも会ってもらえそうじゃん？」%K%P
%LC蛍
%LC蛍
「それじゃあ意味ないもん！」%K%P
「それじゃあ意味ないもん！」%K%P
%LC千鶴
%LC千鶴
「あ〜……。確かに蛍として付き合っても\n　男ってバレるからエロいことできないもんね〜」%K%P
「あ〜……。確かに蛍として付き合っても\n　男ってバレるからエロいことできないもんね〜」%K%P
%LC蛍
%LC蛍
「そういうことじゃない！」%K%P
「そういうことじゃない！」%K%P
むしろ『誰この人』って思われちゃってもいい。%K%P
むしろ『誰この人』って思われちゃってもいい。%K%P
小さい頃からずっと辛かったんだ。\n性別を偽って清佳ちゃんと接していることが。%K%P
小さい頃からずっと辛かったんだ。\n性別を偽って清佳ちゃんと接していることが。%K%P
ずっと清佳ちゃんを騙していることが。%K%P
ずっと清佳ちゃんを騙していることが。%K%P
だから今度こそ僕は何一つ偽りのない自分として\n彼女と出会って、想いを告げて、叶うなら結ばれて……。%K%P
だから今度こそ僕は何一つ偽りのない自分として\n彼女と出会って、想いを告げて、叶うなら結ばれて……。%K%P
「小さい頃に遊んでいた蛍は僕だったんだ」って。%K%P
「小さい頃に遊んでいた蛍は僕だったんだ」って。%K%P
僕と彼女がおじいさんとおばあさんになった時に、\n笑い話として話せるような仲になりたい。%K%P
僕と彼女がおじいさんとおばあさんになった時に、\n笑い話として話せるような仲になりたい。%K%P
%LC千鶴
%LC千鶴
「にしてもビックリだよねー。\n　あの清佳ちゃんが世に名高い{楠:くすのき}グループの\n　お嬢様だったなんて……」%K%P
「にしてもビックリだよねー。\n　あの清佳ちゃんが世に名高い{楠:くすのき}グループの\n　お嬢様だったなんて……」%K%P
%LC蛍
%LC蛍
「う、うん。一緒に遊んでた頃は\n　全然そんな風には見えなかったけど……」%K%P
「う、うん。一緒に遊んでた頃は\n　全然そんな風には見えなかったけど……」%K%P
%LC千鶴
%LC千鶴
「くぅ〜！　最初からわかっていれば、\n　玉の輿コースを狙えたのになぁ〜……！\n　あの極貧生活も経験せずにいられたのに……！」%K%P
「くぅ〜！　最初からわかっていれば、\n　玉の輿コースを狙えたのになぁ〜……！\n　あの極貧生活も経験せずにいられたのに……！」%K%P
%LC蛍
%LC蛍
「清佳ちゃんをお財布みたいに言わないで！」%K%P
「清佳ちゃんをお財布みたいに言わないで！」%K%P
%LC千鶴
%LC千鶴
「ねね。今からでも連絡取ってみない？\n　ちょっとお金貸してとか言えないかな〜？」%K%P
「ねね。今からでも連絡取ってみない？\n　ちょっとお金貸してとか言えないかな〜？」%K%P
%LC蛍
%LC蛍
「お姉ちゃん……。それ以上言うと、\n　本当に僕、軽蔑しちゃうからね……」%K%P
「お姉ちゃん……。それ以上言うと、\n　本当に僕、軽蔑しちゃうからね……」%K%P
%LC千鶴
%LC千鶴
「あはは、冗談だって。まーた『僕』に戻ってんよ？\n　心配しなくても春樹の恋路を邪魔するつもりはないから」%K%P
「あはは、冗談だって。まーた『僕』に戻ってんよ？\n　心配しなくても春樹の恋路を邪魔するつもりはないから」%K%P
%LC蛍
%LC蛍
「ならメイド服なんて着させないでよ、もう……。\n　誰かが訪ねてきたらどうするつもりなのさ……」%K%P
「ならメイド服なんて着させないでよ、もう……。\n　誰かが訪ねてきたらどうするつもりなのさ……」%K%P
%LC千鶴
%LC千鶴
「誰も来ないって。依頼はメールで来るし。\n　配達とかも特に頼んでないし――」%K%P
「誰も来ないって。依頼はメールで来るし。\n　配達とかも特に頼んでないし――」%K%P
%LC千鶴
%LC千鶴
「って――あり。誰か来た？」%K%P
「って――あり。誰か来た？」%K%P
%LC蛍
%LC蛍
「嘘っ！！？　どどど、どうするの！？」%K%P
「嘘っ！！？　どどど、どうするの！？」%K%P
%LC千鶴
%LC千鶴
「どうするのって……。\n　あたし、この格好じゃ流石に出られないよ」%K%P
「どうするのって……。\n　あたし、この格好じゃ流石に出られないよ」%K%P
%LC蛍
%LC蛍
「僕もこの姿じゃ出られないってば！！」%K%P
「僕もこの姿じゃ出られないってば！！」%K%P
%LC千鶴
%LC千鶴
「わー……。超連打してきてんじゃん。\n　面倒臭い訪問販売業者かも……。お、追い返せない？」%K%P
「わー……。超連打してきてんじゃん。\n　面倒臭い訪問販売業者かも……。お、追い返せない？」%K%P
%LC蛍
%LC蛍
「ぼぼ、僕が？」%K%P
「ぼぼ、僕が？」%K%P
%LC千鶴
%LC千鶴
「は、春樹も知ってるっしょ？\n　あたし、自他共に認める内弁慶なんだってばぁ〜」%K%P
「は、春樹も知ってるっしょ？\n　あたし、自他共に認める内弁慶なんだってばぁ〜」%K%P
そうだった。お姉ちゃんは知らない人――\n特に男性が苦手で、電話にも出られないタイプなんだ。%K%P
そうだった。お姉ちゃんは知らない人――\n特に男性が苦手で、電話にも出られないタイプなんだ。%K%P
%LC千鶴
%LC千鶴
「男らしくなりたいんっしょっ？\n　訪問販売を撃退するのに見た目は関係ないって！」%K%P
「男らしくなりたいんっしょっ？\n　訪問販売を撃退するのに見た目は関係ないって！」%K%P
%LC蛍
%LC蛍
「うっ……！　それは確かに……！」%K%P
「うっ……！　それは確かに……！」%K%P
%LC千鶴
%LC千鶴
「これも男らしくなるトレーニングだよ！\n　訪問販売業者にも勝てないで何が男だ！\n　というか行って！　マジでお願いっ！」%K%P
「これも男らしくなるトレーニングだよ！\n　訪問販売業者にも勝てないで何が男だ！\n　というか行って！　マジでお願いっ！」%K%P
鳴り続けるチャイムの音が怖いのか、\nお姉ちゃんが怯えた声で縋ってくる。%K%P
鳴り続けるチャイムの音が怖いのか、\nお姉ちゃんが怯えた声で縋ってくる。%K%P
よ、よしっ！%K%P
よ、よしっ！%K%P
%LC蛍
%LC蛍
「待ってて、姉さん……！\n　俺が男らしく追い返してくるから……！」%K%P
「待ってて、姉さん……！\n　俺が男らしく追い返してくるから……！」%K%P
%LC千鶴
%LC千鶴
「う、うんっ、頼んだよ、蛍……！！」%K%P
「う、うんっ、頼んだよ、蛍……！！」%K%P
蛍じゃなくて春樹だけどね。\nその点だけは何度でも訂正していかなくちゃ。%K%P
蛍じゃなくて春樹だけどね。\nその点だけは何度でも訂正していかなくちゃ。%K%P
%LC蛍
%LC蛍
「こんなに何度も鳴らさなくてもいいのに……」%K%P
「こんなに何度も鳴らさなくてもいいのに……」%K%P
玄関先まで来たところで緊張が跳ね上がる。\nもしも強面の男の人だったら……。%K%P
玄関先まで来たところで緊張が跳ね上がる。\nもしも強面の男の人だったら……。%K%P
って、ダメダメ。不安になってどうする。\n俺は男らしく姉さんを守るんだ！！%K%P
って、ダメダメ。不安になってどうする。\n俺は男らしく姉さんを守るんだ！！%K%P
%LC蛍
%LC蛍
「あ、あのっ……！\n　訪問販売はお断りしていて――」%K%P
「あ、あのっ……！\n　訪問販売はお断りしていて――」%K%P
%LC蛍
%LC蛍
「って……あれ？」%K%P
「って……あれ？」%K%P
誰もいない……。ど、どういうこと？%K%P
誰もいない……。ど、どういうこと？%K%P
%LC？？？
%LC？？？
「幾度も呼び鈴を鳴らしてしまい申し訳ありません。\n　つか早く出て来て下さい。待たせすぎです、コノ野郎」%K%P
「幾度も呼び鈴を鳴らしてしまい申し訳ありません。\n　つか早く出て来て下さい。待たせすぎです、コノ野郎」%K%P
%LC蛍
%LC蛍
「へ……？」%K%P
「へ……？」%K%P
不意に謝罪風の暴言がどこからともなく聞こえてきた。\nだ、誰もいないのに、どうして……！？%K%P
不意に謝罪風の暴言がどこからともなく聞こえてきた。\nだ、誰もいないのに、どうして……！？%K%P
%LC？？？
%LC？？？
「……目ぇ付いてるんですか？\n　下です。目線をお下げください」%K%P
「……目ぇ付いてるんですか？\n　下です。目線をお下げください」%K%P
%LC蛍
%LC蛍
「目線を……？」%K%P
「目線を……？」%K%P
言われたとおり目線を下げる。すると――%K%P
言われたとおり目線を下げる。すると――%K%P
%LC蛍
%LC蛍
「っっ！？　メメメ、メイドさん……！？」%K%P
「っっ！？　メメメ、メイドさん……！？」%K%P
まさか本物……！？　げ、現実に存在するんだ……！%K%P
まさか本物……！？　げ、現実に存在するんだ……！%K%P
%LC？？？
%LC？？？
「まぬけ面で見下ろさないで下さい。\n　というか、あなたも同業者ではありませんか」%K%P
「まぬけ面で見下ろさないで下さい。\n　というか、あなたも同業者ではありませんか」%K%P
%LC蛍
%LC蛍
「あ、いや……！　その……！\n　子供がメイドしてることに驚いて……！」%K%P
「あ、いや……！　その……！\n　子供がメイドしてることに驚いて……！」%K%P
%LC愛
%LC愛
「……人を見かけで判断するとは無能の極みですね。\n　{愛:あい}は千鶴様の弟君様と一つしか歳が変わりません」%K%P
「……人を見かけで判断するとは無能の極みですね。\n　{愛:あい}は千鶴様の弟君様と一つしか歳が変わりません」%K%P
%LC蛍
%LC蛍
「えっ！？　とてもそんな風には……！」%K%P
「えっ！？　とてもそんな風には……！」%K%P
つまり僕の一つ年下ってこと……！？\n小学生か中学生にしか見えないけど……。%K%P
つまり僕の一つ年下ってこと……！？\n小学生か中学生にしか見えないけど……。%K%P
%LC愛
%LC愛
「こう言っては失礼ですが……。千鶴様はメイドに\n　どういった教育をしておられるのでしょう。\n　あなた、礼儀というものを知らないのですか？」%K%P
「こう言っては失礼ですが……。千鶴様はメイドに\n　どういった教育をしておられるのでしょう。\n　あなた、礼儀というものを知らないのですか？」%K%P
%LC蛍
%LC蛍
「それを言うならあなたも大概のような……」%K%P
「それを言うならあなたも大概のような……」%K%P
%LC愛
%LC愛
「は？　愛は呼び鈴を鳴らしてから、\n　既に５分以上も待たされておりますが。\n　来客対応もできないメイドがどの口で仰っているのです」%K%P
「は？　愛は呼び鈴を鳴らしてから、\n　既に５分以上も待たされておりますが。\n　来客対応もできないメイドがどの口で仰っているのです」%K%P
%LC蛍
%LC蛍
「うっ！　お待たせして申し訳ありませんっ！」%K%P
「うっ！　お待たせして申し訳ありませんっ！」%K%P
%LC愛
%LC愛
「……まぁいいです。で、千鶴様はご在宅ですか？\n　それくらいあなたにもわかりますよね？」%K%P
「……まぁいいです。で、千鶴様はご在宅ですか？\n　それくらいあなたにもわかりますよね？」%K%P
眉間にシワを寄せて、女の子がギロリと睨んでくる。\n威圧感が凄い。見た目はお人形さんみたいなのに。%K%P
眉間にシワを寄せて、女の子がギロリと睨んでくる。\n威圧感が凄い。見た目はお人形さんみたいなのに。%K%P
%LC蛍
%LC蛍
「あ、あのー……。\n　今日はどういったご用件で……？」%K%P
「あ、あのー……。\n　今日はどういったご用件で……？」%K%P
%LC愛
%LC愛
「は？　愛は千鶴様がご在宅か否かを尋ねています。\n　会話のキャッチボールすらままならないのですか？」%K%P
「は？　愛は千鶴様がご在宅か否かを尋ねています。\n　会話のキャッチボールすらままならないのですか？」%K%P
%LC蛍
%LC蛍
「はうっ……！」%K%P
「はうっ……！」%K%P
言葉の切れ味も鋭い……！\n僕の心をズタズタにしてくる……！%K%P
言葉の切れ味も鋭い……！\n僕の心をズタズタにしてくる……！%K%P
でも負けるもんかっ。\nこんな小さな女の子に臆しちゃってどうする！%K%P
でも負けるもんかっ。\nこんな小さな女の子に臆しちゃってどうする！%K%P
%LC蛍
%LC蛍
%XS20「千鶴様はご在宅ですっ！　でも、その前に\n　どちら様か伺ってもいいですかっ！？」%XE%K%P
%XS20「千鶴様はご在宅ですっ！　でも、その前に\n　どちら様か伺ってもいいですかっ！？」%XE%K%P
%LC愛
%LC愛
「……急に叫ばないで下さい。\n　情緒不安定なんですか、あなたは」%K%P
「……急に叫ばないで下さい。\n　情緒不安定なんですか、あなたは」%K%P
%LC蛍
%LC蛍
「あううっ……！！」%K%P
「あううっ……！！」%K%P
男らしくしたつもりが呆れられてしまう。\n淡々と言ってくるのが、むしろ怖い……！%K%P
男らしくしたつもりが呆れられてしまう。\n淡々と言ってくるのが、むしろ怖い……！%K%P
――とにかく、帰ってもらおう。\nきっとお姉ちゃんもこの子とは喋れないだろうし。%K%P
――とにかく、帰ってもらおう。\nきっとお姉ちゃんもこの子とは喋れないだろうし。%K%P
%LC？？？
%LC？？？
「ちょっと愛。なにメイドさんを苛めてるの。\n　そんなことしたら私の印象まで悪く――……」%K%P
「ちょっと愛。なにメイドさんを苛めてるの。\n　そんなことしたら私の印象まで悪く――……」%K%P
お帰り願おうとしたところで、\nメイドさんの背後から彼女を諫める声が聞こえてきた。%K%P
お帰り願おうとしたところで、\nメイドさんの背後から彼女を諫める声が聞こえてきた。%K%P
その声に釣られて、目線を上げると――%K%P
その声に釣られて、目線を上げると――%K%P
%LC？？？
%LC？？？
「あ…………」%K%P
「あ…………」%K%P
思わず――その姿に魅入ってしまった。\nその女性があまりにも綺麗だったから。%K%P
思わず――その姿に魅入ってしまった。\nその女性があまりにも綺麗だったから。%K%P
ただそこに佇んでいるだけなのに、\n良質な芸術品を目にしているみたいだ。%K%P
ただそこに佇んでいるだけなのに、\n良質な芸術品を目にしているみたいだ。%K%P
美しくて、上品で、気高くて――\nひと目見ただけで彼女が良家のお嬢様だとわかる。%K%P
美しくて、上品で、気高くて――\nひと目見ただけで彼女が良家のお嬢様だとわかる。%K%P
けれど……何故だろう。\n彼女もまた僕を驚いた顔でじっと見つめていた。%K%P
けれど……何故だろう。\n彼女もまた僕を驚いた顔でじっと見つめていた。%K%P
%LC？？？
%LC？？？
「も、もしかして、あなた……」%K%P
「も、もしかして、あなた……」%K%P
綺麗で艶やかな唇から言葉が漏れる。\nそれだけで僕はドキリとさせられてしまった。%K%P
綺麗で艶やかな唇から言葉が漏れる。\nそれだけで僕はドキリとさせられてしまった。%K%P
だけど、それ以上に僕の心を揺り動かしたのは、\n続いて溢れた彼女の言葉だった。%K%P
だけど、それ以上に僕の心を揺り動かしたのは、\n続いて溢れた彼女の言葉だった。%K%P
%LC？？？
%LC？？？
「蛍……なの？」%K%P
「蛍……なの？」%K%P
%LC蛍
%LC蛍
「え……？」%K%P
「え……？」%K%P
%LC？？？
%LC？？？
「蛍っ……！　蛍よねっ？\n　私よ、わからないっ……！？」%K%P
「蛍っ……！　蛍よねっ？\n　私よ、わからないっ……！？」%K%P
肩を揺らして尋ねてくる彼女の顔を見て、\n不意に幼い日の思い出が脳裏をよぎる。%K%P
肩を揺らして尋ねてくる彼女の顔を見て、\n不意に幼い日の思い出が脳裏をよぎる。%K%P
何年経っても色あせることなく、\n瞬時に思い出せる彼女の顔。%K%P
何年経っても色あせることなく、\n瞬時に思い出せる彼女の顔。%K%P
僕の心を虜にし続けてきた女の子の顔。%K%P
僕の心を虜にし続けてきた女の子の顔。%K%P
大好きなあの女の子の顔が――%K%P
大好きなあの女の子の顔が――%K%P
――目の前の女性に重なって見える。%K%P
――目の前の女性に重なって見える。%K%P
%LC蛍
%LC蛍
「もしかして……。清佳、ちゃん……？」%K%P
「もしかして……。清佳、ちゃん……？」%K%P
%LC清佳
%LC清佳
「〜〜っっ！！　そうよ、清佳よ……！！」%K%P
「〜〜っっ！！　そうよ、清佳よ……！！」%K%P
瞬間――涙が溢れそうになった。%K%P
瞬間――涙が溢れそうになった。%K%P
清佳ちゃんと再会できた喜びで。\n今にも抱きしめたくなるくらい胸が熱くなって。%K%P
清佳ちゃんと再会できた喜びで。\n今にも抱きしめたくなるくらい胸が熱くなって。%K%P
何か言いたいのに喉が詰まって声が出ない。%K%P
何か言いたいのに喉が詰まって声が出ない。%K%P
「久しぶり」「綺麗になったね」「どうしてここに？」\n色々な感情が溢れてるのに何一つ言えなくて――%K%P
「久しぶり」「綺麗になったね」「どうしてここに？」\n色々な感情が溢れてるのに何一つ言えなくて――%K%P
%LC清佳
%LC清佳
「っっ……！！　蛍……！！　蛍っ……！！」%K%P
「っっ……！！　蛍……！！　蛍っ……！！」%K%P
清佳ちゃんも感極まった様子で僕を見てくれていて。%K%P
清佳ちゃんも感極まった様子で僕を見てくれていて。%K%P
彼女も僕との再会を心待ちにしてくれていたのが\nわかって、それがとても嬉しくて。%K%P
彼女も僕との再会を心待ちにしてくれていたのが\nわかって、それがとても嬉しくて。%K%P
気がついた時には――そう。%K%P
気がついた時には――そう。%K%P
%LC清佳
%LC清佳
「んっ……！！」%K%P
「んっ……！！」%K%P
唇を――奪われていた。%K%P
唇を――奪われていた。%K%P
%LC清佳
%LC清佳
「ちゅっ……！　んっ……！」%K%P
「ちゅっ……！　んっ……！」%K%P
…………え？%K%P
…………え？%K%P
%LC蛍
%LC蛍
「ん゛っ、ん゛んっっ〜〜！！？」%K%P
「ん゛っ、ん゛んっっ〜〜！！？」%K%P
%XS20なんでキスされてるの！！？%XE%K%P
%XS20なんでキスされてるの！！？%XE%K%P
%LC清佳
%LC清佳
「ずっと、んちゅっ、ずっと会いたかった……！\n　ちゅぁ、んちゅぅ……！」%K%P
「ずっと、んちゅっ、ずっと会いたかった……！\n　ちゅぁ、んちゅぅ……！」%K%P
%LC蛍
%LC蛍
「んふぁ……！　ん、んふ、んんんっっ……！！」%K%P
「んふぁ……！　ん、んふ、んんんっっ……！！」%K%P
柔らかくて気持ちいい……！　キスってこんなに……！%K%P
柔らかくて気持ちいい……！　キスってこんなに……！%K%P
じゃなくて……！　早く、んん、離れてもらわないとっ！%K%P
じゃなくて……！　早く、んん、離れてもらわないとっ！%K%P
%LC蛍
%LC蛍
「清佳ちゃっ、や、やめ――んふぅんっ！？」%K%P
「清佳ちゃっ、や、やめ――んふぅんっ！？」%K%P
%LC清佳
%LC清佳
「んふ、んちゅ……はぁはぁ。\n　ダメ、はぁはぁ、とめられない……」%K%P
「んふ、んちゅ……はぁはぁ。\n　ダメ、はぁはぁ、とめられない……」%K%P
と、とめられないって――%K%P
と、とめられないって――%K%P
%LC清佳
%LC清佳
「んはぁむっ……んちゅぅ。\n　れろ、れろろぉっ……！！」%K%P
「んはぁむっ……んちゅぅ。\n　れろ、れろろぉっ……！！」%K%P
%LC蛍
%LC蛍
「〜〜っっ！！！？　んふ、んんんんっっ〜〜……！！」%K%P
「〜〜っっ！！！？　んふ、んんんんっっ〜〜……！！」%K%P
う、うそっ……！？　舌が、はふぅ……！\n清佳ちゃんの舌が入ってきへぇ……！！？%K%P
う、うそっ……！？　舌が、はふぅ……！\n清佳ちゃんの舌が入ってきへぇ……！！？%K%P
熱々のベロがにゅるんにゅるんと\n口の中をなめ回してくりゅっ……！%K%P
熱々のベロがにゅるんにゅるんと\n口の中をなめ回してくりゅっ……！%K%P
なにこれ、わけわからないほど気持ひいい……！\nあふぅ、トロトロになっひゃふっ……！%K%P
なにこれ、わけわからないほど気持ひいい……！\nあふぅ、トロトロになっひゃふっ……！%K%P
%LC清佳
%LC清佳
「れろぉ……！　ぺろろぉ……！\n　蛍、んんっ、蛍ぅっ……」%K%P
「れろぉ……！　ぺろろぉ……！\n　蛍、んんっ、蛍ぅっ……」%K%P
%LC蛍
%LC蛍
「はふぁぁ……！　んぁぁ……！　あぁぁ……！」%K%P
「はふぁぁ……！　んぁぁ……！　あぁぁ……！」%K%P
力抜けちゃふ……！　ら、らめぇ……！%K%P
力抜けちゃふ……！　ら、らめぇ……！%K%P
きもひよしゅぎへ、もー立ってられなひ……。%K%P
きもひよしゅぎへ、もー立ってられなひ……。%K%P
%LC清佳
%LC清佳
「ぷはぁ……はぁ、はぁ。蛍……」%K%P
「ぷはぁ……はぁ、はぁ。蛍……」%K%P
%LC蛍
%LC蛍
「ふぁ……はぁ、はぁ、はぁ……」%K%P
「ふぁ……はぁ、はぁ、はぁ……」%K%P
気づけば清佳ちゃんは口を離して、\n今にも膝から崩れ落ちそうな僕を抱き支えていた。%K%P
気づけば清佳ちゃんは口を離して、\n今にも膝から崩れ落ちそうな僕を抱き支えていた。%K%P
唇は離れたものの、唾液の糸は僕と清佳ちゃんを\n繋いだままで、妖しい煌めきを放っている。%K%P
唇は離れたものの、唾液の糸は僕と清佳ちゃんを\n繋いだままで、妖しい煌めきを放っている。%K%P
だけど、そんなことを考えている余裕もないくらいに\n頭は混乱していて。何もわからなくて。%K%P
だけど、そんなことを考えている余裕もないくらいに\n頭は混乱していて。何もわからなくて。%K%P
火照りきった清佳ちゃんの吐息が\n顔に吹きつけられて、もっと頭がボーッとして。%K%P
火照りきった清佳ちゃんの吐息が\n顔に吹きつけられて、もっと頭がボーッとして。%K%P
%LC清佳
%LC清佳
「子供の頃の約束を……えへへ、果たしに来たわ」%K%P
「子供の頃の約束を……えへへ、果たしに来たわ」%K%P
%LC蛍
%LC蛍
「やく、そく……？」%K%P
「やく、そく……？」%K%P
聞き返すと清佳ちゃんは\n満面の笑みで「ええ」と頷いて――%K%P
聞き返すと清佳ちゃんは\n満面の笑みで「ええ」と頷いて――%K%P
%LC清佳
%LC清佳
「私と、結婚しましょ？」%P
「私と、結婚しましょ？」%P
