%LC愛
%LC愛
「先程は当家の駄犬――いえ、\n　お嬢様が失礼を致しました」%K%P
「先程は当家の駄犬――いえ、\n　お嬢様が失礼を致しました」%K%P
%LC清佳
%LC清佳
「あいたたたっ！！？　ちょっと愛！\n　足、踏んでるっ！　踏みにじってるってば！」%K%P
「あいたたたっ！！？　ちょっと愛！\n　足、踏んでるっ！　踏みにじってるってば！」%K%P
%LC愛
%LC愛
「このようにお嬢様――いえ、駄犬は\n　血筋こそ良いものの礼儀がなっておらず。\n　無礼を働いてしまったことをお詫び致します」%K%P
「このようにお嬢様――いえ、駄犬は\n　血筋こそ良いものの礼儀がなっておらず。\n　無礼を働いてしまったことをお詫び致します」%K%P
%LC清佳
%LC清佳
「犬はあなたの方でしょうに！？\n　メイドのクセに主人の手を噛んだりしてっ」%K%P
「犬はあなたの方でしょうに！？\n　メイドのクセに主人の手を噛んだりしてっ」%K%P
%LC愛
%LC愛
「お嬢様の躾も使用人の仕事の一つですので」%K%P
「お嬢様の躾も使用人の仕事の一つですので」%K%P
%LC清佳
%LC清佳
「その躾とやらのせいで、いっそう醜態を晒してるの！\n　というか愛も大概だったでしょうが！\n　蛍に吐いた暴言の数々を謝りなさい！」%K%P
「その躾とやらのせいで、いっそう醜態を晒してるの！\n　というか愛も大概だったでしょうが！\n　蛍に吐いた暴言の数々を謝りなさい！」%K%P
清佳ちゃんとメイドの愛さんがハイテンションで\n漫才をする中、僕は平常心を保つことで精一杯だった。%K%P
清佳ちゃんとメイドの愛さんがハイテンションで\n漫才をする中、僕は平常心を保つことで精一杯だった。%K%P
正直まだ思考が追いついていない。%K%P
正直まだ思考が追いついていない。%K%P
清佳ちゃんと再会して……キ、キスされて。%K%P
清佳ちゃんと再会して……キ、キスされて。%K%P
そして――%K%P
そして――%K%P
%LC清佳
%LC清佳
「あっ……！　〜〜っっ！」%K%P
「あっ……！　〜〜っっ！」%K%P
ふと目が合った途端、\n清佳ちゃんが花も恥じらう乙女のように赤面する。%K%P
ふと目が合った途端、\n清佳ちゃんが花も恥じらう乙女のように赤面する。%K%P
そして様子を窺うように\nチラチラと僕を見ると意を決したように口を開いた。%K%P
そして様子を窺うように\nチラチラと僕を見ると意を決したように口を開いた。%K%P
%LC清佳
%LC清佳
「ご、ごめんね、蛍……。\n　驚かせちゃったわよね……？」%K%P
「ご、ごめんね、蛍……。\n　驚かせちゃったわよね……？」%K%P
%LC蛍
%LC蛍
「驚かせたって……」%K%P
「驚かせたって……」%K%P
%LC清佳
%LC清佳
「だから、その……。\n　急にキスしたり……だとか」%K%P
「だから、その……。\n　急にキスしたり……だとか」%K%P
%LC清佳
%LC清佳
「いきなりプロポーズしたり……だとか」%K%P
「いきなりプロポーズしたり……だとか」%K%P
%LC蛍
%LC蛍
「プ、プロポーズ……！」%K%P
「プ、プロポーズ……！」%K%P
怖ず怖ずと口にされて、\n玄関先での言葉が聞き間違えじゃなかったと悟る。%K%P
怖ず怖ずと口にされて、\n玄関先での言葉が聞き間違えじゃなかったと悟る。%K%P
だけど、どういうこと……？\n清佳ちゃんは僕が女だと――蛍だと思ってるはずじゃ？%K%P
だけど、どういうこと……？\n清佳ちゃんは僕が女だと――蛍だと思ってるはずじゃ？%K%P
%LC清佳
%LC清佳
「その顔……やっぱり気づいてなかったんだ？\n　小さい頃から私、その。蛍のこと好きだったのよ……？」%K%P
「その顔……やっぱり気づいてなかったんだ？\n　小さい頃から私、その。蛍のこと好きだったのよ……？」%K%P
%LC清佳
%LC清佳
「蛍が海外に行ってからも……ずっと想い続けてた。\n　再会の約束を、結婚の約束を、心の支えにしてきた」%K%P
「蛍が海外に行ってからも……ずっと想い続けてた。\n　再会の約束を、結婚の約束を、心の支えにしてきた」%K%P
%LC清佳
%LC清佳
「今日ここへやってきたのだって、そう……。\n　千鶴さんが日本に帰ってきたと聞いて。\n　あの人なら蛍の居場所を知ってると思って」%K%P
「今日ここへやってきたのだって、そう……。\n　千鶴さんが日本に帰ってきたと聞いて。\n　あの人なら蛍の居場所を知ってると思って」%K%P
%LC清佳
%LC清佳
「居ても立ってもいられなくなって会いに来て……！\n　そうしたら蛍がお屋敷から出て来て……！\n　蛍の顔を見た途端、頭の中が真っ白になって……！」%K%P
「居ても立ってもいられなくなって会いに来て……！\n　そうしたら蛍がお屋敷から出て来て……！\n　蛍の顔を見た途端、頭の中が真っ白になって……！」%K%P
%LC清佳
%LC清佳
「気づいたら、その――〜〜っっ！！」%K%P
「気づいたら、その――〜〜っっ！！」%K%P
今にも頭から煙が出てしまいそうなほど、\n清佳ちゃんが顔を真っ赤に染める。%K%P
今にも頭から煙が出てしまいそうなほど、\n清佳ちゃんが顔を真っ赤に染める。%K%P
その姿を見て、僕もついつい\n先程の出来事を思い出してしまって――%K%P
その姿を見て、僕もついつい\n先程の出来事を思い出してしまって――%K%P
%LC蛍
%LC蛍
「〜〜っっ！！」%K%P
「〜〜っっ！！」%K%P
唇の感触を思い出すだけで僕も頭が沸騰しそうになる。\n身体中が火照りに火照っちゃって……！%K%P
唇の感触を思い出すだけで僕も頭が沸騰しそうになる。\n身体中が火照りに火照っちゃって……！%K%P
%LC清佳
%LC清佳
「キ、キスするつもりもプロポーズするつもりも\n　全然なかったのっ。ただもう夢中で……！」%K%P
「キ、キスするつもりもプロポーズするつもりも\n　全然なかったのっ。ただもう夢中で……！」%K%P
%LC清佳
%LC清佳
「でも、えと……！　蛍さえ良ければ……そのっ。\n　女の子同士なのにって思うかもしれないけど……！」%K%P
「でも、えと……！　蛍さえ良ければ……そのっ。\n　女の子同士なのにって思うかもしれないけど……！」%K%P
%LC清佳
%LC清佳
「私と、けけけ、結婚してくだしゃいっ……！！」%K%P
「私と、けけけ、結婚してくだしゃいっ……！！」%K%P
真っ直ぐ告白されて戸惑いが加速してしまう。%K%P
真っ直ぐ告白されて戸惑いが加速してしまう。%K%P
まさか清佳ちゃんがそんな風に\n『蛍』を想ってくれていたなんて……。%K%P
まさか清佳ちゃんがそんな風に\n『蛍』を想ってくれていたなんて……。%K%P
%LC清佳
%LC清佳
「ほ、蛍が頷いてさえくれればね……？\n　すぐ挙式の準備もするから……！\n　実は既に街の自治体にも手を回してあるのっ」%K%P
「ほ、蛍が頷いてさえくれればね……？\n　すぐ挙式の準備もするから……！\n　実は既に街の自治体にも手を回してあるのっ」%K%P
%LC蛍
%LC蛍
「へっ？　じ、自治体ってどういう意味？」%K%P
「へっ？　じ、自治体ってどういう意味？」%K%P
%LC清佳
%LC清佳
「パートナーシップ制度って知ってるっ？\n　同性カップルの婚姻を公認する制度なんだけど――\n　蛍が日本を留守にしてる間に導入させておいたのっ！」%K%P
「パートナーシップ制度って知ってるっ？\n　同性カップルの婚姻を公認する制度なんだけど――\n　蛍が日本を留守にしてる間に導入させておいたのっ！」%K%P
%LC清佳
%LC清佳
「法的に婚姻関係を認められたいというなら少し待って。\n　もっと私が権力を持ってから官僚にでも働きかけて、\n　多様性を認めない日本社会に自由という名のメスを――」%K%P
「法的に婚姻関係を認められたいというなら少し待って。\n　もっと私が権力を持ってから官僚にでも働きかけて、\n　多様性を認めない日本社会に自由という名のメスを――」%K%P
%LC蛍
%LC蛍
「――待ってっ！？　わたしと結婚するために\n　街や日本の仕組みまで変えちゃうつもりなの……？」%K%P
「――待ってっ！？　わたしと結婚するために\n　街や日本の仕組みまで変えちゃうつもりなの……？」%K%P
%LC清佳
%LC清佳
「当たり前じゃないっ。\n　私たちの輝かしき未来のためだものっ……！！」%K%P
「当たり前じゃないっ。\n　私たちの輝かしき未来のためだものっ……！！」%K%P
本当に清佳ちゃんってお金持ちのご令嬢だったんだ……。\nにしてもスケールが大きすぎる……！%K%P
本当に清佳ちゃんってお金持ちのご令嬢だったんだ……。\nにしてもスケールが大きすぎる……！%K%P
それだけ『蛍』を好きだってことなんだろうけど――%K%P
それだけ『蛍』を好きだってことなんだろうけど――%K%P
%LC愛
%LC愛
「コホン。恐れながら清佳様。\n　またしても駄犬っぷりが出ていますよ」%K%P
「コホン。恐れながら清佳様。\n　またしても駄犬っぷりが出ていますよ」%K%P
%LC清佳
%LC清佳
「――あ！　ご、ごめんなさい……！\n　私ったらつい、前のめりになっちゃって……」%K%P
「――あ！　ご、ごめんなさい……！\n　私ったらつい、前のめりになっちゃって……」%K%P
%LC清佳
%LC清佳
「こんな風に迫っても意味ないものね……。\n　今のは忘れて？　と、というかプロポーズ自体、\n　忘れてくれていいからっ……！」%K%P
「こんな風に迫っても意味ないものね……。\n　今のは忘れて？　と、というかプロポーズ自体、\n　忘れてくれていいからっ……！」%K%P
%LC蛍
%LC蛍
「あ、えと……」%K%P
「あ、えと……」%K%P
%LC清佳
%LC清佳
「っっ。でも驚いたわ。まさか蛍がモデルの仕事\n　だけじゃなくてメイドの仕事もしていたなんて」%K%P
「っっ。でも驚いたわ。まさか蛍がモデルの仕事\n　だけじゃなくてメイドの仕事もしていたなんて」%K%P
%LC清佳
%LC清佳
「あ、もしかして順序が逆なのかしら？\n　千鶴さんのお家で働いていたところを\n　ファッションモデルに抜擢されて？」%K%P
「あ、もしかして順序が逆なのかしら？\n　千鶴さんのお家で働いていたところを\n　ファッションモデルに抜擢されて？」%K%P
%LC清佳
%LC清佳
「小さい頃もよく千鶴さんと一緒にいたものね？\n　あの頃は正直、姉妹かと思っていたのだけど――」%K%P
「小さい頃もよく千鶴さんと一緒にいたものね？\n　あの頃は正直、姉妹かと思っていたのだけど――」%K%P
照れてしまったのか、答えを聞きたくないのか、\n清佳ちゃんがあからさまに話題を変えてくる。%K%P
照れてしまったのか、答えを聞きたくないのか、\n清佳ちゃんがあからさまに話題を変えてくる。%K%P
そんな彼女の乙女な仕草に胸がじくじくと痛んだ。\n清佳ちゃんを騙していることがとても辛い。%K%P
そんな彼女の乙女な仕草に胸がじくじくと痛んだ。\n清佳ちゃんを騙していることがとても辛い。%K%P
いっそ……今ここで告白してしまった方がいいかも。\n僕は男なんだって。春樹なんだって。%K%P
いっそ……今ここで告白してしまった方がいいかも。\n僕は男なんだって。春樹なんだって。%K%P
ずっと騙していて、ごめん。って。%K%P
ずっと騙していて、ごめん。って。%K%P
%LC清佳
%LC清佳
「ほ……蛍？　どうしたの……？」%K%P
「ほ……蛍？　どうしたの……？」%K%P
押し黙った僕を清佳ちゃんが\n心配そうに覗き込もうとしてくる。%K%P
押し黙った僕を清佳ちゃんが\n心配そうに覗き込もうとしてくる。%K%P
%LC蛍
%LC蛍
「清佳ちゃん……。実は、実はね――」%K%P
「清佳ちゃん……。実は、実はね――」%K%P
%LC清佳
%LC清佳
「う、うん？」%K%P
「う、うん？」%K%P
%LC蛍
%LC蛍
「実はわたし――」%K%P
「実はわたし――」%K%P
と、自分の正体を告げようとした――その時だった。%K%P
と、自分の正体を告げようとした――その時だった。%K%P
%LC千鶴
%LC千鶴
%XS20「金髪ツインテロリっ子だぁぁああっっ〜〜！！」%XE%K%P
%XS20「金髪ツインテロリっ子だぁぁああっっ〜〜！！」%XE%K%P
%LC愛
%LC愛
「へ……？」%K%P
「へ……？」%K%P
ガシぃ！！%K%P
ガシぃ！！%K%P
%LC千鶴
%LC千鶴
「逸材っ……！　逸材だよっ……！！\n　来てっ、あたしの部屋に、今すぐっ！！」%K%P
「逸材っ……！　逸材だよっ……！！\n　来てっ、あたしの部屋に、今すぐっ！！」%K%P
%LC愛
%LC愛
「あなたのお部屋って――\n　きゃああああああああっっ〜〜！！！？」%K%P
「あなたのお部屋って――\n　きゃああああああああっっ〜〜！！！？」%K%P
シュバババババババ――！！%K%P
シュバババババババ――！！%K%P
%LC蛍
%LC蛍
「………………え？」%K%P
「………………え？」%K%P
しばし呆然としてしまう。%K%P
しばし呆然としてしまう。%K%P
今の、お姉ちゃん……だよね？\n愛さんを引っ張っていったような……。%K%P
今の、お姉ちゃん……だよね？\n愛さんを引っ張っていったような……。%K%P
周りを見回してみても、愛さんの姿はない。\nやっぱりお姉ちゃんに連れ去られたみたいだ。%K%P
周りを見回してみても、愛さんの姿はない。\nやっぱりお姉ちゃんに連れ去られたみたいだ。%K%P
お姉ちゃんのことだ。愛さんの姿を見て、\n着せ替えたい欲求が出ちゃったんだろう。%K%P
お姉ちゃんのことだ。愛さんの姿を見て、\n着せ替えたい欲求が出ちゃったんだろう。%K%P
捕まったが最後、今朝の僕のように、\n問答無用で着せ替えさせられる羽目に――って。%K%P
捕まったが最後、今朝の僕のように、\n問答無用で着せ替えさせられる羽目に――って。%K%P
%LC蛍
%LC蛍
%XS20「お客様に何するつもりなのっ〜〜！！？」%XE%K%P
%XS20「お客様に何するつもりなのっ〜〜！！？」%XE%K%P
%LC清佳
%LC清佳
「あ、ちょっと蛍っ……！！？」%K%P
「あ、ちょっと蛍っ……！！？」%K%P
慌ててリビングから飛び出して、\nお姉ちゃんを追いかける。%K%P
慌ててリビングから飛び出して、\nお姉ちゃんを追いかける。%K%P
すると――%K%P
すると――%K%P
%LC愛
%LC愛
『離してっ、離して下さいっ……！！』%K%P
『離してっ、離して下さいっ……！！』%K%P
%LC千鶴
%LC千鶴
『いいからいいから。悪いようにはしないからさ〜』%K%P
『いいからいいから。悪いようにはしないからさ〜』%K%P
%LC愛
%LC愛
『ひぃあっ……！　誰か助けっ……！！\n　ロリコン女に犯されるっっ……！！』%K%P
『ひぃあっ……！　誰か助けっ……！！\n　ロリコン女に犯されるっっ……！！』%K%P
お姉ちゃんのお部屋の前まで来たところで、\n中から愛さんの恐怖に満ちた声が聞こえてきた。%K%P
お姉ちゃんのお部屋の前まで来たところで、\n中から愛さんの恐怖に満ちた声が聞こえてきた。%K%P
早く止めないと……！！\n愛さんがお姉ちゃんの魔の手にかかる前に！！%K%P
早く止めないと……！！\n愛さんがお姉ちゃんの魔の手にかかる前に！！%K%P
%LC蛍
%LC蛍
「馬鹿な真似はやめ――」%K%P
「馬鹿な真似はやめ――」%K%P
%LC愛
%LC愛
「あっ……！　ほ、蛍様……！！\n　助けに来て下さったのですかっ……！？」%K%P
「あっ……！　ほ、蛍様……！！\n　助けに来て下さったのですかっ……！？」%K%P
%LC蛍
%LC蛍
「ひゃっ……！？」%K%P
「ひゃっ……！？」%K%P
もうこんなに脱がされちゃってて……！！？%K%P
もうこんなに脱がされちゃってて……！！？%K%P
%LC愛
%LC愛
「お願い、しますっ……！\n　この人を、はぁはぁっ、引きはがして下さいっ……！」%K%P
「お願い、しますっ……！\n　この人を、はぁはぁっ、引きはがして下さいっ……！」%K%P
%LC千鶴
%LC千鶴
「そんなつれないこと言わないでってば〜。\n　あたしはロリっ子ちゃんを可愛く着飾ってあげようと\n　してるだけだって〜」%K%P
「そんなつれないこと言わないでってば〜。\n　あたしはロリっ子ちゃんを可愛く着飾ってあげようと\n　してるだけだって〜」%K%P
%LC愛
%LC愛
「余計な、んんっ、お世話ですっ……！！\n　愛はあなたの着せ替え人形ではありませんっ……！！」%K%P
「余計な、んんっ、お世話ですっ……！！\n　愛はあなたの着せ替え人形ではありませんっ……！！」%K%P
%LC千鶴
%LC千鶴
「愛ちゃんって言うんだ〜？\n　うふふふふ、これまた可愛い名前じゃん〜」%K%P
「愛ちゃんって言うんだ〜？\n　うふふふふ、これまた可愛い名前じゃん〜」%K%P
%LC愛
%LC愛
「馴れ馴れしく呼ばないで下さいっ……！！\n　この変態ロリコン女っ……！！」%K%P
「馴れ馴れしく呼ばないで下さいっ……！！\n　この変態ロリコン女っ……！！」%K%P
お姉ちゃんに脱がされそうになりながら、\n死に物狂いでスカートを引っ張り返す愛さん。%K%P
お姉ちゃんに脱がされそうになりながら、\n死に物狂いでスカートを引っ張り返す愛さん。%K%P
けれど体格差的に不利なのか、\n徐々にスカートが脱がされていく。%K%P
けれど体格差的に不利なのか、\n徐々にスカートが脱がされていく。%K%P
トップスの方は僕が着く前に脱がされてしまったらしく、\n可愛いブラがもろ見えしてしまっている。%K%P
トップスの方は僕が着く前に脱がされてしまったらしく、\n可愛いブラがもろ見えしてしまっている。%K%P
白銀に輝く華奢な肌と金色に煌めく長い髪は、\nこの世のものとは思えないほど綺麗で。%K%P
白銀に輝く華奢な肌と金色に煌めく長い髪は、\nこの世のものとは思えないほど綺麗で。%K%P
本当にお人形さんみたいだ。\nお、お姉ちゃんが惹かれるのもわかる気がする――%K%P
本当にお人形さんみたいだ。\nお、お姉ちゃんが惹かれるのもわかる気がする――%K%P
%LC愛
%LC愛
「ほ、蛍様……！　何をボーッと見ているのですかっ！？」%K%P
「ほ、蛍様……！　何をボーッと見ているのですかっ！？」%K%P
%LC蛍
%LC蛍
「ふぇ！？　ごごご、ごめんなさいっ……！！\n　見るつもりはなくてっ……！」%K%P
「ふぇ！？　ごごご、ごめんなさいっ……！！\n　見るつもりはなくてっ……！」%K%P
%LC愛
%LC愛
「違いますっ……！！　見てないで、\n　この人を引きはがして下さいってば……！！」%K%P
「違いますっ……！！　見てないで、\n　この人を引きはがして下さいってば……！！」%K%P
必死にスカートを引っ張り返しながら、\n愛さんがそう訴えてくる。%K%P
必死にスカートを引っ張り返しながら、\n愛さんがそう訴えてくる。%K%P
僕に下着姿を見られて恥ずかしくないのかな――って。\nそうか、僕はいま女装してるんだった……！%K%P
僕に下着姿を見られて恥ずかしくないのかな――って。\nそうか、僕はいま女装してるんだった……！%K%P
%LC千鶴
%LC千鶴
「なんならこっちを手伝ってくれてもいいんだよ〜？\n　一緒に愛ちゃんをお着替えさせちゃわない〜？」%K%P
「なんならこっちを手伝ってくれてもいいんだよ〜？\n　一緒に愛ちゃんをお着替えさせちゃわない〜？」%K%P
%LC千鶴
%LC千鶴
「そうしたらぁ……うふふ。\n　愛ちゃんのあられもない姿をもっと見られるし〜？」%K%P
「そうしたらぁ……うふふ。\n　愛ちゃんのあられもない姿をもっと見られるし〜？」%K%P
%LC愛
%LC愛
「なっ！？　主従揃ってロリコンなのですか！？」%K%P
「なっ！？　主従揃ってロリコンなのですか！？」%K%P
愛さんが僕を女性と認識しているのをわかっていてか、\nお姉ちゃんが悪魔の囁きをしてくる。%K%P
愛さんが僕を女性と認識しているのをわかっていてか、\nお姉ちゃんが悪魔の囁きをしてくる。%K%P
しかし僕はロリコンじゃない。\n……というか愛さんは自分がロリである自覚はあるんだ。%K%P
しかし僕はロリコンじゃない。\n……というか愛さんは自分がロリである自覚はあるんだ。%K%P
%LC愛
%LC愛
「ほ、蛍様も使用人の端くれでしょう……！？\n　時には主人の暴走を止めることもメイドの務めです！」%K%P
「ほ、蛍様も使用人の端くれでしょう……！？\n　時には主人の暴走を止めることもメイドの務めです！」%K%P
%LC千鶴
%LC千鶴
「というか主従？　蛍がメイド？\n　あ〜……外から見ればそう見えるのか。\n　確かに丁度メイド服着せてたもんねー」%K%P
「というか主従？　蛍がメイド？\n　あ〜……外から見ればそう見えるのか。\n　確かに丁度メイド服着せてたもんねー」%K%P
%LC千鶴
%LC千鶴
「んじゃ蛍。ご主人様命令だよ。\n　愛ちゃんを脱がすの手伝って！」%K%P
「んじゃ蛍。ご主人様命令だよ。\n　愛ちゃんを脱がすの手伝って！」%K%P
%LC蛍
%LC蛍
「手伝えるわけないじゃない！\n　早く、んんっ、離してあげてってば！」%K%P
「手伝えるわけないじゃない！\n　早く、んんっ、離してあげてってば！」%K%P
%LC愛
%LC愛
「ほ、蛍様……！！」%K%P
「ほ、蛍様……！！」%K%P
お姉ちゃんを止めようとする僕を見て、\n愛さんが感極まった顔をする。%K%P
お姉ちゃんを止めようとする僕を見て、\n愛さんが感極まった顔をする。%K%P
女装しているとはいえ中身は男だ。\n困った女の子を見過ごすわけにはいかない……！%K%P
女装しているとはいえ中身は男だ。\n困った女の子を見過ごすわけにはいかない……！%K%P
%LC千鶴
%LC千鶴
「――ま。蛍は腕力ないから、\n　止められたところで関係ないけどね〜」%K%P
「――ま。蛍は腕力ないから、\n　止められたところで関係ないけどね〜」%K%P
%LC蛍
%LC蛍
「はぅっ！？」%K%P
「はぅっ！？」%K%P
%LC愛
%LC愛
「蛍様ぁ！！？」%K%P
「蛍様ぁ！！？」%K%P
ごめんなさい、愛さん……！%K%P
ごめんなさい、愛さん……！%K%P
お姉ちゃんより力があったら、\n僕もメイド服なんて着せられてないんだ。%K%P
お姉ちゃんより力があったら、\n僕もメイド服なんて着せられてないんだ。%K%P
%LC愛
%LC愛
「も、もうダメ……！\n　はぁはぁ、腕の力が、抜け――」%K%P
「も、もうダメ……！\n　はぁはぁ、腕の力が、抜け――」%K%P
と、愛さんの手がプルプルと\n震え始めた――その時だった。%K%P
と、愛さんの手がプルプルと\n震え始めた――その時だった。%K%P
%LC清佳
%LC清佳
「そこまでよ――無駄な抵抗はやめなさい」%K%P
「そこまでよ――無駄な抵抗はやめなさい」%K%P
%LC愛
%LC愛
「っっ。清佳様……！」%K%P
「っっ。清佳様……！」%K%P
%LC千鶴
%LC千鶴
「清佳様？　――もしかして清佳ちゃん……！？」%K%P
「清佳様？　――もしかして清佳ちゃん……！？」%K%P
現れた清佳ちゃんの姿を見て、\nお姉ちゃんが愛さんのスカートからようやく手を離す。%K%P
現れた清佳ちゃんの姿を見て、\nお姉ちゃんが愛さんのスカートからようやく手を離す。%K%P
%LC清佳
%LC清佳
「ご無沙汰しております、千鶴さん」%K%P
「ご無沙汰しております、千鶴さん」%K%P
%LC千鶴
%LC千鶴
「わ〜、おっきくなったね〜。――って。ご、ごめん。\n　失礼だよね、楠グループのご令嬢さんに……！」%K%P
「わ〜、おっきくなったね〜。――って。ご、ごめん。\n　失礼だよね、楠グループのご令嬢さんに……！」%K%P
%LC清佳
%LC清佳
「ふふ、かしこまらないで下さい。\n　それより急にお邪魔してしまって申し訳ありません」%K%P
「ふふ、かしこまらないで下さい。\n　それより急にお邪魔してしまって申し訳ありません」%K%P
%LC清佳
%LC清佳
「蛍の居場所を伺いに参ったのですが、\n　先に蛍と再会してしまって。ご挨拶が遅れました」%K%P
「蛍の居場所を伺いに参ったのですが、\n　先に蛍と再会してしまって。ご挨拶が遅れました」%K%P
%LC千鶴
%LC千鶴
「あーなるほどなるほど〜。\n　良かったじゃん、蛍。清佳ちゃんと会えて」%K%P
「あーなるほどなるほど〜。\n　良かったじゃん、蛍。清佳ちゃんと会えて」%K%P
事情を知らないお姉ちゃんが\n素直に僕と清佳ちゃんの再会を祝福してくれる。%K%P
事情を知らないお姉ちゃんが\n素直に僕と清佳ちゃんの再会を祝福してくれる。%K%P
というかお姉ちゃん……。\n来客が清佳ちゃんだったの今まで知らなかったんだ……。%K%P
というかお姉ちゃん……。\n来客が清佳ちゃんだったの今まで知らなかったんだ……。%K%P
%LC愛
%LC愛
「はぁ、はぁ……。清佳様、助かりました……。\n　あと少しで愛はロリコン女に辱められるところで――」%K%P
「はぁ、はぁ……。清佳様、助かりました……。\n　あと少しで愛はロリコン女に辱められるところで――」%K%P
%LC清佳
%LC清佳
「――何を言ってるの、愛。\n　ロリコン女だなんて千鶴さんに失礼でしょう？」%K%P
「――何を言ってるの、愛。\n　ロリコン女だなんて千鶴さんに失礼でしょう？」%K%P
%LC愛
%LC愛
「……は？」%K%P
「……は？」%K%P
%LC清佳
%LC清佳
「ほら無駄な抵抗はやめて、\n　千鶴さんのご厚意に甘えなさい。\n　オシャレな服に着替えさせてもらったらどう？」%K%P
「ほら無駄な抵抗はやめて、\n　千鶴さんのご厚意に甘えなさい。\n　オシャレな服に着替えさせてもらったらどう？」%K%P
%LC愛
%LC愛
「ちょ、ちょっと清佳様……？\n　愛を助けに来てくれたのではないのですか？」%K%P
「ちょ、ちょっと清佳様……？\n　愛を助けに来てくれたのではないのですか？」%K%P
%LC清佳
%LC清佳
「千鶴さん。愛に可愛い服を着せてあげて下さい。\n　仕事柄その子、メイド服しか着ないもので……。\n　本心ではオシャレしたい気持ちもあるはずなんです」%K%P
「千鶴さん。愛に可愛い服を着せてあげて下さい。\n　仕事柄その子、メイド服しか着ないもので……。\n　本心ではオシャレしたい気持ちもあるはずなんです」%K%P
%LC千鶴
%LC千鶴
「うんうん、その気持ちわかるよ？\n　初めてのオシャレって勇気欲しいからね〜」%K%P
「うんうん、その気持ちわかるよ？\n　初めてのオシャレって勇気欲しいからね〜」%K%P
%LC愛
%LC愛
「き、清佳様？　ご冗談、ですよね……？」%K%P
「き、清佳様？　ご冗談、ですよね……？」%K%P
%LC清佳
%LC清佳
「……悪いわね、愛。蛍との仲を認めてもらうためにも、\n　千鶴さんの好感度はできる限り上げておきたいの」%K%P
「……悪いわね、愛。蛍との仲を認めてもらうためにも、\n　千鶴さんの好感度はできる限り上げておきたいの」%K%P
%LC愛
%LC愛
「人柱になれと！？」%K%P
「人柱になれと！？」%K%P
%LC清佳
%LC清佳
「主人のために身を捧げる……使用人の本懐じゃない。\n　今までよく尽くしてくれたわ。ありがとう、愛」%K%P
「主人のために身を捧げる……使用人の本懐じゃない。\n　今までよく尽くしてくれたわ。ありがとう、愛」%K%P
%LC愛
%LC愛
「お別れの挨拶をしないで下さい！？」%K%P
「お別れの挨拶をしないで下さい！？」%K%P
%LC千鶴
%LC千鶴
「――んじゃ愛ちゃん！　清佳ちゃんの許可も\n　もらったし、レッツお着替えお着替え〜！！」%K%P
「――んじゃ愛ちゃん！　清佳ちゃんの許可も\n　もらったし、レッツお着替えお着替え〜！！」%K%P
%LC愛
%LC愛
「い――嫌ぁぁああああっっ〜〜！！」%K%P
「い――嫌ぁぁああああっっ〜〜！！」%K%P
%LC清佳
%LC清佳
「ふう。これで良し、と」%K%P
「ふう。これで良し、と」%K%P
%LC蛍
%LC蛍
「これで良しって――あ、愛さんは大丈夫なの？」%K%P
「これで良しって――あ、愛さんは大丈夫なの？」%K%P
%LC清佳
%LC清佳
「あ……えへへ。蛍は相変わらず優しいわね……？\n　見ず知らずの愛をそんなにも気遣うなんて……」%K%P
「あ……えへへ。蛍は相変わらず優しいわね……？\n　見ず知らずの愛をそんなにも気遣うなんて……」%K%P
%LC清佳
%LC清佳
「まるで――いいえ、まさに聖母のよう……。\n　全人類が蛍のように心優しい人間だったら、\n　戦争なんてものも起こらないのに」%K%P
「まるで――いいえ、まさに聖母のよう……。\n　全人類が蛍のように心優しい人間だったら、\n　戦争なんてものも起こらないのに」%K%P
%LC蛍
%LC蛍
「過大評価しすぎだってば！\n　それより愛さんを助けないと……！」%K%P
「過大評価しすぎだってば！\n　それより愛さんを助けないと……！」%K%P
%LC清佳
%LC清佳
「ありがとう、蛍。でも心配無用よ。\n　さっきの話はあながち嘘じゃないの」%K%P
「ありがとう、蛍。でも心配無用よ。\n　さっきの話はあながち嘘じゃないの」%K%P
%LC清佳
%LC清佳
「愛も年頃の女の子だしね。普段は使用人の立場ゆえに\n　口にはしないけれど、本心では可愛くオシャレしたい\n　と思っているはずだわ」%K%P
「愛も年頃の女の子だしね。普段は使用人の立場ゆえに\n　口にはしないけれど、本心では可愛くオシャレしたい\n　と思っているはずだわ」%K%P
ほ、本気で嫌がっていた感じだったけど……。%K%P
ほ、本気で嫌がっていた感じだったけど……。%K%P
いや……もう何も言うまい。\nどちらにしても僕には助けられそうにもないし。%K%P
いや……もう何も言うまい。\nどちらにしても僕には助けられそうにもないし。%K%P
それに――%K%P
それに――%K%P
%LC蛍
%LC蛍
「なら……その。清佳ちゃん。\n　ちょっとついてきてもらえる？」%K%P
「なら……その。清佳ちゃん。\n　ちょっとついてきてもらえる？」%K%P
%LC清佳
%LC清佳
「え？　どこか行くの？」%K%P
「え？　どこか行くの？」%K%P
%LC蛍
%LC蛍
「リビングだとなんだし……。\n　わたしのお部屋に案内しようと思って」%K%P
「リビングだとなんだし……。\n　わたしのお部屋に案内しようと思って」%K%P
%LC清佳
%LC清佳
「ほ、蛍のお部屋にお呼ばれして――〜〜っっ！！\n　行くわっ、もちろん行く！　すぐに行くから！！」%K%P
「ほ、蛍のお部屋にお呼ばれして――〜〜っっ！！\n　行くわっ、もちろん行く！　すぐに行くから！！」%K%P
%LC蛍
%LC蛍
「あ、あはは……。引っ越してきたばっかりで、\n　本当に何もないけどね……？」%K%P
「あ、あはは……。引っ越してきたばっかりで、\n　本当に何もないけどね……？」%K%P
それに、さっき言いかけたことも伝えなくちゃいけない。%K%P
それに、さっき言いかけたことも伝えなくちゃいけない。%K%P
僕は春日蛍じゃなく、蛍乃春樹なんだって。\nずっと騙していてごめんなさいって――%K%P
僕は春日蛍じゃなく、蛍乃春樹なんだって。\nずっと騙していてごめんなさいって――%K%P
清佳ちゃんに謝るんだ。%K%P
清佳ちゃんに謝るんだ。%K%P
………………%K%P
………………%K%P
…………%K%P
…………%K%P
……%K%P
……%K%P
%LC清佳
%LC清佳
「ここが蛍のお部屋……！！」%K%P
「ここが蛍のお部屋……！！」%K%P
%LC清佳
%LC清佳
「蛍が歩いている床っ！」%K%P
「蛍が歩いている床っ！」%K%P
%LC清佳
%LC清佳
「蛍が座ってる椅子っ！」%K%P
「蛍が座ってる椅子っ！」%K%P
%LC清佳
%LC清佳
「蛍が寝起きしてるベッドっ！」%K%P
「蛍が寝起きしてるベッドっ！」%K%P
%LC蛍
%LC蛍
「はわわっ！？　何してるの〜！？」%K%P
「はわわっ！？　何してるの〜！？」%K%P
%LC清佳
%LC清佳
「――ハっ！？　ご、ごめんなさい……！\n　愛しい蛍が使っていると思ったら、つい……！」%K%P
「――ハっ！？　ご、ごめんなさい……！\n　愛しい蛍が使っていると思ったら、つい……！」%K%P
ほ、本当に清佳ちゃんは蛍を心から好きなんだ。\nそれも僕が思っている以上に熱烈に。%K%P
ほ、本当に清佳ちゃんは蛍を心から好きなんだ。\nそれも僕が思っている以上に熱烈に。%K%P
でも、だからこそ伝えなくちゃいけない。%K%P
でも、だからこそ伝えなくちゃいけない。%K%P
清佳ちゃんの知っている『蛍』という女の子は、\n僕の女装姿だってことを。%K%P
清佳ちゃんの知っている『蛍』という女の子は、\n僕の女装姿だってことを。%K%P
%LC清佳
%LC清佳
「でも……その。蛍も積極的なのね……？」%K%P
「でも……その。蛍も積極的なのね……？」%K%P
%LC蛍
%LC蛍
「へ……？　積極的……？」%K%P
「へ……？　積極的……？」%K%P
%LC清佳
%LC清佳
「だから、その……」%K%P
「だから、その……」%K%P
清佳ちゃんが口をまごつかせながら\nチラチラと僕を見つめてくる。%K%P
清佳ちゃんが口をまごつかせながら\nチラチラと僕を見つめてくる。%K%P
そしてベッドにゆっくりと倒れながら、\nおもむろに服をはだけ始めて――%K%P
そしてベッドにゆっくりと倒れながら、\nおもむろに服をはだけ始めて――%K%P
%LC蛍
%LC蛍
「って！？　なに脱ごうとしてるの！？」%K%P
「って！？　なに脱ごうとしてるの！？」%K%P
%LC清佳
%LC清佳
「えっ！？　だって、お部屋にお呼ばれされたってことは\n　そういうことなのかと思って……！」%K%P
「えっ！？　だって、お部屋にお呼ばれされたってことは\n　そういうことなのかと思って……！」%K%P
%LC蛍
%LC蛍
%XS20「全然違うから！！」%XE%K%P
%XS20「全然違うから！！」%XE%K%P
慌てて清佳ちゃんに服を着直してもらう。%K%P
慌てて清佳ちゃんに服を着直してもらう。%K%P
ちょ、ちょっぴり見ちゃった……！\n清佳ちゃんの裸……！！%K%P
ちょ、ちょっぴり見ちゃった……！\n清佳ちゃんの裸……！！%K%P
%LC清佳
%LC清佳
「ご、ごめんなさい……！　読んでいた小説に\n　ちょうどこんな展開があって、つい……！」%K%P
「ご、ごめんなさい……！　読んでいた小説に\n　ちょうどこんな展開があって、つい……！」%K%P
%LC蛍
%LC蛍
「う、ううん。わかってくれたのならいいから……！」%K%P
「う、ううん。わかってくれたのならいいから……！」%K%P
一体どんな小説を読んでいるんだろう？\nなんにしてもラブロマンスが過ぎる……。%K%P
一体どんな小説を読んでいるんだろう？\nなんにしてもラブロマンスが過ぎる……。%K%P
%LC清佳
%LC清佳
「そ、それにしても蛍は読書家なのね？\n　こんなにもたくさんの本が並んでいて……」%K%P
「そ、それにしても蛍は読書家なのね？\n　こんなにもたくさんの本が並んでいて……」%K%P
%LC蛍
%LC蛍
「そうでもないよ？\n　棚にあるのはアルバムばかりだし」%K%P
「そうでもないよ？\n　棚にあるのはアルバムばかりだし」%K%P
%LC清佳
%LC清佳
「アルバム？」%K%P
「アルバム？」%K%P
%LC蛍
%LC蛍
「う、うん。わたし、モデルのお仕事をしてるでしょ？\n　それはポーズの研究用に自撮りした写真を――」%K%P
「う、うん。わたし、モデルのお仕事をしてるでしょ？\n　それはポーズの研究用に自撮りした写真を――」%K%P
%LC清佳
%LC清佳
「その写真、言い値で買うわ！！」%K%P
「その写真、言い値で買うわ！！」%K%P
%LC蛍
%LC蛍
「ふぇ！？　う、売れないよぉ〜！」%K%P
「ふぇ！？　う、売れないよぉ〜！」%K%P
%LC清佳
%LC清佳
「はぁはぁ……！　蛍の可愛いお洋服姿がこんなに……！\n　こ、こんな悩殺ポーズまで取って……！！」%K%P
「はぁはぁ……！　蛍の可愛いお洋服姿がこんなに……！\n　こ、こんな悩殺ポーズまで取って……！！」%K%P
%LC蛍
%LC蛍
「〜〜っっ！！　見ないでっ……！\n　恥ずかしいからぁ〜！！」%K%P
「〜〜っっ！！　見ないでっ……！\n　恥ずかしいからぁ〜！！」%K%P
%LC清佳
%LC清佳
「いくらで売ってもらえるの……！？\n　いくらでも出すわよっ？　お金ならあるから……！！」%K%P
「いくらで売ってもらえるの……！？\n　いくらでも出すわよっ？　お金ならあるから……！！」%K%P
僕の女装アルバムを\n清佳ちゃんが興奮した様子でめくり続ける。%K%P
僕の女装アルバムを\n清佳ちゃんが興奮した様子でめくり続ける。%K%P
穴があったら入りたいと思うくらい恥ずかしいけど、\n逆にこれはチャンスかも……！%K%P
穴があったら入りたいと思うくらい恥ずかしいけど、\n逆にこれはチャンスかも……！%K%P
アルバムには女装前の姿で撮ったものもたくさんある。%K%P
アルバムには女装前の姿で撮ったものもたくさんある。%K%P
それを清佳ちゃんに見てもらえば、\n突然「実は男なんだ」と言うより説得力が出ると思う。%K%P
それを清佳ちゃんに見てもらえば、\n突然「実は男なんだ」と言うより説得力が出ると思う。%K%P
%LC清佳
%LC清佳
「クールな蛍もいいわね……！\n　はぁはぁ、もっと好きになっちゃいそう……！」%K%P
「クールな蛍もいいわね……！\n　はぁはぁ、もっと好きになっちゃいそう……！」%K%P
だとしても……蛍をこんなにも好きな清佳ちゃんに、\nショックを与えてしまうかもしれない。%K%P
だとしても……蛍をこんなにも好きな清佳ちゃんに、\nショックを与えてしまうかもしれない。%K%P
だけど、このままずっと騙し続ける方が\n清佳ちゃんの心に深い傷を残すことになってしまう。%K%P
だけど、このままずっと騙し続ける方が\n清佳ちゃんの心に深い傷を残すことになってしまう。%K%P
何より……僕も女としてじゃなく、\n男として――『春樹』として好きになってもらいたい。%K%P
何より……僕も女としてじゃなく、\n男として――『春樹』として好きになってもらいたい。%K%P
たとえ女装していたことを明かして、\n清佳ちゃんの気持ちが冷めてしまったとしても。%K%P
たとえ女装していたことを明かして、\n清佳ちゃんの気持ちが冷めてしまったとしても。%K%P
それでも僕は、これ以上彼女を騙したくない。%K%P
それでも僕は、これ以上彼女を騙したくない。%K%P
自己満足かもしれないけれど、\n清佳ちゃんを騙し続ける日々に終止符を打ちたい。%K%P
自己満足かもしれないけれど、\n清佳ちゃんを騙し続ける日々に終止符を打ちたい。%K%P
%LC清佳
%LC清佳
「はぁはぁ……！　み、水着写真はないのかしら？\n　一枚５万……いいえ、１０万で買うけれど……！」%K%P
「はぁはぁ……！　み、水着写真はないのかしら？\n　一枚５万……いいえ、１０万で買うけれど……！」%K%P
%LC蛍
%LC蛍
「あの……清佳ちゃん」%K%P
「あの……清佳ちゃん」%K%P
%LC清佳
%LC清佳
「うん？」%K%P
「うん？」%K%P
%LC蛍
%LC蛍
「わたし、ね。清佳ちゃんに伝えなくちゃ\n　いけないことがあるの……」%K%P
「わたし、ね。清佳ちゃんに伝えなくちゃ\n　いけないことがあるの……」%K%P
%LC清佳
%LC清佳
「……それって、リビングで言いかけたことかしら？」%K%P
「……それって、リビングで言いかけたことかしら？」%K%P
僕の真剣さを受け取ってくれたのか、\n清佳ちゃんもまた神妙な表情で尋ね返してくれる。%K%P
僕の真剣さを受け取ってくれたのか、\n清佳ちゃんもまた神妙な表情で尋ね返してくれる。%K%P
僕は小さく頷くと、言葉を続けた。%K%P
僕は小さく頷くと、言葉を続けた。%K%P
%LC蛍
%LC蛍
「わたし、清佳ちゃんに謝らなくちゃいけない。\n　嫌われちゃっても仕方ないとも……思ってる」%K%P
「わたし、清佳ちゃんに謝らなくちゃいけない。\n　嫌われちゃっても仕方ないとも……思ってる」%K%P
%LC清佳
%LC清佳
「蛍……」%K%P
「蛍……」%K%P
%LC蛍
%LC蛍
「わたし……わたしねっ？　実は――」%K%P
「わたし……わたしねっ？　実は――」%K%P
しかし覚悟を決めて訴えようとした僕を\n清佳ちゃんは首を横に振って制してきた。%K%P
しかし覚悟を決めて訴えようとした僕を\n清佳ちゃんは首を横に振って制してきた。%K%P
%LC清佳
%LC清佳
「ふふ。別に言わなくてもいいわよ？\n　口にするのも辛いようなことを言う必要なんてない」%K%P
「ふふ。別に言わなくてもいいわよ？\n　口にするのも辛いようなことを言う必要なんてない」%K%P
%LC蛍
%LC蛍
「で、でも……」%K%P
「で、でも……」%K%P
%LC清佳
%LC清佳
「私は蛍に謝られるようなことをされた覚えはないもの。\n　蛍を嫌いになることも有り得ない」%K%P
「私は蛍に謝られるようなことをされた覚えはないもの。\n　蛍を嫌いになることも有り得ない」%K%P
%LC清佳
%LC清佳
「だから無理して伝えてくれなくてもいいの。\n　そんな辛い顔をさせてまで告白してもらわなくていい」%K%P
「だから無理して伝えてくれなくてもいいの。\n　そんな辛い顔をさせてまで告白してもらわなくていい」%K%P
%LC蛍
%LC蛍
「清佳ちゃん……」%K%P
「清佳ちゃん……」%K%P
%LC清佳
%LC清佳
「自分の心に素直になって、蛍？\n　言葉に詰まるようなら、口にするべきじゃないわ」%K%P
「自分の心に素直になって、蛍？\n　言葉に詰まるようなら、口にするべきじゃないわ」%K%P
%LC清佳
%LC清佳
「きっとそれは無理をして紡いだ言葉だから。\n　自分の心に嘘をついて、形にした言葉だから」%K%P
「きっとそれは無理をして紡いだ言葉だから。\n　自分の心に嘘をついて、形にした言葉だから」%K%P
%LC清佳
%LC清佳
「どうしても伝えなくちゃいけないことだとしても、\n　覚悟を決めるまでもなく言える時が来たらにしなさい」%K%P
「どうしても伝えなくちゃいけないことだとしても、\n　覚悟を決めるまでもなく言える時が来たらにしなさい」%K%P
%LC清佳
%LC清佳
「私はそれまで、ふふ。じっと待っているわ」%K%P
「私はそれまで、ふふ。じっと待っているわ」%K%P
%LC蛍
%LC蛍
「…………」%K%P
「…………」%K%P
僕に何かしら秘密があるとわかっていながら、\nそれでも清佳ちゃんは「待つ」と言ってくれる。%K%P
僕に何かしら秘密があるとわかっていながら、\nそれでも清佳ちゃんは「待つ」と言ってくれる。%K%P
その優しさに甘えたくなってしまう自分がいる時点で、\nきっと清佳ちゃんの言う通りなんだろう。%K%P
その優しさに甘えたくなってしまう自分がいる時点で、\nきっと清佳ちゃんの言う通りなんだろう。%K%P
でも……そんな弱さを汲んでくれる優しい彼女だからこそ\nこれ以上、騙し続けたくない。%K%P
でも……そんな弱さを汲んでくれる優しい彼女だからこそ\nこれ以上、騙し続けたくない。%K%P
今なら言える。無理をせずに、嘘をつかずに、\n僕の秘密を、彼女に――%K%P
今なら言える。無理をせずに、嘘をつかずに、\n僕の秘密を、彼女に――%K%P
%LC蛍
%LC蛍
「そのままアルバムを……めくってもらえる？」%K%P
「そのままアルバムを……めくってもらえる？」%K%P
%LC清佳
%LC清佳
「ええ」%K%P
「ええ」%K%P
今度は僕を止めることなく清佳ちゃんは頷いた。\nそんな彼女の心に僕は胸の中でお礼を言う。%K%P
今度は僕を止めることなく清佳ちゃんは頷いた。\nそんな彼女の心に僕は胸の中でお礼を言う。%K%P
%LC清佳
%LC清佳
「っっ。こ、これ……！！？」%K%P
「っっ。こ、これ……！！？」%K%P
写真を見た清佳ちゃんが目を見開いて驚く。%K%P
写真を見た清佳ちゃんが目を見開いて驚く。%K%P
僕の――『春樹』の写真を、\n今まさに見つめていることだろう。%K%P
僕の――『春樹』の写真を、\n今まさに見つめていることだろう。%K%P
僕が『蛍』ではなく『春樹』なのだと、\nきっと清佳ちゃんも気づいたはずだ。%K%P
僕が『蛍』ではなく『春樹』なのだと、\nきっと清佳ちゃんも気づいたはずだ。%K%P
%LC清佳
%LC清佳
「そういうこと、なのね……」%K%P
「そういうこと、なのね……」%K%P
%LC蛍
%LC蛍
「……うん。ずっと言えなくて、ごめんね」%K%P
「……うん。ずっと言えなくて、ごめんね」%K%P
%LC清佳
%LC清佳
「いいえ……。むしろ、よく言ってくれたわ」%K%P
「いいえ……。むしろ、よく言ってくれたわ」%K%P
清佳ちゃんは唇を噛んで、顔をくちゃくちゃにした。\n目尻には涙さえも浮かびかけている。%K%P
清佳ちゃんは唇を噛んで、顔をくちゃくちゃにした。\n目尻には涙さえも浮かびかけている。%K%P
……ショックを与えてしまっただろう。\n清佳ちゃんに辛い想いをさせてしまったと思う。%K%P
……ショックを与えてしまっただろう。\n清佳ちゃんに辛い想いをさせてしまったと思う。%K%P
今までずっと女の子だと思っていた相手が、\n男の子だったんだから。%K%P
今までずっと女の子だと思っていた相手が、\n男の子だったんだから。%K%P
%LC清佳
%LC清佳
「これが蛍の秘密、なのね？」%K%P
「これが蛍の秘密、なのね？」%K%P
%LC蛍
%LC蛍
「うん……」%K%P
「うん……」%K%P
%LC清佳
%LC清佳
「このことを知ったら、\n　私が悲しむと思って今まで黙ってくれていたのね？」%K%P
「このことを知ったら、\n　私が悲しむと思って今まで黙ってくれていたのね？」%K%P
%LC蛍
%LC蛍
「うん……」%K%P
「うん……」%K%P
%LC清佳
%LC清佳
「この写真の男の子が好きだから……。\n　私とは付き合えないってこと、なのね？」%K%P
「この写真の男の子が好きだから……。\n　私とは付き合えないってこと、なのね？」%K%P
%LC蛍
%LC蛍
「うん……」%K%P
「うん……」%K%P
…………%K%P
…………%K%P
%LC蛍
%LC蛍
「……うん？」%K%P
「……うん？」%K%P
え。今なんて――%K%P
え。今なんて――%K%P
%LC清佳
%LC清佳
「ふっ、ふふふふふふふっっ！！\n　私も舐められたものねっ！！！」%K%P
「ふっ、ふふふふふふふっっ！！\n　私も舐められたものねっ！！！」%K%P
%LC蛍
%LC蛍
「はわわっ！！？　き、清佳ちゃん！？」%K%P
「はわわっ！！？　き、清佳ちゃん！？」%K%P
%LC清佳
%LC清佳
「私がその程度で蛍を諦めると思う？\n　蛍がこの男を好きだろうと関係ないわ……！！」%K%P
「私がその程度で蛍を諦めると思う？\n　蛍がこの男を好きだろうと関係ないわ……！！」%K%P
清佳ちゃんが涙を堪えながら必死に声を張り上げる。%K%P
清佳ちゃんが涙を堪えながら必死に声を張り上げる。%K%P
%LC蛍
%LC蛍
「あわわっ、ち、違うよ、清佳ちゃん……！\n　そういうことじゃなくて――」%K%P
「あわわっ、ち、違うよ、清佳ちゃん……！\n　そういうことじゃなくて――」%K%P
%LC清佳
%LC清佳
「『素直に諦めて』って言いたいんでしょ？\n　わかってるっ、蛍の気持ちはわかってるけど……！！」%K%P
「『素直に諦めて』って言いたいんでしょ？\n　わかってるっ、蛍の気持ちはわかってるけど……！！」%K%P
%LC蛍
%LC蛍
「だから、そうじゃなくて……！！」%K%P
「だから、そうじゃなくて……！！」%K%P
%LC清佳
%LC清佳
「ひっくっ、ひっくっ……！！\n　まさか蛍に好きな人がいたなんてっ……！！\n　確かにその可能性を考えない日はなかったわ……！！」%K%P
「ひっくっ、ひっくっ……！！\n　まさか蛍に好きな人がいたなんてっ……！！\n　確かにその可能性を考えない日はなかったわ……！！」%K%P
%LC清佳
%LC清佳
「蛍は可愛いものねっ、世界で一番可愛いもの……！！\n　気立てもいいし、優しいし、愛らしいしっ……！！」%K%P
「蛍は可愛いものねっ、世界で一番可愛いもの……！！\n　気立てもいいし、優しいし、愛らしいしっ……！！」%K%P
%LC蛍
%LC蛍
「だ、だから――！！」%K%P
「だ、だから――！！」%K%P
壮大な勘違いをされちゃってる！！？\n蛍が春樹を好きだと清佳ちゃんに思われちゃって……！！%K%P
壮大な勘違いをされちゃってる！！？\n蛍が春樹を好きだと清佳ちゃんに思われちゃって……！！%K%P
%LC清佳
%LC清佳
「そもそも一体誰！？\n　この男は何者なの、蛍っ！！？」%K%P
「そもそも一体誰！？\n　この男は何者なの、蛍っ！！？」%K%P
%LC蛍
%LC蛍
「ひぃあっ！！？」%K%P
「ひぃあっ！！？」%K%P
%LC清佳
%LC清佳
「はぁはぁ、教えてちょうだい……！\n　何もしないから……！　何もしないからっ……！！」%K%P
「はぁはぁ、教えてちょうだい……！\n　何もしないから……！　何もしないからっ……！！」%K%P
完全に殺る気の目をしてるんだけど！？%K%P
完全に殺る気の目をしてるんだけど！？%K%P
%LC愛
%LC愛
「――そのお方は春樹様です。\n　千鶴様の弟君様ですよ」%K%P
「――そのお方は春樹様です。\n　千鶴様の弟君様ですよ」%K%P
%LC清佳
%LC清佳
「この声は、愛……！？」%K%P
「この声は、愛……！？」%K%P
%LC愛
%LC愛
「ふふふ。先程は私をロリコン女に売り渡して下さり、\n　ありがとうございます。おかげで、このような\n　素敵な衣装を着させて頂けました」%K%P
「ふふふ。先程は私をロリコン女に売り渡して下さり、\n　ありがとうございます。おかげで、このような\n　素敵な衣装を着させて頂けました」%K%P
%LC愛
%LC愛
「そして失恋おめでとうございます。\n　愛は心から祝福致しますよ？　パチパチパチ」%K%P
「そして失恋おめでとうございます。\n　愛は心から祝福致しますよ？　パチパチパチ」%K%P
%LC清佳
%LC清佳
「ぐはっ！！」%K%P
「ぐはっ！！」%K%P
%LC清佳
%LC清佳
「ま、まだよ……！　私と蛍には、\n　幼い頃に育んだ絆が……！！」%K%P
「ま、まだよ……！　私と蛍には、\n　幼い頃に育んだ絆が……！！」%K%P
%LC愛
%LC愛
「幼い頃に育んだ絆？　清佳様のそれは\n　所詮、一夏の思い出でしょう？」%K%P
「幼い頃に育んだ絆？　清佳様のそれは\n　所詮、一夏の思い出でしょう？」%K%P
%LC愛
%LC愛
「蛍様は春樹様の使用人でもあらせられるのですよ？\n　清佳様なんぞより長い時を共に過ごしてきたはずです」%K%P
「蛍様は春樹様の使用人でもあらせられるのですよ？\n　清佳様なんぞより長い時を共に過ごしてきたはずです」%K%P
%LC清佳
%LC清佳
「はぐっ！？」%K%P
「はぐっ！？」%K%P
%LC愛
%LC愛
「それだけの時間を共に過ごせば、\n　恋が芽吹くのも当然ですよね？\n　そもそも女と女より男と女の仲の方が一般的ですし」%K%P
「それだけの時間を共に過ごせば、\n　恋が芽吹くのも当然ですよね？\n　そもそも女と女より男と女の仲の方が一般的ですし」%K%P
%LC清佳
%LC清佳
「そ、それでも私と蛍は運命の赤い糸で\n　結ばれてるもんっ……！　約束、したもん……！」%K%P
「そ、それでも私と蛍は運命の赤い糸で\n　結ばれてるもんっ……！　約束、したもん……！」%K%P
%LC愛
%LC愛
「へぇ？　運命の赤い糸、ですか」%K%P
「へぇ？　運命の赤い糸、ですか」%K%P
%LC清佳
%LC清佳
「ひっ！？　や、やめなさい、愛……！\n　なに人の手を持ち上げて――」%K%P
「ひっ！？　や、やめなさい、愛……！\n　なに人の手を持ち上げて――」%K%P
%LC愛
%LC愛
「――見たところ、うふふふ、\n　どこにも繋がってなさそうですけどねぇ？」%K%P
「――見たところ、うふふふ、\n　どこにも繋がってなさそうですけどねぇ？」%K%P
%LC清佳
%LC清佳
「ひぐっ――ふええぇぇえええええんんんっっ〜〜！！」%K%P
「ひぐっ――ふええぇぇえええええんんんっっ〜〜！！」%K%P
%LC蛍
%LC蛍
「あわわっ、清佳ちゃーんっ！？」%K%P
「あわわっ、清佳ちゃーんっ！？」%K%P
%LC愛
%LC愛
「はてはて、今度は泣き落としですか？\n　恋に涙を持ち込むなんて卑怯で小狡い女のすること――」%K%P
「はてはて、今度は泣き落としですか？\n　恋に涙を持ち込むなんて卑怯で小狡い女のすること――」%K%P
%LC蛍
%LC蛍
「愛さんも、もうやめてあげて！？」%K%P
「愛さんも、もうやめてあげて！？」%K%P
%LC愛
%LC愛
「……ふんだ。愛の受けた恥辱の仕返しですもん。\n　どれだけ恥ずかしい真似をされたことか……！！」%K%P
「……ふんだ。愛の受けた恥辱の仕返しですもん。\n　どれだけ恥ずかしい真似をされたことか……！！」%K%P
ああ……そっちはそっちで大変だったんだろうな。\nすごく似合ってるとは思うけど……。%K%P
ああ……そっちはそっちで大変だったんだろうな。\nすごく似合ってるとは思うけど……。%K%P
う、ううん。そんなことより今は――%K%P
う、ううん。そんなことより今は――%K%P
%LC蛍
%LC蛍
「き、聞いて、清佳ちゃん……！\n　清佳ちゃんは勘違いをしてて……！！」%K%P
「き、聞いて、清佳ちゃん……！\n　清佳ちゃんは勘違いをしてて……！！」%K%P
%LC清佳
%LC清佳
「いいわ、ひっく、私なら大丈夫よ、蛍……！」%K%P
「いいわ、ひっく、私なら大丈夫よ、蛍……！」%K%P
%LC蛍
%LC蛍
「大丈夫とか、そういうことじゃなくて――」%K%P
「大丈夫とか、そういうことじゃなくて――」%K%P
%LC清佳
%LC清佳
「そうね……！　へこたれてる場合じゃないわ。\n　こんな男に、蛍を渡すものですか……！！」%K%P
「そうね……！　へこたれてる場合じゃないわ。\n　こんな男に、蛍を渡すものですか……！！」%K%P
%LC蛍
%LC蛍
「その『こんな男』が、わたし――」%K%P
「その『こんな男』が、わたし――」%K%P
%LC清佳
%LC清佳
「『わたしは好き』って言うんでしょ？\n　ええ、わかってる。わかってるから……！」%K%P
「『わたしは好き』って言うんでしょ？\n　ええ、わかってる。わかってるから……！」%K%P
%XS20全然わかってない！！%XE%K%P
%XS20全然わかってない！！%XE%K%P
というかまるで話を聞いてもらえないよぉ……！！%K%P
というかまるで話を聞いてもらえないよぉ……！！%K%P
%LC清佳
%LC清佳
「でも私、負けないから……！\n　この男、忘れちゃうくらい蛍を夢中にさせてみせる！」%K%P
「でも私、負けないから……！\n　この男、忘れちゃうくらい蛍を夢中にさせてみせる！」%K%P
%LC清佳
%LC清佳
「行くわよ、愛……！！\n　まずはこの男のことを徹底的に調べ上げるの……！！」%K%P
「行くわよ、愛……！！\n　まずはこの男のことを徹底的に調べ上げるの……！！」%K%P
%LC愛
%LC愛
「えー……。面倒臭いことは嫌です」%K%P
「えー……。面倒臭いことは嫌です」%K%P
%LC清佳
%LC清佳
「そこは頷きなさいよ！？」%K%P
「そこは頷きなさいよ！？」%K%P
%LC清佳
%LC清佳
「見てなさい、蛍……！\n　この男の蛍への愛がどれだけ薄っぺらいものか、\n　私の愛がどれだけ厚いものか証明してみせるから……！」%K%P
「見てなさい、蛍……！\n　この男の蛍への愛がどれだけ薄っぺらいものか、\n　私の愛がどれだけ厚いものか証明してみせるから……！」%K%P
%LC蛍
%LC蛍
「ちょっ、待って清佳ちゃん……！」%K%P
「ちょっ、待って清佳ちゃん……！」%K%P
%LC清佳
%LC清佳
「愛、この男、あなたの手で堕とせる？」%K%P
「愛、この男、あなたの手で堕とせる？」%K%P
%LC愛
%LC愛
「当然です。愛に堕とせない男なんていません。\n　でもいいんですか？　蛍様が悲しみますよ？」%K%P
「当然です。愛に堕とせない男なんていません。\n　でもいいんですか？　蛍様が悲しみますよ？」%K%P
%LC清佳
%LC清佳
「いいわ、寝取ってしまいなさい……！\n　愛に寝取られるような軽薄な男に蛍を任せられないわ！」%K%P
「いいわ、寝取ってしまいなさい……！\n　愛に寝取られるような軽薄な男に蛍を任せられないわ！」%K%P
%LC蛍
%LC蛍
「清佳ちゃんってばぁ〜〜！！？」%K%P
「清佳ちゃんってばぁ〜〜！！？」%K%P
呼び止める声も空しく、\n清佳ちゃんは愛さん共々帰ってしまった。%K%P
呼び止める声も空しく、\n清佳ちゃんは愛さん共々帰ってしまった。%K%P
蛍が春樹を好きだと勘違いしたまま。\n春樹に思いっきり対抗心を燃やして――%K%P
蛍が春樹を好きだと勘違いしたまま。\n春樹に思いっきり対抗心を燃やして――%K%P
%LC千鶴
%LC千鶴
「なんか大変なことになっちったねー……」%K%P
「なんか大変なことになっちったねー……」%K%P
%LC蛍
%LC蛍
「…………」%K%P
「…………」%K%P
%LC千鶴
%LC千鶴
「あ、それより蛍。リビングにあった水まんじゅう\n　食べちゃっていい？　清佳ちゃん食べずに残してて」%K%P
「あ、それより蛍。リビングにあった水まんじゅう\n　食べちゃっていい？　清佳ちゃん食べずに残してて」%K%P
%LC蛍
%LC蛍
「…………」%K%P
「…………」%K%P
能天気に尋ねてくるお姉ちゃんに、\n僕はツッコミを入れる気力すら出なかった。%K%P
能天気に尋ねてくるお姉ちゃんに、\n僕はツッコミを入れる気力すら出なかった。%K%P
