%LC春樹
%LC春樹
「はぁ……」%K%P
「はぁ……」%K%P
%LC男子生徒Ａ
%LC男子生徒Ａ
「暗い顔してどうしたんだ、ハル？」%K%P
「暗い顔してどうしたんだ、ハル？」%K%P
%LC男子生徒Ｂ
%LC男子生徒Ｂ
「もしかして悩み事か？」%K%P
「もしかして悩み事か？」%K%P
%LC春樹
%LC春樹
「あ、ううん。なんでもない」%K%P
「あ、ううん。なんでもない」%K%P
クラスメイトの男友達に返事をしながら、\nついまた、ため息をついてしまう。%K%P
クラスメイトの男友達に返事をしながら、\nついまた、ため息をついてしまう。%K%P
まさか清佳ちゃんに、{蛍:ぼく}が{春樹:ぼく}を\n好きだと思われてしまうなんて……。%K%P
まさか清佳ちゃんに、{蛍:ぼく}が{春樹:ぼく}を\n好きだと思われてしまうなんて……。%K%P
一晩経ったものの、未だに気が重い。\nどうにかして誤解を解かなくちゃいけないけど……。%K%P
一晩経ったものの、未だに気が重い。\nどうにかして誤解を解かなくちゃいけないけど……。%K%P
%LC男子生徒Ａ
%LC男子生徒Ａ
「ホントに大丈夫か？\n　俺で良ければ……その。相談に乗るぞ？」%K%P
「ホントに大丈夫か？\n　俺で良ければ……その。相談に乗るぞ？」%K%P
%LC男子生徒Ｂ
%LC男子生徒Ｂ
「おい、小坂！　抜け駆けすんなよ……！\n　俺が聞いてやるって。なっ？」%K%P
「おい、小坂！　抜け駆けすんなよ……！\n　俺が聞いてやるって。なっ？」%K%P
%LC春樹
%LC春樹
「あはは。そんなに心配しなくても大丈夫だって」%K%P
「あはは。そんなに心配しなくても大丈夫だって」%K%P
%LC男子生徒Ａ
%LC男子生徒Ａ
「そ、そうか。ならいいけどよ。\n　無理はするんじゃないぞ？」%K%P
「そ、そうか。ならいいけどよ。\n　無理はするんじゃないぞ？」%K%P
%LC男子生徒Ｂ
%LC男子生徒Ｂ
「放課後、ぱーっと遊びに行こうぜ？\n　遊んでたら悩みなんて吹き飛んじまうさ」%K%P
「放課後、ぱーっと遊びに行こうぜ？\n　遊んでたら悩みなんて吹き飛んじまうさ」%K%P
二人とも優しいなぁ。変な時期に転校してきた僕とも\nすぐに友達になってくれたし。%K%P
二人とも優しいなぁ。変な時期に転校してきた僕とも\nすぐに友達になってくれたし。%K%P
よーし、クヨクヨするのはやめだ！\n男らしくないし、友達に心配もかけちゃうもんね！%K%P
よーし、クヨクヨするのはやめだ！\n男らしくないし、友達に心配もかけちゃうもんね！%K%P
%LC春樹
%LC春樹
「ありがと――コホン。ありがとな。\n　おかげで俺も元気が出たよ！」%K%P
「ありがと――コホン。ありがとな。\n　おかげで俺も元気が出たよ！」%K%P
%LC男子生徒Ａ
%LC男子生徒Ａ
「〜〜っっ。そ、それなら良かった。\n　やっぱハルは笑顔が似合うからな……！」%K%P
「〜〜っっ。そ、それなら良かった。\n　やっぱハルは笑顔が似合うからな……！」%K%P
%LC男子生徒Ｂ
%LC男子生徒Ｂ
「も、物憂げな顔も良いけどな……！\n　でも笑顔の方がもっと良いと思うぞ……！」%K%P
「も、物憂げな顔も良いけどな……！\n　でも笑顔の方がもっと良いと思うぞ……！」%K%P
%LC春樹
%LC春樹
「そうだよなっ。男児たるもの、\n　いつでも不敵に笑ってなくちゃだよな！」%K%P
「そうだよなっ。男児たるもの、\n　いつでも不敵に笑ってなくちゃだよな！」%K%P
うんうん。と二人が頷いてくれる。%K%P
うんうん。と二人が頷いてくれる。%K%P
にしても今の僕、結構男らしくないかな？\n少なくとも二人よりはオドオドしてないし！%K%P
にしても今の僕、結構男らしくないかな？\n少なくとも二人よりはオドオドしてないし！%K%P
%LC春樹
%LC春樹
「ん？」%K%P
「ん？」%K%P
廊下が騒がしい。何かあったのかな？%K%P
廊下が騒がしい。何かあったのかな？%K%P
%LC？？？
%LC？？？
「あ〜！　やっと見つけた〜！」%K%P
「あ〜！　やっと見つけた〜！」%K%P
%LC春樹
%LC春樹
「へ？」%K%P
「へ？」%K%P
%LC愛
%LC愛
「はーるきせんぱいっ♪」%K%P
「はーるきせんぱいっ♪」%K%P
突然、女の子にぎゅっと抱きつかれる。\n――ってこの子、愛さん！？　愛さんだよね！？%K%P
突然、女の子にぎゅっと抱きつかれる。\n――ってこの子、愛さん！？　愛さんだよね！？%K%P
どうして学園に……！？\nというか昨日と全然キャラが違うんだけど……！？%K%P
どうして学園に……！？\nというか昨日と全然キャラが違うんだけど……！？%K%P
%LC愛
%LC愛
「へ〜、写真よりも格好良いなぁ〜。\n　愛のタイプかもぉ……。一目惚れしちゃいそう〜……」%K%P
「へ〜、写真よりも格好良いなぁ〜。\n　愛のタイプかもぉ……。一目惚れしちゃいそう〜……」%K%P
%LC春樹
%LC春樹
「格好いい……！？　タイプ……！？\n　一目惚れ……！！？」%K%P
「格好いい……！？　タイプ……！？\n　一目惚れ……！！？」%K%P
%LC男子生徒Ａ
%LC男子生徒Ａ
「なんだこのメイド……！？\n　急に現れて俺たちのハルに抱きついてんじゃねえ！」%K%P
「なんだこのメイド……！？\n　急に現れて俺たちのハルに抱きついてんじゃねえ！」%K%P
%LC男子生徒Ｂ
%LC男子生徒Ｂ
「俺たちのハルから離れろビッチが！」%K%P
「俺たちのハルから離れろビッチが！」%K%P
%LC愛
%LC愛
「わ〜……。先輩ってモテモテなんですね？」%K%P
「わ〜……。先輩ってモテモテなんですね？」%K%P
%LC春樹
%LC春樹
「モテモテって――へ、変なこと言うなっ！\n　二人はそんなつもりで言ってないから！」%K%P
「モテモテって――へ、変なこと言うなっ！\n　二人はそんなつもりで言ってないから！」%K%P
%LC男子生徒Ａ・Ｂ
%LC男子生徒Ａ・Ｂ
「あ、いや……」%K%P
「あ、いや……」%K%P
え？　どうして目を逸らすの？%K%P
え？　どうして目を逸らすの？%K%P
%LC愛
%LC愛
「ちなみに先輩って好きな人とかいるんですかぁ？\n　フリーだったらいいなぁ……」%K%P
「ちなみに先輩って好きな人とかいるんですかぁ？\n　フリーだったらいいなぁ……」%K%P
%LC愛
%LC愛
「出会ってすぐにこんなこと言うのもアレですけど。\n　先輩のコト……超好きになっちゃったかもです」%K%P
「出会ってすぐにこんなこと言うのもアレですけど。\n　先輩のコト……超好きになっちゃったかもです」%K%P
%LC愛
%LC愛
「良かったら、愛とお付き合いしません？\n　見ての通りメイドさんなので、ご奉仕とか得意ですよ？\n　ご主人様って呼んであげてもいいですしぃ……」%K%P
「良かったら、愛とお付き合いしません？\n　見ての通りメイドさんなので、ご奉仕とか得意ですよ？\n　ご主人様って呼んであげてもいいですしぃ……」%K%P
%LC春樹
%LC春樹
「は、はぁ！？　急に現れて何を言ってるの！？」%K%P
「は、はぁ！？　急に現れて何を言ってるの！？」%K%P
%LC愛
%LC愛
「あははっ、顔真っ赤にしちゃって可愛い〜。\n　先輩って案外、女の子に免疫ないっぽですね〜？」%K%P
「あははっ、顔真っ赤にしちゃって可愛い〜。\n　先輩って案外、女の子に免疫ないっぽですね〜？」%K%P
%LC愛
%LC愛
「でもぉ……そんなところも超可愛いかもぉ。\n　本気で好きになっちゃっても……いいですか？」%K%P
「でもぉ……そんなところも超可愛いかもぉ。\n　本気で好きになっちゃっても……いいですか？」%K%P
茶目っ気たっぷりにからかってきたと思えば、\n今度は頬を赤らめて上目遣いに甘く囁いてくる。%K%P
茶目っ気たっぷりにからかってきたと思えば、\n今度は頬を赤らめて上目遣いに甘く囁いてくる。%K%P
な、なんなのこの状況！？\nまるで色仕掛けをかけられてるみたいだ。%K%P
な、なんなのこの状況！？\nまるで色仕掛けをかけられてるみたいだ。%K%P
――ハっ！　そういえば昨日、清佳ちゃんが\n愛さんに僕を寝取らせるとか言ってたような……！%K%P
――ハっ！　そういえば昨日、清佳ちゃんが\n愛さんに僕を寝取らせるとか言ってたような……！%K%P
%LC愛
%LC愛
「ちゅっ氈v%K%P
「ちゅっ氈v%K%P
%LC春樹
%LC春樹
「ふぁ！？」%K%P
「ふぁ！？」%K%P
%LC愛
%LC愛
「えへへ……。先輩のほっぺた、美味しいですね？」%K%P
「えへへ……。先輩のほっぺた、美味しいですね？」%K%P
%LC男子生徒Ａ
%LC男子生徒Ａ
%XS20「戦争だ！　戦争を始めるぞ、野郎共！！」%XE%K%P
%XS20「戦争だ！　戦争を始めるぞ、野郎共！！」%XE%K%P
%LC男子生徒Ｂ
%LC男子生徒Ｂ
%XS20「吊せぇ！！　このビッチメイドを吊るしあげろぉ！！」%XE%K%P
%XS20「吊せぇ！！　このビッチメイドを吊るしあげろぉ！！」%XE%K%P
%LC愛
%LC愛
「ふふふ。お望みならぁ……\nもう片方のほっぺも食べちゃいますよぉ？」%K%P
「ふふふ。お望みならぁ……\nもう片方のほっぺも食べちゃいますよぉ？」%K%P
ま、間違いない。僕を堕とそうとしてきてる……！\n堕とそうとしているとわかっているのに――%K%P
ま、間違いない。僕を堕とそうとしてきてる……！\n堕とそうとしているとわかっているのに――%K%P
%LC愛
%LC愛
「ほっぺ……愛に食べてもらいたいですか？」%K%P
「ほっぺ……愛に食べてもらいたいですか？」%K%P
――唇が乾いてしまって、息まで荒くなる。\n無性に喉が渇いてしまって、心臓が早鐘を打つ。%K%P
――唇が乾いてしまって、息まで荒くなる。\n無性に喉が渇いてしまって、心臓が早鐘を打つ。%K%P
どうしようもなく愛さんに\nときめいてしまって――%K%P
どうしようもなく愛さんに\nときめいてしまって――%K%P
%LC？？？
%LC？？？
「――思った通り、軽薄な男だったようね」%K%P
「――思った通り、軽薄な男だったようね」%K%P
%LC春樹
%LC春樹
「え？　――ぶふっ！？」%K%P
「え？　――ぶふっ！？」%K%P
瞬間――尻餅を突くほどの衝撃と共に、\n甘い花の香りが僕の鼻腔を貫いた。%K%P
瞬間――尻餅を突くほどの衝撃と共に、\n甘い花の香りが僕の鼻腔を貫いた。%K%P
床に倒れたまま、目の前を見上げると――%K%P
床に倒れたまま、目の前を見上げると――%K%P
%LC清佳
%LC清佳
「ご機嫌よう――蛍乃春樹くん？」%K%P
「ご機嫌よう――蛍乃春樹くん？」%K%P
黄色の花弁が舞い散る中、\n彼女はにこやかな笑みを浮かべて僕を見下ろしていた。%K%P
黄色の花弁が舞い散る中、\n彼女はにこやかな笑みを浮かべて僕を見下ろしていた。%K%P
%LC清佳
%LC清佳
「私は楠清佳。あなたの恋のライバルよ」%K%P
「私は楠清佳。あなたの恋のライバルよ」%K%P
%LC春樹
%LC春樹
「こ、恋のライバル……？」%K%P
「こ、恋のライバル……？」%K%P
%LC清佳
%LC清佳
「私、蛍のことが好きなの。\n　けれど蛍はどうやらあなたのことが好きみたい」%K%P
「私、蛍のことが好きなの。\n　けれど蛍はどうやらあなたのことが好きみたい」%K%P
%LC清佳
%LC清佳
「だから宣戦布告しに来たのよ。\n　あなたなんかに私の蛍は絶対に渡さないって」%K%P
「だから宣戦布告しに来たのよ。\n　あなたなんかに私の蛍は絶対に渡さないって」%K%P
ニヤリと笑って、清佳ちゃんが告げてくる。\nこ、こんな挑戦的な清佳ちゃん初めて見た……。%K%P
ニヤリと笑って、清佳ちゃんが告げてくる。\nこ、こんな挑戦的な清佳ちゃん初めて見た……。%K%P
というか――%K%P
というか――%K%P
%LC春樹
%LC春樹
「まさか、それを言うためだけに、\n　学園に乗り込んできたの？　昨日の今日で……？」%K%P
「まさか、それを言うためだけに、\n　学園に乗り込んできたの？　昨日の今日で……？」%K%P
%LC清佳
%LC清佳
「あら。蛍か千鶴さんから何か聞いたのかしら？\n　ええそうよ。乗り込んできた、とは少し違うけれど」%K%P
「あら。蛍か千鶴さんから何か聞いたのかしら？\n　ええそうよ。乗り込んできた、とは少し違うけれど」%K%P
%LC清佳
%LC清佳
「あなたを見定めるために転入してきたの。\n　蛍の想い人がどんな人間か知っておこうと思って」%K%P
「あなたを見定めるために転入してきたの。\n　蛍の想い人がどんな人間か知っておこうと思って」%K%P
%LC清佳
%LC清佳
「まぁお父様がうるさかったから運営の勉強にという体で\n　学園ごと買い取らせてもらったけど」%K%P
「まぁお父様がうるさかったから運営の勉強にという体で\n　学園ごと買い取らせてもらったけど」%K%P
つまり僕を観察するためだけに学園を乗っ取って？\nま、また無駄にスケールの大きいことを平然と……！%K%P
つまり僕を観察するためだけに学園を乗っ取って？\nま、また無駄にスケールの大きいことを平然と……！%K%P
いや。これはむしろラッキーかも……。\n清佳ちゃんと夢の学園生活を送れるってことじゃない。%K%P
いや。これはむしろラッキーかも……。\n清佳ちゃんと夢の学園生活を送れるってことじゃない。%K%P
それに僕が蛍と同一人物だってことを明かせる\nタイミングだってくるかもしれな――%K%P
それに僕が蛍と同一人物だってことを明かせる\nタイミングだってくるかもしれな――%K%P
%LC清佳
%LC清佳
「とはいえ……そこまでしてまで\n　見定めるような男じゃなかったわ」%K%P
「とはいえ……そこまでしてまで\n　見定めるような男じゃなかったわ」%K%P
%LC春樹
%LC春樹
「へ？」%K%P
「へ？」%K%P
%LC清佳
%LC清佳
「あなた、愛の色仕掛けにまんまとはまってたわよね？\n　鼻の下を伸ばして喜んでいたわよね？」%K%P
「あなた、愛の色仕掛けにまんまとはまってたわよね？\n　鼻の下を伸ばして喜んでいたわよね？」%K%P
%LC清佳
%LC清佳
「蛍に申し訳ないとは思わないの？\n　私ね、あなたみたいな浮気な男、大嫌いなの」%K%P
「蛍に申し訳ないとは思わないの？\n　私ね、あなたみたいな浮気な男、大嫌いなの」%K%P
%LC春樹
%LC春樹
「だいきら――！！？」%K%P
「だいきら――！！？」%K%P
マ、マズい。正体を明かす云々以前に、\n僕の好感度が圧倒的に下がっちゃってる……！%K%P
マ、マズい。正体を明かす云々以前に、\n僕の好感度が圧倒的に下がっちゃってる……！%K%P
%LC清佳
%LC清佳
「正直、蛍の想い人というからには、\n　それ相応の男だろうと思っていたわ」%K%P
「正直、蛍の想い人というからには、\n　それ相応の男だろうと思っていたわ」%K%P
%LC清佳
%LC清佳
「愛に誘惑されようとも決して靡かず、喜ばず、\n　男らしく跳ね返すような男だろうってね……」%K%P
「愛に誘惑されようとも決して靡かず、喜ばず、\n　男らしく跳ね返すような男だろうってね……」%K%P
%LC清佳
%LC清佳
「だけど何？　愛に迫られてニタニタして……！\n　蛍という者がいながら他の女に目移りしちゃって……！」%K%P
「だけど何？　愛に迫られてニタニタして……！\n　蛍という者がいながら他の女に目移りしちゃって……！」%K%P
というか清佳ちゃん、また勘違いしてないっ？\n僕が蛍を好きだって思ってる発言だよね……！？%K%P
というか清佳ちゃん、また勘違いしてないっ？\n僕が蛍を好きだって思ってる発言だよね……！？%K%P
%LC春樹
%LC春樹
「ま、待って、誤解だよ……！　僕――じゃなくて、\n　俺は別に蛍を好きってわけじゃない……！」%K%P
「ま、待って、誤解だよ……！　僕――じゃなくて、\n　俺は別に蛍を好きってわけじゃない……！」%K%P
%LC清佳
%LC清佳
「は？」%K%P
「は？」%K%P
%LC春樹
%LC春樹
「勘違いしてるって！　俺は、えと……！\n　蛍を一使用人としてしか見てないから……！！」%K%P
「勘違いしてるって！　俺は、えと……！\n　蛍を一使用人としてしか見てないから……！！」%K%P
%LC春樹
%LC春樹
「蛍だって同じはずだっ！\n　清佳ちゃ――君が誤解してるだけで……！」%K%P
「蛍だって同じはずだっ！\n　清佳ちゃ――君が誤解してるだけで……！」%K%P
ここはハッキリさせておかなくちゃいけない。\n僕が好きなのは清佳ちゃんなんだ。%K%P
ここはハッキリさせておかなくちゃいけない。\n僕が好きなのは清佳ちゃんなんだ。%K%P
蛍が僕を好きだとか、僕が蛍を好きだとか誤解されて、\n恋のライバルなんかに仕立て上げられたくない……！%K%P
蛍が僕を好きだとか、僕が蛍を好きだとか誤解されて、\n恋のライバルなんかに仕立て上げられたくない……！%K%P
これ以上、春樹として清佳ちゃんに嫌われたくない……！%K%P
これ以上、春樹として清佳ちゃんに嫌われたくない……！%K%P
%LC清佳
%LC清佳
「それ……ホントなの？」%K%P
「それ……ホントなの？」%K%P
%LC春樹
%LC春樹
「あ、ああ……！」%K%P
「あ、ああ……！」%K%P
%LC清佳
%LC清佳
「蛍に、一度でも言われたことがあるの？\n　好きじゃないって」%K%P
「蛍に、一度でも言われたことがあるの？\n　好きじゃないって」%K%P
%LC春樹
%LC春樹
「え？　あ、えと。そ、そうだよ……！\n　好きじゃないって直接聞いたことあるし！」%K%P
「え？　あ、えと。そ、そうだよ……！\n　好きじゃないって直接聞いたことあるし！」%K%P
とっさに頷いてしまった。\nでも誤解を解くためだ、仕方ない。%K%P
とっさに頷いてしまった。\nでも誤解を解くためだ、仕方ない。%K%P
こう言えば、清佳ちゃんが\n僕に敵対心を向ける意味もなくなるだろうし――%K%P
こう言えば、清佳ちゃんが\n僕に敵対心を向ける意味もなくなるだろうし――%K%P
%LC清佳
%LC清佳
「そう……。あなたは本気で、そう思ってるのね」%K%P
「そう……。あなたは本気で、そう思ってるのね」%K%P
%LC春樹
%LC春樹
「へ……？」%K%P
「へ……？」%K%P
%LC清佳
%LC清佳
%XS30「こぉんのニブチンがぁああっっ！！」%XE%K%P
%XS30「こぉんのニブチンがぁああっっ！！」%XE%K%P
%LC春樹
%LC春樹
「ひぃいいっっ！！？」%K%P
「ひぃいいっっ！！？」%K%P
%LC清佳
%LC清佳
「嘘に決まってるじゃない！！\n　乙女心のわからない男ね！！\n　鈍感にも程があるわ……！！」%K%P
「嘘に決まってるじゃない！！\n　乙女心のわからない男ね！！\n　鈍感にも程があるわ……！！」%K%P
%LC清佳
%LC清佳
「しかも言うに事欠いて、\n　『俺は別に蛍を好きじゃない』ですってぇ！？」%K%P
「しかも言うに事欠いて、\n　『俺は別に蛍を好きじゃない』ですってぇ！？」%K%P
%LC清佳
%LC清佳
「そこまで蛍に想われてるのに――\n　ファックファックファァァック！！！」%K%P
「そこまで蛍に想われてるのに――\n　ファックファックファァァック！！！」%K%P
当初の凜々しさはどこへやら、まるで駄々っ子のように\n清佳ちゃんが花束を地面に叩きつけまくる。%K%P
当初の凜々しさはどこへやら、まるで駄々っ子のように\n清佳ちゃんが花束を地面に叩きつけまくる。%K%P
僕は事実を言ってるのに……！\nというかそもそも春樹も蛍も僕なのにぃ……！！%K%P
僕は事実を言ってるのに……！\nというかそもそも春樹も蛍も僕なのにぃ……！！%K%P
%LC清佳
%LC清佳
「あなたにその気がないのは願ったり叶ったりだけどね。\n　蛍の気持ちを考えると、くぅぅっ……！」%K%P
「あなたにその気がないのは願ったり叶ったりだけどね。\n　蛍の気持ちを考えると、くぅぅっ……！」%K%P
%LC清佳
%LC清佳
「可愛そうな蛍……！　こんな最低男に騙されて……！\n　いたいけな恋心を弄ばれて……！！」%K%P
「可愛そうな蛍……！　こんな最低男に騙されて……！\n　いたいけな恋心を弄ばれて……！！」%K%P
%LC清佳
%LC清佳
「――決めた。私は絶対にあなたから蛍を奪ってみせる」%K%P
「――決めた。私は絶対にあなたから蛍を奪ってみせる」%K%P
%LC清佳
%LC清佳
「あなたみたいな浮気で軟派で鈍感なクソ男から、\n　蛍の心を解放してみせるわっ！」%K%P
「あなたみたいな浮気で軟派で鈍感なクソ男から、\n　蛍の心を解放してみせるわっ！」%K%P
そして彼女は床に倒れたままの僕の\n胸ぐらを掴んで引っ張り上げると――%K%P
そして彼女は床に倒れたままの僕の\n胸ぐらを掴んで引っ張り上げると――%K%P
%LC清佳
%LC清佳
「よーく覚えておくことね？」%K%P
「よーく覚えておくことね？」%K%P
%LC清佳
%LC清佳
「どれだけ蛍に好かれていようとも、\n　あなたなんかに――私の蛍は絶対に渡さないから」%K%P
「どれだけ蛍に好かれていようとも、\n　あなたなんかに――私の蛍は絶対に渡さないから」%K%P
ともすれば唇が触れ合ってしまいそうなほど\n顔を近づけられて凄まれる。%K%P
ともすれば唇が触れ合ってしまいそうなほど\n顔を近づけられて凄まれる。%K%P
清佳ちゃんの綺麗な顔が、\n視界いっぱいに広がって――%K%P
清佳ちゃんの綺麗な顔が、\n視界いっぱいに広がって――%K%P
%LC春樹
%LC春樹
「っっ」%K%P
「っっ」%K%P
胸ぐらを掴み上げられているのに、\nつい見とれてしまう。%K%P
胸ぐらを掴み上げられているのに、\nつい見とれてしまう。%K%P
これだけ間近に迫られると、\nあの日のキスまで思い出してしまって――%K%P
これだけ間近に迫られると、\nあの日のキスまで思い出してしまって――%K%P
%LC清佳
%LC清佳
「……てるの……？」%K%P
「……てるの……？」%K%P
%LC春樹
%LC春樹
「え……？」%K%P
「え……？」%K%P
%LC清佳
%LC清佳
「だから、聞いてるの？\n　なにボーッとしてるのよ！？」%K%P
「だから、聞いてるの？\n　なにボーッとしてるのよ！？」%K%P
%LC春樹
%LC春樹
「あ、えと……！！\n　つい見とれて……！！」%K%P
「あ、えと……！！\n　つい見とれて……！！」%K%P
%LC清佳
%LC清佳
「……はぁ？　はぁ！？」%K%P
「……はぁ？　はぁ！？」%K%P
%LC清佳
%LC清佳
「ふざけないで！　あなた、本当に節操がないのねっ！\n　私の怒りが伝わっていないのかしら？」%K%P
「ふざけないで！　あなた、本当に節操がないのねっ！\n　私の怒りが伝わっていないのかしら？」%K%P
%LC春樹
%LC春樹
「ひゃっ！？」%K%P
「ひゃっ！？」%K%P
%LC清佳
%LC清佳
「ふん。男のクセに情けない声出しちゃって。\n　蛍も蛍よ。こんなひ弱な男のどこがいいのかしら」%K%P
「ふん。男のクセに情けない声出しちゃって。\n　蛍も蛍よ。こんなひ弱な男のどこがいいのかしら」%K%P
%LC春樹
%LC春樹
「――――」%K%P
「――――」%K%P
ひ弱……！　ひ弱って言われた……！\n大好きな人に、一番言われたくない言葉を……。%K%P
ひ弱……！　ひ弱って言われた……！\n大好きな人に、一番言われたくない言葉を……。%K%P
%LC清佳
%LC清佳
「その花束は宣戦布告の証よ。\n　大事に取っておくことね」%K%P
「その花束は宣戦布告の証よ。\n　大事に取っておくことね」%K%P
%LC清佳
%LC清佳
「行くわよ、愛。\n　今日はもうここにはいたくないわ」%K%P
「行くわよ、愛。\n　今日はもうここにはいたくないわ」%K%P
%LC愛
%LC愛
「はいは〜い。またね、先輩♪　愛が可愛いからって、\n　簡単に誘惑されちゃダメだぞ〜？」%K%P
「はいは〜い。またね、先輩♪　愛が可愛いからって、\n　簡単に誘惑されちゃダメだぞ〜？」%K%P
清佳ちゃんは持っていた花束を僕に投げつけると、\n踵を返して愛さんと一緒に去って行った。%K%P
清佳ちゃんは持っていた花束を僕に投げつけると、\n踵を返して愛さんと一緒に去って行った。%K%P
この花……マリーゴールドだ。１７本ある。\n確か花言葉は――%K%P
この花……マリーゴールドだ。１７本ある。\n確か花言葉は――%K%P
%LC春樹
%LC春樹
「『絶望的な愛』……」%K%P
「『絶望的な愛』……」%K%P
………………%K%P
………………%K%P
…………%K%P
…………%K%P
……%K%P
……%K%P
%LC千鶴
%LC千鶴
「お腹減ったぁ〜……！　晩ご飯まだぁ〜？」%K%P
「お腹減ったぁ〜……！　晩ご飯まだぁ〜？」%K%P
%LC春樹
%LC春樹
「ぐすっ、ひっくっ……！\n　カップ麺でも食べててよぉ……！」%K%P
「ぐすっ、ひっくっ……！\n　カップ麺でも食べててよぉ……！」%K%P
%LC千鶴
%LC千鶴
「あらら、すっかり意気消沈しちゃって。\n　そこまで落ち込むことじゃないじゃん」%K%P
「あらら、すっかり意気消沈しちゃって。\n　そこまで落ち込むことじゃないじゃん」%K%P
%LC春樹
%LC春樹
「落ち込むに決まってるでしょ〜！？\n　ひ弱って、男のクセに情けないって……！\n　清佳ちゃんに言われちゃったんだも〜んっ！」%K%P
「落ち込むに決まってるでしょ〜！？\n　ひ弱って、男のクセに情けないって……！\n　清佳ちゃんに言われちゃったんだも〜んっ！」%K%P
%LC春樹
%LC春樹
「もう正体なんか明かせないよぉ……！\n　たとえ清佳ちゃんが蛍を好きでも、\n　僕を好きになってもらえるとは思えない〜……！！」%K%P
「もう正体なんか明かせないよぉ……！\n　たとえ清佳ちゃんが蛍を好きでも、\n　僕を好きになってもらえるとは思えない〜……！！」%K%P
%LC千鶴
%LC千鶴
「へこみ方が乙女だね〜。\n　せっかく変えてた口調も戻っちゃってるじゃん」%K%P
「へこみ方が乙女だね〜。\n　せっかく変えてた口調も戻っちゃってるじゃん」%K%P
%LC春樹
%LC春樹
「だって、ぐすっ、だってぇ〜……！！」%K%P
「だって、ぐすっ、だってぇ〜……！！」%K%P
%LC千鶴
%LC千鶴
「もーいっそ蛍として付き合っちゃえば？\n　清佳ちゃんからプロポーズまでしてもらったんしょ？」%K%P
「もーいっそ蛍として付き合っちゃえば？\n　清佳ちゃんからプロポーズまでしてもらったんしょ？」%K%P
%LC春樹
%LC春樹
「僕は春樹として清佳ちゃんとお付き合いしたいの！」%K%P
「僕は春樹として清佳ちゃんとお付き合いしたいの！」%K%P
%LC千鶴
%LC千鶴
「難儀なこったね、こりゃ……。\n　ならメソメソしてないで男らしく立ち直りなよ」%K%P
「難儀なこったね、こりゃ……。\n　ならメソメソしてないで男らしく立ち直りなよ」%K%P
%LC千鶴
%LC千鶴
「泣いてても何も変わんないよ？\n　ま、泣きたいなら胸くらい貸してあげるけどさ」%K%P
「泣いてても何も変わんないよ？\n　ま、泣きたいなら胸くらい貸してあげるけどさ」%K%P
%LC春樹
%LC春樹
「お姉ちゃん……」%K%P
「お姉ちゃん……」%K%P
お姉ちゃんの言う通りだ。\nメソメソしてても何も変わらない。%K%P
お姉ちゃんの言う通りだ。\nメソメソしてても何も変わらない。%K%P
%LC春樹
%LC春樹
「ありがとう、お姉ちゃん、ううん、姉さん……！\n　俺、もっと男らしくなる。頑張るよ！」%K%P
「ありがとう、お姉ちゃん、ううん、姉さん……！\n　俺、もっと男らしくなる。頑張るよ！」%K%P
%LC千鶴
%LC千鶴
「おーし、その意気だ！」%K%P
「おーし、その意気だ！」%K%P
そうだ、もっと男を磨こう。\n今は好感度が低くてもこれから上げていけばいい。%K%P
そうだ、もっと男を磨こう。\n今は好感度が低くてもこれから上げていけばいい。%K%P
奇しくも同じ学園に通うことになったんだ。\nこれから少しずつ距離を縮めていけばいいんだ。%K%P
奇しくも同じ学園に通うことになったんだ。\nこれから少しずつ距離を縮めていけばいいんだ。%K%P
清佳ちゃんに認められるような男になって、\nその時にでも蛍が僕だということも明かそう。%K%P
清佳ちゃんに認められるような男になって、\nその時にでも蛍が僕だということも明かそう。%K%P
それまでは――清佳ちゃんには悪いけど、\n極力蛍として会わないようにしなくちゃ。%K%P
それまでは――清佳ちゃんには悪いけど、\n極力蛍として会わないようにしなくちゃ。%K%P
蛍として接している時に秘密がバレたりしたら、\nそれこそ清佳ちゃんにどう思われるかわからない。%K%P
蛍として接している時に秘密がバレたりしたら、\nそれこそ清佳ちゃんにどう思われるかわからない。%K%P
蛍と清佳ちゃんの仲が深まれば深まるほど、\n正体を明かしづらくもなっちゃうもんね。%K%P
蛍と清佳ちゃんの仲が深まれば深まるほど、\n正体を明かしづらくもなっちゃうもんね。%K%P
%LC千鶴
%LC千鶴
「――てかさ。着替えなくていいの？\n　そろそろ来ちゃうと思うけど」%K%P
「――てかさ。着替えなくていいの？\n　そろそろ来ちゃうと思うけど」%K%P
%LC春樹
%LC春樹
「来るって誰が？」%K%P
「来るって誰が？」%K%P
%LC千鶴
%LC千鶴
「清佳ちゃん」%K%P
「清佳ちゃん」%K%P
%LC春樹
%LC春樹
「は？」%K%P
「は？」%K%P
当たり前のように言われて、\n一瞬ポカンとしてしまう。%K%P
当たり前のように言われて、\n一瞬ポカンとしてしまう。%K%P
%LC春樹
%LC春樹
「清佳ちゃんが、来るの……？」%K%P
「清佳ちゃんが、来るの……？」%K%P
%LC千鶴
%LC千鶴
「んー？　帰ってきた時、説明したじゃん」%K%P
「んー？　帰ってきた時、説明したじゃん」%K%P
%LC千鶴
%LC千鶴
「清佳ちゃんたち、しばらくうちに\n　泊めることになったって」%K%P
「清佳ちゃんたち、しばらくうちに\n　泊めることになったって」%K%P
%LC春樹
%LC春樹
%XS21「泊める――！！？」%XE%K%P
%XS21「泊める――！！？」%XE%K%P
聞いてないんだけど！？\n帰ってきた時は放心状態だったし……！！%K%P
聞いてないんだけど！？\n帰ってきた時は放心状態だったし……！！%K%P
%LC千鶴
%LC千鶴
「なんでも春樹と同じ学園に通うことになって\n　登下校が辛くなったから、うちの部屋を\n　間借りしたいんだってさー」%K%P
「なんでも春樹と同じ学園に通うことになって\n　登下校が辛くなったから、うちの部屋を\n　間借りしたいんだってさー」%K%P
%LC春樹
%LC春樹
「どうして許可しちゃったの！？\n　できる限り蛍として会いたくないのに！\n　い、今の状態で女装がバレでもしたら……！」%K%P
「どうして許可しちゃったの！？\n　できる限り蛍として会いたくないのに！\n　い、今の状態で女装がバレでもしたら……！」%K%P
%LC千鶴
%LC千鶴
「やー……。電話来た時はそんなことに\n　なってるとは思ってなかったし」%K%P
「やー……。電話来た時はそんなことに\n　なってるとは思ってなかったし」%K%P
%LC千鶴
%LC千鶴
「春樹も好きな人と四六時中一緒にいられて\n　嬉しいかなって思ってさー」%K%P
「春樹も好きな人と四六時中一緒にいられて\n　嬉しいかなって思ってさー」%K%P
%LC春樹
%LC春樹
「女装してさえなければね！？」%K%P
「女装してさえなければね！？」%K%P
%LC千鶴
%LC千鶴
「それに前払いでめっちゃ宿泊費ももらっちゃったし！\n　清佳ちゃんの会社で作ってる超高級化粧品のコフレも！\n　あたしのブランドのパトロンにまでなってくれて！」%K%P
「それに前払いでめっちゃ宿泊費ももらっちゃったし！\n　清佳ちゃんの会社で作ってる超高級化粧品のコフレも！\n　あたしのブランドのパトロンにまでなってくれて！」%K%P
%LC春樹
%LC春樹
「そっちがホントの理由でしょ！？\n　なに買収されちゃってんのさ！？」%K%P
「そっちがホントの理由でしょ！？\n　なに買収されちゃってんのさ！？」%K%P
%LC千鶴
%LC千鶴
「まま。落ち着いて。決まったことはしょーがない」%K%P
「まま。落ち着いて。決まったことはしょーがない」%K%P
%LC千鶴
%LC千鶴
「それより早く着替えないと清佳ちゃん来ちゃうよ？\n　春樹姿で会ったら矛盾しちゃうから着替えて着替えて」%K%P
「それより早く着替えないと清佳ちゃん来ちゃうよ？\n　春樹姿で会ったら矛盾しちゃうから着替えて着替えて」%K%P
%LC春樹
%LC春樹
「矛盾ってどういうことさ……！？」%K%P
「矛盾ってどういうことさ……！？」%K%P
%LC千鶴
%LC千鶴
「や、春樹は屋敷に住まずに\n　一人暮らししてるって伝えてあるし」%K%P
「や、春樹は屋敷に住まずに\n　一人暮らししてるって伝えてあるし」%K%P
ああ。知らない間に{春樹:ぼく}という存在が、\n完全に我が家から抹消されてしまっている……。%K%P
ああ。知らない間に{春樹:ぼく}という存在が、\n完全に我が家から抹消されてしまっている……。%K%P
%LC千鶴
%LC千鶴
「ということで、うふふ。これから屋敷にいる時は\n　あたしのメイドの蛍として過ごしてね？\n　大丈夫大丈夫。女装用の服もたくさん作ったからさ〜」%K%P
「ということで、うふふ。これから屋敷にいる時は\n　あたしのメイドの蛍として過ごしてね？\n　大丈夫大丈夫。女装用の服もたくさん作ったからさ〜」%K%P
……こっちが真の目的か。\n僕に蛍を辞めさせないように謀ったな、お姉ちゃんめ。%K%P
……こっちが真の目的か。\n僕に蛍を辞めさせないように謀ったな、お姉ちゃんめ。%K%P
%LC千鶴
%LC千鶴
「っと来た来た。早く着替えて出てあげないと、\n　清佳ちゃん、入ってきちゃうよ〜？」%K%P
「っと来た来た。早く着替えて出てあげないと、\n　清佳ちゃん、入ってきちゃうよ〜？」%K%P
%LC春樹
%LC春樹
「〜〜っっ！！　お姉ちゃんのバカぁ〜！！」%K%P
「〜〜っっ！！　お姉ちゃんのバカぁ〜！！」%K%P
………………%K%P
………………%K%P
…………%K%P
…………%K%P
……%K%P
……%K%P
%LC清佳
%LC清佳
「このたびは無茶なお願いを聞いて下さって\n　ありがとうございます」%K%P
「このたびは無茶なお願いを聞いて下さって\n　ありがとうございます」%K%P
%LC千鶴
%LC千鶴
「いいよいいよ。どうせ部屋も余ってるしさ〜。\n　我が家だと思って気兼ねなく過ごしちゃって〜？」%K%P
「いいよいいよ。どうせ部屋も余ってるしさ〜。\n　我が家だと思って気兼ねなく過ごしちゃって〜？」%K%P
%LC清佳
%LC清佳
「ありがとうございます。私の身の回りの世話は\n　愛が致しますので、千鶴さんこそお気遣いなく」%K%P
「ありがとうございます。私の身の回りの世話は\n　愛が致しますので、千鶴さんこそお気遣いなく」%K%P
%LC清佳
%LC清佳
「それより――」%K%P
「それより――」%K%P
%LC蛍
%LC蛍
「皆様、紅茶が入りました。\n　お口に合うと良いのですが」%K%P
「皆様、紅茶が入りました。\n　お口に合うと良いのですが」%K%P
%LC清佳
%LC清佳
「ど……どうしたの、蛍……？\n　昨日と打って変わって他人行儀になって……」%K%P
「ど……どうしたの、蛍……？\n　昨日と打って変わって他人行儀になって……」%K%P
%LC清佳
%LC清佳
「私、何かしちゃった……？\n　蛍の気に障るようなことしちゃったかしら……」%K%P
「私、何かしちゃった……？\n　蛍の気に障るようなことしちゃったかしら……」%K%P
%LC蛍
%LC蛍
「使用人として当然の振る舞いをしているだけです。\n　先日はご無礼を働き申し訳ございませんでした」%K%P
「使用人として当然の振る舞いをしているだけです。\n　先日はご無礼を働き申し訳ございませんでした」%K%P
%LC清佳
%LC清佳
「かしこまらないでってば……！\n　今まで通り接してくれていいから。ねっ？　ねっ？」%K%P
「かしこまらないでってば……！\n　今まで通り接してくれていいから。ねっ？　ねっ？」%K%P
%LC蛍
%LC蛍
「申し訳ありません。清佳様の友人である前に、\n　わたしは当家の一使用人ですので」%K%P
「申し訳ありません。清佳様の友人である前に、\n　わたしは当家の一使用人ですので」%K%P
%LC清佳
%LC清佳
「うぅ、愛……。\n　なんだか蛍に避けられちゃってるぅ……」%K%P
「うぅ、愛……。\n　なんだか蛍に避けられちゃってるぅ……」%K%P
%LC愛
%LC愛
「当然かと。昨日あれだけのことをした上に、\n　いきなり押しかけてきたわけですし」%K%P
「当然かと。昨日あれだけのことをした上に、\n　いきなり押しかけてきたわけですし」%K%P
%LC清佳
%LC清佳
「はぐっ！？」%K%P
「はぐっ！？」%K%P
%LC愛
%LC愛
「……はぁ。だから忠告したのです。\n　お邪魔するにしても遊びに行く程度が良いと」%K%P
「……はぁ。だから忠告したのです。\n　お邪魔するにしても遊びに行く程度が良いと」%K%P
%LC清佳
%LC清佳
「だって、お泊まりしてみたかったんだもん……！」%K%P
「だって、お泊まりしてみたかったんだもん……！」%K%P
今にも泣き出しそうな顔で清佳ちゃんが\n僕の様子をチラチラと窺ってくる。%K%P
今にも泣き出しそうな顔で清佳ちゃんが\n僕の様子をチラチラと窺ってくる。%K%P
……正直、胸が痛い。でもこれ以上、\n蛍として仲を深めるわけにはいかないんだ。%K%P
……正直、胸が痛い。でもこれ以上、\n蛍として仲を深めるわけにはいかないんだ。%K%P
清佳ちゃんには悪いけど、このまま蛍乃家のメイドとして\nある程度の距離を取って接しよう。%K%P
清佳ちゃんには悪いけど、このまま蛍乃家のメイドとして\nある程度の距離を取って接しよう。%K%P
にしても――%K%P
にしても――%K%P
%LC清佳
%LC清佳
「本当にごめんね、蛍っ……！\n　急に泊まりに来ちゃったりして……」%K%P
「本当にごめんね、蛍っ……！\n　急に泊まりに来ちゃったりして……」%K%P
%LC清佳
%LC清佳
「どうしたら許してもらえるっ？\n　なんでもするっ、私、なんでもするからっ」%K%P
「どうしたら許してもらえるっ？\n　なんでもするっ、私、なんでもするからっ」%K%P
必死に清佳ちゃんがそう訴えてくる。\n……{春樹:ぼく}への態度と全然違うなぁ。%K%P
必死に清佳ちゃんがそう訴えてくる。\n……{春樹:ぼく}への態度と全然違うなぁ。%K%P
やっぱり{春樹:ぼく}……相当嫌われちゃってるみたい。%K%P
やっぱり{春樹:ぼく}……相当嫌われちゃってるみたい。%K%P
%LC清佳
%LC清佳
「どうすればいいの愛……！\n　なにか……！　なにか手はない……！？」%K%P
「どうすればいいの愛……！\n　なにか……！　なにか手はない……！？」%K%P
%LC愛
%LC愛
「でしたら清佳様。土下座など如何かと。\n　日本では最高位の謝罪ですので」%K%P
「でしたら清佳様。土下座など如何かと。\n　日本では最高位の謝罪ですので」%K%P
%LC清佳
%LC清佳
「っっ。土下座ねっ！　わかったわっ」%K%P
「っっ。土下座ねっ！　わかったわっ」%K%P
%LC蛍
%LC蛍
「ちょっ、おやめ下さい、清佳様……！」%K%P
「ちょっ、おやめ下さい、清佳様……！」%K%P
%LC清佳
%LC清佳
「どうしよう愛〜……！\n　土下座しても許してもらえない〜！」%K%P
「どうしよう愛〜……！\n　土下座しても許してもらえない〜！」%K%P
%LC愛
%LC愛
「でしたら清佳様。三度回ってワンと鳴いては如何かと。\n　日本では最高位の服従アピールですので」%K%P
「でしたら清佳様。三度回ってワンと鳴いては如何かと。\n　日本では最高位の服従アピールですので」%K%P
%LC清佳
%LC清佳
「なるほどね……！」%K%P
「なるほどね……！」%K%P
%LC清佳
%LC清佳
「――ワンっ！」%K%P
「――ワンっ！」%K%P
%LC蛍
%LC蛍
「わわわっ！！　ですからおやめ下さい……！！」%K%P
「わわわっ！！　ですからおやめ下さい……！！」%K%P
%LC清佳
%LC清佳
「うぅ、愛〜……！！」%K%P
「うぅ、愛〜……！！」%K%P
%LC愛
%LC愛
「でしたら清佳様。蛍様の靴をお舐めしては如何かと。\n　日本では最高位の許しを請う姿ですので」%K%P
「でしたら清佳様。蛍様の靴をお舐めしては如何かと。\n　日本では最高位の許しを請う姿ですので」%K%P
%LC清佳
%LC清佳
「ま、待って愛……！　流石にそれは人間を――」%K%P
「ま、待って愛……！　流石にそれは人間を――」%K%P
%LC愛
%LC愛
「……蛍様に許されたいのではないのですか？\n　清佳様の覚悟は……その程度なのですか？」%K%P
「……蛍様に許されたいのではないのですか？\n　清佳様の覚悟は……その程度なのですか？」%K%P
%LC清佳
%LC清佳
「っっ。そうねっ……！！\n　蛍に許されるためには私は人間を――」%K%P
「っっ。そうねっ……！！\n　蛍に許されるためには私は人間を――」%K%P
%LC清佳
%LC清佳
%XS21「人間を――やめるわっ！！」%XE%K%P
%XS21「人間を――やめるわっ！！」%XE%K%P
%LC蛍
%LC蛍
「――やめなくていいですからっ！！？」%K%P
「――やめなくていいですからっ！！？」%K%P
%LC清佳
%LC清佳
「きゃふんっ！！」%K%P
「きゃふんっ！！」%K%P
床に這いつくばって僕の足先を舐めようとする\n清佳ちゃんを慌ててとめる。%K%P
床に這いつくばって僕の足先を舐めようとする\n清佳ちゃんを慌ててとめる。%K%P
%LC清佳
%LC清佳
「うぅ、だって蛍がずっと怒ってるから……」%K%P
「うぅ、だって蛍がずっと怒ってるから……」%K%P
%LC蛍
%LC蛍
「お、怒っているわけじゃありません。\n　使用人として相応しい態度を取っているだけです」%K%P
「お、怒っているわけじゃありません。\n　使用人として相応しい態度を取っているだけです」%K%P
%LC清佳
%LC清佳
「蛍と私の仲じゃない……。\n　そんな気遣いは無用だってば」%K%P
「蛍と私の仲じゃない……。\n　そんな気遣いは無用だってば」%K%P
再三清佳ちゃんが態度を崩してと頼んでくる。\n……ごめんね。でもこれがお互いのためなんだ。%K%P
再三清佳ちゃんが態度を崩してと頼んでくる。\n……ごめんね。でもこれがお互いのためなんだ。%K%P
%LC千鶴
%LC千鶴
「はぁ……。ね、蛍。その辺にしてあげなよ。\n　清佳ちゃん、泣きそうになってるじゃん」%K%P
「はぁ……。ね、蛍。その辺にしてあげなよ。\n　清佳ちゃん、泣きそうになってるじゃん」%K%P
%LC蛍
%LC蛍
「おね――千鶴様……」%K%P
「おね――千鶴様……」%K%P
%LC千鶴
%LC千鶴
「気持ちはわかるけどさ。\n　これから一緒に暮らすんだから」%K%P
「気持ちはわかるけどさ。\n　これから一緒に暮らすんだから」%K%P
%LC清佳
%LC清佳
「千鶴さん……！！\n　あ、ありがとうございます……！！」%K%P
「千鶴さん……！！\n　あ、ありがとうございます……！！」%K%P
%LC千鶴
%LC千鶴
「いやいや。うちの蛍が悪いね〜。\n　ちょっと照れちゃってるみたいでさ〜」%K%P
「いやいや。うちの蛍が悪いね〜。\n　ちょっと照れちゃってるみたいでさ〜」%K%P
%LC清佳
%LC清佳
「蛍が照れて……！？」%K%P
「蛍が照れて……！？」%K%P
%LC千鶴
%LC千鶴
「うんうん。しばらくしたら元通りになると思うから。\n　ホントごめんね？」%K%P
「うんうん。しばらくしたら元通りになると思うから。\n　ホントごめんね？」%K%P
%LC清佳
%LC清佳
「い、いえっ、そういうことでしたら、えへへ、\n　構いませんから……！」%K%P
「い、いえっ、そういうことでしたら、えへへ、\n　構いませんから……！」%K%P
お姉ちゃんがフォローを入れてくれる。\n……でも態度を崩す気はないもん。%K%P
お姉ちゃんがフォローを入れてくれる。\n……でも態度を崩す気はないもん。%K%P
僕は蛍としてよりも春樹として\n清佳ちゃんに好きになってもらいたいんだから。%K%P
僕は蛍としてよりも春樹として\n清佳ちゃんに好きになってもらいたいんだから。%K%P
………………%K%P
………………%K%P
…………%K%P
…………%K%P
……%K%P
……%K%P
%LC蛍
%LC蛍
「ふぅー……。長い一日だったなぁ……」%K%P
「ふぅー……。長い一日だったなぁ……」%K%P
湯船に浸かりながら、\n思わず大きなため息を漏らしてしまう。%K%P
湯船に浸かりながら、\n思わず大きなため息を漏らしてしまう。%K%P
%LC蛍
%LC蛍
「でも、これからどうなるんだろう……。\n　まさか清佳ちゃんと一緒に暮らすことになるなんて」%K%P
「でも、これからどうなるんだろう……。\n　まさか清佳ちゃんと一緒に暮らすことになるなんて」%K%P
考えるだけでも気が重い。\n女装生活を強いられることにもなるわけだし……。%K%P
考えるだけでも気が重い。\n女装生活を強いられることにもなるわけだし……。%K%P
清佳ちゃんと一緒にいられること自体は嬉しいけど、\nますます正体を明かしづらくなる。%K%P
清佳ちゃんと一緒にいられること自体は嬉しいけど、\nますます正体を明かしづらくなる。%K%P
今も万が一のためにウィッグを付けたまま、\nお風呂に入ってるわけだし……。%K%P
今も万が一のためにウィッグを付けたまま、\nお風呂に入ってるわけだし……。%K%P
%LC蛍
%LC蛍
「……まぁ。流石の清佳ちゃんも、\n　お風呂へ突入してくるなんてことは――」%K%P
「……まぁ。流石の清佳ちゃんも、\n　お風呂へ突入してくるなんてことは――」%K%P
%LC清佳
%LC清佳
「ほーたるっ」%K%P
「ほーたるっ」%K%P
%LC清佳
%LC清佳
「えへへ……来ちゃった氈v%K%P
「えへへ……来ちゃった氈v%K%P
――あった！！？%K%P
――あった！！？%K%P
%LC蛍
%LC蛍
「ななな、何しにきたの、清佳ちゃ〜んっ！？」%K%P
「ななな、何しにきたの、清佳ちゃ〜んっ！？」%K%P
瞬間的にタオルを身体にぎゅっと巻いて、\nできる限り湯船に全身を浸からせる。%K%P
瞬間的にタオルを身体にぎゅっと巻いて、\nできる限り湯船に全身を浸からせる。%K%P
%LC清佳
%LC清佳
「あ、やっと『清佳ちゃん』って呼んでくれた……。\n　ここまで追いかけてきた甲斐があったかも……」%K%P
「あ、やっと『清佳ちゃん』って呼んでくれた……。\n　ここまで追いかけてきた甲斐があったかも……」%K%P
%LC蛍
%LC蛍
「とりあえずタオルっ、タオル巻いて……！！\n　う、ううん、出て行ってってば……！！」%K%P
「とりあえずタオルっ、タオル巻いて……！！\n　う、ううん、出て行ってってば……！！」%K%P
%LC清佳
%LC清佳
「そんなこと言わずに。女同士じゃない。\n　恥ずかしがる必要なんてないわ」%K%P
「そんなこと言わずに。女同士じゃない。\n　恥ずかしがる必要なんてないわ」%K%P
言いながら清佳ちゃんは平然と\n湯船へ入ってきて――%K%P
言いながら清佳ちゃんは平然と\n湯船へ入ってきて――%K%P
%LC清佳
%LC清佳
「んん〜……！　気持ちいい〜。\n　やっぱり日本人はお風呂ね？」%K%P
「んん〜……！　気持ちいい〜。\n　やっぱり日本人はお風呂ね？」%K%P
%LC蛍
%LC蛍
「出て行って下さい、清佳様……！\n　ご入浴済みのはずですよね！？」%K%P
「出て行って下さい、清佳様……！\n　ご入浴済みのはずですよね！？」%K%P
%LC清佳
%LC清佳
「お風呂なんて何度入ってもいいじゃない。\n　それより『清佳ちゃん』のままで良いってば」%K%P
「お風呂なんて何度入ってもいいじゃない。\n　それより『清佳ちゃん』のままで良いってば」%K%P
%LC蛍
%LC蛍
「わ、わたしは使用人です。\n　お客様にそのような砕けた態度で接するわけには……！」%K%P
「わ、わたしは使用人です。\n　お客様にそのような砕けた態度で接するわけには……！」%K%P
%LC清佳
%LC清佳
「蛍は生真面目すぎるわよ。\n　二人とも裸なのよ？　立場も何もないわ。\n　今は……その。一人の友達として接して？」%K%P
「蛍は生真面目すぎるわよ。\n　二人とも裸なのよ？　立場も何もないわ。\n　今は……その。一人の友達として接して？」%K%P
%LC清佳
%LC清佳
「あ、そうだ。後で背中流しっこしましょ？\n　一度でいいからやってみたかったの」%K%P
「あ、そうだ。後で背中流しっこしましょ？\n　一度でいいからやってみたかったの」%K%P
女の子同士だと思っているせいか、\n裸のまま清佳ちゃんが微笑みかけてくる。%K%P
女の子同士だと思っているせいか、\n裸のまま清佳ちゃんが微笑みかけてくる。%K%P
す、すごく綺麗な身体だ……。\nまるで宝石みたいに白くて……！%K%P
す、すごく綺麗な身体だ……。\nまるで宝石みたいに白くて……！%K%P
おっぱいもすごく柔らかそう――って！\nな、何見ちゃってるの、僕……！！%K%P
おっぱいもすごく柔らかそう――って！\nな、何見ちゃってるの、僕……！！%K%P
%LC蛍
%LC蛍
「お許し下さい、清佳様……！\n　お願いですからお部屋に戻って下さい……！」%K%P
「お許し下さい、清佳様……！\n　お願いですからお部屋に戻って下さい……！」%K%P
%LC清佳
%LC清佳
「む。これだけ言っても聞いてくれないなんて……」%K%P
「む。これだけ言っても聞いてくれないなんて……」%K%P
%LC蛍
%LC蛍
「清佳様が出て行かれないのでしたら、\n　わたしが失礼致します……！！」%K%P
「清佳様が出て行かれないのでしたら、\n　わたしが失礼致します……！！」%K%P
%LC清佳
%LC清佳
「ダーメ。ここにいなさい。\n　私と一緒にお風呂に入るの」%K%P
「ダーメ。ここにいなさい。\n　私と一緒にお風呂に入るの」%K%P
%LC蛍
%LC蛍
「で、ですが――」%K%P
「で、ですが――」%K%P
%LC清佳
%LC清佳
「『お客様』がお願いしてるのよ？\n　嫌とは言わせないわ」%K%P
「『お客様』がお願いしてるのよ？\n　嫌とは言わせないわ」%K%P
%LC蛍
%LC蛍
「うっ……！　しょ、承知致しました……」%K%P
「うっ……！　しょ、承知致しました……」%K%P
%LC清佳
%LC清佳
「ふふ。後で私の身体も洗ってもらうから。\n　蛍の身体も隅々まで洗わせてもらうわ」%K%P
「ふふ。後で私の身体も洗ってもらうから。\n　蛍の身体も隅々まで洗わせてもらうわ」%K%P
%LC蛍
%LC蛍
「ふぇ……！？　それだけは……！！\n　自分の身体だけは自分で洗わせて下さい……！！」%K%P
「ふぇ……！？　それだけは……！！\n　自分の身体だけは自分で洗わせて下さい……！！」%K%P
そんなことされたら一瞬でバレちゃう。\n女の子にはない物がついてるんだもん……！！%K%P
そんなことされたら一瞬でバレちゃう。\n女の子にはない物がついてるんだもん……！！%K%P
%LC清佳
%LC清佳
「あ。もしかしてあまり裸を見せたくないタイプ？\n　……そういえば服を着てる時より胸が」%K%P
「あ。もしかしてあまり裸を見せたくないタイプ？\n　……そういえば服を着てる時より胸が」%K%P
清佳ちゃんがタオルの巻かれた僕の身体を\nじっと見つめてくる。%K%P
清佳ちゃんがタオルの巻かれた僕の身体を\nじっと見つめてくる。%K%P
%LC清佳
%LC清佳
「……な、なるほどね……」%K%P
「……な、なるほどね……」%K%P
%LC蛍
%LC蛍
「待って下さい！？　何を納得したのですか！？」%K%P
「待って下さい！？　何を納得したのですか！？」%K%P
%LC清佳
%LC清佳
「い、いえ。まさか愛よりも……とは思っていなくて。\n　てっきりもう少し大きいものだとばかり……」%K%P
「い、いえ。まさか愛よりも……とは思っていなくて。\n　てっきりもう少し大きいものだとばかり……」%K%P
%LC清佳
%LC清佳
「でも安心して、蛍……！\n　女の子同士の恋愛に胸の大きさは関係ないわ……！\n　少なくとも私は小さくても気にしないから……！！」%K%P
「でも安心して、蛍……！\n　女の子同士の恋愛に胸の大きさは関係ないわ……！\n　少なくとも私は小さくても気にしないから……！！」%K%P
%LC清佳
%LC清佳
「むしろ小さな胸を気にしている姿を\n　愛らしいとすら感じるわ……！\n　一種の萌えポイントね！」%K%P
「むしろ小さな胸を気にしている姿を\n　愛らしいとすら感じるわ……！\n　一種の萌えポイントね！」%K%P
何を僕は励まされてるんだろう……。%K%P
何を僕は励まされてるんだろう……。%K%P
%LC清佳
%LC清佳
「そ、そうだ……。\n　今晩は蛍のお部屋に泊めてもらっていい？」%K%P
「そ、そうだ……。\n　今晩は蛍のお部屋に泊めてもらっていい？」%K%P
%LC蛍
%LC蛍
「ふぇ！？　む、無理です、ごめんなさい！」%K%P
「ふぇ！？　む、無理です、ごめんなさい！」%K%P
%LC清佳
%LC清佳
「どうしてもダメ……？　蛍と遊びたくて……」%K%P
「どうしてもダメ……？　蛍と遊びたくて……」%K%P
%LC清佳
%LC清佳
「わ、私ね？　トランプとか色々持ってきたの……！\n　なんなら千鶴さんや愛も一緒でいいし……！」%K%P
「わ、私ね？　トランプとか色々持ってきたの……！\n　なんなら千鶴さんや愛も一緒でいいし……！」%K%P
%LC清佳
%LC清佳
「お喋りするだけでもいいわ……！\n　ねっ？　ダメ……？」%K%P
「お喋りするだけでもいいわ……！\n　ねっ？　ダメ……？」%K%P
まるで子供のように清佳ちゃんが\n小首を傾げて誘ってきてくれる。%K%P
まるで子供のように清佳ちゃんが\n小首を傾げて誘ってきてくれる。%K%P
正直、頷きたいけど――%K%P
正直、頷きたいけど――%K%P
%LC蛍
%LC蛍
「申し訳ありません。\n　できればご遠慮させて頂けると……」%K%P
「申し訳ありません。\n　できればご遠慮させて頂けると……」%K%P
%LC清佳
%LC清佳
「そう…………。\n　そうよね。蛍は忙しいから……」%K%P
「そう…………。\n　そうよね。蛍は忙しいから……」%K%P
清佳ちゃんがしおらしく頷く。\nそのまま気まずい沈黙がしばらく続いた。%K%P
清佳ちゃんがしおらしく頷く。\nそのまま気まずい沈黙がしばらく続いた。%K%P
そして、不意に清佳ちゃんが口を開く。%K%P
そして、不意に清佳ちゃんが口を開く。%K%P
%LC清佳
%LC清佳
「やっぱり、その……。迷惑だった……？」%K%P
「やっぱり、その……。迷惑だった……？」%K%P
%LC蛍
%LC蛍
「迷惑、ですか？」%K%P
「迷惑、ですか？」%K%P
%LC清佳
%LC清佳
「うん……。再会してすぐにプロポーズしたことも、\n　こうして無理やり押しかけて来ちゃったことも……」%K%P
「うん……。再会してすぐにプロポーズしたことも、\n　こうして無理やり押しかけて来ちゃったことも……」%K%P
%LC清佳
%LC清佳
「蛍は春樹くんが好きなんだもんね……？\n　私にアプローチされても困っちゃうよね……？」%K%P
「蛍は春樹くんが好きなんだもんね……？\n　私にアプローチされても困っちゃうよね……？」%K%P
%LC蛍
%LC蛍
「それは……」%K%P
「それは……」%K%P
%LC清佳
%LC清佳
「で、でもねっ……！　これだけは言わせてっ？\n　蛍はあの男に騙されてるのよっ……！」%K%P
「で、でもねっ……！　これだけは言わせてっ？\n　蛍はあの男に騙されてるのよっ……！」%K%P
%LC清佳
%LC清佳
「蛍が春樹くんをどう思ってるか知らないけど、\n　今日見た限りじゃ不誠実もいいところだわ……！」%K%P
「蛍が春樹くんをどう思ってるか知らないけど、\n　今日見た限りじゃ不誠実もいいところだわ……！」%K%P
%LC清佳
%LC清佳
「愛をけしかけたら、あっさりデレデレしてたし……！\n　私が顔を近づけただけでもニヤニヤしてて……！！」%K%P
「愛をけしかけたら、あっさりデレデレしてたし……！\n　私が顔を近づけただけでもニヤニヤしてて……！！」%K%P
%LC清佳
%LC清佳
「愛の話じゃ、色仕掛けした時に、\n　ぼ――勃起までしてたらしいんだから……！！」%K%P
「愛の話じゃ、色仕掛けした時に、\n　ぼ――勃起までしてたらしいんだから……！！」%K%P
%LC蛍
%LC蛍
「勃――〜〜っっ！！？\n　してませんっ、絶対にしてませんってば……！！」%K%P
「勃――〜〜っっ！！？\n　してませんっ、絶対にしてませんってば……！！」%K%P
%LC清佳
%LC清佳
「いいえ確かよ……！　目を覚まして蛍っ……！\n　庇いたい気持ちはわかるけど、わかるけど！」%K%P
「いいえ確かよ……！　目を覚まして蛍っ……！\n　庇いたい気持ちはわかるけど、わかるけど！」%K%P
清佳ちゃんが僕の肩をガタガタ揺らして訴えてくる。%K%P
清佳ちゃんが僕の肩をガタガタ揺らして訴えてくる。%K%P
確かにドキドキしちゃったけど……！！\nで、でも勃起まではしてないもんっ……！！%K%P
確かにドキドキしちゃったけど……！！\nで、でも勃起まではしてないもんっ……！！%K%P
%LC清佳
%LC清佳
「しかも、あの男……！\n　蛍の気持ちにも一切気づいてなくて……！！」%K%P
「しかも、あの男……！\n　蛍の気持ちにも一切気づいてなくて……！！」%K%P
%LC清佳
%LC清佳
「あまつさえ、蛍のことを好――」%K%P
「あまつさえ、蛍のことを好――」%K%P
と、言いかけたところで清佳ちゃんは言葉を止めた。%K%P
と、言いかけたところで清佳ちゃんは言葉を止めた。%K%P
%LC蛍
%LC蛍
「えと……？　わ、わたしのことを……？」%K%P
「えと……？　わ、わたしのことを……？」%K%P
%LC清佳
%LC清佳
「っっ。な、なんでもないわ。気にしないで」%K%P
「っっ。な、なんでもないわ。気にしないで」%K%P
焦った様子で清佳ちゃんが誤魔化す。%K%P
焦った様子で清佳ちゃんが誤魔化す。%K%P
もしかして……「蛍のことを好きじゃない」\nと言いかけて、止めてくれたのかな？%K%P
もしかして……「蛍のことを好きじゃない」\nと言いかけて、止めてくれたのかな？%K%P
その言葉を口にすると、\n蛍が間接的に失恋してしまうことになるから。%K%P
その言葉を口にすると、\n蛍が間接的に失恋してしまうことになるから。%K%P
……やっぱり、清佳ちゃんはとても良い子だ。%K%P
……やっぱり、清佳ちゃんはとても良い子だ。%K%P
本当に蛍と付き合いたいだけなら言えばいいのに、\n蛍を傷つけまいと春樹の想いを秘密にしてくれて……。%K%P
本当に蛍と付き合いたいだけなら言えばいいのに、\n蛍を傷つけまいと春樹の想いを秘密にしてくれて……。%K%P
%LC清佳
%LC清佳
「……ごめんね。私、言った傍からまた……。\n　また蛍に迷惑かけちゃってる……」%K%P
「……ごめんね。私、言った傍からまた……。\n　また蛍に迷惑かけちゃってる……」%K%P
%LC蛍
%LC蛍
「清佳様……」%K%P
「清佳様……」%K%P
%LC清佳
%LC清佳
「ほ、本当にごめんね。私、頭に血が上ると\n　周りが見えなくなるタイプみたいで……」%K%P
「ほ、本当にごめんね。私、頭に血が上ると\n　周りが見えなくなるタイプみたいで……」%K%P
%LC清佳
%LC清佳
「蛍が好きな人を貶しちゃって……。\n　『蛍は騙されてる』とか言っちゃって……」%K%P
「蛍が好きな人を貶しちゃって……。\n　『蛍は騙されてる』とか言っちゃって……」%K%P
%LC清佳
%LC清佳
「彼のこと何も知らないのに、\n　勝手なことばかり言っちゃって……」%K%P
「彼のこと何も知らないのに、\n　勝手なことばかり言っちゃって……」%K%P
%LC清佳
%LC清佳
「こんなことしてたら……あはは。\n　蛍に避けられちゃうのも仕方ないわよね……」%K%P
「こんなことしてたら……あはは。\n　蛍に避けられちゃうのも仕方ないわよね……」%K%P
%LC清佳
%LC清佳
「再会してからずっと――蛍に嫌われちゃっても\n　仕方のないことばっかりしちゃってるもん……」%K%P
「再会してからずっと――蛍に嫌われちゃっても\n　仕方のないことばっかりしちゃってるもん……」%K%P
寂しそうに呟く清佳ちゃんの顔を見て、\n思わず僕は言葉に詰まってしまった。%K%P
寂しそうに呟く清佳ちゃんの顔を見て、\n思わず僕は言葉に詰まってしまった。%K%P
彼女を避けることで、こんなにも\n悲しい顔をさせてしまうとは思っていなかったから。%K%P
彼女を避けることで、こんなにも\n悲しい顔をさせてしまうとは思っていなかったから。%K%P
%LC清佳
%LC清佳
「告白なんて……しなければ良かった。\n　蛍に避けられるくらいなら友達のままで良かった」%K%P
「告白なんて……しなければ良かった。\n　蛍に避けられるくらいなら友達のままで良かった」%K%P
%LC清佳
%LC清佳
「私はただ……ただね？\n　昔と同じように蛍と一緒に遊びたいだけなの」%K%P
「私はただ……ただね？\n　昔と同じように蛍と一緒に遊びたいだけなの」%K%P
%LC清佳
%LC清佳
「大好きなお友達と、ただ一緒に……」%K%P
「大好きなお友達と、ただ一緒に……」%K%P
%LC蛍
%LC蛍
「清佳、ちゃん……」%K%P
「清佳、ちゃん……」%K%P
%LC清佳
%LC清佳
「っっ。変な話をしちゃって、ごめんなさい……！！」%K%P
「っっ。変な話をしちゃって、ごめんなさい……！！」%K%P
%LC清佳
%LC清佳
「私、やっぱり自分の屋敷に帰るわ……！！\n　今まで本当にごめんなさいっ……！！」%K%P
「私、やっぱり自分の屋敷に帰るわ……！！\n　今まで本当にごめんなさいっ……！！」%K%P
%LC蛍
%LC蛍
「あっ――清佳ちゃんっ……！！」%K%P
「あっ――清佳ちゃんっ……！！」%K%P
清佳ちゃんが走り去ってしまう。\n僕は追いかけることすらできなかった。%K%P
清佳ちゃんが走り去ってしまう。\n僕は追いかけることすらできなかった。%K%P
去り際に見た、清佳ちゃんの顔が\nあまりにも悲しみの色に満ちていたから。%K%P
去り際に見た、清佳ちゃんの顔が\nあまりにも悲しみの色に満ちていたから。%K%P
%LC蛍
%LC蛍
「清佳ちゃん……」%K%P
「清佳ちゃん……」%K%P
あの顔を……僕は知っている。%K%P
あの顔を……僕は知っている。%K%P
清佳ちゃんと初めて出会った時も、\n彼女は同じように寂しげな顔をしていたから。%K%P
清佳ちゃんと初めて出会った時も、\n彼女は同じように寂しげな顔をしていたから。%K%P
