%LC千鶴
%LC千鶴
「失礼しちゃうよね〜。男の子は女の子の\n　アイドルグループには入れないなんてさ〜」%K%P
「失礼しちゃうよね〜。男の子は女の子の\n　アイドルグループには入れないなんてさ〜」%K%P
%LC蛍
%LC蛍
「あたりまえでしょ……！？　うぅ、お姉ちゃんが\n　どうしてもって言うからついていったのに……！」%K%P
「あたりまえでしょ……！？　うぅ、お姉ちゃんが\n　どうしてもって言うからついていったのに……！」%K%P
そうだ――あの日はお姉ちゃんに騙されて、\nアイドルオーディションを受けさせられたんだっけ。%K%P
そうだ――あの日はお姉ちゃんに騙されて、\nアイドルオーディションを受けさせられたんだっけ。%K%P
%LC千鶴
%LC千鶴
「や、でも春樹――ううん、蛍が自分から\n　『男です』って言わなきゃ入れてたよ！\n　それまでメチャクチャ好印象っぽかったもん！」%K%P
「や、でも春樹――ううん、蛍が自分から\n　『男です』って言わなきゃ入れてたよ！\n　それまでメチャクチャ好印象っぽかったもん！」%K%P
%LC蛍
%LC蛍
「控え室で突然女装させられた僕の身にもなってよ……！\n　一ミリも入りたくなんてなかったし……！\n　しかも勝手に芸名まで考えて……！」%K%P
「控え室で突然女装させられた僕の身にもなってよ……！\n　一ミリも入りたくなんてなかったし……！\n　しかも勝手に芸名まで考えて……！」%K%P
%LC千鶴
%LC千鶴
「審査する人も見る目ないよねー。\n　あの中なら絶対に蛍が一番可愛かったのに〜」%K%P
「審査する人も見る目ないよねー。\n　あの中なら絶対に蛍が一番可愛かったのに〜」%K%P
%LC蛍
%LC蛍
「だから蛍って呼ばないでってばぁ〜……！！」%K%P
「だから蛍って呼ばないでってばぁ〜……！！」%K%P
この一年くらい前から、お姉ちゃんは\n何故か僕を事あるごとに女装させたがってて。%K%P
この一年くらい前から、お姉ちゃんは\n何故か僕を事あるごとに女装させたがってて。%K%P
その日もオーディションには落ちたのに、\n女装姿のまま帰らされる羽目になったんだっけ。%K%P
その日もオーディションには落ちたのに、\n女装姿のまま帰らされる羽目になったんだっけ。%K%P
その途中にこの公園を通って――%K%P
その途中にこの公園を通って――%K%P
%LC清佳
%LC清佳
「…………」%K%P
「…………」%K%P
ベンチに座る彼女を見つけたんだ。%K%P
ベンチに座る彼女を見つけたんだ。%K%P
僕と同年代くらいかな？\nだけど、僕よりずっと大人びて見えた。%K%P
僕と同年代くらいかな？\nだけど、僕よりずっと大人びて見えた。%K%P
彼女はどこか寂しそうな顔をしていて、\n何をするでもなく一人佇んでいる。%K%P
彼女はどこか寂しそうな顔をしていて、\n何をするでもなく一人佇んでいる。%K%P
ううん。何もしていないわけじゃなさそうだ。\n彼女はきっと――%K%P
ううん。何もしていないわけじゃなさそうだ。\n彼女はきっと――%K%P
%LC千鶴
%LC千鶴
「どしたの？　急に立ち止まって」%K%P
「どしたの？　急に立ち止まって」%K%P
%LC蛍
%LC蛍
「あ、えと……！」%K%P
「あ、えと……！」%K%P
お姉ちゃんに話しかけられて、ふと我に返った。%K%P
お姉ちゃんに話しかけられて、ふと我に返った。%K%P
そうだ。女の子を気にしている場合じゃない。\n僕はいま女装させられているんだ。%K%P
そうだ。女の子を気にしている場合じゃない。\n僕はいま女装させられているんだ。%K%P
今は一刻も早く家に帰って着替えたい。\n女の子の格好なんて一秒たりともしていたくないんだ。%K%P
今は一刻も早く家に帰って着替えたい。\n女の子の格好なんて一秒たりともしていたくないんだ。%K%P
%LC蛍
%LC蛍
「あ、あの――」%K%P
「あ、あの――」%K%P
%LC女の子
%LC女の子
「え？」%K%P
「え？」%K%P
なのに、気づけば僕は\n彼女に話しかけてしまっていた。%K%P
なのに、気づけば僕は\n彼女に話しかけてしまっていた。%K%P
女の子は驚いた顔をして振り向いてきたけれど、\nきっと僕も同じくらいビックリした顔をしていたと思う。%K%P
女の子は驚いた顔をして振り向いてきたけれど、\nきっと僕も同じくらいビックリした顔をしていたと思う。%K%P
%LC蛍
%LC蛍
「急に話しかけちゃってごめんね？\n　寂しそうな顔でずっと座ってたから……！」%K%P
「急に話しかけちゃってごめんね？\n　寂しそうな顔でずっと座ってたから……！」%K%P
%LC蛍
%LC蛍
「もしかして、あの子たちとケンカでもしたの？」%K%P
「もしかして、あの子たちとケンカでもしたの？」%K%P
%LC女の子
%LC女の子
「ケンカ……？」%K%P
「ケンカ……？」%K%P
%LC蛍
%LC蛍
「う、うん。ずっとあの子たちを見てるみたいだったから」%K%P
「う、うん。ずっとあの子たちを見てるみたいだったから」%K%P
つい早口になってしまいながら、\nさっきまで彼女の視線の先にいた女の子たちを見やる。%K%P
つい早口になってしまいながら、\nさっきまで彼女の視線の先にいた女の子たちを見やる。%K%P
学園の友達同士なのかな？\n仲良さそうに遊ぶ女の子たちがそこにいた。%K%P
学園の友達同士なのかな？\n仲良さそうに遊ぶ女の子たちがそこにいた。%K%P
ちょうど僕たちと同じくらいの歳だと思う。\nきっと彼女もあの子たちの仲間なんだろう。%K%P
ちょうど僕たちと同じくらいの歳だと思う。\nきっと彼女もあの子たちの仲間なんだろう。%K%P
%LC蛍
%LC蛍
「もし仲直りしづらいのなら、一緒に行く……？\n　何があったのかは知らないけど……」%K%P
「もし仲直りしづらいのなら、一緒に行く……？\n　何があったのかは知らないけど……」%K%P
しかし彼女は僕の問いには答えず、\n警戒した様子で尋ね返してくる。%K%P
しかし彼女は僕の問いには答えず、\n警戒した様子で尋ね返してくる。%K%P
%LC女の子
%LC女の子
「あなた、誰？」%K%P
「あなた、誰？」%K%P
%LC蛍
%LC蛍
「あ……！　あっ、ぼ、僕は――」%K%P
「あ……！　あっ、ぼ、僕は――」%K%P
%LC女の子
%LC女の子
「……ボク？」%K%P
「……ボク？」%K%P
%LC蛍
%LC蛍
「〜〜っっ。わ、わたしは蛍。\n　春日蛍って言うの……！」%K%P
「〜〜っっ。わ、わたしは蛍。\n　春日蛍って言うの……！」%K%P
%LC女の子
%LC女の子
「春日蛍……。聞いたことのない名前ね」%K%P
「春日蛍……。聞いたことのない名前ね」%K%P
%LC蛍
%LC蛍
「当たり前だと思うけど……。\n　わたしもあなたのお名前知らないし……」%K%P
「当たり前だと思うけど……。\n　わたしもあなたのお名前知らないし……」%K%P
%LC女の子
%LC女の子
「へぇ？」%K%P
「へぇ？」%K%P
何故か鼻で笑われた。\nぼ、僕、何かおかしなこと言ったかな。%K%P
何故か鼻で笑われた。\nぼ、僕、何かおかしなこと言ったかな。%K%P
%LC女の子
%LC女の子
「わざわざ声をかけてくれてありがとう。\n　けれど余計なお世話だわ」%K%P
「わざわざ声をかけてくれてありがとう。\n　けれど余計なお世話だわ」%K%P
%LC女の子
%LC女の子
「私は彼女たちとケンカなんてしていない。\n　そもそも彼女たちと知り合いですらない」%K%P
「私は彼女たちとケンカなんてしていない。\n　そもそも彼女たちと知り合いですらない」%K%P
%LC女の子
%LC女の子
「もちろん寂しそうな顔もしていない。\n　むしろ能天気な子たちだと思って見ていたの」%K%P
「もちろん寂しそうな顔もしていない。\n　むしろ能天気な子たちだと思って見ていたの」%K%P
%LC蛍
%LC蛍
「能天気……？」%K%P
「能天気……？」%K%P
頷くと、彼女は楽しげに遊ぶ彼女たちへ視線を戻した。%K%P
頷くと、彼女は楽しげに遊ぶ彼女たちへ視線を戻した。%K%P
%LC女の子
%LC女の子
「見なさいよ。私と同じくらいの年頃の女の子が、\n　バカみたいにはしゃぎ回って」%K%P
「見なさいよ。私と同じくらいの年頃の女の子が、\n　バカみたいにはしゃぎ回って」%K%P
%LC女の子
%LC女の子
「滑り台？　ブランコ？　ボール遊び？\n　ふふ――あんなことしてなんの糧になるのかしら」%K%P
「滑り台？　ブランコ？　ボール遊び？\n　ふふ――あんなことしてなんの糧になるのかしら」%K%P
%LC女の子
%LC女の子
「無駄なことに時間を費やすより、\n　もっと有意義なことに時間を使うべきよ」%K%P
「無駄なことに時間を費やすより、\n　もっと有意義なことに時間を使うべきよ」%K%P
%LC蛍
%LC蛍
「…………」%K%P
「…………」%K%P
言葉とは裏腹に彼女の顔は\nやっぱり寂しそうに見えた。%K%P
言葉とは裏腹に彼女の顔は\nやっぱり寂しそうに見えた。%K%P
背伸びして大人になろうとしているような、\n本心を隠して強がっているような――そんな顔。%K%P
背伸びして大人になろうとしているような、\n本心を隠して強がっているような――そんな顔。%K%P
だからかな――%K%P
だからかな――%K%P
%LC蛍
%LC蛍
「ふふっ。ふふふっ」%K%P
「ふふっ。ふふふっ」%K%P
%LC女の子
%LC女の子
「な、何を笑ってるのっ？」%K%P
「な、何を笑ってるのっ？」%K%P
%LC蛍
%LC蛍
「だって、ふふ、素直じゃなさすぎて。\n　遊びたいなら遊びたいって言えばいいのに」%K%P
「だって、ふふ、素直じゃなさすぎて。\n　遊びたいなら遊びたいって言えばいいのに」%K%P
%LC女の子
%LC女の子
「素直じゃないって……！\n　わ、私は本当に遊びたくなんて――」%K%P
「素直じゃないって……！\n　わ、私は本当に遊びたくなんて――」%K%P
%LC蛍
%LC蛍
「なら、わたしと一緒に遊んでみない？\n　きっと、とても楽しいと思うよ？」%K%P
「なら、わたしと一緒に遊んでみない？\n　きっと、とても楽しいと思うよ？」%K%P
%LC女の子
%LC女の子
「えっ？」%K%P
「えっ？」%K%P
%LC蛍
%LC蛍
「行こう？　滑り台もブランコもボール遊びも――\n　みんなみんな、絶対に楽しいから」%K%P
「行こう？　滑り台もブランコもボール遊びも――\n　みんなみんな、絶対に楽しいから」%K%P
%LC女の子
%LC女の子
「だ、だから、私は――」%K%P
「だ、だから、私は――」%K%P
%LC蛍
%LC蛍
「ほーら。立って立って」%K%P
「ほーら。立って立って」%K%P
%LC女の子
%LC女の子
「離して……！　私は別に……！」%K%P
「離して……！　私は別に……！」%K%P
%LC千鶴
%LC千鶴
「蛍〜。なーにしてんの――って。\n　おおっ〜、だれだれ、その美少女！」%K%P
「蛍〜。なーにしてんの――って。\n　おおっ〜、だれだれ、その美少女！」%K%P
%LC蛍
%LC蛍
「あ、えと、この子は――」%K%P
「あ、えと、この子は――」%K%P
お姉ちゃんに紹介しようとして、\n彼女の名前を聞いていないことに気づいた。%K%P
お姉ちゃんに紹介しようとして、\n彼女の名前を聞いていないことに気づいた。%K%P
%LC蛍
%LC蛍
「お名前、聞いてもいい？」%K%P
「お名前、聞いてもいい？」%K%P
%LC女の子
%LC女の子
「ほ……本当に知らないの？\n　私の、名前……」%K%P
「ほ……本当に知らないの？\n　私の、名前……」%K%P
%LC蛍
%LC蛍
「え？　うん」%K%P
「え？　うん」%K%P
首を傾げて答えると、\n彼女は一瞬呆然とした顔を浮かべた。%K%P
首を傾げて答えると、\n彼女は一瞬呆然とした顔を浮かべた。%K%P
そして、ちょっぴり押し黙った後に――%K%P
そして、ちょっぴり押し黙った後に――%K%P
%LC清佳
%LC清佳
「清佳……。清佳よ。\n　私の名前は清佳」%K%P
「清佳……。清佳よ。\n　私の名前は清佳」%K%P
%LC蛍
%LC蛍
「清佳ちゃんだね？\n　ふふ、よろしく」%K%P
「清佳ちゃんだね？\n　ふふ、よろしく」%K%P
%LC清佳
%LC清佳
「う、うん……」%K%P
「う、うん……」%K%P
%LC蛍
%LC蛍
「じゃあ、行こう清佳ちゃん？\n　何して遊びたい？」%K%P
「じゃあ、行こう清佳ちゃん？\n　何して遊びたい？」%K%P
気づけば僕は女装していることも忘れて、\n清佳ちゃんの手を引いていた。%K%P
気づけば僕は女装していることも忘れて、\n清佳ちゃんの手を引いていた。%K%P
戸惑う清佳ちゃんを無理やり引っ張って。\nお姉ちゃんも加えた三人で日が沈むまで遊んで――。%K%P
戸惑う清佳ちゃんを無理やり引っ張って。\nお姉ちゃんも加えた三人で日が沈むまで遊んで――。%K%P
%LC蛍
%LC蛍
「どう？　楽しかったでしょ？」%K%P
「どう？　楽しかったでしょ？」%K%P
%LC清佳
%LC清佳
「う……うん……。悪くは、なかったわ……」%K%P
「う……うん……。悪くは、なかったわ……」%K%P
%LC蛍
%LC蛍
「それじゃ今日はもう解散しよ？\n　あんまり遅くなると心配されると思うから」%K%P
「それじゃ今日はもう解散しよ？\n　あんまり遅くなると心配されると思うから」%K%P
%LC清佳
%LC清佳
「そ……そうね……」%K%P
「そ……そうね……」%K%P
だけど清佳ちゃんはモジモジしたまま\nその場から動かなかった。%K%P
だけど清佳ちゃんはモジモジしたまま\nその場から動かなかった。%K%P
%LC蛍
%LC蛍
「清佳ちゃん……？」%K%P
「清佳ちゃん……？」%K%P
%LC清佳
%LC清佳
「っっ。その蛍……。\n　お願いが、あるんだけど……」%K%P
「っっ。その蛍……。\n　お願いが、あるんだけど……」%K%P
%LC蛍
%LC蛍
「お願い？」%K%P
「お願い？」%K%P
すると清佳ちゃんは、\n意を決したように僕を見つめて――%K%P
すると清佳ちゃんは、\n意を決したように僕を見つめて――%K%P
%LC清佳
%LC清佳
%XS21「私と――お友達になって欲しいの……！」%XE%K%P
%XS21「私と――お友達になって欲しいの……！」%XE%K%P
