%LC蛍
%LC蛍
「ん…………」%K%P
「ん…………」%K%P
窓から差し込む太陽の光で目を覚ます。%K%P
窓から差し込む太陽の光で目を覚ます。%K%P
懐かしい夢を見ちゃったな……。%K%P
懐かしい夢を見ちゃったな……。%K%P
あの日以来、清佳ちゃんとは毎日のように遊んでた。%K%P
あの日以来、清佳ちゃんとは毎日のように遊んでた。%K%P
公園のベンチを待ち合わせ場所にして、\n日が沈む度に「また明日」と約束して。%K%P
公園のベンチを待ち合わせ場所にして、\n日が沈む度に「また明日」と約束して。%K%P
『蛍』として知り合っちゃったせいで、\n僕はいつも女装して会うことになっていたけど――%K%P
『蛍』として知り合っちゃったせいで、\n僕はいつも女装して会うことになっていたけど――%K%P
でも――清佳ちゃんとのあの日々は、\n僕にとって宝物で、とても楽しい時間だった。%K%P
でも――清佳ちゃんとのあの日々は、\n僕にとって宝物で、とても楽しい時間だった。%K%P
きっと、彼女も同じ気持ちだったんだ。\nいいや僕以上に大切に想ってくれていたのかもしれない。%K%P
きっと、彼女も同じ気持ちだったんだ。\nいいや僕以上に大切に想ってくれていたのかもしれない。%K%P
だからこそ――%K%P
だからこそ――%K%P
%LC清佳
%LC清佳
「私はただ……ただね？\n　昔と同じように蛍と一緒に遊びたいだけなの」%K%P
「私はただ……ただね？\n　昔と同じように蛍と一緒に遊びたいだけなの」%K%P
%LC清佳
%LC清佳
「大好きなお友達と、ただ一緒に……」%K%P
「大好きなお友達と、ただ一緒に……」%K%P
%LC蛍
%LC蛍
「…………」%K%P
「…………」%K%P
昨日の清佳ちゃんの言葉が胸に刺さる。%K%P
昨日の清佳ちゃんの言葉が胸に刺さる。%K%P
蛍が清佳ちゃんに好かれるあまり、\n僕は彼女を露骨に避けてしまった。%K%P
蛍が清佳ちゃんに好かれるあまり、\n僕は彼女を露骨に避けてしまった。%K%P
ただ彼女はようやく再会できた親友と\n小さい頃のように楽しく過ごしたかっただけなのに。%K%P
ただ彼女はようやく再会できた親友と\n小さい頃のように楽しく過ごしたかっただけなのに。%K%P
なのに僕は、春樹としての自分を好かれたいなんていう\n自分勝手な都合で――……%K%P
なのに僕は、春樹としての自分を好かれたいなんていう\n自分勝手な都合で――……%K%P
%LC蛍
%LC蛍
「清佳ちゃんに……謝ろう」%K%P
「清佳ちゃんに……謝ろう」%K%P
許してもらえるかわからないけど……、\nううん、許してもらえるまで謝るんだ。%K%P
許してもらえるかわからないけど……、\nううん、許してもらえるまで謝るんだ。%K%P
清佳ちゃんと仲直りしたい。%K%P
清佳ちゃんと仲直りしたい。%K%P
『蛍』としてでもいい。\n小さい頃のように清佳ちゃんと笑い合いたい。%K%P
『蛍』としてでもいい。\n小さい頃のように清佳ちゃんと笑い合いたい。%K%P
%LC蛍
%LC蛍
「そうだ。仲直りと言えば――」%K%P
「そうだ。仲直りと言えば――」%K%P
机の引き出しから古ぼけた箱を取り出す。%K%P
机の引き出しから古ぼけた箱を取り出す。%K%P
中身が崩れないように慎重に蓋を開けると、\n僕はそれをじっと見つめた。%K%P
中身が崩れないように慎重に蓋を開けると、\n僕はそれをじっと見つめた。%K%P
子供の頃も一度だけ清佳ちゃんと大喧嘩した時がある。\nこれはその時に作った、彼女との――%K%P
子供の頃も一度だけ清佳ちゃんと大喧嘩した時がある。\nこれはその時に作った、彼女との――%K%P
%LC蛍
%LC蛍
「よし……！　そうと決まれば……！」%K%P
「よし……！　そうと決まれば……！」%K%P
%LC千鶴
%LC千鶴
「わっ、ビックリしたー……！\n　どうしたの、そんなに急いで？」%K%P
「わっ、ビックリしたー……！\n　どうしたの、そんなに急いで？」%K%P
%LC春樹
%LC春樹
「ちょっと急ぎの用があって……！\n　じゃあ僕、行くね……！」%K%P
「ちょっと急ぎの用があって……！\n　じゃあ僕、行くね……！」%K%P
%LC千鶴
%LC千鶴
「行くねって……。\n　あたしの朝ご飯は！？」%K%P
「行くねって……。\n　あたしの朝ご飯は！？」%K%P
%LC春樹
%LC春樹
「昨日の残りが冷蔵庫に残ってるから……！\n　温め直して勝手に食べちゃって……！」%K%P
「昨日の残りが冷蔵庫に残ってるから……！\n　温め直して勝手に食べちゃって……！」%K%P
%LC千鶴
%LC千鶴
「登校時間まだまだ先じゃん！\n　てか昼ご飯も作り置きしてくれてるんだよね！？」%K%P
「登校時間まだまだ先じゃん！\n　てか昼ご飯も作り置きしてくれてるんだよね！？」%K%P
叫びかけてくるお姉ちゃんに答える余裕もなく、\n廊下を駆け抜ける。%K%P
叫びかけてくるお姉ちゃんに答える余裕もなく、\n廊下を駆け抜ける。%K%P
ごめん、お姉ちゃん。\nお昼ご飯はカップ麺で我慢して……！！%K%P
ごめん、お姉ちゃん。\nお昼ご飯はカップ麺で我慢して……！！%K%P
………………%K%P
………………%K%P
…………%K%P
…………%K%P
……%K%P
……%K%P
%LC春樹
%LC春樹
「はぁはぁ、ギリギリＨＲには間に合う、かな……！」%K%P
「はぁはぁ、ギリギリＨＲには間に合う、かな……！」%K%P
例の場所に寄っていたら想像以上に遅くなっちゃった。\n急がなくちゃ遅刻しちゃいそう……！%K%P
例の場所に寄っていたら想像以上に遅くなっちゃった。\n急がなくちゃ遅刻しちゃいそう……！%K%P
よく考えれば朝から行く必要もなかったかもしれない。\nむしろ、あんまり時間が経っちゃうとアレだし……。%K%P
よく考えれば朝から行く必要もなかったかもしれない。\nむしろ、あんまり時間が経っちゃうとアレだし……。%K%P
%LC春樹
%LC春樹
「そもそも、どうやって渡そう……。\n　あの様子だと、今晩は家に来ない……よね」%K%P
「そもそも、どうやって渡そう……。\n　あの様子だと、今晩は家に来ない……よね」%K%P
泊まると言っていたのに飛び出していったくらいだ。\n次の日また屋敷を訪れてくれるとは思えない。%K%P
泊まると言っていたのに飛び出していったくらいだ。\n次の日また屋敷を訪れてくれるとは思えない。%K%P
となると……{春樹:ぼく}の出番かも。\n「蛍が仲直りしたがってる」と話してみよう。%K%P
となると……{春樹:ぼく}の出番かも。\n「蛍が仲直りしたがってる」と話してみよう。%K%P
なんだかマッチポンプみたいで\nすごく気持ちが悪いけど……。%K%P
なんだかマッチポンプみたいで\nすごく気持ちが悪いけど……。%K%P
でも――それでも清佳ちゃんと仲直りしたい。%K%P
でも――それでも清佳ちゃんと仲直りしたい。%K%P
僕は蛍として、清佳ちゃんともう一度、\n笑い合いたいんだ。%K%P
僕は蛍として、清佳ちゃんともう一度、\n笑い合いたいんだ。%K%P
%LC春樹
%LC春樹
「……ん？」%K%P
「……ん？」%K%P
一人頷いていると、僕のちょうど目の前で\n黒塗りの高級車が停車した。%K%P
一人頷いていると、僕のちょうど目の前で\n黒塗りの高級車が停車した。%K%P
すると中から優雅に一人の女性が降りてきて――%K%P
すると中から優雅に一人の女性が降りてきて――%K%P
%LC清佳
%LC清佳
「ご機嫌よう、蛍乃春樹くん？\n　こんなところで奇遇ね？」%K%P
「ご機嫌よう、蛍乃春樹くん？\n　こんなところで奇遇ね？」%K%P
%LC愛
%LC愛
「あはは、先輩、超汗だくじゃないですかぁ〜。\n　朝から走って登校なんてアオハルしてますね〜？」%K%P
「あはは、先輩、超汗だくじゃないですかぁ〜。\n　朝から走って登校なんてアオハルしてますね〜？」%K%P
%LC春樹
%LC春樹
「清佳さん、愛さん……！？」%K%P
「清佳さん、愛さん……！？」%K%P
%LC清佳
%LC清佳
「へぇ。昨日の今日で名前呼びだなんて、\n　随分親しげにお話してくるのね？」%K%P
「へぇ。昨日の今日で名前呼びだなんて、\n　随分親しげにお話してくるのね？」%K%P
%LC春樹
%LC春樹
「あっ……！　ご、ごめん……！」%K%P
「あっ……！　ご、ごめん……！」%K%P
%LC清佳
%LC清佳
「謝らなくてもいいわ。怒っているわけじゃないの。\n　むしろ、そう。私の方こそ謝らないとと思って」%K%P
「謝らなくてもいいわ。怒っているわけじゃないの。\n　むしろ、そう。私の方こそ謝らないとと思って」%K%P
%LC清佳
%LC清佳
「昨日はごめんなさい。\n　あなたに……酷いことを言ってしまったわ」%K%P
「昨日はごめんなさい。\n　あなたに……酷いことを言ってしまったわ」%K%P
%LC清佳
%LC清佳
「謝罪代わりというわけではないけれど――\n　さぁ乗って？　学園まで送るわ」%K%P
「謝罪代わりというわけではないけれど――\n　さぁ乗って？　学園まで送るわ」%K%P
にこやかに微笑みながら、\n清佳ちゃんが黒塗りの高級車へ僕を誘ってくる。%K%P
にこやかに微笑みながら、\n清佳ちゃんが黒塗りの高級車へ僕を誘ってくる。%K%P
言葉こそ、すごく友好的に聞こえるけど――%K%P
言葉こそ、すごく友好的に聞こえるけど――%K%P
%LC黒服Ａ
%LC黒服Ａ
「…………」%K%P
「…………」%K%P
%LC黒服Ｂ
%LC黒服Ｂ
「…………」%K%P
「…………」%K%P
ど、どうして怖そうなお兄さんたちが\n僕の周りを取り囲んで来てるのかな？%K%P
ど、どうして怖そうなお兄さんたちが\n僕の周りを取り囲んで来てるのかな？%K%P
%LC清佳
%LC清佳
「どうしたの？　乗らないの？」%K%P
「どうしたの？　乗らないの？」%K%P
%LC清佳
%LC清佳
「車内は空調が効いているから涼しいわよ？\n　冷たい飲み物も用意してあるし、\n　美味しいお菓子も揃っているわ」%K%P
「車内は空調が効いているから涼しいわよ？\n　冷たい飲み物も用意してあるし、\n　美味しいお菓子も揃っているわ」%K%P
%LC清佳
%LC清佳
「あなたも朝から汗だくになりながら、\n　学園までマラソンするのは嫌でしょ？\n　ふふ、遠慮せずに乗りなさい？」%K%P
「あなたも朝から汗だくになりながら、\n　学園までマラソンするのは嫌でしょ？\n　ふふ、遠慮せずに乗りなさい？」%K%P
乗ってしまったら、\n違う意味で汗をかいてしまう気がする……！%K%P
乗ってしまったら、\n違う意味で汗をかいてしまう気がする……！%K%P
%LC春樹
%LC春樹
「遠慮しておくよ……！\n　汗びっしょりで車に乗せてもらうのも悪いから……！」%K%P
「遠慮しておくよ……！\n　汗びっしょりで車に乗せてもらうのも悪いから……！」%K%P
%LC清佳
%LC清佳
「もしかして……警戒してる？\n　そうよね。あんなことをしてしまったものね……」%K%P
「もしかして……警戒してる？\n　そうよね。あんなことをしてしまったものね……」%K%P
%LC清佳
%LC清佳
「でも、本当に安心して？\n　あなたに危害を加えるつもりはないわ」%K%P
「でも、本当に安心して？\n　あなたに危害を加えるつもりはないわ」%K%P
%LC清佳
%LC清佳
「むしろ逆よ。あなたとは仲良くしたいと思っているの」%K%P
「むしろ逆よ。あなたとは仲良くしたいと思っているの」%K%P
%LC清佳
%LC清佳
「こうして偶然出会ったのも何かの縁……\n　車内でティータイムを過ごしながら親睦を深めましょ？」%K%P
「こうして偶然出会ったのも何かの縁……\n　車内でティータイムを過ごしながら親睦を深めましょ？」%K%P
偶然にしてはタイミングが良すぎるような……！\nというか昨日と態度が違いすぎて怖い……！%K%P
偶然にしてはタイミングが良すぎるような……！\nというか昨日と態度が違いすぎて怖い……！%K%P
%LC清佳
%LC清佳
「その目……まだ疑っているの？\n　いえ、私があなたにしたことを思えば当然よね……」%K%P
「その目……まだ疑っているの？\n　いえ、私があなたにしたことを思えば当然よね……」%K%P
%LC清佳
%LC清佳
「だからこそ謝罪させて欲しいの。\n　あなたのお気に入りの愛も連れてきたから」%K%P
「だからこそ謝罪させて欲しいの。\n　あなたのお気に入りの愛も連れてきたから」%K%P
%LC清佳
%LC清佳
「愛。ボーッとしてないで彼を接待してあげなさい？」%K%P
「愛。ボーッとしてないで彼を接待してあげなさい？」%K%P
%LC愛
%LC愛
「はいはーい。ご指名ありがとうございま〜す」%K%P
「はいはーい。ご指名ありがとうございま〜す」%K%P
%LC春樹
%LC春樹
「ご指名って――わっ！？」%K%P
「ご指名って――わっ！？」%K%P
愛さんがぎゅっと抱きついてくる。\nま、またしても顔が近い……！%K%P
愛さんがぎゅっと抱きついてくる。\nま、またしても顔が近い……！%K%P
%LC愛
%LC愛
「ふふ。ちょっと抱きついただけで、\n　こんなに顔赤くしちゃって……\n　相変わらず可愛いですね？」%K%P
「ふふ。ちょっと抱きついただけで、\n　こんなに顔赤くしちゃって……\n　相変わらず可愛いですね？」%K%P
%LC愛
%LC愛
「早く車乗っちゃいましょ……？\n　そうしたらもーっとベタベタしてあげますよ？」%K%P
「早く車乗っちゃいましょ……？\n　そうしたらもーっとベタベタしてあげますよ？」%K%P
%LC愛
%LC愛
「昨日食べ損ねたもう片方のほっぺたもぉ……。\n　たっぷりたっぷり、はむはむしてあげちゃいますから」%K%P
「昨日食べ損ねたもう片方のほっぺたもぉ……。\n　たっぷりたっぷり、はむはむしてあげちゃいますから」%K%P
%LC清佳
%LC清佳
「ふふふ……お望みなら後で二人きりにしてあげるわ。\n　車も人気のない場所に停めてあげる」%K%P
「ふふふ……お望みなら後で二人きりにしてあげるわ。\n　車も人気のない場所に停めてあげる」%K%P
%LC清佳
%LC清佳
「本来、愛へのお触りはＮＧだけど……。\n　仕事外での恋愛には私もノータッチだから。\n　……お触りだけにね？」%K%P
「本来、愛へのお触りはＮＧだけど……。\n　仕事外での恋愛には私もノータッチだから。\n　……お触りだけにね？」%K%P
なにこのキャバクラみたいな感じ！？\nそして何を耳打ちしてきてるの、この人は！？%K%P
なにこのキャバクラみたいな感じ！？\nそして何を耳打ちしてきてるの、この人は！？%K%P
%LC清佳
%LC清佳
「さ……乗りなさい？\n　このままだと学園に遅刻しちゃうわ」%K%P
「さ……乗りなさい？\n　このままだと学園に遅刻しちゃうわ」%K%P
%LC愛
%LC愛
「たくさんご奉仕――あ、間違えたぁ。\n　ご接待しますよ、せーんぱい？」%K%P
「たくさんご奉仕――あ、間違えたぁ。\n　ご接待しますよ、せーんぱい？」%K%P
言いながら二人がにじり寄ってくる。\n気づけば黒服さんたちも僕を完全に取り囲んでいて――%K%P
言いながら二人がにじり寄ってくる。\n気づけば黒服さんたちも僕を完全に取り囲んでいて――%K%P
このままじゃマズい……！！%K%P
このままじゃマズい……！！%K%P
%LC春樹
%LC春樹
「ありがたい申し出だけど――」%K%P
「ありがたい申し出だけど――」%K%P
%LC清佳
%LC清佳
「――『だけど』は要らないわ。\n　四の五の言わずに乗りなさい？」%K%P
「――『だけど』は要らないわ。\n　四の五の言わずに乗りなさい？」%K%P
%LC黒服Ａ・黒服Ｂ
%LC黒服Ａ・黒服Ｂ
「…………」%K%P
「…………」%K%P
%LC春樹
%LC春樹
「ひっ！？」%K%P
「ひっ！？」%K%P
%LC清佳
%LC清佳
「何も怖がることなんてないわよ。\n　私はあなたと少しお話をしたいだけ」%K%P
「何も怖がることなんてないわよ。\n　私はあなたと少しお話をしたいだけ」%K%P
%LC清佳
%LC清佳
「むしろここまで、もてなしてあげると言っているのに\n　どうして乗らないの？　乗りなさいってば」%K%P
「むしろここまで、もてなしてあげると言っているのに\n　どうして乗らないの？　乗りなさいってば」%K%P
%LC愛
%LC愛
「本当に何もしませんからぁ〜。\n　まぁ先輩が愛にナニかする分には……ふふふ。\n　内容にもよりますけど許してあげてもいいですよ？」%K%P
「本当に何もしませんからぁ〜。\n　まぁ先輩が愛にナニかする分には……ふふふ。\n　内容にもよりますけど許してあげてもいいですよ？」%K%P
言いながら、二人と黒服さんたちが\n一歩また一歩とにじり寄ってくる。%K%P
言いながら、二人と黒服さんたちが\n一歩また一歩とにじり寄ってくる。%K%P
ど、どうにかして逃げないと――%K%P
ど、どうにかして逃げないと――%K%P
%LC清佳
%LC清佳
「……お願い。あなたしか頼れる相手がいないのよ……」%K%P
「……お願い。あなたしか頼れる相手がいないのよ……」%K%P
%LC春樹
%LC春樹
「へ？　今なんて……」%K%P
「へ？　今なんて……」%K%P
%LC清佳
%LC清佳
「〜〜っっ。なんでもないわ……！」%K%P
「〜〜っっ。なんでもないわ……！」%K%P
清佳ちゃんが寂しげな顔を見せて――\nすぐに首をぶんぶん振って取り繕う。%K%P
清佳ちゃんが寂しげな顔を見せて――\nすぐに首をぶんぶん振って取り繕う。%K%P
もしかして――いいや間違いない。\n清佳ちゃんも蛍と仲直りしたがってるんだ。%K%P
もしかして――いいや間違いない。\n清佳ちゃんも蛍と仲直りしたがってるんだ。%K%P
ならどうして逃げる必要があるんだろう。%K%P
ならどうして逃げる必要があるんだろう。%K%P
%LC春樹
%LC春樹
「乗るよ」%K%P
「乗るよ」%K%P
%LC清佳
%LC清佳
「え？」%K%P
「え？」%K%P
%LC春樹
%LC春樹
「蛍の話、聞きたいんだよね？\n　ぼ――俺で良ければ話を聞くから」%K%P
「蛍の話、聞きたいんだよね？\n　ぼ――俺で良ければ話を聞くから」%K%P
%LC春樹
%LC春樹
「昨日の話は俺も蛍から聞いてるからさ。\n　力にならせてよ」%K%P
「昨日の話は俺も蛍から聞いてるからさ。\n　力にならせてよ」%K%P
%LC清佳
%LC清佳
「春樹くん……」%K%P
「春樹くん……」%K%P
考えてもみれば清佳ちゃんが\n僕の前に現れる理由なんて蛍のことを尋ねる以外にない。%K%P
考えてもみれば清佳ちゃんが\n僕の前に現れる理由なんて蛍のことを尋ねる以外にない。%K%P
むしろ嫌っている僕を頼るなんて相当悩んでいる証拠だ。\nきっと苦渋の決断だったんだろう。%K%P
むしろ嫌っている僕を頼るなんて相当悩んでいる証拠だ。\nきっと苦渋の決断だったんだろう。%K%P
僕が蛍であることを差し置いても、\nそんな彼女を無下にすることなんてできない。%K%P
僕が蛍であることを差し置いても、\nそんな彼女を無下にすることなんてできない。%K%P
頼られたのなら応える。\n男なら――そう在るべきだもん。%K%P
頼られたのなら応える。\n男なら――そう在るべきだもん。%K%P
%LC清佳
%LC清佳
%XS16「……やはりこの男。何か情報を握っているようね……。\n　なんとしても聞き出さないと……」%XE%K%P
%XS16「……やはりこの男。何か情報を握っているようね……。\n　なんとしても聞き出さないと……」%XE%K%P
%LC春樹
%LC春樹
「え、何か言った？」%K%P
「え、何か言った？」%K%P
%LC清佳
%LC清佳
「ふふ。気にしないで、独り言よ。じゃあ乗って？\n　愛、エスコートしてあげなさい」%K%P
「ふふ。気にしないで、独り言よ。じゃあ乗って？\n　愛、エスコートしてあげなさい」%K%P
%LC愛
%LC愛
「はいは〜いっ。ぎゅ〜……！」%K%P
「はいは〜いっ。ぎゅ〜……！」%K%P
%LC春樹
%LC春樹
「そ、そんなにくっつかなくていいから。\n　色々と、あ、当たってるし……！」%K%P
「そ、そんなにくっつかなくていいから。\n　色々と、あ、当たってるし……！」%K%P
%LC愛
%LC愛
「わ・ざ・と、当ててるんですよぉ〜。\n　ふふふ、愛のおっぱい、気持ちいいですか？」%K%P
「わ・ざ・と、当ててるんですよぉ〜。\n　ふふふ、愛のおっぱい、気持ちいいですか？」%K%P
%LC春樹
%LC春樹
「おっぱ――〜〜っっ！」%K%P
「おっぱ――〜〜っっ！」%K%P
%LC愛
%LC愛
「あはは、先輩、絶対童貞ですよね〜。\n　おっぱいも見たことなさそう〜」%K%P
「あはは、先輩、絶対童貞ですよね〜。\n　おっぱいも見たことなさそう〜」%K%P
%LC愛
%LC愛
「愛のお胸で良ければ……ふふふ。\n　後でたっーぷり見せてあげますから。\n　その代わり、ちゃんとお話聞かせて下さいね？」%K%P
「愛のお胸で良ければ……ふふふ。\n　後でたっーぷり見せてあげますから。\n　その代わり、ちゃんとお話聞かせて下さいね？」%K%P
%LC春樹
%LC春樹
「そんなつもりで話すわけじゃないって……！！」%K%P
「そんなつもりで話すわけじゃないって……！！」%K%P
そうして愛さんに引っ張られるまま、\n黒塗りの高級車へと連れて行かれる。%K%P
そうして愛さんに引っ張られるまま、\n黒塗りの高級車へと連れて行かれる。%K%P
でも大して話すことはない。\n僕だって清佳ちゃんと仲直りしたいんだ。%K%P
でも大して話すことはない。\n僕だって清佳ちゃんと仲直りしたいんだ。%K%P
清佳ちゃんもその気なのだとしたら、\nほんの二、三言で話は終わる。%K%P
清佳ちゃんもその気なのだとしたら、\nほんの二、三言で話は終わる。%K%P
%LC清佳
%LC清佳
「あなたが話のわかる人で良かったわ。\n　思っていたより……その。いい人なのね？」%K%P
「あなたが話のわかる人で良かったわ。\n　思っていたより……その。いい人なのね？」%K%P
%LC春樹
%LC春樹
「清佳さん……」%K%P
「清佳さん……」%K%P
だけど、えへへ。\n僕の印象も少しは良くなったみたいだ。%K%P
だけど、えへへ。\n僕の印象も少しは良くなったみたいだ。%K%P
今は蛍と清佳ちゃんの仲直りが先決だけど、\nこんな風に少しずつでも距離を縮められればいいな。%K%P
今は蛍と清佳ちゃんの仲直りが先決だけど、\nこんな風に少しずつでも距離を縮められればいいな。%K%P
男らしい姿も、もっと清佳ちゃんに見せていきたい。%K%P
男らしい姿も、もっと清佳ちゃんに見せていきたい。%K%P
そしていつか、蛍と同じくらい僕のことも――%K%P
そしていつか、蛍と同じくらい僕のことも――%K%P
%LC愛
%LC愛
「さーさーどうぞ。遠慮なく入って下さい」%K%P
「さーさーどうぞ。遠慮なく入って下さい」%K%P
ガチャっと車の扉が開かれる。%K%P
ガチャっと車の扉が開かれる。%K%P
僕の意識は――そこで途絶えた。%K%P
僕の意識は――そこで途絶えた。%K%P
