………………%K%P
………………%K%P
…………%K%P
…………%K%P
……%K%P
……%K%P
――蛍と出会うまでの私は、\nきっと人であって人じゃなかった。%K%P
――蛍と出会うまでの私は、\nきっと人であって人じゃなかった。%K%P
将来、楠グループを継ぐためだけに育てられた\n人の形をしているだけの入れ物。%K%P
将来、楠グループを継ぐためだけに育てられた\n人の形をしているだけの入れ物。%K%P
無論、お父様やお母様にそんなつもりはなかったと思う。%K%P
無論、お父様やお母様にそんなつもりはなかったと思う。%K%P
二人もきっと私と同じように育てられたはずだから。\n幼い頃に自分がしたことを私にしているに過ぎない。%K%P
二人もきっと私と同じように育てられたはずだから。\n幼い頃に自分がしたことを私にしているに過ぎない。%K%P
私もそれがおかしいとは思わなかった。%K%P
私もそれがおかしいとは思わなかった。%K%P
同年代の子供たちが遊んでいる間も勉学に励み、\n老獪な大人たちを相手取って立ち振る舞う。%K%P
同年代の子供たちが遊んでいる間も勉学に励み、\n老獪な大人たちを相手取って立ち振る舞う。%K%P
周囲は常に敵だらけで、\n友人と呼べる人間もただの一人もいない。%K%P
周囲は常に敵だらけで、\n友人と呼べる人間もただの一人もいない。%K%P
私にとってはそれが常識で、むしろ能天気に遊ぶ\n同年代の子供たちを内心バカにしていたりもした。%K%P
私にとってはそれが常識で、むしろ能天気に遊ぶ\n同年代の子供たちを内心バカにしていたりもした。%K%P
ただ結果として私は、言われるがままに学び、行動し、\n他人を信用せず、淡々と物事をこなす人間になっていた。%K%P
ただ結果として私は、言われるがままに学び、行動し、\n他人を信用せず、淡々と物事をこなす人間になっていた。%K%P
その境遇を不満に思ったことはない。\n同年代の子供たちに憧れを抱いたこともない。%K%P
その境遇を不満に思ったことはない。\n同年代の子供たちに憧れを抱いたこともない。%K%P
……いいや、憧れは抱いていたのかもしれない。%K%P
……いいや、憧れは抱いていたのかもしれない。%K%P
だからこそ私はあの日、お屋敷を抜け出して――%K%P
だからこそ私はあの日、お屋敷を抜け出して――%K%P
%LC清佳
%LC清佳
「…………」%K%P
「…………」%K%P
能天気に遊ぶ子供たちを羨ましげに眺めていたのだ。%K%P
能天気に遊ぶ子供たちを羨ましげに眺めていたのだ。%K%P
声をかけることは躊躇われた。%K%P
声をかけることは躊躇われた。%K%P
こちらからアプローチをかけることは\n弱みを見せることと同義だと教わっていたから。%K%P
こちらからアプローチをかけることは\n弱みを見せることと同義だと教わっていたから。%K%P
もしも弱みを見せて、\nつけ込まれてしまっては目も当てられない。%K%P
もしも弱みを見せて、\nつけ込まれてしまっては目も当てられない。%K%P
私の姿を見た途端、態度を一変する可能性もある。\n今まで出会ってきた人は大半がそうだった。%K%P
私の姿を見た途端、態度を一変する可能性もある。\n今まで出会ってきた人は大半がそうだった。%K%P
そうじゃない人は最初から\n偽りの顔を作って私と接していた。%K%P
そうじゃない人は最初から\n偽りの顔を作って私と接していた。%K%P
だから、彼女たちの輪に入ることはできない。\n入りたいとも思っていない。%K%P
だから、彼女たちの輪に入ることはできない。\n入りたいとも思っていない。%K%P
羨ましくなんて……思っていない。%K%P
羨ましくなんて……思っていない。%K%P
%LC女の子
%LC女の子
「あ、あの――」%K%P
「あ、あの――」%K%P
%LC清佳
%LC清佳
「え？」%K%P
「え？」%K%P
彼女に話しかけられたのは、\nちょうどそんなことを考えていた時だった。%K%P
彼女に話しかけられたのは、\nちょうどそんなことを考えていた時だった。%K%P
%LC女の子
%LC女の子
「急に話しかけちゃってごめんね？\n　寂しそうな顔でずっと座ってたから……！」%K%P
「急に話しかけちゃってごめんね？\n　寂しそうな顔でずっと座ってたから……！」%K%P
%LC女の子
%LC女の子
「もしかして、あの子たちとケンカでもしたの？」%K%P
「もしかして、あの子たちとケンカでもしたの？」%K%P
%LC清佳
%LC清佳
「ケンカ……？」%K%P
「ケンカ……？」%K%P
%LC女の子
%LC女の子
「う、うん。ずっとあの子たちを見てるみたいだったから」%K%P
「う、うん。ずっとあの子たちを見てるみたいだったから」%K%P
%LC女の子
%LC女の子
「もし仲直りしづらいのなら、一緒に行く……？\n　何があったのかは知らないけど……」%K%P
「もし仲直りしづらいのなら、一緒に行く……？\n　何があったのかは知らないけど……」%K%P
おっかなビックリ話しかけてきた少女を見てピンときた。\n私に取り入ろうとしている人間の一人だろう。%K%P
おっかなビックリ話しかけてきた少女を見てピンときた。\n私に取り入ろうとしている人間の一人だろう。%K%P
けれど取り入り方が驚くほど下手だ。%K%P
けれど取り入り方が驚くほど下手だ。%K%P
どこの家の人間かは知らないけれど、\n見当違いな物言いにも程がある。%K%P
どこの家の人間かは知らないけれど、\n見当違いな物言いにも程がある。%K%P
%LC清佳
%LC清佳
「あなた、誰？」%K%P
「あなた、誰？」%K%P
%LC女の子
%LC女の子
「あ……！　あっ、ぼ、僕は――」%K%P
「あ……！　あっ、ぼ、僕は――」%K%P
%LC清佳
%LC清佳
「……ボク？」%K%P
「……ボク？」%K%P
%LC蛍
%LC蛍
「〜〜っっ。わ、わたしは蛍。\n　春日蛍って言うの……！」%K%P
「〜〜っっ。わ、わたしは蛍。\n　春日蛍って言うの……！」%K%P
%LC清佳
%LC清佳
「春日蛍……。聞いたことのない名前ね」%K%P
「春日蛍……。聞いたことのない名前ね」%K%P
%LC蛍
%LC蛍
「当たり前だと思うけど……。\n　わたしもあなたのお名前知らないし……」%K%P
「当たり前だと思うけど……。\n　わたしもあなたのお名前知らないし……」%K%P
%LC清佳
%LC清佳
「へぇ？」%K%P
「へぇ？」%K%P
面白い嘘だ。私がどこの誰か知らず、\n話しかけてくるわけがない。%K%P
面白い嘘だ。私がどこの誰か知らず、\n話しかけてくるわけがない。%K%P
私のことを知らないのであれば、\n話しかける理由もメリットもないのだから。%K%P
私のことを知らないのであれば、\n話しかける理由もメリットもないのだから。%K%P
%LC清佳
%LC清佳
「わざわざ声をかけてくれてありがとう。\n　けれど余計なお世話だわ」%K%P
「わざわざ声をかけてくれてありがとう。\n　けれど余計なお世話だわ」%K%P
%LC清佳
%LC清佳
「私は彼女たちとケンカなんてしていない。\n　そもそも彼女たちと知り合いですらない」%K%P
「私は彼女たちとケンカなんてしていない。\n　そもそも彼女たちと知り合いですらない」%K%P
%LC清佳
%LC清佳
「もちろん寂しそうな顔もしていない。\n　むしろ能天気な子たちだと思って見ていたの」%K%P
「もちろん寂しそうな顔もしていない。\n　むしろ能天気な子たちだと思って見ていたの」%K%P
%LC蛍
%LC蛍
「能天気……？」%K%P
「能天気……？」%K%P
%LC清佳
%LC清佳
「見なさいよ。私と同じくらいの年頃の女の子が、\n　バカみたいにはしゃぎ回って」%K%P
「見なさいよ。私と同じくらいの年頃の女の子が、\n　バカみたいにはしゃぎ回って」%K%P
%LC清佳
%LC清佳
「滑り台？　ブランコ？　ボール遊び？\n　ふふ――あんなことしてなんの糧になるのかしら」%K%P
「滑り台？　ブランコ？　ボール遊び？\n　ふふ――あんなことしてなんの糧になるのかしら」%K%P
%LC清佳
%LC清佳
「無駄なことに時間を費やすより、\n　もっと有意義なことに時間を使うべきよ」%K%P
「無駄なことに時間を費やすより、\n　もっと有意義なことに時間を使うべきよ」%K%P
%LC蛍
%LC蛍
「…………」%K%P
「…………」%K%P
突き放すように告げる私を、\n彼女はただじっと見つめていた。%K%P
突き放すように告げる私を、\n彼女はただじっと見つめていた。%K%P
善人ぶって近づいてきても、ほだされはしない。\n――そんな気持ちを込めて告げた言葉だったのに。%K%P
善人ぶって近づいてきても、ほだされはしない。\n――そんな気持ちを込めて告げた言葉だったのに。%K%P
%LC蛍
%LC蛍
「ふふっ。ふふふっ」%K%P
「ふふっ。ふふふっ」%K%P
%LC清佳
%LC清佳
「な、何を笑ってるのっ？」%K%P
「な、何を笑ってるのっ？」%K%P
声を上げて笑い始めた彼女を見て、\n急激に体温が上がる。%K%P
声を上げて笑い始めた彼女を見て、\n急激に体温が上がる。%K%P
なんだか心の底を見られているようで、\n胸がとんでもなくざわついてしまった。%K%P
なんだか心の底を見られているようで、\n胸がとんでもなくざわついてしまった。%K%P
%LC蛍
%LC蛍
「だって、ふふ、素直じゃなさすぎて。\n　遊びたいなら遊びたいって言えばいいのに」%K%P
「だって、ふふ、素直じゃなさすぎて。\n　遊びたいなら遊びたいって言えばいいのに」%K%P
%LC清佳
%LC清佳
「素直じゃないって……！\n　わ、私は本当に遊びたくなんて――」%K%P
「素直じゃないって……！\n　わ、私は本当に遊びたくなんて――」%K%P
%LC蛍
%LC蛍
「なら、わたしと一緒に遊んでみない？\n　きっと、とても楽しいと思うよ？」%K%P
「なら、わたしと一緒に遊んでみない？\n　きっと、とても楽しいと思うよ？」%K%P
%LC清佳
%LC清佳
「えっ？」%K%P
「えっ？」%K%P
%LC蛍
%LC蛍
「行こう？　滑り台もブランコもボール遊びも――\n　みんなみんな、絶対に楽しいから」%K%P
「行こう？　滑り台もブランコもボール遊びも――\n　みんなみんな、絶対に楽しいから」%K%P
%LC清佳
%LC清佳
「だ、だから、私は――」%K%P
「だ、だから、私は――」%K%P
%LC蛍
%LC蛍
「ほーら。立って立って」%K%P
「ほーら。立って立って」%K%P
%LC清佳
%LC清佳
「離して……！　私は別に……！」%K%P
「離して……！　私は別に……！」%K%P
%LC女性
%LC女性
「蛍〜。なーにしてんの――って。\n　おおっ〜、だれだれ、その美少女！」%K%P
「蛍〜。なーにしてんの――って。\n　おおっ〜、だれだれ、その美少女！」%K%P
%LC蛍
%LC蛍
「あ、えと、この子は――」%K%P
「あ、えと、この子は――」%K%P
%LC蛍
%LC蛍
「お名前、聞いてもいい？」%K%P
「お名前、聞いてもいい？」%K%P
%LC清佳
%LC清佳
「ほ……本当に知らないの？\n　私の、名前……」%K%P
「ほ……本当に知らないの？\n　私の、名前……」%K%P
%LC蛍
%LC蛍
「え？　うん」%K%P
「え？　うん」%K%P
きょとんと首を傾げる彼女は、\nどうしても嘘をついているように見えなかった。%K%P
きょとんと首を傾げる彼女は、\nどうしても嘘をついているように見えなかった。%K%P
もしかしたら……本当に私のことを知らないのかも。%K%P
もしかしたら……本当に私のことを知らないのかも。%K%P
%LC清佳
%LC清佳
「清佳……。清佳よ。\n　私の名前は清佳」%K%P
「清佳……。清佳よ。\n　私の名前は清佳」%K%P
%LC蛍
%LC蛍
「清佳ちゃんだね？\n　ふふ、よろしく」%K%P
「清佳ちゃんだね？\n　ふふ、よろしく」%K%P
%LC清佳
%LC清佳
「う、うん……」%K%P
「う、うん……」%K%P
%LC蛍
%LC蛍
「じゃあ、行こう清佳ちゃん？\n　何して遊びたい？」%K%P
「じゃあ、行こう清佳ちゃん？\n　何して遊びたい？」%K%P
無邪気に私の手を引くその瞳からは、\nなんの打算も後ろ暗い策略も感じなかった。%K%P
無邪気に私の手を引くその瞳からは、\nなんの打算も後ろ暗い策略も感じなかった。%K%P
蛍はただ恥ずかしがる私を引っ張って、\n能天気な児戯に無理やり私を興じさせた。%K%P
蛍はただ恥ずかしがる私を引っ張って、\n能天気な児戯に無理やり私を興じさせた。%K%P
まるでどこにでもいる普通の女の子と接するように。%K%P
まるでどこにでもいる普通の女の子と接するように。%K%P
%LC蛍
%LC蛍
「どう？　楽しかったでしょ？」%K%P
「どう？　楽しかったでしょ？」%K%P
%LC清佳
%LC清佳
「う……うん……。悪くは、なかったわ……」%K%P
「う……うん……。悪くは、なかったわ……」%K%P
%LC蛍
%LC蛍
「それじゃ今日はもう解散しよ？\n　あんまり遅くなると心配されると思うから」%K%P
「それじゃ今日はもう解散しよ？\n　あんまり遅くなると心配されると思うから」%K%P
%LC清佳
%LC清佳
「そ……そうね……」%K%P
「そ……そうね……」%K%P
当然のように別れを告げてくる彼女の姿に、\n私はその場を動くことができなかった。%K%P
当然のように別れを告げてくる彼女の姿に、\n私はその場を動くことができなかった。%K%P
ひた隠しにしてきた気持ちが、\nずっと蓋をしてきた感情が今にも溢れ出しそうだった。%K%P
ひた隠しにしてきた気持ちが、\nずっと蓋をしてきた感情が今にも溢れ出しそうだった。%K%P
もしかしたら彼女なら、蛍なら、私と――%K%P
もしかしたら彼女なら、蛍なら、私と――%K%P
%LC蛍
%LC蛍
「清佳ちゃん……？」%K%P
「清佳ちゃん……？」%K%P
%LC清佳
%LC清佳
「っっ。その蛍……。\n　お願いが、あるんだけど……」%K%P
「っっ。その蛍……。\n　お願いが、あるんだけど……」%K%P
%LC蛍
%LC蛍
「お願い？」%K%P
「お願い？」%K%P
それはきっと、私が初めて心のままに告げた、\n嘘偽りない言葉だったに違いない。%K%P
それはきっと、私が初めて心のままに告げた、\n嘘偽りない言葉だったに違いない。%K%P
%LC清佳
%LC清佳
%XS21「私と――お友達になって欲しいの……！」%XE%K%P
%XS21「私と――お友達になって欲しいの……！」%XE%K%P
その日――私と蛍は友達になった。%K%P
その日――私と蛍は友達になった。%K%P
毎日公園に集まって、能天気に遊び回った。%K%P
毎日公園に集まって、能天気に遊び回った。%K%P
蛍の前でだけは、私は素直でいられた。%K%P
蛍の前でだけは、私は素直でいられた。%K%P
私という人間は案外ワガママで、\n好奇心旺盛だったことも知った。%K%P
私という人間は案外ワガママで、\n好奇心旺盛だったことも知った。%K%P
蛍が……教えてくれた。%K%P
蛍が……教えてくれた。%K%P
彼女を好きになるのに時間もかからなかった。%K%P
彼女を好きになるのに時間もかからなかった。%K%P
かけがえのない友達。\n私にとって何よりも大切な、唯一無二の親友。%K%P
かけがえのない友達。\n私にとって何よりも大切な、唯一無二の親友。%K%P
だからこそ――%K%P
だからこそ――%K%P
%LC清佳
%LC清佳
「絶交……！　蛍とはもう絶交よ……！！」%K%P
「絶交……！　蛍とはもう絶交よ……！！」%K%P
%LC蛍
%LC蛍
「清佳ちゃん……」%K%P
「清佳ちゃん……」%K%P
%LC清佳
%LC清佳
「引っ越すなんて聞いてないもん……！\n　どうして急にそんなこと……！」%K%P
「引っ越すなんて聞いてないもん……！\n　どうして急にそんなこと……！」%K%P
%LC清佳
%LC清佳
「しかも二週間後って……！\n　せっかくお友達になったのに……！」%K%P
「しかも二週間後って……！\n　せっかくお友達になったのに……！」%K%P
%LC蛍
%LC蛍
「ごめんね……？　わたしも、その……。\n　中々言い出せなくて……」%K%P
「ごめんね……？　わたしも、その……。\n　中々言い出せなくて……」%K%P
蛍が引っ越すと聞いた時は、\n駄々っ子のように泣きわめいた。%K%P
蛍が引っ越すと聞いた時は、\n駄々っ子のように泣きわめいた。%K%P
離れるのが嫌なはずなのに『絶交』だなんて言って。\n独り相撲の大喧嘩をして――%K%P
離れるのが嫌なはずなのに『絶交』だなんて言って。\n独り相撲の大喧嘩をして――%K%P
%LC清佳
%LC清佳
「だったら私も行く……！\n　蛍について行くから……！」%K%P
「だったら私も行く……！\n　蛍について行くから……！」%K%P
%LC蛍
%LC蛍
「む、無茶言わないで？\n　そんなことさせられないよ」%K%P
「む、無茶言わないで？\n　そんなことさせられないよ」%K%P
%LC清佳
%LC清佳
「だったら蛍だけここに残ればいいじゃない……！\n　私のお家に住めばいいわ……！」%K%P
「だったら蛍だけここに残ればいいじゃない……！\n　私のお家に住めばいいわ……！」%K%P
%LC蛍
%LC蛍
「本当にごめんね……」%K%P
「本当にごめんね……」%K%P
%LC清佳
%LC清佳
「だったら絶交……！　蛍とは絶交するから……！！」%K%P
「だったら絶交……！　蛍とは絶交するから……！！」%K%P
%LC蛍
%LC蛍
「清佳ちゃん……」%K%P
「清佳ちゃん……」%K%P
%LC清佳
%LC清佳
「私は本気だもん……！\n　蛍は私と絶交したいのっ……？」%K%P
「私は本気だもん……！\n　蛍は私と絶交したいのっ……？」%K%P
%LC蛍
%LC蛍
「そんなことないよ……！\n　でも、こればっかりは……」%K%P
「そんなことないよ……！\n　でも、こればっかりは……」%K%P
%LC清佳
%LC清佳
「っっ。もういいっ……！！」%K%P
「っっ。もういいっ……！！」%K%P
%LC蛍
%LC蛍
「あっ、清佳ちゃん……！！」%K%P
「あっ、清佳ちゃん……！！」%K%P
それからしばらく私は公園に行かなかった。%K%P
それからしばらく私は公園に行かなかった。%K%P
きっと蛍は待っている。けど顔を見るのが辛かった。%K%P
きっと蛍は待っている。けど顔を見るのが辛かった。%K%P
珍しく愛が私を励ましてくれたことも覚えている。\n「このままでいいんですか？」と優しく諭してくれた。%K%P
珍しく愛が私を励ましてくれたことも覚えている。\n「このままでいいんですか？」と優しく諭してくれた。%K%P
私も、このままお別れするなんて嫌だった。%K%P
私も、このままお別れするなんて嫌だった。%K%P
%LC蛍
%LC蛍
「あ……」%K%P
「あ……」%K%P
%LC清佳
%LC清佳
「…………」%K%P
「…………」%K%P
%LC蛍
%LC蛍
「清佳ちゃん……！」%K%P
「清佳ちゃん……！」%K%P
%LC清佳
%LC清佳
「あ……！　ほ、蛍……！」%K%P
「あ……！　ほ、蛍……！」%K%P
%LC蛍
%LC蛍
「良かった……。来てくれたんだ……！\n　ずっと街中探し回ってたんだよ……？」%K%P
「良かった……。来てくれたんだ……！\n　ずっと街中探し回ってたんだよ……？」%K%P
%LC清佳
%LC清佳
「ふ、ふんだ。私は蛍と絶交中なんだから……。\n　ここに来たのは、その。たまたまだもん……！」%K%P
「ふ、ふんだ。私は蛍と絶交中なんだから……。\n　ここに来たのは、その。たまたまだもん……！」%K%P
%LC蛍
%LC蛍
「まだ怒ってるの……？」%K%P
「まだ怒ってるの……？」%K%P
%LC清佳
%LC清佳
「ずっと怒ってるっ」%K%P
「ずっと怒ってるっ」%K%P
%LC清佳
%LC清佳
「だって蛍が行っちゃったら、私、また……！」%K%P
「だって蛍が行っちゃったら、私、また……！」%K%P
また――独りになってしまう。%K%P
また――独りになってしまう。%K%P
そう思うと涙が溢れてしまいそうになった。%K%P
そう思うと涙が溢れてしまいそうになった。%K%P
蛍と出会う前の私なら、こんな風に\n目尻が熱くなることなんてなかったはずなのに。%K%P
蛍と出会う前の私なら、こんな風に\n目尻が熱くなることなんてなかったはずなのに。%K%P
%LC清佳
%LC清佳
「蛍は悲しく、ないの？\n　私と離れ離れになっても平気、なの……？」%K%P
「蛍は悲しく、ないの？\n　私と離れ離れになっても平気、なの……？」%K%P
%LC清佳
%LC清佳
「私はこんなに、ひっく、つらいのに……」%K%P
「私はこんなに、ひっく、つらいのに……」%K%P
%LC蛍
%LC蛍
「……じゃない……」%K%P
「……じゃない……」%K%P
%LC清佳
%LC清佳
「え……？」%K%P
「え……？」%K%P
%LC蛍
%LC蛍
「平気なわけ、ないじゃない……！！」%K%P
「平気なわけ、ないじゃない……！！」%K%P
%LC蛍
%LC蛍
「悲しくないわけ、ないじゃない……！！」%K%P
「悲しくないわけ、ないじゃない……！！」%K%P
%LC清佳
%LC清佳
「蛍……」%K%P
「蛍……」%K%P
%LC蛍
%LC蛍
「わたしだってずっと一緒にいたいもん……！\n　清佳ちゃんと離れ離れになんかなりたくない……！！」%K%P
「わたしだってずっと一緒にいたいもん……！\n　清佳ちゃんと離れ離れになんかなりたくない……！！」%K%P
%LC蛍
%LC蛍
「清佳ちゃんともう会えなくなると思うだけで、\n　ひっくっ、ひっくっ、つらくてたまらないもん……！」%K%P
「清佳ちゃんともう会えなくなると思うだけで、\n　ひっくっ、ひっくっ、つらくてたまらないもん……！」%K%P
%LC蛍
%LC蛍
「絶交なんて、ふぇぇっ……！！\n　絶対に嫌だも〜んっ……！！」%K%P
「絶交なんて、ふぇぇっ……！！\n　絶対に嫌だも〜んっ……！！」%K%P
%LC清佳
%LC清佳
「ちょ、ちょっと泣かないで蛍……！\n　あの、えと……！」%K%P
「ちょ、ちょっと泣かないで蛍……！\n　あの、えと……！」%K%P
%LC清佳
%LC清佳
「蛍にそんな風に泣かれたら、ひっく、\n　私まで――……ふぇ、ふぇぇぇん〜〜！！」%K%P
「蛍にそんな風に泣かれたら、ひっく、\n　私まで――……ふぇ、ふぇぇぇん〜〜！！」%K%P
%LC清佳
%LC清佳
「ごめんね……！　ごめんね、蛍っ……！\n　絶交なんて言ってごめんなさいっ……！」%K%P
「ごめんね……！　ごめんね、蛍っ……！\n　絶交なんて言ってごめんなさいっ……！」%K%P
%LC蛍
%LC蛍
「わたしこそごめんねっ……！\n　引っ越すことずっと言えなくてごめんなさい……！」%K%P
「わたしこそごめんねっ……！\n　引っ越すことずっと言えなくてごめんなさい……！」%K%P
その日、私たちは二人でわんわん泣いた。%K%P
その日、私たちは二人でわんわん泣いた。%K%P
近くにいた人たちが心配そうにやってきちゃうくらい。%K%P
近くにいた人たちが心配そうにやってきちゃうくらい。%K%P
嗚咽で二人とも喉が焼けちゃうくらい。%K%P
嗚咽で二人とも喉が焼けちゃうくらい。%K%P
泣いて、泣いて、泣き続けた――%K%P
泣いて、泣いて、泣き続けた――%K%P
だけど――どれだけ泣いても\n近い未来、離れ離れになることは変わらなくて。%K%P
だけど――どれだけ泣いても\n近い未来、離れ離れになることは変わらなくて。%K%P
でも、蛍はそんな私をある場所に連れて行ってくれた。%K%P
でも、蛍はそんな私をある場所に連れて行ってくれた。%K%P
%LC清佳
%LC清佳
「ほ、蛍。まだ目を開けちゃダメなの……？」%K%P
「ほ、蛍。まだ目を開けちゃダメなの……？」%K%P
%LC蛍
%LC蛍
「まーだ。もう少し待って？」%K%P
「まーだ。もう少し待って？」%K%P
%LC蛍
%LC蛍
「いいよ？　目を開けて？」%K%P
「いいよ？　目を開けて？」%K%P
%LC清佳
%LC清佳
「う、うん……」%K%P
「う、うん……」%K%P
%LC清佳
%LC清佳
「わぁ……！」%K%P
「わぁ……！」%K%P
一面に広がる花畑を見て、\n思わず感嘆の声を上げてしまう。%K%P
一面に広がる花畑を見て、\n思わず感嘆の声を上げてしまう。%K%P
一歩踏み出すだけで、\n甘いお花の香りが身体中を包み込んできてくれて。%K%P
一歩踏み出すだけで、\n甘いお花の香りが身体中を包み込んできてくれて。%K%P
二歩踏み出せば、\n綺麗なお花たちが四方から微笑みかけてきてくれる。%K%P
二歩踏み出せば、\n綺麗なお花たちが四方から微笑みかけてきてくれる。%K%P
%LC清佳
%LC清佳
「素敵……。まるでお姫様になったみたい……」%K%P
「素敵……。まるでお姫様になったみたい……」%K%P
%LC蛍
%LC蛍
「えへへ……。気に入ってくれた……？」%K%P
「えへへ……。気に入ってくれた……？」%K%P
%LC清佳
%LC清佳
「うんっ……！」%K%P
「うんっ……！」%K%P
花畑を二人で走り回った。%K%P
花畑を二人で走り回った。%K%P
最後だから。と笑顔でたくさん遊び続けた。%K%P
最後だから。と笑顔でたくさん遊び続けた。%K%P
疲れてしまったら花畑の上に寝転がって、\n色とりどりの花越しに二人で笑い合って。%K%P
疲れてしまったら花畑の上に寝転がって、\n色とりどりの花越しに二人で笑い合って。%K%P
頭上を見上げると\n雲一つない青い空が広がっていて――。%K%P
頭上を見上げると\n雲一つない青い空が広がっていて――。%K%P
%LC清佳
%LC清佳
「……ひっく……」%K%P
「……ひっく……」%K%P
不意に、その青空が滲んで見えた。\n瞳から熱いものが絶え間なく溢れ出てくる。%K%P
不意に、その青空が滲んで見えた。\n瞳から熱いものが絶え間なく溢れ出てくる。%K%P
%LC清佳
%LC清佳
「ごめんね……ひっく……！\n　今日は泣かないつもり、だったのに……！」%K%P
「ごめんね……ひっく……！\n　今日は泣かないつもり、だったのに……！」%K%P
%LC清佳
%LC清佳
「だけど今日で、ひっく、\n　蛍とお別れかと思うと、ふぇ……！」%K%P
「だけど今日で、ひっく、\n　蛍とお別れかと思うと、ふぇ……！」%K%P
%LC蛍
%LC蛍
「清佳ちゃん……」%K%P
「清佳ちゃん……」%K%P
いつから私はこんなにも弱くなったんだろう。%K%P
いつから私はこんなにも弱くなったんだろう。%K%P
蛍と出会う前はこんなじゃなかったのに。\nこんな気持ちを抱くことなんてなかったのに。%K%P
蛍と出会う前はこんなじゃなかったのに。\nこんな気持ちを抱くことなんてなかったのに。%K%P
%LC蛍
%LC蛍
「ちょっと待っててね？」%K%P
「ちょっと待っててね？」%K%P
すると蛍は泣きじゃくる私に微笑みかけて、\n丁寧にお花を摘み取っていく。%K%P
すると蛍は泣きじゃくる私に微笑みかけて、\n丁寧にお花を摘み取っていく。%K%P
それを慎重に慎重に編み込んでいって――\n二人分の花の輪っかを作っていた。%K%P
それを慎重に慎重に編み込んでいって――\n二人分の花の輪っかを作っていた。%K%P
%LC清佳
%LC清佳
「それは……？」%K%P
「それは……？」%K%P
%LC蛍
%LC蛍
「これは……証、かな」%K%P
「これは……証、かな」%K%P
%LC清佳
%LC清佳
「証……？」%K%P
「証……？」%K%P
%LC蛍
%LC蛍
「うん――」%K%P
「うん――」%K%P
%LC蛍
%LC蛍
「わたしたちの友情の証、だよ？」%K%P
「わたしたちの友情の証、だよ？」%K%P
%LC清佳
%LC清佳
「友情の……証？」%K%P
「友情の……証？」%K%P
%LC蛍
%LC蛍
「うん。わたしにとって清佳ちゃんが\n　大切な大切なお友達だっていう証……」%K%P
「うん。わたしにとって清佳ちゃんが\n　大切な大切なお友達だっていう証……」%K%P
%LC蛍
%LC蛍
「たとえ離れ離れになっちゃっても……。\n　たとえまたケンカしちゃっても……」%K%P
「たとえ離れ離れになっちゃっても……。\n　たとえまたケンカしちゃっても……」%K%P
%LC蛍
%LC蛍
「わたしと清佳ちゃんは、\n　ずっとずーっとお友達だっていう証」%K%P
「わたしと清佳ちゃんは、\n　ずっとずーっとお友達だっていう証」%K%P
%LC清佳
%LC清佳
「蛍……」%K%P
「蛍……」%K%P
差し出されたのは、お花で作ったお揃いの冠だった。%K%P
差し出されたのは、お花で作ったお揃いの冠だった。%K%P
今まで他の人にも贈り物は何度ももらったことがある。\n高級な宝石や意匠を凝らしたアクセサリが多かった。%K%P
今まで他の人にも贈り物は何度ももらったことがある。\n高級な宝石や意匠を凝らしたアクセサリが多かった。%K%P
だけど、今までもらったどんな贈り物よりも、\nなんの値打ちのないこの冠の方が、私には――%K%P
だけど、今までもらったどんな贈り物よりも、\nなんの値打ちのないこの冠の方が、私には――%K%P
%LC蛍
%LC蛍
「受け取って、くれる？」%K%P
「受け取って、くれる？」%K%P
私には――かけがえのない宝物に見えた。%K%P
私には――かけがえのない宝物に見えた。%K%P
%LC清佳
%LC清佳
「ひっく……えっぐ……」%K%P
「ひっく……えっぐ……」%K%P
%LC蛍
%LC蛍
「あわわっ、や、やっぱり\n　こんなのいらなかったっ？」%K%P
「あわわっ、や、やっぱり\n　こんなのいらなかったっ？」%K%P
%LC清佳
%LC清佳
「違うのっ、ひっく……！\n　嬉しくて……！　涙が……！」%K%P
「違うのっ、ひっく……！\n　嬉しくて……！　涙が……！」%K%P
%LC清佳
%LC清佳
「友達からのプレゼントなんて初めてで……！\n　すごく嬉しくて……！」%K%P
「友達からのプレゼントなんて初めてで……！\n　すごく嬉しくて……！」%K%P
止まりかけた涙が再び溢れてくる。%K%P
止まりかけた涙が再び溢れてくる。%K%P
けれど、さっきまで流していた涙とはわけが違った。%K%P
けれど、さっきまで流していた涙とはわけが違った。%K%P
嬉しくて零れる涙もあるのだと、\n私はまた蛍に教えてもらった。%K%P
嬉しくて零れる涙もあるのだと、\n私はまた蛍に教えてもらった。%K%P
%LC清佳
%LC清佳
「ありがとう、蛍……！\n　大事に、ひっく、大事にするから……！」%K%P
「ありがとう、蛍……！\n　大事に、ひっく、大事にするから……！」%K%P
%LC清佳
%LC清佳
「離れ離れになっても、ひっく……！\n　ずっとずっと蛍と友達だから……！」%K%P
「離れ離れになっても、ひっく……！\n　ずっとずっと蛍と友達だから……！」%K%P
%LC清佳
%LC清佳
「どんなことがあっても私、ひっく、\n　蛍のこと忘れないからっ……！！」%K%P
「どんなことがあっても私、ひっく、\n　蛍のこと忘れないからっ……！！」%K%P
蛍が私をどう思っているのかはわからない。%K%P
蛍が私をどう思っているのかはわからない。%K%P
だけど――蛍は私にとって光そのものだった。%K%P
だけど――蛍は私にとって光そのものだった。%K%P
私の暗闇を照らしてくれた温かい光。%K%P
私の暗闇を照らしてくれた温かい光。%K%P
人の形をしただけの入れ物だった私を、\n一人の女の子にしてくれた魔法の光。%K%P
人の形をしただけの入れ物だった私を、\n一人の女の子にしてくれた魔法の光。%K%P
心の底から大好きな――女の子。%K%P
心の底から大好きな――女の子。%K%P
でも……この気持ちは迷惑なのかもしれない。%K%P
でも……この気持ちは迷惑なのかもしれない。%K%P
蛍はきっと私をそんな風に見てない。\nだからこそ蛍は私を避けたんだ。%K%P
蛍はきっと私をそんな風に見てない。\nだからこそ蛍は私を避けたんだ。%K%P
でも、それでも私は――……%K%P
でも、それでも私は――……%K%P
%LC蛍
%LC蛍
「はぁ、はぁ……！」%K%P
「はぁ、はぁ……！」%K%P
夜の街を駆け抜けていく。%K%P
夜の街を駆け抜けていく。%K%P
脳裏によぎるのは、あの日の約束だ。%K%P
脳裏によぎるのは、あの日の約束だ。%K%P
もし清佳ちゃんも\nあの日のことを覚えてくれているのなら。%K%P
もし清佳ちゃんも\nあの日のことを覚えてくれているのなら。%K%P
蛍との大切な思い出として、\n彼女の中で生き続けてくれているとするのなら。%K%P
蛍との大切な思い出として、\n彼女の中で生き続けてくれているとするのなら。%K%P
清佳ちゃんはきっと――%K%P
清佳ちゃんはきっと――%K%P
%LC清佳
%LC清佳
「ここをこうして……こう編んで――」%K%P
「ここをこうして……こう編んで――」%K%P
%LC清佳
%LC清佳
「ああもう、またほどけてきた……！\n　あともう少しなのに……！」%K%P
「ああもう、またほどけてきた……！\n　あともう少しなのに……！」%K%P
%LC蛍
%LC蛍
「はぁはぁ、いたっ……！」%K%P
「はぁはぁ、いたっ……！」%K%P
%LC蛍
%LC蛍
「清佳ちゃんっ……！！」%K%P
「清佳ちゃんっ……！！」%K%P
%LC清佳
%LC清佳
「えっ？　――ほ、蛍！？」%K%P
「えっ？　――ほ、蛍！？」%K%P
僕の姿を見た瞬間、\n清佳ちゃんが慌てた様子で何かを背中に隠す。%K%P
僕の姿を見た瞬間、\n清佳ちゃんが慌てた様子で何かを背中に隠す。%K%P
%LC蛍
%LC蛍
「はぁはぁ、見つかって良かった……！\n　大騒ぎになってるよっ？　清佳ちゃんが、\n　はぁはぁ、誘拐されちゃったかもって……！」%K%P
「はぁはぁ、見つかって良かった……！\n　大騒ぎになってるよっ？　清佳ちゃんが、\n　はぁはぁ、誘拐されちゃったかもって……！」%K%P
%LC清佳
%LC清佳
「誘拐……？　どうしてそんな――って。\n　いつの間にか日が沈んで……」%K%P
「誘拐……？　どうしてそんな――って。\n　いつの間にか日が沈んで……」%K%P
たった今、夜になっていることに気づいたかのように\n清佳ちゃんが呆然と空を見上げる。%K%P
たった今、夜になっていることに気づいたかのように\n清佳ちゃんが呆然と空を見上げる。%K%P
そして、すぐに状況を察したのか、\n清佳ちゃんは頭を下げてきた。%K%P
そして、すぐに状況を察したのか、\n清佳ちゃんは頭を下げてきた。%K%P
%LC清佳
%LC清佳
「ご、ごめんなさい。また私、蛍に迷惑をかけて……」%K%P
「ご、ごめんなさい。また私、蛍に迷惑をかけて……」%K%P
%LC蛍
%LC蛍
「そんなことより、はぁはぁ、無事で良かった……。\n　とりあえず愛さんに連絡してあげて……？」%K%P
「そんなことより、はぁはぁ、無事で良かった……。\n　とりあえず愛さんに連絡してあげて……？」%K%P
%LC清佳
%LC清佳
「え、ええ。わ、何十件も着信来てる……」%K%P
「え、ええ。わ、何十件も着信来てる……」%K%P
焦った様子で清佳ちゃんが電話をかける。\nするとすぐに愛さんの静かな怒声が聞こえてきた。%K%P
焦った様子で清佳ちゃんが電話をかける。\nするとすぐに愛さんの静かな怒声が聞こえてきた。%K%P
だけど、その声には確かな安堵も感じられて、\nだからこそ清佳ちゃんも申し訳なさそうに謝っていた。%K%P
だけど、その声には確かな安堵も感じられて、\nだからこそ清佳ちゃんも申し訳なさそうに謝っていた。%K%P
%LC蛍
%LC蛍
「大丈夫だった？」%K%P
「大丈夫だった？」%K%P
%LC清佳
%LC清佳
「う、うん……」%K%P
「う、うん……」%K%P
清佳ちゃんが気まずそうに\nモジモジと僕の言葉に応える。%K%P
清佳ちゃんが気まずそうに\nモジモジと僕の言葉に応える。%K%P
%LC清佳
%LC清佳
「ごめんなさい……。私、その……」%K%P
「ごめんなさい……。私、その……」%K%P
%LC蛍
%LC蛍
「ううん……事情はわかってるから。\n　むしろ謝らなくちゃいけないのはわたしの方だよ」%K%P
「ううん……事情はわかってるから。\n　むしろ謝らなくちゃいけないのはわたしの方だよ」%K%P
清佳ちゃんの背中に隠されているものを\n見据えながら、清佳ちゃんに頭を下げる。%K%P
清佳ちゃんの背中に隠されているものを\n見据えながら、清佳ちゃんに頭を下げる。%K%P
%LC蛍
%LC蛍
「昨日は……ごめんなさい。\n　清佳ちゃんを避けたりなんかしちゃって……」%K%P
「昨日は……ごめんなさい。\n　清佳ちゃんを避けたりなんかしちゃって……」%K%P
%LC蛍
%LC蛍
「清佳ちゃんの気持ちも考えずに……。\n　距離を取っちゃったりして……」%K%P
「清佳ちゃんの気持ちも考えずに……。\n　距離を取っちゃったりして……」%K%P
%LC清佳
%LC清佳
「ど、どうして蛍が謝るの？\n　悪いのは私だってば……」%K%P
「ど、どうして蛍が謝るの？\n　悪いのは私だってば……」%K%P
%LC清佳
%LC清佳
「私こそ蛍の気持ちを\n　考えないで勝手なことばかりして……」%K%P
「私こそ蛍の気持ちを\n　考えないで勝手なことばかりして……」%K%P
%LC清佳
%LC清佳
「数年ぶりに再会したのに子供の頃と同じように――\n　ううん。それ以上に気安い態度を取っちゃって……」%K%P
「数年ぶりに再会したのに子供の頃と同じように――\n　ううん。それ以上に気安い態度を取っちゃって……」%K%P
自分の行動を悔いるように清佳ちゃんが悲しげに俯く。%K%P
自分の行動を悔いるように清佳ちゃんが悲しげに俯く。%K%P
%LC清佳
%LC清佳
「私を避けちゃうくらい蛍が困ってるのもわかってたのに\n　無理やり迫って、好意を押しつけて……」%K%P
「私を避けちゃうくらい蛍が困ってるのもわかってたのに\n　無理やり迫って、好意を押しつけて……」%K%P
%LC清佳
%LC清佳
「そうすればきっと優しい蛍は折れてくれるって……。\n　蛍の優しさに……甘えようとして」%K%P
「そうすればきっと優しい蛍は折れてくれるって……。\n　蛍の優しさに……甘えようとして」%K%P
%LC清佳
%LC清佳
「そのクセ……最後には勝手に怒って出て行って」%K%P
「そのクセ……最後には勝手に怒って出て行って」%K%P
%LC蛍
%LC蛍
「清佳ちゃん……」%K%P
「清佳ちゃん……」%K%P
%LC清佳
%LC清佳
「ズルい女よね……。蛍は何一つ悪くないのに、\n　こうして蛍に謝らせて……」%K%P
「ズルい女よね……。蛍は何一つ悪くないのに、\n　こうして蛍に謝らせて……」%K%P
%LC清佳
%LC清佳
「なのにまた同情を引くようなことまで話してる。\n　こんなこと話せば蛍は私を気遣うってわかってるのに」%K%P
「なのにまた同情を引くようなことまで話してる。\n　こんなこと話せば蛍は私を気遣うってわかってるのに」%K%P
%LC清佳
%LC清佳
「でも私……きっとそういう人間なの。\n　狡猾で、計算高くて、とても我が儘で……」%K%P
「でも私……きっとそういう人間なの。\n　狡猾で、計算高くて、とても我が儘で……」%K%P
%LC蛍
%LC蛍
「……違うよ。清佳ちゃんはそんな人じゃない」%K%P
「……違うよ。清佳ちゃんはそんな人じゃない」%K%P
%LC清佳
%LC清佳
「違わないわ。自分のことは自分が一番わかってるもの」%K%P
「違わないわ。自分のことは自分が一番わかってるもの」%K%P
%LC蛍
%LC蛍
「それでも違うよ。\n　少なくともわたしの知ってる清佳ちゃんは、\n　どこまでも純粋で、考えなしで……」%K%P
「それでも違うよ。\n　少なくともわたしの知ってる清佳ちゃんは、\n　どこまでも純粋で、考えなしで……」%K%P
%LC蛍
%LC蛍
「それでいて――とっても我が儘な\n　わたしの友達、だよ？」%K%P
「それでいて――とっても我が儘な\n　わたしの友達、だよ？」%K%P
%LC清佳
%LC清佳
「蛍……」%K%P
「蛍……」%K%P
清佳ちゃんが寂しげな顔で僕を見つめてくる。\n公園のベンチで一人佇んでいたあの日の顔と同じ顔で。%K%P
清佳ちゃんが寂しげな顔で僕を見つめてくる。\n公園のベンチで一人佇んでいたあの日の顔と同じ顔で。%K%P
きっと僕の言葉を信じてくれていないんだろう。%K%P
きっと僕の言葉を信じてくれていないんだろう。%K%P
彼女の言う「蛍の優しさ」に甘えているように\n思っているのかもしれない。%K%P
彼女の言う「蛍の優しさ」に甘えているように\n思っているのかもしれない。%K%P
%LC蛍
%LC蛍
「わたしだって……清佳ちゃんが思うほど、\n　良い子じゃないよ？」%K%P
「わたしだって……清佳ちゃんが思うほど、\n　良い子じゃないよ？」%K%P
%LC蛍
%LC蛍
「わたしも気づいてたもん……。わたしに避けられて、\n　清佳ちゃんが悲しそうな顔をしてること……」%K%P
「わたしも気づいてたもん……。わたしに避けられて、\n　清佳ちゃんが悲しそうな顔をしてること……」%K%P
%LC蛍
%LC蛍
「なのにわたし、自分のために避け続けた……。\n　清佳ちゃんにつらい想いをさせるってわかってたのに」%K%P
「なのにわたし、自分のために避け続けた……。\n　清佳ちゃんにつらい想いをさせるってわかってたのに」%K%P
今も僕は罪を重ね続けている。%K%P
今も僕は罪を重ね続けている。%K%P
性別を偽って、別人になりきって、\n彼女を騙し続けているのだから。%K%P
性別を偽って、別人になりきって、\n彼女を騙し続けているのだから。%K%P
%LC蛍
%LC蛍
「わたしはそんな悪い子だよ。\n　清佳ちゃんが思うような良い子じゃ――」%K%P
「わたしはそんな悪い子だよ。\n　清佳ちゃんが思うような良い子じゃ――」%K%P
%LC清佳
%LC清佳
%XS21「――違うっ！！」%XE%K%P
%XS21「――違うっ！！」%XE%K%P
%LC清佳
%LC清佳
「蛍は良い子よ……！　ずっと独りだった私に\n　声をかけてくれて、一緒に遊んでくれて……！」%K%P
「蛍は良い子よ……！　ずっと独りだった私に\n　声をかけてくれて、一緒に遊んでくれて……！」%K%P
%LC清佳
%LC清佳
「悪いのは私なのに、こうして励ましてくれて、\n　自分を卑下してまで慰めてくれて……！」%K%P
「悪いのは私なのに、こうして励ましてくれて、\n　自分を卑下してまで慰めてくれて……！」%K%P
%LC清佳
%LC清佳
「優しくて、温かくて、格好良い――\n　私の大切な、大切なお友達なんだから……！」%K%P
「優しくて、温かくて、格好良い――\n　私の大切な、大切なお友達なんだから……！」%K%P
%LC清佳
%LC清佳
「だから、そんな自分を悪く言うようなこと、\n　言わないで……」%K%P
「だから、そんな自分を悪く言うようなこと、\n　言わないで……」%K%P
%LC蛍
%LC蛍
「清佳ちゃん……」%K%P
「清佳ちゃん……」%K%P
清佳ちゃんが必死な顔で見つめてきてくれる。\nきっと、さっきの僕も同じような顔をしていたんだろう。%K%P
清佳ちゃんが必死な顔で見つめてきてくれる。\nきっと、さっきの僕も同じような顔をしていたんだろう。%K%P
%LC蛍
%LC蛍
「ふふ。なんだかおかしいね……？\n　わたしたち、相手のことばかりフォローして」%K%P
「ふふ。なんだかおかしいね……？\n　わたしたち、相手のことばかりフォローして」%K%P
%LC清佳
%LC清佳
「わ、私は本当のことを言ってるだけよ。\n　蛍は誰がどう言おうと良い子だもの……」%K%P
「わ、私は本当のことを言ってるだけよ。\n　蛍は誰がどう言おうと良い子だもの……」%K%P
%LC蛍
%LC蛍
「わたしだってそうだよ？\n　本当のことを言ってるだけ」%K%P
「わたしだってそうだよ？\n　本当のことを言ってるだけ」%K%P
%LC蛍
%LC蛍
「清佳ちゃんは、純粋で、考えなしで、\n　とっても我が儘な、わたしの友達だもん」%K%P
「清佳ちゃんは、純粋で、考えなしで、\n　とっても我が儘な、わたしの友達だもん」%K%P
持ってきた鞄から、あるものを取り出す。%K%P
持ってきた鞄から、あるものを取り出す。%K%P
花畑の甘い匂いと同じ匂いが\n目の前でふわっと香った。%K%P
花畑の甘い匂いと同じ匂いが\n目の前でふわっと香った。%K%P
%LC清佳
%LC清佳
「それって私たちの……」%K%P
「それって私たちの……」%K%P
%LC蛍
%LC蛍
「そう。友情の証。\n　清佳ちゃんと仲直りしたくて作ったの」%K%P
「そう。友情の証。\n　清佳ちゃんと仲直りしたくて作ったの」%K%P
%LC蛍
%LC蛍
「朝早くに作っちゃったから、\n　お花がちょっぴりしおれちゃった……」%K%P
「朝早くに作っちゃったから、\n　お花がちょっぴりしおれちゃった……」%K%P
%LC清佳
%LC清佳
「春樹くんが言ってたこと……本当だったんだ。\n　本当に用意……してくれていて」%K%P
「春樹くんが言ってたこと……本当だったんだ。\n　本当に用意……してくれていて」%K%P
ぽつりと呟いた清佳ちゃんの身体が揺れる。\nずっと後ろに回していた手を前に持ってこようとする。%K%P
ぽつりと呟いた清佳ちゃんの身体が揺れる。\nずっと後ろに回していた手を前に持ってこようとする。%K%P
その手に何が握られているのかはわかっていた。%K%P
その手に何が握られているのかはわかっていた。%K%P
%LC蛍
%LC蛍
「清佳ちゃんも……作ってくれたんだよね？\n　だから、ここにいるんでしょ？」%K%P
「清佳ちゃんも……作ってくれたんだよね？\n　だから、ここにいるんでしょ？」%K%P
%LC清佳
%LC清佳
「え……ええ。蛍が作ってくれているならと思って。\n　私も……蛍と仲直りしたくて」%K%P
「え……ええ。蛍が作ってくれているならと思って。\n　私も……蛍と仲直りしたくて」%K%P
普段の豪快な姿はどこへやら。\n清佳ちゃんが気恥ずかしそうに頷く。%K%P
普段の豪快な姿はどこへやら。\n清佳ちゃんが気恥ずかしそうに頷く。%K%P
%LC清佳
%LC清佳
「でも……本当言うとね？\n　渡すか渡すまいか迷ってたの……」%K%P
「でも……本当言うとね？\n　渡すか渡すまいか迷ってたの……」%K%P
%LC清佳
%LC清佳
「私は子供の頃の思い出を盾に、\n　蛍に許されようとしてるんじゃないかって」%K%P
「私は子供の頃の思い出を盾に、\n　蛍に許されようとしてるんじゃないかって」%K%P
%LC清佳
%LC清佳
「友情の押し売りをしてるんじゃないかって」%K%P
「友情の押し売りをしてるんじゃないかって」%K%P
%LC蛍
%LC蛍
「ふふっ」%K%P
「ふふっ」%K%P
%LC清佳
%LC清佳
「ど、どうして笑うの？」%K%P
「ど、どうして笑うの？」%K%P
%LC蛍
%LC蛍
「清佳ちゃんって意外と臆病なんだなって思って。\n　いつもはあんなに押しが強いのに」%K%P
「清佳ちゃんって意外と臆病なんだなって思って。\n　いつもはあんなに押しが強いのに」%K%P
%LC清佳
%LC清佳
「だって蛍に嫌われたらと思うと……」%K%P
「だって蛍に嫌われたらと思うと……」%K%P
%LC蛍
%LC蛍
「ふふっ。なんだか可愛い」%K%P
「ふふっ。なんだか可愛い」%K%P
%LC清佳
%LC清佳
「可愛――〜〜っっ」%K%P
「可愛――〜〜っっ」%K%P
清佳ちゃんが顔を真っ赤にして慌てる。%K%P
清佳ちゃんが顔を真っ赤にして慌てる。%K%P
やっぱり小さい頃から清佳ちゃんは変わってない。\n僕の大好きな彼女のままだ。%K%P
やっぱり小さい頃から清佳ちゃんは変わってない。\n僕の大好きな彼女のままだ。%K%P
再会して――負けん気の強い天真爛漫な女の子に\nなったと思い込んでいたけれど。%K%P
再会して――負けん気の強い天真爛漫な女の子に\nなったと思い込んでいたけれど。%K%P
でも、根っこは変わってない。\n臆病で寂しがり屋で泣き虫で――%K%P
でも、根っこは変わってない。\n臆病で寂しがり屋で泣き虫で――%K%P
%LC清佳
%LC清佳
「あっ……」%K%P
「あっ……」%K%P
清佳ちゃんの手を取って、\n背中に隠していたものを見せてもらう。%K%P
清佳ちゃんの手を取って、\n背中に隠していたものを見せてもらう。%K%P
%LC蛍
%LC蛍
「えへへ。綺麗に作れてるね？」%K%P
「えへへ。綺麗に作れてるね？」%K%P
%LC清佳
%LC清佳
「ど、どこがよ。何時間かけても\n　上手くできなかったんだから……」%K%P
「ど、どこがよ。何時間かけても\n　上手くできなかったんだから……」%K%P
%LC蛍
%LC蛍
「じゃあ、受け取らない方がいい？」%K%P
「じゃあ、受け取らない方がいい？」%K%P
%LC清佳
%LC清佳
「……蛍は意外とイジワルよね。\n　小さい頃から全然変わってない……」%K%P
「……蛍は意外とイジワルよね。\n　小さい頃から全然変わってない……」%K%P
%LC清佳
%LC清佳
「私がブランコに乗れない時も笑ってきたし、\n　追いかけっこで転んだ時も笑ってきたし……」%K%P
「私がブランコに乗れない時も笑ってきたし、\n　追いかけっこで転んだ時も笑ってきたし……」%K%P
%LC清佳
%LC清佳
「そのクセ……私が泣きそうな時は\n　いつでも傍にいてくれて……」%K%P
「そのクセ……私が泣きそうな時は\n　いつでも傍にいてくれて……」%K%P
清佳ちゃんが真っ直ぐこちらを見つめてくる。%K%P
清佳ちゃんが真っ直ぐこちらを見つめてくる。%K%P
そして不格好な花の冠を差し出してきた。%K%P
そして不格好な花の冠を差し出してきた。%K%P
%LC清佳
%LC清佳
「受け取って……くれる？」%K%P
「受け取って……くれる？」%K%P
%LC清佳
%LC清佳
「もう一度、その。私と友達になってくれる？」%K%P
「もう一度、その。私と友達になってくれる？」%K%P
%LC蛍
%LC蛍
「それは……できないよ」%K%P
「それは……できないよ」%K%P
%LC清佳
%LC清佳
「え……」%K%P
「え……」%K%P
首を横に振って応える僕に、\n清佳ちゃんは泣きそうな顔をした。%K%P
首を横に振って応える僕に、\n清佳ちゃんは泣きそうな顔をした。%K%P
そんな彼女に微笑みかけながら、\n差し出された花の冠を受けとる。%K%P
そんな彼女に微笑みかけながら、\n差し出された花の冠を受けとる。%K%P
%LC蛍
%LC蛍
「もう一度、じゃないもん。\n　わたしと清佳ちゃんは小さい頃から\n　ずーっと変わらず一番のお友達、だよ？」%K%P
「もう一度、じゃないもん。\n　わたしと清佳ちゃんは小さい頃から\n　ずーっと変わらず一番のお友達、だよ？」%K%P
%LC清佳
%LC清佳
「っっ。もうっ……！！\n　やっぱり蛍はイジワルよ……！！」%K%P
「っっ。もうっ……！！\n　やっぱり蛍はイジワルよ……！！」%K%P
%LC蛍
%LC蛍
「――わっ！？」%K%P
「――わっ！？」%K%P
清佳ちゃんに花畑へ押し倒される。%K%P
清佳ちゃんに花畑へ押し倒される。%K%P
%LC蛍
%LC蛍
「も〜……。せっかく綺麗なお洋服着てきたのに。\n　泥だらけになっちゃったじゃない」%K%P
「も〜……。せっかく綺麗なお洋服着てきたのに。\n　泥だらけになっちゃったじゃない」%K%P
%LC清佳
%LC清佳
「ふんだ。蛍が変なフェイント入れるから悪いの。\n　私、本気で断られたのかと思ったんだから」%K%P
「ふんだ。蛍が変なフェイント入れるから悪いの。\n　私、本気で断られたのかと思ったんだから」%K%P
%LC蛍
%LC蛍
「ふふふ、ごめんね？\n　なんだかついからかいたくなっちゃって」%K%P
「ふふふ、ごめんね？\n　なんだかついからかいたくなっちゃって」%K%P
%LC清佳
%LC清佳
「……全くもう。どうして私の周りには、\n　私を小馬鹿にする人ばかり集まるのかしら」%K%P
「……全くもう。どうして私の周りには、\n　私を小馬鹿にする人ばかり集まるのかしら」%K%P
%LC蛍
%LC蛍
「それだけ清佳ちゃんが可愛いからじゃない？」%K%P
「それだけ清佳ちゃんが可愛いからじゃない？」%K%P
%LC清佳
%LC清佳
「言っておくけど……普段の私はしっかり者なのよ？\n　臆病になっちゃうのは蛍の前でだけなんだから」%K%P
「言っておくけど……普段の私はしっかり者なのよ？\n　臆病になっちゃうのは蛍の前でだけなんだから」%K%P
%LC蛍
%LC蛍
「わたしだってイジワルなこと言いたくなるの、\n　清佳ちゃんにだけだもん」%K%P
「わたしだってイジワルなこと言いたくなるの、\n　清佳ちゃんにだけだもん」%K%P
まるで子供のように花畑の上に寝転がりながら、\n二人で他愛もない話をして笑い合う。%K%P
まるで子供のように花畑の上に寝転がりながら、\n二人で他愛もない話をして笑い合う。%K%P
胸の上では、受け取りあった花の冠が\n月明かりを受けて綺麗に輝いていた。%K%P
胸の上では、受け取りあった花の冠が\n月明かりを受けて綺麗に輝いていた。%K%P
なんだか……ようやくあの頃に戻れた気がする。\nただ無邪気に、心のまま笑い合っていたあの頃に。%K%P
なんだか……ようやくあの頃に戻れた気がする。\nただ無邪気に、心のまま笑い合っていたあの頃に。%K%P
%LC清佳
%LC清佳
「……本当言うとね？\n　これを作って渡そうとは考えてなかったの」%K%P
「……本当言うとね？\n　これを作って渡そうとは考えてなかったの」%K%P
%LC清佳
%LC清佳
「さっきも言ったけど友情の押し売りみたいに\n　なっちゃうかと思ったし、作れるかどうかも\n　わからなかったし……」%K%P
「さっきも言ったけど友情の押し売りみたいに\n　なっちゃうかと思ったし、作れるかどうかも\n　わからなかったし……」%K%P
%LC蛍
%LC蛍
「なのにどうして作ったの？」%K%P
「なのにどうして作ったの？」%K%P
%LC清佳
%LC清佳
「……春樹くんが言ってたの。\n　蛍が友情の証を作って待ってるって」%K%P
「……春樹くんが言ってたの。\n　蛍が友情の証を作って待ってるって」%K%P
%LC清佳
%LC清佳
「蛍は私のことを最初から嫌ってなんかないから、\n　難しく考えずに会いに行けって」%K%P
「蛍は私のことを最初から嫌ってなんかないから、\n　難しく考えずに会いに行けって」%K%P
%LC蛍
%LC蛍
「？？？　なら尚更作る理由もないんじゃ……？\n　わたし、その。お家で待ってたんだよ……？」%K%P
「？？？　なら尚更作る理由もないんじゃ……？\n　わたし、その。お家で待ってたんだよ……？」%K%P
%LC清佳
%LC清佳
「それだと春樹くんに励まされたから、\n　私が蛍に会いに行ったみたいになるじゃない」%K%P
「それだと春樹くんに励まされたから、\n　私が蛍に会いに行ったみたいになるじゃない」%K%P
%LC清佳
%LC清佳
「そんなの癪だもの。春樹くんへの蛍の好感度も\n　上がっちゃうかもしれないし」%K%P
「そんなの癪だもの。春樹くんへの蛍の好感度も\n　上がっちゃうかもしれないし」%K%P
%LC蛍
%LC蛍
「あはは……」%K%P
「あはは……」%K%P
苦笑いすることしかできない。\nまさか僕のせいでまたこじれていたなんて……。%K%P
苦笑いすることしかできない。\nまさか僕のせいでまたこじれていたなんて……。%K%P
%LC清佳
%LC清佳
「……でも。彼の言葉に勇気をもらったのも事実なの」%K%P
「……でも。彼の言葉に勇気をもらったのも事実なの」%K%P
%LC清佳
%LC清佳
「彼が蛍は私を嫌っていないって言ってくれたから、\n　難しく考えなくていいって言ってくれたから、\n　これを作ろうと思えた」%K%P
「彼が蛍は私を嫌っていないって言ってくれたから、\n　難しく考えなくていいって言ってくれたから、\n　これを作ろうと思えた」%K%P
%LC清佳
%LC清佳
「たとえ離れ離れになっちゃっても……。\n　たとえまたケンカしちゃっても……」%K%P
「たとえ離れ離れになっちゃっても……。\n　たとえまたケンカしちゃっても……」%K%P
%LC清佳
%LC清佳
「私と蛍はずっとずーっとお友達だって、\n　蛍は私にこれを渡して言ってくれたから」%K%P
「私と蛍はずっとずーっとお友達だって、\n　蛍は私にこれを渡して言ってくれたから」%K%P
%LC清佳
%LC清佳
「もし春樹くんの言う通り、蛍がこれを作って\n　待ってくれているのなら。私も同じ気持ちだよって\n　同じ物を贈って伝えたかった」%K%P
「もし春樹くんの言う通り、蛍がこれを作って\n　待ってくれているのなら。私も同じ気持ちだよって\n　同じ物を贈って伝えたかった」%K%P
%LC蛍
%LC蛍
「清佳ちゃん……」%K%P
「清佳ちゃん……」%K%P
%LC清佳
%LC清佳
「業腹だけど……春樹くんにはお礼を言わないとね」%K%P
「業腹だけど……春樹くんにはお礼を言わないとね」%K%P
%LC清佳
%LC清佳
「ただ会いに行っていただけなら、\n　きっと今みたいに蛍と話せていないもの」%K%P
「ただ会いに行っていただけなら、\n　きっと今みたいに蛍と話せていないもの」%K%P
だとしたら良かった。%K%P
だとしたら良かった。%K%P
……良かった、か。昨日はあんなにも\n蛍と清佳ちゃんの仲が深まるのを避けていたのに。%K%P
……良かった、か。昨日はあんなにも\n蛍と清佳ちゃんの仲が深まるのを避けていたのに。%K%P
でも、やっぱり良かったと思う。%K%P
でも、やっぱり良かったと思う。%K%P
大切な友達と仲直りできて。\n小さい頃と同じようにお喋りすることができて。%K%P
大切な友達と仲直りできて。\n小さい頃と同じようにお喋りすることができて。%K%P
%LC清佳
%LC清佳
「ね。そういえば蛍は、\n　ここでのことどのくらい覚えてるの？」%K%P
「ね。そういえば蛍は、\n　ここでのことどのくらい覚えてるの？」%K%P
%LC蛍
%LC蛍
「え？　どのくらいって……。\n　友情の証にお花の冠を渡して――」%K%P
「え？　どのくらいって……。\n　友情の証にお花の冠を渡して――」%K%P
%LC清佳
%LC清佳
「ありがとう、蛍……！\n　大事に、ひっく、大事にするから……！」%K%P
「ありがとう、蛍……！\n　大事に、ひっく、大事にするから……！」%K%P
%LC清佳
%LC清佳
「離れ離れになっても、ひっく……！\n　ずっとずっと蛍と友達だから……！」%K%P
「離れ離れになっても、ひっく……！\n　ずっとずっと蛍と友達だから……！」%K%P
%LC清佳
%LC清佳
「どんなことがあっても私、ひっく、\n　蛍のこと忘れないからっ……！！」%K%P
「どんなことがあっても私、ひっく、\n　蛍のこと忘れないからっ……！！」%K%P
清佳ちゃんがうれし涙を流しながら、\nお花の冠を受け取ってくれて。%K%P
清佳ちゃんがうれし涙を流しながら、\nお花の冠を受け取ってくれて。%K%P
永遠の友情を誓い合って。%K%P
永遠の友情を誓い合って。%K%P
そうだ。その後――%K%P
そうだ。その後――%K%P
%LC清佳
%LC清佳
「だから、いつかまた、ひっく……。\n　戻ってきてくれる……？」%K%P
「だから、いつかまた、ひっく……。\n　戻ってきてくれる……？」%K%P
%LC清佳
%LC清佳
「戻ってきて、私とまた遊んでくれる……？」%K%P
「戻ってきて、私とまた遊んでくれる……？」%K%P
%LC清佳
%LC清佳
「約束……してくれる？」%K%P
「約束……してくれる？」%K%P
%LC蛍
%LC蛍
「もちろん」%K%P
「もちろん」%K%P
%LC清佳
%LC清佳
「ホントに……？」%K%P
「ホントに……？」%K%P
何度も頷き返すけれど、\n清佳ちゃんは涙目で見つめてくるばかりだった。%K%P
何度も頷き返すけれど、\n清佳ちゃんは涙目で見つめてくるばかりだった。%K%P
お花の冠を渡したところで、\n離れ離れになる事実は変わらなくて。%K%P
お花の冠を渡したところで、\n離れ離れになる事実は変わらなくて。%K%P
そのことを清佳ちゃんは\nとても寂しく思ってくれていて。%K%P
そのことを清佳ちゃんは\nとても寂しく思ってくれていて。%K%P
だから僕は彼女の手を取って――%K%P
だから僕は彼女の手を取って――%K%P
%LC蛍
%LC蛍
「約束するね……？」%K%P
「約束するね……？」%K%P
%LC清佳
%LC清佳
「えと……。これは……？」%K%P
「えと……。これは……？」%K%P
%LC蛍
%LC蛍
「知らない？　指切りって言うんだけど」%K%P
「知らない？　指切りって言うんだけど」%K%P
絡ませた小指と僕の顔を交互に見つめながら、\n清佳ちゃんが小さく頷く。%K%P
絡ませた小指と僕の顔を交互に見つめながら、\n清佳ちゃんが小さく頷く。%K%P
%LC蛍
%LC蛍
「指切りって言うのはね――」%K%P
「指切りって言うのはね――」%K%P
泣きじゃくる清佳ちゃんを励ましながら、\n僕は指切りの説明をした。%K%P
泣きじゃくる清佳ちゃんを励ましながら、\n僕は指切りの説明をした。%K%P
話を聞いている間に、\n清佳ちゃんの涙もおさまってきてくれたっけ。%K%P
話を聞いている間に、\n清佳ちゃんの涙もおさまってきてくれたっけ。%K%P
%LC清佳
%LC清佳
「つまり、その。指切りでした約束は\n　必ず守られるってこと……？」%K%P
「つまり、その。指切りでした約束は\n　必ず守られるってこと……？」%K%P
%LC蛍
%LC蛍
「そうだよ。こうして小指を絡ませて、\n　見えない糸をつなげるの」%K%P
「そうだよ。こうして小指を絡ませて、\n　見えない糸をつなげるの」%K%P
%LC清佳
%LC清佳
「見えない糸を……？」%K%P
「見えない糸を……？」%K%P
%LC蛍
%LC蛍
「うん。小指が離れても、\n　わたしたちはつながったまま。\n　約束の糸でずっと結ばれてるの」%K%P
「うん。小指が離れても、\n　わたしたちはつながったまま。\n　約束の糸でずっと結ばれてるの」%K%P
%LC清佳
%LC清佳
「それ……とってもいい。\n　すごくロマンチックかも……。\n　まるで運命の赤い糸みたい……」%K%P
「それ……とってもいい。\n　すごくロマンチックかも……。\n　まるで運命の赤い糸みたい……」%K%P
%LC蛍
%LC蛍
「そ、それとはちょっぴり違うかもだけど」%K%P
「そ、それとはちょっぴり違うかもだけど」%K%P
%LC清佳
%LC清佳
「何も違わないわ。私、決めてるもん。\n　大人になったら蛍と結婚するって」%K%P
「何も違わないわ。私、決めてるもん。\n　大人になったら蛍と結婚するって」%K%P
%LC蛍
%LC蛍
「け、結婚……！？」%K%P
「け、結婚……！？」%K%P
%LC清佳
%LC清佳
「そうしたらずっとずっと一緒でしょ？\n　離れ離れになることもないじゃない？」%K%P
「そうしたらずっとずっと一緒でしょ？\n　離れ離れになることもないじゃない？」%K%P
%LC蛍
%LC蛍
「お、女の子同士だよ……？」%K%P
「お、女の子同士だよ……？」%K%P
%LC清佳
%LC清佳
「関係ない。蛍は間違いなく、\n　私の運命の相手だから」%K%P
「関係ない。蛍は間違いなく、\n　私の運命の相手だから」%K%P
%LC清佳
%LC清佳
「それとも蛍は……嫌？\n　私と運命の赤い糸、結びたくない……？」%K%P
「それとも蛍は……嫌？\n　私と運命の赤い糸、結びたくない……？」%K%P
%LC蛍
%LC蛍
「それは……」%K%P
「それは……」%K%P
%LC清佳
%LC清佳
「…………」%K%P
「…………」%K%P
清佳ちゃんが寂しそうに小指に\nぎゅっと力を込めてくる。%K%P
清佳ちゃんが寂しそうに小指に\nぎゅっと力を込めてくる。%K%P
僕は少しだけ考えたあと、\n彼女に応えるように小指を握り返した。%K%P
僕は少しだけ考えたあと、\n彼女に応えるように小指を握り返した。%K%P
%LC清佳
%LC清佳
「えへへ……」%K%P
「えへへ……」%K%P
すると彼女はようやく幸せそうに笑ってくれた。%K%P
すると彼女はようやく幸せそうに笑ってくれた。%K%P
その顔を目に焼き付けたいと思うのに、\nなんだか気恥ずかしくて直視できない。%K%P
その顔を目に焼き付けたいと思うのに、\nなんだか気恥ずかしくて直視できない。%K%P
僕が男だと知ったら清佳ちゃんはどう思うんだろう？\n受け入れてもらえるのかな……？%K%P
僕が男だと知ったら清佳ちゃんはどう思うんだろう？\n受け入れてもらえるのかな……？%K%P
そんな不安すらもよぎってしまう。%K%P
そんな不安すらもよぎってしまう。%K%P
だけど――%K%P
だけど――%K%P
%LC清佳
%LC清佳
「それじゃあ指切りしよ？　ね、早く早くっ」%K%P
「それじゃあ指切りしよ？　ね、早く早くっ」%K%P
%LC蛍
%LC蛍
「う、うんっ。――えへへ、うんっ！」%K%P
「う、うんっ。――えへへ、うんっ！」%K%P
とても嬉しそうに指切りをしようとしてくれる\n清佳ちゃんの姿を見て不安が吹き飛んだ。%K%P
とても嬉しそうに指切りをしようとしてくれる\n清佳ちゃんの姿を見て不安が吹き飛んだ。%K%P
今はただ、この瞬間を大切にしたかった。%K%P
今はただ、この瞬間を大切にしたかった。%K%P
%LC清佳・蛍
%LC清佳・蛍
「せーのっ」%K%P
「せーのっ」%K%P
%LC清佳・蛍
%LC清佳・蛍
「ゆーびきりげーんまん、\n　うそついたら、はりせーんぼんのーますっ」%K%P
「ゆーびきりげーんまん、\n　うそついたら、はりせーんぼんのーますっ」%K%P
%LC清佳
%LC清佳
「えへへ、約束よ、蛍？\n　絶対のぜーったいにまた会いにきてねっ？」%K%P
「えへへ、約束よ、蛍？\n　絶対のぜーったいにまた会いにきてねっ？」%K%P
%LC蛍
%LC蛍
「うんっ、必ずここへ戻ってくるっ。\n　清佳ちゃんに会いに、戻ってくるからっ」%K%P
「うんっ、必ずここへ戻ってくるっ。\n　清佳ちゃんに会いに、戻ってくるからっ」%K%P
%LC清佳・蛍
%LC清佳・蛍
「ゆーびきったっ！」%K%P
「ゆーびきったっ！」%K%P
%LC清佳
%LC清佳
「ふふ。あまりにも帰ってくるのが遅かったら\n　私から会いに行っちゃうから」%K%P
「ふふ。あまりにも帰ってくるのが遅かったら\n　私から会いに行っちゃうから」%K%P
%LC清佳
%LC清佳
「だから絶対にまた――ひっくっ……！\n　嘘ついたら、ひっく、針千本なんだからねっ……！」%K%P
「だから絶対にまた――ひっくっ……！\n　嘘ついたら、ひっく、針千本なんだからねっ……！」%K%P
%LC蛍
%LC蛍
「っっ。うんっ……！」%K%P
「っっ。うんっ……！」%K%P
%LC清佳
%LC清佳
「約束よっ？　約束だからねっ……？」%K%P
「約束よっ？　約束だからねっ……？」%K%P
%LC蛍
%LC蛍
「うんっ…………！」%K%P
「うんっ…………！」%K%P
%LC清佳
%LC清佳
「戻ってきたら、えへへっ……！\n　絶対に結婚しようねっ？」%K%P
「戻ってきたら、えへへっ……！\n　絶対に結婚しようねっ？」%K%P
%LC蛍
%LC蛍
「うんっ…………！！」%K%P
「うんっ…………！！」%K%P
%LC蛍
%LC蛍
「〜〜っっ」%K%P
「〜〜っっ」%K%P
そうだ、僕……！\n小さい頃に結婚の約束をしちゃって……！%K%P
そうだ、僕……！\n小さい頃に結婚の約束をしちゃって……！%K%P
%LC清佳
%LC清佳
「思い出した？」%K%P
「思い出した？」%K%P
%LC蛍
%LC蛍
「あ、えと……！」%K%P
「あ、えと……！」%K%P
も、もしかして清佳ちゃんが\n出会って即プロポーズしてきたのって……！%K%P
も、もしかして清佳ちゃんが\n出会って即プロポーズしてきたのって……！%K%P
そう言えばあの時「約束を果たしにきた」とも\n言っていたような――%K%P
そう言えばあの時「約束を果たしにきた」とも\n言っていたような――%K%P
%LC清佳
%LC清佳
「ふふ。やっぱり忘れてたのね？\n　針千本飲ませちゃおうかしら」%K%P
「ふふ。やっぱり忘れてたのね？\n　針千本飲ませちゃおうかしら」%K%P
%LC蛍
%LC蛍
「ご、ごめんなさい……！」%K%P
「ご、ごめんなさい……！」%K%P
%LC清佳
%LC清佳
「冗談よ。ま、結婚したいのは冗談じゃないけど。\n　蛍の心はこれからゆっくり私色に染めるつもりだし」%K%P
「冗談よ。ま、結婚したいのは冗談じゃないけど。\n　蛍の心はこれからゆっくり私色に染めるつもりだし」%K%P
%LC清佳
%LC清佳
「私が言いたいのはね？\n　蛍がちゃんと約束を守ってくれたっていうことよ」%K%P
「私が言いたいのはね？\n　蛍がちゃんと約束を守ってくれたっていうことよ」%K%P
%LC清佳
%LC清佳
「ここに戻ってきて……私に会いに来てくれた」%K%P
「ここに戻ってきて……私に会いに来てくれた」%K%P
%LC清佳
%LC清佳
「ありがとう、蛍」%K%P
「ありがとう、蛍」%K%P
清佳ちゃんが幸せそうに笑いかけてきてくれる。%K%P
清佳ちゃんが幸せそうに笑いかけてきてくれる。%K%P
その顔を見て、清佳ちゃんに言い忘れていたことが\nあることに気づいた。%K%P
その顔を見て、清佳ちゃんに言い忘れていたことが\nあることに気づいた。%K%P
いいや、もしかしたら無意識に\nその言葉を避けていたのかもしれない。%K%P
いいや、もしかしたら無意識に\nその言葉を避けていたのかもしれない。%K%P
こっちに戻ってきた時の僕は『蛍』であることを捨てて\n『春樹』として彼女と再会することを願っていたから。%K%P
こっちに戻ってきた時の僕は『蛍』であることを捨てて\n『春樹』として彼女と再会することを願っていたから。%K%P
でも今なら言える。%K%P
でも今なら言える。%K%P
数年ぶりに再会した、\nわたしの大切なお友達に。%K%P
数年ぶりに再会した、\nわたしの大切なお友達に。%K%P
%LC蛍
%LC蛍
「ただいま、清佳ちゃん」%K%P
「ただいま、清佳ちゃん」%K%P
%LC清佳
%LC清佳
「……うん。おかえり、蛍」%K%P
「……うん。おかえり、蛍」%K%P
清佳ちゃんの顔を見つめたままそっと指を伸ばす。\n彼女もきっと同じことをしている。%K%P
清佳ちゃんの顔を見つめたままそっと指を伸ばす。\n彼女もきっと同じことをしている。%K%P
手元を見る必要はなかった。\n見えない糸をたぐり寄せるだけで良かった。%K%P
手元を見る必要はなかった。\n見えない糸をたぐり寄せるだけで良かった。%K%P
温かい指先が触れ合って、\nそのまま優しく絡み合う。%K%P
温かい指先が触れ合って、\nそのまま優しく絡み合う。%K%P
そうしてわたしは清佳ちゃんと\n小指一つ分の再会を果たした――%K%P
そうしてわたしは清佳ちゃんと\n小指一つ分の再会を果たした――%K%P
