………………%K%P
………………%K%P
…………%K%P
…………%K%P
……%K%P
……%K%P
そして迎えた休日――%K%P
そして迎えた休日――%K%P
%LC清佳
%LC清佳
「へぇ……。ここが遊園地……」%K%P
「へぇ……。ここが遊園地……」%K%P
%LC春樹
%LC春樹
「う、うん……」%K%P
「う、うん……」%K%P
僕は清佳ちゃんに連れられて遊園地を訪れていた。%K%P
僕は清佳ちゃんに連れられて遊園地を訪れていた。%K%P
ど、どうしよう。めちゃくちゃ緊張するっ。\n蛍でいる時はここまで緊張しないのに……！%K%P
ど、どうしよう。めちゃくちゃ緊張するっ。\n蛍でいる時はここまで緊張しないのに……！%K%P
%LC清佳
%LC清佳
「春樹くんは来たことあるの？　この遊園地」%K%P
「春樹くんは来たことあるの？　この遊園地」%K%P
%LC春樹
%LC春樹
「…………」%K%P
「…………」%K%P
%LC清佳
%LC清佳
「春樹くん？」%K%P
「春樹くん？」%K%P
%LC春樹
%LC春樹
「――へっ！？　あ、えと……！！」%K%P
「――へっ！？　あ、えと……！！」%K%P
%LC清佳
%LC清佳
「全くもう……。ボーッとしないでもらえるかしら。\n　そんなに緊張されても困っちゃうわ」%K%P
「全くもう……。ボーッとしないでもらえるかしら。\n　そんなに緊張されても困っちゃうわ」%K%P
%LC春樹
%LC春樹
「ご、ごめんね、デートなんて初めてで……！」%K%P
「ご、ごめんね、デートなんて初めてで……！」%K%P
%LC清佳
%LC清佳
「デ――〜〜っっ！」%K%P
「デ――〜〜っっ！」%K%P
%LC清佳
%LC清佳
「だからアレは口が滑っただけで……！\n　これはただの下見！　そう言ったでしょっ？」%K%P
「だからアレは口が滑っただけで……！\n　これはただの下見！　そう言ったでしょっ？」%K%P
清佳ちゃんが慌てた様子で顔を赤くする。\n――そう。これは厳密にはデートじゃない。%K%P
清佳ちゃんが慌てた様子で顔を赤くする。\n――そう。これは厳密にはデートじゃない。%K%P
%LC清佳
%LC清佳
「あなたはあくまでアドバイザー。\n　どこで何をすれば蛍が喜んでくれるのか\n　教えてもらうために付き合ってもらってるだけよ」%K%P
「あなたはあくまでアドバイザー。\n　どこで何をすれば蛍が喜んでくれるのか\n　教えてもらうために付き合ってもらってるだけよ」%K%P
%LC清佳
%LC清佳
「全ては蛍との本番デートのため……。\n　完璧なデートプランを組むためなんだから……！」%K%P
「全ては蛍との本番デートのため……。\n　完璧なデートプランを組むためなんだから……！」%K%P
%LC春樹
%LC春樹
「う、うん。そうだったね……！」%K%P
「う、うん。そうだったね……！」%K%P
清佳ちゃんとしては、\n本当に深い意味はなかったんだろう。%K%P
清佳ちゃんとしては、\n本当に深い意味はなかったんだろう。%K%P
単に僕が蛍をよく知る人間だということで、\nデートの下見に付き合わせただけ。%K%P
単に僕が蛍をよく知る人間だということで、\nデートの下見に付き合わせただけ。%K%P
それはそれで悲しいけど――これはチャンスだ。%K%P
それはそれで悲しいけど――これはチャンスだ。%K%P
清佳ちゃんを男らしくエスコートすれば、\n見直してもらえるかもしれない。%K%P
清佳ちゃんを男らしくエスコートすれば、\n見直してもらえるかもしれない。%K%P
グっと距離を縮めることだって可能かも……！%K%P
グっと距離を縮めることだって可能かも……！%K%P
よーし。そうと決まれば！%K%P
よーし。そうと決まれば！%K%P
%LC春樹
%LC春樹
「俺についてきて、清佳さん。\n　めいっぱい遊園地を楽しませてあげ――」%K%P
「俺についてきて、清佳さん。\n　めいっぱい遊園地を楽しませてあげ――」%K%P
%LC清佳
%LC清佳
「――きゃ〜！　見つけた……！！\n　歩くぬいぐるみっ！　ねね、いくらで売ってるのっ？」%K%P
「――きゃ〜！　見つけた……！！\n　歩くぬいぐるみっ！　ねね、いくらで売ってるのっ？」%K%P
%LCキャスト
%LCキャスト
「お客様っ……！　申し訳ありません、\n　この子は売り物ではございませんでして……！！」%K%P
「お客様っ……！　申し訳ありません、\n　この子は売り物ではございませんでして……！！」%K%P
%LC春樹
%LC春樹
「――ちょっと！？\n　何しようとしてるのさ！？」%K%P
「――ちょっと！？\n　何しようとしてるのさ！？」%K%P
%LC清佳
%LC清佳
「何って――見てわからない？\n　この子の売買交渉をしてるのよ……！」%K%P
「何って――見てわからない？\n　この子の売買交渉をしてるのよ……！」%K%P
%LC清佳
%LC清佳
「下調べしてた時から必ず買おうと思ってたの……！\n　歩くぬいぐるみだなんて、すごいじゃないっ……！\n　連れて帰ったら、ふふ、きっと蛍も喜ぶわ……！」%K%P
「下調べしてた時から必ず買おうと思ってたの……！\n　歩くぬいぐるみだなんて、すごいじゃないっ……！\n　連れて帰ったら、ふふ、きっと蛍も喜ぶわ……！」%K%P
%LC春樹
%LC春樹
「待って待って……！　その子は――……」%K%P
「待って待って……！　その子は――……」%K%P
%LC清佳
%LC清佳
「……え？　中に人が……？」%K%P
「……え？　中に人が……？」%K%P
耳打ちすると清佳ちゃんは顔を真っ赤にした。%K%P
耳打ちすると清佳ちゃんは顔を真っ赤にした。%K%P
%LC清佳
%LC清佳
「ご、ごめんなさい……！\n　私、その、そういうことだとは知らなくて……！」%K%P
「ご、ごめんなさい……！\n　私、その、そういうことだとは知らなくて……！」%K%P
%LCキャスト
%LCキャスト
「い、いえ。お写真の撮影でしたら承りますので。\n　どうですか？　彼氏さんと一緒に」%K%P
「い、いえ。お写真の撮影でしたら承りますので。\n　どうですか？　彼氏さんと一緒に」%K%P
%LC清佳
%LC清佳
「彼――この人はそんなんじゃありませんので……！\n　うふふふ、失礼致しますわ……！」%K%P
「彼――この人はそんなんじゃありませんので……！\n　うふふふ、失礼致しますわ……！」%K%P
恥ずかしそうに清佳さんがその場を離れていく。\n視線だけで「ついてこい」と訴えてきていた。%K%P
恥ずかしそうに清佳さんがその場を離れていく。\n視線だけで「ついてこい」と訴えてきていた。%K%P
そしてマスコットが見えなくなったところで項垂れる。%K%P
そしてマスコットが見えなくなったところで項垂れる。%K%P
%LC清佳
%LC清佳
「……そうよね。考えてみれば有り得ないわよね……。\n　でもそっか。中に人が……人が……」%K%P
「……そうよね。考えてみれば有り得ないわよね……。\n　でもそっか。中に人が……人が……」%K%P
……ああ。なんだか子供の夢が壊れてしまった瞬間を\n目の当たりにしちゃってるような心地がする……。%K%P
……ああ。なんだか子供の夢が壊れてしまった瞬間を\n目の当たりにしちゃってるような心地がする……。%K%P
というか清佳ちゃん。\nこの歳で着ぐるみの存在を知らなかったんだ……。%K%P
というか清佳ちゃん。\nこの歳で着ぐるみの存在を知らなかったんだ……。%K%P
%LC清佳
%LC清佳
「何よ……。物珍しそうな目で見て……」%K%P
「何よ……。物珍しそうな目で見て……」%K%P
%LC春樹
%LC春樹
「あ、えと……」%K%P
「あ、えと……」%K%P
恨めしそうな顔で清佳さんがこっちを見てくる。%K%P
恨めしそうな顔で清佳さんがこっちを見てくる。%K%P
%LC清佳
%LC清佳
「ふんだ。どうせ心の中で笑ってるんでしょ？\n　悪かったわね？　ぬいぐるみが生きてるなんて思って」%K%P
「ふんだ。どうせ心の中で笑ってるんでしょ？\n　悪かったわね？　ぬいぐるみが生きてるなんて思って」%K%P
%LC清佳
%LC清佳
「笑いたければ声を上げて笑えばいいじゃない。\n　『あ、コイツそんなことも知らないんだ？\n　プークスクス、ばっかでい』って笑えばいいじゃない！」%K%P
「笑いたければ声を上げて笑えばいいじゃない。\n　『あ、コイツそんなことも知らないんだ？\n　プークスクス、ばっかでい』って笑えばいいじゃない！」%K%P
%LC清佳
%LC清佳
「『今の商談が成立していたら人身売買で\n　ブタ箱行きでしたね？』っていつものあくどい\n　笑顔でぶっちゃけてきたらいいじゃないっ！」%K%P
「『今の商談が成立していたら人身売買で\n　ブタ箱行きでしたね？』っていつものあくどい\n　笑顔でぶっちゃけてきたらいいじゃないっ！」%K%P
%LC春樹
%LC春樹
「そそそ、そんなつもりないってば……！」%K%P
「そそそ、そんなつもりないってば……！」%K%P
%LC清佳
%LC清佳
「うぅ、蛍に見られてたらと思うと死ねる……！\n　下調べは十分にしてきたつもりだったのにぃ……！」%K%P
「うぅ、蛍に見られてたらと思うと死ねる……！\n　下調べは十分にしてきたつもりだったのにぃ……！」%K%P
物凄い勢いで捲し立てたり落ち込んだりと、\n清佳ちゃんが忙しく感情を上下させる。%K%P
物凄い勢いで捲し立てたり落ち込んだりと、\n清佳ちゃんが忙しく感情を上下させる。%K%P
……ここに来るまでの間でなんとなく察していたけど。\n清佳ちゃんって、想像以上に箱入りなんじゃ……？%K%P
……ここに来るまでの間でなんとなく察していたけど。\n清佳ちゃんって、想像以上に箱入りなんじゃ……？%K%P
電車にも乗ったことがなかったのか、\n切符をＩＣカードリーダーに当てたりしてたし……。%K%P
電車にも乗ったことがなかったのか、\n切符をＩＣカードリーダーに当てたりしてたし……。%K%P
乗ったら乗ったで「これが噂の電車ね……！」\nと、子供みたいに目を輝かして窓の外ばかり見てたし。%K%P
乗ったら乗ったで「これが噂の電車ね……！」\nと、子供みたいに目を輝かして窓の外ばかり見てたし。%K%P
……すごく可愛かったけど。%K%P
……すごく可愛かったけど。%K%P
%LC清佳
%LC清佳
「こ、これでわかったでしょ。\n　私、こういう場所にちょっぴり疎いの」%K%P
「こ、これでわかったでしょ。\n　私、こういう場所にちょっぴり疎いの」%K%P
%LC清佳
%LC清佳
「不特定多数の人間が集まる場所は危険が多いから。\n　昔から近づかないようにって強く言われていたし……」%K%P
「不特定多数の人間が集まる場所は危険が多いから。\n　昔から近づかないようにって強く言われていたし……」%K%P
%LC清佳
%LC清佳
「……だから遊園地も初めてなのよ。\n　ダンスパーティーにはよく出席させられたけど……」%K%P
「……だから遊園地も初めてなのよ。\n　ダンスパーティーにはよく出席させられたけど……」%K%P
%LC春樹
%LC春樹
「そ、そうなんだ……」%K%P
「そ、そうなんだ……」%K%P
確かにこういう場所はそれこそ誘拐の危険もある。\n清佳ちゃんほどのお嬢様なら近づけてもらえないだろう。%K%P
確かにこういう場所はそれこそ誘拐の危険もある。\n清佳ちゃんほどのお嬢様なら近づけてもらえないだろう。%K%P
%LC清佳
%LC清佳
「あ……蛍には言わないでよ？　世間知らずだと\n　思われたら恥ずかしくて生きていけないから」%K%P
「あ……蛍には言わないでよ？　世間知らずだと\n　思われたら恥ずかしくて生きていけないから」%K%P
%LC春樹
%LC春樹
「う、うん」%K%P
「う、うん」%K%P
知っちゃったけどね……。%K%P
知っちゃったけどね……。%K%P
蛍の時に清佳ちゃんが世間知らずな姿を見せても\nスルーしてあげることにしよう。%K%P
蛍の時に清佳ちゃんが世間知らずな姿を見せても\nスルーしてあげることにしよう。%K%P
%LC春樹
%LC春樹
「じゃあ、えと。今日は一日遊園地で過ごしてみる？\n　雰囲気も掴めるだろうし」%K%P
「じゃあ、えと。今日は一日遊園地で過ごしてみる？\n　雰囲気も掴めるだろうし」%K%P
%LC清佳
%LC清佳
「そうね。蛍の前で醜態を晒したくないもの。\n　また何か常識外れな行動を取っていたら遠慮なく教えて」%K%P
「そうね。蛍の前で醜態を晒したくないもの。\n　また何か常識外れな行動を取っていたら遠慮なく教えて」%K%P
%LC清佳
%LC清佳
「それと蛍が喜びそうな……あとらくしょん？\n　はどれなのかしら？　それも教えて欲しいわ」%K%P
「それと蛍が喜びそうな……あとらくしょん？\n　はどれなのかしら？　それも教えて欲しいわ」%K%P
%LC春樹
%LC春樹
「ええと、それなら――」%K%P
「ええと、それなら――」%K%P
小さな園内マップを二人で覗き込む。%K%P
小さな園内マップを二人で覗き込む。%K%P
なんだか……えへへ。\n本当にデートしてるみたいだ。%K%P
なんだか……えへへ。\n本当にデートしてるみたいだ。%K%P
こうして地図を一緒に眺めてるだけでも嬉しい。%K%P
こうして地図を一緒に眺めてるだけでも嬉しい。%K%P
蛍として一緒にいる時とは雰囲気が違うけど、\nなんだか自然と話せている気もするし。%K%P
蛍として一緒にいる時とは雰囲気が違うけど、\nなんだか自然と話せている気もするし。%K%P
%LC清佳
%LC清佳
「できれば二人きりになれるようなものがいいわ。\n　一応調べてはきたの。めりーごーらんど？　だっけ？\n　カップル御用達だって聞いたわよ？」%K%P
「できれば二人きりになれるようなものがいいわ。\n　一応調べてはきたの。めりーごーらんど？　だっけ？\n　カップル御用達だって聞いたわよ？」%K%P
%LC春樹
%LC春樹
「じゃあ乗ってみる？」%K%P
「じゃあ乗ってみる？」%K%P
%LC清佳
%LC清佳
「ええ――」%K%P
「ええ――」%K%P
と清佳ちゃんが頷きかけて――動きを止める。%K%P
と清佳ちゃんが頷きかけて――動きを止める。%K%P
%LC清佳
%LC清佳
「いえ、やめておくわ。\n　外から眺めるだけで十分よ」%K%P
「いえ、やめておくわ。\n　外から眺めるだけで十分よ」%K%P
%LC春樹
%LC春樹
「え、どうして？」%K%P
「え、どうして？」%K%P
%LC清佳
%LC清佳
「はぁ？　だからカップル御用達の乗り物なんでしょ？」%K%P
「はぁ？　だからカップル御用達の乗り物なんでしょ？」%K%P
%LC清佳
%LC清佳
「あなたと一緒に乗るだなんて死んでも嫌だからよ」%K%P
「あなたと一緒に乗るだなんて死んでも嫌だからよ」%K%P
ああ……。やっぱりまだまだ\n清佳ちゃんとの距離は遠いみたいだ。%K%P
ああ……。やっぱりまだまだ\n清佳ちゃんとの距離は遠いみたいだ。%K%P
とはいえ清佳ちゃんと二人きりなのは変わらない。%K%P
とはいえ清佳ちゃんと二人きりなのは変わらない。%K%P
この模擬デートの中で、\n少しでも格好良いところを見せていこう。%K%P
この模擬デートの中で、\n少しでも格好良いところを見せていこう。%K%P
そうして少しずつでも、\n清佳ちゃんに気を許してもらえるようになろう。%K%P
そうして少しずつでも、\n清佳ちゃんに気を許してもらえるようになろう。%K%P
%LC春樹
%LC春樹
「あわわわわわわ……！！！」%K%P
「あわわわわわわ……！！！」%K%P
と――気合いを入れていたのも今や昔。%K%P
と――気合いを入れていたのも今や昔。%K%P
%LC清佳
%LC清佳
「わー……！　たっかーい……！」%K%P
「わー……！　たっかーい……！」%K%P
よりにもよって、どうしてこんな乗り物に……！？\n絶叫系の中でも一番しんどいヤツじゃん……！！%K%P
よりにもよって、どうしてこんな乗り物に……！？\n絶叫系の中でも一番しんどいヤツじゃん……！！%K%P
%LC清佳
%LC清佳
「ふふ、なに？　もしかして怖いの？\n　男の癖に情けないわね？」%K%P
「ふふ、なに？　もしかして怖いの？\n　男の癖に情けないわね？」%K%P
%LC春樹
%LC春樹
「べべべ、別に怖くなんてないやい！\n　清佳さんこそ怖がってるんじゃないのっ！？」%K%P
「べべべ、別に怖くなんてないやい！\n　清佳さんこそ怖がってるんじゃないのっ！？」%K%P
%LC清佳
%LC清佳
「ちっとも。むしろワクワクしてるくらいよ」%K%P
「ちっとも。むしろワクワクしてるくらいよ」%K%P
地上からどんどん空へとのぼっていく中、\n清佳ちゃんが自信満々に答える。%K%P
地上からどんどん空へとのぼっていく中、\n清佳ちゃんが自信満々に答える。%K%P
僕も怖がってばかりじゃいけない。\n男らしく、クールにしていないと……！%K%P
僕も怖がってばかりじゃいけない。\n男らしく、クールにしていないと……！%K%P
%LC春樹
%LC春樹
「こ、こういうの好きなんだ？」%K%P
「こ、こういうの好きなんだ？」%K%P
%LC清佳
%LC清佳
「わからないわ。初めて乗るもの。\n　上がって下がるものだとは理解しているけど」%K%P
「わからないわ。初めて乗るもの。\n　上がって下がるものだとは理解しているけど」%K%P
%LC清佳
%LC清佳
「私のことより蛍のことの方が重要よ。\n　どう？　こういうの蛍は好きなのかしら？\n　もし好きなら――」%K%P
「私のことより蛍のことの方が重要よ。\n　どう？　こういうの蛍は好きなのかしら？\n　もし好きなら――」%K%P
%LC春樹
%LC春樹
「――嫌い！　大嫌いだと思うよ！\n　絶対一緒に乗らない方がいい！」%K%P
「――嫌い！　大嫌いだと思うよ！\n　絶対一緒に乗らない方がいい！」%K%P
%LC清佳
%LC清佳
「……えらく必死に言うのね。\n　でも苦手な方が都合が良いわ」%K%P
「……えらく必死に言うのね。\n　でも苦手な方が都合が良いわ」%K%P
%LC春樹
%LC春樹
「ど、どういうこと？」%K%P
「ど、どういうこと？」%K%P
%LC清佳
%LC清佳
「ほら吊り橋効果ってあるじゃない？\n　窮地に立たされれば立たされるほど、\n　蛍は私を頼ってくれるはずだわ」%K%P
「ほら吊り橋効果ってあるじゃない？\n　窮地に立たされれば立たされるほど、\n　蛍は私を頼ってくれるはずだわ」%K%P
%LC清佳
%LC清佳
「怖がる蛍の手をそっと握ってあげて……、\n　安心させてあげられる言葉を囁いてあげて……、\n　そんな格好良い姿を見せてあげれば――ふふふふふ！」%K%P
「怖がる蛍の手をそっと握ってあげて……、\n　安心させてあげられる言葉を囁いてあげて……、\n　そんな格好良い姿を見せてあげれば――ふふふふふ！」%K%P
頭の中で、怖がる蛍とイチャイチャしているのか、\n清佳ちゃんが乙女な顔を赤くする。%K%P
頭の中で、怖がる蛍とイチャイチャしているのか、\n清佳ちゃんが乙女な顔を赤くする。%K%P
むしろそれ、僕が清佳ちゃんに\n取ってあげたかった行動だし……。%K%P
むしろそれ、僕が清佳ちゃんに\n取ってあげたかった行動だし……。%K%P
%LC春樹
%LC春樹
「でも本当に怖くないんだね……？\n　顔色一つ変えないなんて凄いよ……」%K%P
「でも本当に怖くないんだね……？\n　顔色一つ変えないなんて凄いよ……」%K%P
%LC清佳
%LC清佳
「あなたに褒められても嬉しくないけれど。\n　まぁ、ふふん、このくらいお茶の子さいさいよ」%K%P
「あなたに褒められても嬉しくないけれど。\n　まぁ、ふふん、このくらいお茶の子さいさいよ」%K%P
%LC清佳
%LC清佳
「この程度で心を乱されていたら人の上になんて\n　とても立てないしね」%K%P
「この程度で心を乱されていたら人の上になんて\n　とても立てないしね」%K%P
%LC春樹
%LC春樹
「なるほど……」%K%P
「なるほど……」%K%P
そういえば化粧品会社の社長もしてるもんね。\n小さい頃から社交界にも出てたって聞いたし。%K%P
そういえば化粧品会社の社長もしてるもんね。\n小さい頃から社交界にも出てたって聞いたし。%K%P
蛍の前では泣き虫でワガママで可愛い女の子だけど、\n普段の清佳ちゃんは今くらい落ち着いているのかも。%K%P
蛍の前では泣き虫でワガママで可愛い女の子だけど、\n普段の清佳ちゃんは今くらい落ち着いているのかも。%K%P
格好良いな……。\n内心で怖がってる僕より、よっぽど逞しい。%K%P
格好良いな……。\n内心で怖がってる僕より、よっぽど逞しい。%K%P
だからこそ負けていられない。%K%P
だからこそ負けていられない。%K%P
%LC清佳
%LC清佳
「あら。目つきが変わったわね。\n　震えも止まってる」%K%P
「あら。目つきが変わったわね。\n　震えも止まってる」%K%P
%LC春樹
%LC春樹
「俺も男だ。覚悟を決めたよ」%K%P
「俺も男だ。覚悟を決めたよ」%K%P
%LC清佳
%LC清佳
「へぇ、殊勝なことね。\n　いつまでその態度が続くか見物だわ」%K%P
「へぇ、殊勝なことね。\n　いつまでその態度が続くか見物だわ」%K%P
%LC春樹
%LC春樹
「清佳さんこそ。怖くなったら\n　俺の手を握ってくれてもいいよ」%K%P
「清佳さんこそ。怖くなったら\n　俺の手を握ってくれてもいいよ」%K%P
%LC清佳
%LC清佳
「ふふふ、中々面白いことを言うのね。\n　残念だけど、ご期待には添えないわ。\n　あなたを頼るくらいなら一人で震える方がマシだもの」%K%P
「ふふふ、中々面白いことを言うのね。\n　残念だけど、ご期待には添えないわ。\n　あなたを頼るくらいなら一人で震える方がマシだもの」%K%P
挑発するように清佳ちゃんが微笑みかけてくる。\nなんだか今日一番で楽しく喋れてるかも……！%K%P
挑発するように清佳ちゃんが微笑みかけてくる。\nなんだか今日一番で楽しく喋れてるかも……！%K%P
思っていた関係とは違うけれど、\nこれはこれで仲良くできている気がする。%K%P
思っていた関係とは違うけれど、\nこれはこれで仲良くできている気がする。%K%P
こうして清佳ちゃんと軽口を叩き合ったことも\nなかったから、すごく新鮮な気分だ。%K%P
こうして清佳ちゃんと軽口を叩き合ったことも\nなかったから、すごく新鮮な気分だ。%K%P
%LC清佳
%LC清佳
「さぁ……そろそろね」%K%P
「さぁ……そろそろね」%K%P
%LC春樹
%LC春樹
「っっ……！」%K%P
「っっ……！」%K%P
リフトが頂上まで到達しかかる。\n見たこともない高さに足がすくみそうになった。%K%P
リフトが頂上まで到達しかかる。\n見たこともない高さに足がすくみそうになった。%K%P
%LC清佳
%LC清佳
「どうしても恐怖に耐えられないのなら、\n　手でも握ってあげるわよ？」%K%P
「どうしても恐怖に耐えられないのなら、\n　手でも握ってあげるわよ？」%K%P
%LC春樹
%LC春樹
「必要ないよ。俺だって、ちっとも怖くないから……！」%K%P
「必要ないよ。俺だって、ちっとも怖くないから……！」%K%P
%LC清佳
%LC清佳
「ふふ、まだまだね。強がっているのが丸見えよ」%K%P
「ふふ、まだまだね。強がっているのが丸見えよ」%K%P
%LC春樹
%LC春樹
「清佳さんは、っっ、余裕そうだね……」%K%P
「清佳さんは、っっ、余裕そうだね……」%K%P
%LC清佳
%LC清佳
「当然よ。たとえ恐怖を覚えていたとしても、\n　決して顔には出さないわ」%K%P
「当然よ。たとえ恐怖を覚えていたとしても、\n　決して顔には出さないわ」%K%P
%LC清佳
%LC清佳
「いつ如何なる時も冷静沈着に。\n　決して取り乱さず気高く在れ――」%K%P
「いつ如何なる時も冷静沈着に。\n　決して取り乱さず気高く在れ――」%K%P
%LC清佳
%LC清佳
「それが淑女の嗜みというものよ、春樹くん？」%K%P
「それが淑女の嗜みというものよ、春樹くん？」%K%P
この間、照れ隠しに僕を拉致ったとは思えない言葉だ。\nけど物凄く格好良い。憧れちゃう。%K%P
この間、照れ隠しに僕を拉致ったとは思えない言葉だ。\nけど物凄く格好良い。憧れちゃう。%K%P
%LC清佳
%LC清佳
「っと。着いたようね？」%K%P
「っと。着いたようね？」%K%P
ガコンとリフトが頂上で静止する。\n無意識に息を呑んでしまう高さだ。%K%P
ガコンとリフトが頂上で静止する。\n無意識に息を呑んでしまう高さだ。%K%P
%LC清佳
%LC清佳
「ふふ、どんな可愛い悲鳴を\n　聞かせてくれるのかしら？　楽しみだわ」%K%P
「ふふ、どんな可愛い悲鳴を\n　聞かせてくれるのかしら？　楽しみだわ」%K%P
%LC春樹
%LC春樹
「き、清佳さんこそ……！」%K%P
「き、清佳さんこそ……！」%K%P
%LC清佳
%LC清佳
「そんな声あげるわけがないじゃない」%K%P
「そんな声あげるわけがないじゃない」%K%P
確かに上げなさそうだ。\nこの凜々しい姿が一変するとはとても思えない。%K%P
確かに上げなさそうだ。\nこの凜々しい姿が一変するとはとても思えない。%K%P
%LC清佳
%LC清佳
「最後にコツを教えてあげるわ」%K%P
「最後にコツを教えてあげるわ」%K%P
%LC春樹
%LC春樹
「コツ？」%K%P
「コツ？」%K%P
%LC清佳
%LC清佳
「ええ。何があっても動じない心を持つことよ。\n　如何なる事態も想像し、シミュレーションしておくの」%K%P
「ええ。何があっても動じない心を持つことよ。\n　如何なる事態も想像し、シミュレーションしておくの」%K%P
%LC清佳
%LC清佳
「そうすれば何事にも強く臨めるわ。\n　醜態を晒すことなんてなくなるはずよ」%K%P
「そうすれば何事にも強く臨めるわ。\n　醜態を晒すことなんてなくなるはずよ」%K%P
%LC春樹
%LC春樹
「清佳さん……」%K%P
「清佳さん……」%K%P
%LC清佳
%LC清佳
「ふふ。ま、私のレヴェルまであなたが\n　のぼってこられるかどうかは知らないけれど」%K%P
「ふふ。ま、私のレヴェルまであなたが\n　のぼってこられるかどうかは知らないけれど」%K%P
自信満々に清佳ちゃんが胸を反らす。\n風に揺られたスカートもバタバタとたなびいた。%K%P
自信満々に清佳ちゃんが胸を反らす。\n風に揺られたスカートもバタバタとたなびいた。%K%P
って……あれ？　清佳ちゃんのスカート、\nなんだかおかしくない？%K%P
って……あれ？　清佳ちゃんのスカート、\nなんだかおかしくない？%K%P
お尻の下に布地が巻き込まれていないような……。%K%P
お尻の下に布地が巻き込まれていないような……。%K%P
もしこのまま急激に下降しようものなら――%K%P
もしこのまま急激に下降しようものなら――%K%P
%LC春樹
%LC春樹
「あのっ、清佳さ――」%K%P
「あのっ、清佳さ――」%K%P
声をかけようとした刹那、一瞬の浮遊感を覚えた。%K%P
声をかけようとした刹那、一瞬の浮遊感を覚えた。%K%P
%LC清佳
%LC清佳
「――ん？」%K%P
「――ん？」%K%P
そして――%K%P
そして――%K%P
%LC清佳
%LC清佳
%XS20「んぎゃあああああああああっっ〜〜！！！？」%XE%K%P
%XS20「んぎゃあああああああああっっ〜〜！！！？」%XE%K%P
壮大にスカートがめくり上がったせいか、\n清佳ちゃんが淑女らしからぬ声で絶叫する。%K%P
壮大にスカートがめくり上がったせいか、\n清佳ちゃんが淑女らしからぬ声で絶叫する。%K%P
どうにかスカートを抑え込もうとしてるけど、\n風の勢いが激しすぎて全く抑えられてない。%K%P
どうにかスカートを抑え込もうとしてるけど、\n風の勢いが激しすぎて全く抑えられてない。%K%P
%LC清佳
%LC清佳
「なにコレなにコレなによコレぇぇっ〜！！？\n　ファックファックファァァァック！！！」%K%P
「なにコレなにコレなによコレぇぇっ〜！！？\n　ファックファックファァァァック！！！」%K%P
ああ……恐ろしく汚い言葉を叫んで。%K%P
ああ……恐ろしく汚い言葉を叫んで。%K%P
さっきまで気高さが云々と\n胸を張っていた人とは思えない……。%K%P
さっきまで気高さが云々と\n胸を張っていた人とは思えない……。%K%P
にしても清佳ちゃんって、\nこんなに大人っぽいの履いてるんだ……。%K%P
にしても清佳ちゃんって、\nこんなに大人っぽいの履いてるんだ……。%K%P
すごくセクシーでえっちぃ――じゃなくて！！%K%P
すごくセクシーでえっちぃ――じゃなくて！！%K%P
%LC春樹
%LC春樹
「き、清佳ひゃんっ……！！」%K%P
「き、清佳ひゃんっ……！！」%K%P
物凄いＧを感じる中、\n僕も必死に彼女のスカートを抑えるのを手伝う。%K%P
物凄いＧを感じる中、\n僕も必死に彼女のスカートを抑えるのを手伝う。%K%P
時間にして１０秒にも満たない時間だっただろう。%K%P
時間にして１０秒にも満たない時間だっただろう。%K%P
けれど僕ですら、とてつもなく長く感じた１０秒だった。%K%P
けれど僕ですら、とてつもなく長く感じた１０秒だった。%K%P
やがて――リフトが地上に辿り着くと%K%P
やがて――リフトが地上に辿り着くと%K%P
%LC清佳
%LC清佳
「〜〜っっ！！　どうしてこんなコトに……！」%K%P
「〜〜っっ！！　どうしてこんなコトに……！」%K%P
今にも湯気が出そうなくらい赤面しながら、\n清佳ちゃんが怒りに震える。%K%P
今にも湯気が出そうなくらい赤面しながら、\n清佳ちゃんが怒りに震える。%K%P
%LC清佳
%LC清佳
「み……見た？」%K%P
「み……見た？」%K%P
%LC春樹
%LC春樹
「へ……？」%K%P
「へ……？」%K%P
%LC清佳
%LC清佳
「だから見たかって聞いてるのっ……！！」%K%P
「だから見たかって聞いてるのっ……！！」%K%P
%LC春樹
%LC春樹
「な、何も見てない……！！\n　清佳さんのパンツなんて、\n　全然、全く、何一つ見てないよ……！！」%K%P
「な、何も見てない……！！\n　清佳さんのパンツなんて、\n　全然、全く、何一つ見てないよ……！！」%K%P
%LC清佳
%LC清佳
%XS30「見てるじゃないのよぉぉ〜っ！？」%XE%K%P
%XS30「見てるじゃないのよぉぉ〜っ！？」%XE%K%P
%LC春樹
%LC春樹
「ひぃ！！！？」%K%P
「ひぃ！！！？」%K%P
%LC清佳
%LC清佳
「忘れなさいっ！！　忘れてっ！！\n　忘れないと、はぁはぁ、殺すからっっ……！！」%K%P
「忘れなさいっ！！　忘れてっ！！\n　忘れないと、はぁはぁ、殺すからっっ……！！」%K%P
%LC春樹
%LC春樹
「おおお、落ち着いて……！！\n　淑女の嗜みだよ、清佳さん……！！」%K%P
「おおお、落ち着いて……！！\n　淑女の嗜みだよ、清佳さん……！！」%K%P
%LC清佳
%LC清佳
「はぁ！！？　パ、パンツ見られて、\n　落ち着いていられるわけないでしょ！！？」%K%P
「はぁ！！？　パ、パンツ見られて、\n　落ち着いていられるわけないでしょ！！？」%K%P
%LC清佳
%LC清佳
「しかも今日のはちょっとオトナめの――！！\n　い、言っておくけど普段は履いてないから……！！\n　蛍とのデートに備えて気合いを入れてきただけだからっ」%K%P
「しかも今日のはちょっとオトナめの――！！\n　い、言っておくけど普段は履いてないから……！！\n　蛍とのデートに備えて気合いを入れてきただけだからっ」%K%P
%LC春樹
%LC春樹
「大声でそんなこと言っちゃダメだってば！！\n　まだ周りに人が――」%K%P
「大声でそんなこと言っちゃダメだってば！！\n　まだ周りに人が――」%K%P
%LC清佳
%LC清佳
「あっ――〜〜っっ！！」%K%P
「あっ――〜〜っっ！！」%K%P
清佳ちゃんの叫び声を聞いて、\n周囲の視線が一斉に集まる。%K%P
清佳ちゃんの叫び声を聞いて、\n周囲の視線が一斉に集まる。%K%P
口々に「パンツ？」「オトナめ？」と\n呟いている声すら聞こえてきた。%K%P
口々に「パンツ？」「オトナめ？」と\n呟いている声すら聞こえてきた。%K%P
%LC清佳
%LC清佳
「〜〜っっ！　こんな恥辱、初めてだわ……！\n　この私が、こんな大勢の前でこんな醜態を……！」%K%P
「〜〜っっ！　こんな恥辱、初めてだわ……！\n　この私が、こんな大勢の前でこんな醜態を……！」%K%P
%LC春樹
%LC春樹
「と、とにかく行こう……！\n　ほらレバー外して……！」%K%P
「と、とにかく行こう……！\n　ほらレバー外して……！」%K%P
%LC清佳
%LC清佳
「ま、待って……！　なんだか、うぷ……！\n　急に、気持ち悪く……」%K%P
「ま、待って……！　なんだか、うぷ……！\n　急に、気持ち悪く……」%K%P
%LC春樹
%LC春樹
「へ……？」%K%P
「へ……？」%K%P
%LC清佳
%LC清佳
「お、おえ……」%K%P
「お、おえ……」%K%P
%LC春樹
%LC春樹
「ちょっ！？　堪えて……！\n　吐くにしても、どこか他の場所で――」%K%P
「ちょっ！？　堪えて……！\n　吐くにしても、どこか他の場所で――」%K%P
%LC清佳
%LC清佳
「――オロロロロロロロロロっ！！！」%K%P
「――オロロロロロロロロロっ！！！」%K%P
%LC春樹
%LC春樹
「清佳さぁぁぁんんっっ〜〜！！？」%K%P
「清佳さぁぁぁんんっっ〜〜！！？」%K%P
………………%K%P
………………%K%P
…………%K%P
…………%K%P
……%K%P
……%K%P
%LC春樹
%LC春樹
「はい、お水。氷も買ってきたから\n　首筋にでも当てておいて？」%K%P
「はい、お水。氷も買ってきたから\n　首筋にでも当てておいて？」%K%P
%LC清佳
%LC清佳
「あ、ありがとう……うぷっ」%K%P
「あ、ありがとう……うぷっ」%K%P
%LC春樹
%LC春樹
「袋も……いる？」%K%P
「袋も……いる？」%K%P
%LC清佳
%LC清佳
「し、心配しないで。\n　それよりも下見の続きを――ふぁ」%K%P
「し、心配しないで。\n　それよりも下見の続きを――ふぁ」%K%P
%LC春樹
%LC春樹
「あっ、ダメだよ、急に立ち上がったら。\n　もう少しゆっくり休んだ方がいいって」%K%P
「あっ、ダメだよ、急に立ち上がったら。\n　もう少しゆっくり休んだ方がいいって」%K%P
%LC清佳
%LC清佳
「う……そうね」%K%P
「う……そうね」%K%P
立ち上がりかけた清佳さんを\nベンチに座り直させる。%K%P
立ち上がりかけた清佳さんを\nベンチに座り直させる。%K%P
さっきのアトラクションが想像以上に\nキツかったみたいだ。%K%P
さっきのアトラクションが想像以上に\nキツかったみたいだ。%K%P
乗っている時の気丈さはどこへやら、\nぐったりと背もたれにもたれかかってしまっている。%K%P
乗っている時の気丈さはどこへやら、\nぐったりと背もたれにもたれかかってしまっている。%K%P
%LC春樹
%LC春樹
「でも……まさか高いところが苦手だったなんて。\n　全然そうは見えなかったのに」%K%P
「でも……まさか高いところが苦手だったなんて。\n　全然そうは見えなかったのに」%K%P
%LC清佳
%LC清佳
「い、言ったでしょ。\n　たとえ怖くても決して顔には出さないって」%K%P
「い、言ったでしょ。\n　たとえ怖くても決して顔には出さないって」%K%P
%LC清佳
%LC清佳
「あなたの前では特によ……。\n　蛍に告げ口されたら堪ったもんじゃないわ……」%K%P
「あなたの前では特によ……。\n　蛍に告げ口されたら堪ったもんじゃないわ……」%K%P
%LC春樹
%LC春樹
「し、しないってば」%K%P
「し、しないってば」%K%P
そもそも告げ口以前の問題だし……。%K%P
そもそも告げ口以前の問題だし……。%K%P
%LC春樹
%LC春樹
「でも、これからは無理しないで欲しいな。\n　苦手なことがあれば素直に言ってくれた方がいいよ」%K%P
「でも、これからは無理しないで欲しいな。\n　苦手なことがあれば素直に言ってくれた方がいいよ」%K%P
%LC春樹
%LC春樹
「じゃないと蛍との本番デートの時も\n　同じようなミスしちゃうかもしれないよ？」%K%P
「じゃないと蛍との本番デートの時も\n　同じようなミスしちゃうかもしれないよ？」%K%P
%LC清佳
%LC清佳
「うっ……。それを言われると辛いわね……」%K%P
「うっ……。それを言われると辛いわね……」%K%P
%LC清佳
%LC清佳
「でも、その。好きな人の前では格好付けたいじゃない。\n　そういう気持ち……あなたにはない？」%K%P
「でも、その。好きな人の前では格好付けたいじゃない。\n　そういう気持ち……あなたにはない？」%K%P
%LC春樹
%LC春樹
「それは……」%K%P
「それは……」%K%P
もちろん、ある。\nだからこそ僕は男らしくなりたいと思ってるんだ。%K%P
もちろん、ある。\nだからこそ僕は男らしくなりたいと思ってるんだ。%K%P
%LC清佳
%LC清佳
「もちろん蛍の前で醜態を晒したくはないけれど……。\n　だからこそ、そうならないための努力をしたいの……」%K%P
「もちろん蛍の前で醜態を晒したくはないけれど……。\n　だからこそ、そうならないための努力をしたいの……」%K%P
%LC清佳
%LC清佳
「『清佳ちゃんはなんでもできる』って蛍に思って\n　もらいたいじゃない。頼られたいじゃない」%K%P
「『清佳ちゃんはなんでもできる』って蛍に思って\n　もらいたいじゃない。頼られたいじゃない」%K%P
%LC清佳
%LC清佳
「蛍が苦手なことなら尚更よ……。\n　私が得意になって引っ張って行ってあげたいの」%K%P
「蛍が苦手なことなら尚更よ……。\n　私が得意になって引っ張って行ってあげたいの」%K%P
%LC春樹
%LC春樹
「清佳さん……」%K%P
「清佳さん……」%K%P
同じだ。%K%P
同じだ。%K%P
清佳ちゃんも僕と同じように、\n好きな人に好かれるために頑張ろうとしている。%K%P
清佳ちゃんも僕と同じように、\n好きな人に好かれるために頑張ろうとしている。%K%P
こんなにヘロヘロになってでも、\n好かれる自分になろうとしている。%K%P
こんなにヘロヘロになってでも、\n好かれる自分になろうとしている。%K%P
%LC清佳
%LC清佳
「さ……行くわよ」%K%P
「さ……行くわよ」%K%P
%LC春樹
%LC春樹
「行くってどこへ？」%K%P
「行くってどこへ？」%K%P
%LC清佳
%LC清佳
「さっきのアトラクションに決まってるでしょ？\n　吐き気を、うぷ、催さないようになるまで乗るの」%K%P
「さっきのアトラクションに決まってるでしょ？\n　吐き気を、うぷ、催さないようになるまで乗るの」%K%P
%LC春樹
%LC春樹
「ダ、ダメだって。少なくともそんな体調で乗ったら、\n　もっと酷くなっちゃうってば」%K%P
「ダ、ダメだって。少なくともそんな体調で乗ったら、\n　もっと酷くなっちゃうってば」%K%P
%LC清佳
%LC清佳
「覚悟の上よ……！　どれだけゲロを吐いてでも、\n　あのアトラクションを克服して見せるわ……！」%K%P
「覚悟の上よ……！　どれだけゲロを吐いてでも、\n　あのアトラクションを克服して見せるわ……！」%K%P
%LC清佳
%LC清佳
「いいえ、あのアトラクションだけじゃない。\n　この遊園地のありとあらゆるものをマスターして、\n　蛍とのデートに備えるの……！」%K%P
「いいえ、あのアトラクションだけじゃない。\n　この遊園地のありとあらゆるものをマスターして、\n　蛍とのデートに備えるの……！」%K%P
そこには凜々しいお嬢様の姿なんて欠片もない。\n泥臭くも想い人のために努力する女の子がいるだけだ。%K%P
そこには凜々しいお嬢様の姿なんて欠片もない。\n泥臭くも想い人のために努力する女の子がいるだけだ。%K%P
こんな清佳ちゃんを初めて見た。%K%P
こんな清佳ちゃんを初めて見た。%K%P
もしかしたら小さい頃も\nこんな努力をしていたのかもしれない。%K%P
もしかしたら小さい頃も\nこんな努力をしていたのかもしれない。%K%P
思い当たる節はある。%K%P
思い当たる節はある。%K%P
清佳ちゃんは初めての遊びをする時はいつも下手で、\nけれど、次に遊ぶ時はとても上手になっていた。%K%P
清佳ちゃんは初めての遊びをする時はいつも下手で、\nけれど、次に遊ぶ時はとても上手になっていた。%K%P
きっと……こんな風に僕の知らないところで\n努力し続けてきたんだろう。%K%P
きっと……こんな風に僕の知らないところで\n努力し続けてきたんだろう。%K%P
蛍に、好かれるために。%K%P
蛍に、好かれるために。%K%P
%LC清佳
%LC清佳
「何をボーッとしてるの。リベンジに行くわよ」%K%P
「何をボーッとしてるの。リベンジに行くわよ」%K%P
%LC春樹
%LC春樹
「待って待って、落ち着いて。\n　気持ちはよーくわかったから」%K%P
「待って待って、落ち着いて。\n　気持ちはよーくわかったから」%K%P
%LC春樹
%LC春樹
「リベンジするにしても体調が戻ってからにしようよ。\n　歩けるようになったならまず園内を回ってもいいし」%K%P
「リベンジするにしても体調が戻ってからにしようよ。\n　歩けるようになったならまず園内を回ってもいいし」%K%P
%LC春樹
%LC春樹
「このまま無理にリベンジしてさらに体調を崩したら、\n　きっと他の場所を回る余裕もなくなるよ？」%K%P
「このまま無理にリベンジしてさらに体調を崩したら、\n　きっと他の場所を回る余裕もなくなるよ？」%K%P
%LC春樹
%LC春樹
「それはそれで……下見にならないんじゃない？」%K%P
「それはそれで……下見にならないんじゃない？」%K%P
%LC清佳
%LC清佳
「う……それもそうね。春樹くんの言う通りだわ……。\n　いま無理をしてもデメリットの方が大きそうね……」%K%P
「う……それもそうね。春樹くんの言う通りだわ……。\n　いま無理をしてもデメリットの方が大きそうね……」%K%P
僕の話を聞いて納得してくれたのか、\n清佳ちゃんが足を止める。%K%P
僕の話を聞いて納得してくれたのか、\n清佳ちゃんが足を止める。%K%P
%LC春樹
%LC春樹
「気分が良くなるまで土産物屋さんでも回ろうよ。\n　他にも、ショーを見たりしてもいいかもしれないよ？」%K%P
「気分が良くなるまで土産物屋さんでも回ろうよ。\n　他にも、ショーを見たりしてもいいかもしれないよ？」%K%P
%LC清佳
%LC清佳
「なるほど……。そんなものもあったんだ……」%K%P
「なるほど……。そんなものもあったんだ……」%K%P
%LC清佳
%LC清佳
「なら、その。案内してくれるかしら……。\n　春樹くんのプランで構わないから」%K%P
「なら、その。案内してくれるかしら……。\n　春樹くんのプランで構わないから」%K%P
%LC春樹
%LC春樹
「じゃあ、ついてきて」%K%P
「じゃあ、ついてきて」%K%P
土産物屋さんの方へ歩き始める。\n確かこの近くに大きなお店があったはずだ。%K%P
土産物屋さんの方へ歩き始める。\n確かこの近くに大きなお店があったはずだ。%K%P
%LC春樹
%LC春樹
「蛍にお土産を買うなら――……って、あれ？」%K%P
「蛍にお土産を買うなら――……って、あれ？」%K%P
話しかけようとして――\n隣に清佳ちゃんがいないことに気づく。%K%P
話しかけようとして――\n隣に清佳ちゃんがいないことに気づく。%K%P
後ろを振り返ると、清佳ちゃんは\nその場から動いていなかった。%K%P
後ろを振り返ると、清佳ちゃんは\nその場から動いていなかった。%K%P
%LC春樹
%LC春樹
「どうしたの？　もしかして、まだ気持ち悪い？」%K%P
「どうしたの？　もしかして、まだ気持ち悪い？」%K%P
%LC清佳
%LC清佳
「い、いえ、その……」%K%P
「い、いえ、その……」%K%P
%LC清佳
%LC清佳
「あなたはどうして、その。\n　そんなにも私を手伝ってくれるの？」%K%P
「あなたはどうして、その。\n　そんなにも私を手伝ってくれるの？」%K%P
%LC春樹
%LC春樹
「え？」%K%P
「え？」%K%P
%LC清佳
%LC清佳
「確かに付き合ってと頼んだのは私だけど……。\n　正直、蛍の好みを教えてもらう以上のことは\n　求めていなかったと言うか……」%K%P
「確かに付き合ってと頼んだのは私だけど……。\n　正直、蛍の好みを教えてもらう以上のことは\n　求めていなかったと言うか……」%K%P
%LC清佳
%LC清佳
「なのにどうして、ここまで親身になろうと\n　してくれるのかがわからなくて……」%K%P
「なのにどうして、ここまで親身になろうと\n　してくれるのかがわからなくて……」%K%P
%LC清佳
%LC清佳
「弱みを握ろうとしているようにも……見えないし」%K%P
「弱みを握ろうとしているようにも……見えないし」%K%P
清佳ちゃんが戸惑った表情を浮かべる。\nそんな彼女に僕は自然と口元が緩んだ。%K%P
清佳ちゃんが戸惑った表情を浮かべる。\nそんな彼女に僕は自然と口元が緩んだ。%K%P
%LC春樹
%LC春樹
「単に手伝いたくなったから。じゃダメかな？」%K%P
「単に手伝いたくなったから。じゃダメかな？」%K%P
%LC清佳
%LC清佳
「手伝うメリットもないのに？」%K%P
「手伝うメリットもないのに？」%K%P
%LC春樹
%LC春樹
「うん。清佳さんの話を聞いて、\n　ただ単に手伝いたくなったんだ」%K%P
「うん。清佳さんの話を聞いて、\n　ただ単に手伝いたくなったんだ」%K%P
%LC清佳
%LC清佳
「私の話を聞いて……」%K%P
「私の話を聞いて……」%K%P
確かに最初は、この模擬デートを通じて、\n少しでも春樹として仲を深められたら。と思っていた。%K%P
確かに最初は、この模擬デートを通じて、\n少しでも春樹として仲を深められたら。と思っていた。%K%P
今思えば、なんて薄汚い企みだ。\n清佳ちゃんに警戒されるのも当然だろう。%K%P
今思えば、なんて薄汚い企みだ。\n清佳ちゃんに警戒されるのも当然だろう。%K%P
でも……清佳ちゃんのひたむきな姿を見て、\nどこまでも蛍に一途な姿を見て考えが変わった。%K%P
でも……清佳ちゃんのひたむきな姿を見て、\nどこまでも蛍に一途な姿を見て考えが変わった。%K%P
たとえ後で厄介なことになったとしても、\n今は純粋に清佳ちゃんの恋を応援したい。%K%P
たとえ後で厄介なことになったとしても、\n今は純粋に清佳ちゃんの恋を応援したい。%K%P
もしも清佳ちゃんの恋愛相手が蛍じゃなかったとしたら、\nきっと僕はそうしたと思うから。%K%P
もしも清佳ちゃんの恋愛相手が蛍じゃなかったとしたら、\nきっと僕はそうしたと思うから。%K%P
%LC清佳
%LC清佳
「ふふ、物好きな人ね。\n　それとも余程のお人好しなのかしら」%K%P
「ふふ、物好きな人ね。\n　それとも余程のお人好しなのかしら」%K%P
%LC清佳
%LC清佳
「でも、ええ。信じてあげる。\n　初めて出会った時の蛍と……同じ目をしているもの」%K%P
「でも、ええ。信じてあげる。\n　初めて出会った時の蛍と……同じ目をしているもの」%K%P
%LC春樹
%LC春樹
「え……？」%K%P
「え……？」%K%P
%LC清佳
%LC清佳
「ふふ。なんでもないわ。行きましょ？\n　私を土産物屋とやらに案内しなさい」%K%P
「ふふ。なんでもないわ。行きましょ？\n　私を土産物屋とやらに案内しなさい」%K%P
%LC春樹
%LC春樹
「あ、待って、清佳さん……！\n　そっちは逆方向だってば……！」%K%P
「あ、待って、清佳さん……！\n　そっちは逆方向だってば……！」%K%P
さっさと歩き始めていく清佳さんに慌ててついていく。%K%P
さっさと歩き始めていく清佳さんに慌ててついていく。%K%P
でも、そんな雑な扱いが何故か嬉しかった。%K%P
でも、そんな雑な扱いが何故か嬉しかった。%K%P
………………%K%P
………………%K%P
…………%K%P
…………%K%P
……%K%P
……%K%P
%LC清佳
%LC清佳
「……ふぅ。なんとか一通り回れたようね」%K%P
「……ふぅ。なんとか一通り回れたようね」%K%P
%LC春樹
%LC春樹
「そうだね……」%K%P
「そうだね……」%K%P
%LC清佳
%LC清佳
「む。何よ、その返事。\n　何か思うところでもあったと言いたげね」%K%P
「む。何よ、その返事。\n　何か思うところでもあったと言いたげね」%K%P
%LC春樹
%LC春樹
「それはもう……色々と。清佳さんってば、\n　土産物屋を丸ごと買いたたこうとするし……」%K%P
「それはもう……色々と。清佳さんってば、\n　土産物屋を丸ごと買いたたこうとするし……」%K%P
%LC清佳
%LC清佳
「ど、どのお土産なら蛍が喜ぶかわからないもの。\n　店ごと買い取った方が早いじゃない」%K%P
「ど、どのお土産なら蛍が喜ぶかわからないもの。\n　店ごと買い取った方が早いじゃない」%K%P
%LC春樹
%LC春樹
「ショーを見たら小学生を押しのけて、\n　舞台に立とうとするし……」%K%P
「ショーを見たら小学生を押しのけて、\n　舞台に立とうとするし……」%K%P
%LC清佳
%LC清佳
「ち、違うわ！　あれは絶対に私が当てられてたのよ！\n　舞台の人とバッチリ目が合ってたんだから……！」%K%P
「ち、違うわ！　あれは絶対に私が当てられてたのよ！\n　舞台の人とバッチリ目が合ってたんだから……！」%K%P
%LC春樹
%LC春樹
「オバケ屋敷ではキャストさんをのしちゃうし……」%K%P
「オバケ屋敷ではキャストさんをのしちゃうし……」%K%P
%LC清佳
%LC清佳
「脅かしてくる方が悪いんじゃない……！\n　あんな暗闇で脅かされたら反射的に投げちゃうわよ！」%K%P
「脅かしてくる方が悪いんじゃない……！\n　あんな暗闇で脅かされたら反射的に投げちゃうわよ！」%K%P
%LC春樹
%LC春樹
「…………」%K%P
「…………」%K%P
%LC清佳
%LC清佳
「な、何よ。『コイツ、想像以上にヤバい』\n　とでも言いたげな目は……！！」%K%P
「な、何よ。『コイツ、想像以上にヤバい』\n　とでも言いたげな目は……！！」%K%P
%LC春樹
%LC春樹
「あはは……」%K%P
「あはは……」%K%P
苦笑で返すことしかできない。\n本当にこういう場所で遊んだことなかったんだなぁ……。%K%P
苦笑で返すことしかできない。\n本当にこういう場所で遊んだことなかったんだなぁ……。%K%P
%LC春樹
%LC春樹
「とりあえず、そろそろ帰ろっか。\n　あんまり遅くなると愛さんも心配するだろうし」%K%P
「とりあえず、そろそろ帰ろっか。\n　あんまり遅くなると愛さんも心配するだろうし」%K%P
%LC清佳
%LC清佳
「愛はどうでもいいけれど……そうね。\n　蛍にまた心配をかけちゃうかもしれないし」%K%P
「愛はどうでもいいけれど……そうね。\n　蛍にまた心配をかけちゃうかもしれないし」%K%P
そして出口に向かって清佳ちゃんが歩き始める。%K%P
そして出口に向かって清佳ちゃんが歩き始める。%K%P
しかし、すぐにはたと歩みを止めた。%K%P
しかし、すぐにはたと歩みを止めた。%K%P
%LC清佳
%LC清佳
「……今日は、その。ありがとう。\n　おかげで良い予行演習になったわ」%K%P
「……今日は、その。ありがとう。\n　おかげで良い予行演習になったわ」%K%P
%LC春樹
%LC春樹
「え？　今、お礼を――」%K%P
「え？　今、お礼を――」%K%P
%LC清佳
%LC清佳
「――でも、くれぐれも蛍には今日のことは内緒よっ？\n　特に、その。私の恥ずかしい行動の数々は……！」%K%P
「――でも、くれぐれも蛍には今日のことは内緒よっ？\n　特に、その。私の恥ずかしい行動の数々は……！」%K%P
%LC春樹
%LC春樹
「わ、わかってるってば。言わないよ……！」%K%P
「わ、わかってるってば。言わないよ……！」%K%P
%LC清佳
%LC清佳
「な、ならいいの」%K%P
「な、ならいいの」%K%P
清佳ちゃんが恥ずかしそうにプイと顔を逸らす。\n……お礼を言ってもらえるなんて。ふふ、嬉しい。%K%P
清佳ちゃんが恥ずかしそうにプイと顔を逸らす。\n……お礼を言ってもらえるなんて。ふふ、嬉しい。%K%P
%LC春樹
%LC春樹
「俺からも今日はありがとう。\n　一日楽しかったや」%K%P
「俺からも今日はありがとう。\n　一日楽しかったや」%K%P
%LC清佳
%LC清佳
「別にあなたに楽しまれても\n　嬉しくともなんともないのだけれど……」%K%P
「別にあなたに楽しまれても\n　嬉しくともなんともないのだけれど……」%K%P
%LC清佳
%LC清佳
「まぁ……つまらないと言われるよりはマシね。\n　無理やり一日付き合わせたわけだし……」%K%P
「まぁ……つまらないと言われるよりはマシね。\n　無理やり一日付き合わせたわけだし……」%K%P
%LC清佳
%LC清佳
「でも蛍と遊園地に行くのは考え物ね……。\n　まだ絶叫系アトラクションの対策が取れてないわ」%K%P
「でも蛍と遊園地に行くのは考え物ね……。\n　まだ絶叫系アトラクションの対策が取れてないわ」%K%P
%LC春樹
%LC春樹
「無理して乗る必要もないと思うけど」%K%P
「無理して乗る必要もないと思うけど」%K%P
%LC清佳
%LC清佳
「いいえ、吊り橋効果を私は信じるわ。\n　そのためにもどうにか克服しないと……」%K%P
「いいえ、吊り橋効果を私は信じるわ。\n　そのためにもどうにか克服しないと……」%K%P
色々あったけど本当に楽しい一日だった。%K%P
色々あったけど本当に楽しい一日だった。%K%P
なんだかんだで清佳ちゃんとも\n距離を縮められたような気がする。%K%P
なんだかんだで清佳ちゃんとも\n距離を縮められたような気がする。%K%P
もっとも……男らしいところは見せられなかったけど。\nでも今日はそれでいい。今はそう思える。%K%P
もっとも……男らしいところは見せられなかったけど。\nでも今日はそれでいい。今はそう思える。%K%P
%LC清佳
%LC清佳
「ん……？　この音は……？」%K%P
「ん……？　この音は……？」%K%P
%LC春樹
%LC春樹
「なんだろう……。俺も知らないや」%K%P
「なんだろう……。俺も知らないや」%K%P
不意に鳴り響いた鐘の音に二人揃って首を傾げる。%K%P
不意に鳴り響いた鐘の音に二人揃って首を傾げる。%K%P
%LC春樹
%LC春樹
「近くで結婚式でもしてるのかな？」%K%P
「近くで結婚式でもしてるのかな？」%K%P
%LC清佳
%LC清佳
「結婚式？」%K%P
「結婚式？」%K%P
%LC春樹
%LC春樹
「うん。これって、チャペルの鐘の音だもん。\n　あ、やっぱり。ほら見てあの看板」%K%P
「うん。これって、チャペルの鐘の音だもん。\n　あ、やっぱり。ほら見てあの看板」%K%P
%LC清佳
%LC清佳
「『テーマパークウェディング』……へぇ。\n　遊園地って結婚式まで開いてるのね……」%K%P
「『テーマパークウェディング』……へぇ。\n　遊園地って結婚式まで開いてるのね……」%K%P
%LC春樹
%LC春樹
「まだ正式には始まってないみたいだよ？\n　ほら八月にオープンって書いてあるし。\n　きっと試しに鳴らしてみてるんじゃないかな？」%K%P
「まだ正式には始まってないみたいだよ？\n　ほら八月にオープンって書いてあるし。\n　きっと試しに鳴らしてみてるんじゃないかな？」%K%P
%LC清佳
%LC清佳
「ふーん……」%K%P
「ふーん……」%K%P
清佳ちゃんが生返事で応えてくる。\n見れば、彼女は鐘の音を聞き入っていた。%K%P
清佳ちゃんが生返事で応えてくる。\n見れば、彼女は鐘の音を聞き入っていた。%K%P
もしかしたら「いつか蛍と――」\nと思っているのかもしれない。%K%P
もしかしたら「いつか蛍と――」\nと思っているのかもしれない。%K%P
だとすれば……少し悲しいな。%K%P
だとすれば……少し悲しいな。%K%P
自分相手に嫉妬するのもおかしいけれど、\n僕も蛍のように清佳ちゃんに想われたい。%K%P
自分相手に嫉妬するのもおかしいけれど、\n僕も蛍のように清佳ちゃんに想われたい。%K%P
もし清佳ちゃんと結婚式に出られる日が来たとしたら――\n彼女の隣にいるのは蛍ではなく春樹であって欲しい。%K%P
もし清佳ちゃんと結婚式に出られる日が来たとしたら――\n彼女の隣にいるのは蛍ではなく春樹であって欲しい。%K%P
そのためにもいつかは清佳ちゃんに正体を――%K%P
そのためにもいつかは清佳ちゃんに正体を――%K%P
%LC清佳
%LC清佳
「……く……」%K%P
「……く……」%K%P
%LC清佳
%LC清佳
「春樹くんっ？」%K%P
「春樹くんっ？」%K%P
%LC春樹
%LC春樹
「――えっ！？　な、何？」%K%P
「――えっ！？　な、何？」%K%P
%LC清佳
%LC清佳
「それはこっちの台詞よ……。\n　何ボーッとしてるの？」%K%P
「それはこっちの台詞よ……。\n　何ボーッとしてるの？」%K%P
%LC清佳
%LC清佳
「早く駅まで案内して。\n　自慢じゃないけど私、道を全く覚えてないの」%K%P
「早く駅まで案内して。\n　自慢じゃないけど私、道を全く覚えてないの」%K%P
%LC春樹
%LC春樹
「あ、あはは……。ホントに自慢じゃないね……」%K%P
「あ、あはは……。ホントに自慢じゃないね……」%K%P
清佳ちゃんに声をかけられて我に返る。%K%P
清佳ちゃんに声をかけられて我に返る。%K%P
そうだ。今はそれを考えるべき時間じゃない。\nそれよりも、ちゃんと清佳ちゃんを送り届けないと。%K%P
そうだ。今はそれを考えるべき時間じゃない。\nそれよりも、ちゃんと清佳ちゃんを送り届けないと。%K%P
%LC春樹
%LC春樹
「じゃあ行こっか。ついてきて？」%K%P
「じゃあ行こっか。ついてきて？」%K%P
と歩き始めた――その時だった。%K%P
と歩き始めた――その時だった。%K%P
%LC男Ａ
%LC男Ａ
「…………」%K%P
「…………」%K%P
%LC男Ｂ
%LC男Ｂ
「…………」%K%P
「…………」%K%P
%LC春樹
%LC春樹
「へ……？」%K%P
「へ……？」%K%P
突然、僕たちの行く手を阻むように\n数人の男たちが現れる。%K%P
突然、僕たちの行く手を阻むように\n数人の男たちが現れる。%K%P
%LC清佳
%LC清佳
「あなたたちは……」%K%P
「あなたたちは……」%K%P
清佳ちゃんは彼らを見て呆然としていた。\n……とてもじゃないけど明るい雰囲気じゃない。%K%P
清佳ちゃんは彼らを見て呆然としていた。\n……とてもじゃないけど明るい雰囲気じゃない。%K%P
周りを見ると、僕らの他に誰も人がいなかった。\n日が落ちたことで大半が帰ってしまったんだろう。%K%P
周りを見ると、僕らの他に誰も人がいなかった。\n日が落ちたことで大半が帰ってしまったんだろう。%K%P
ふと清佳ちゃんが話していたことを思い出す。%K%P
ふと清佳ちゃんが話していたことを思い出す。%K%P
%LC清佳
%LC清佳
「こ、これでわかったでしょ。\n　私、こういう場所にちょっぴり疎いの」%K%P
「こ、これでわかったでしょ。\n　私、こういう場所にちょっぴり疎いの」%K%P
%LC清佳
%LC清佳
「不特定多数の人間が集まる場所は危険が多いから。\n　昔から近づかないようにって強く言われていたし……」%K%P
「不特定多数の人間が集まる場所は危険が多いから。\n　昔から近づかないようにって強く言われていたし……」%K%P
%LC春樹
%LC春樹
「っっ」%K%P
「っっ」%K%P
もしかして、この人たち……。\n清佳ちゃんを誘拐しようとしているんじゃ。%K%P
もしかして、この人たち……。\n清佳ちゃんを誘拐しようとしているんじゃ。%K%P
人気がなくなったところに急に現れて、\n僕らを取り囲んで……。%K%P
人気がなくなったところに急に現れて、\n僕らを取り囲んで……。%K%P
どちらにしても――不穏なことは間違いない。%K%P
どちらにしても――不穏なことは間違いない。%K%P
%LC春樹
%LC春樹
「清佳さん……。すぐ走れる？」%K%P
「清佳さん……。すぐ走れる？」%K%P
%LC清佳
%LC清佳
「え？　ええ……」%K%P
「え？　ええ……」%K%P
%LC春樹
%LC春樹
「だったら――」%K%P
「だったら――」%K%P
%LC黒服Ａ
%LC黒服Ａ
「――ぐふっ！？」%K%P
「――ぐふっ！？」%K%P
%LC春樹
%LC春樹
「に、逃げてっ！！」%K%P
「に、逃げてっ！！」%K%P
半ば押し倒すように男の一人へタックルする。\nそして同時に清佳ちゃんへ叫んだ。%K%P
半ば押し倒すように男の一人へタックルする。\nそして同時に清佳ちゃんへ叫んだ。%K%P
しかし――%K%P
しかし――%K%P
%LC清佳
%LC清佳
「……はぁ？　あなた、一体なにをして……」%K%P
「……はぁ？　あなた、一体なにをして……」%K%P
%LC春樹
%LC春樹
「〜〜っっ！　ボーッとしてないで逃げて……！！\n　捕まったら何をされるか……！！」%K%P
「〜〜っっ！　ボーッとしてないで逃げて……！！\n　捕まったら何をされるか……！！」%K%P
決死のタックルを決めたにもかかわらず、\n清佳ちゃんは棒立ちで僕を見つめていた。%K%P
決死のタックルを決めたにもかかわらず、\n清佳ちゃんは棒立ちで僕を見つめていた。%K%P
どうして逃げてくれないの……！！%K%P
どうして逃げてくれないの……！！%K%P
%LC清佳
%LC清佳
「……ああ。なるほど、そういうこと……。\n　ふふ、安心して春樹くん。彼らは――」%K%P
「……ああ。なるほど、そういうこと……。\n　ふふ、安心して春樹くん。彼らは――」%K%P
%LC愛
%LC愛
「なーに面白いことしてるんですかぁ、せんぱぁい？」%K%P
「なーに面白いことしてるんですかぁ、せんぱぁい？」%K%P
%LC春樹
%LC春樹
「へ……？」%K%P
「へ……？」%K%P
この声は――%K%P
この声は――%K%P
%LC愛
%LC愛
「もしかしてぇ……愛たちのこと誘拐犯だとか\n　勘違いしちゃいましたぁ？　あはは、おもしろーい」%K%P
「もしかしてぇ……愛たちのこと誘拐犯だとか\n　勘違いしちゃいましたぁ？　あはは、おもしろーい」%K%P
%LC春樹
%LC春樹
「愛さん……！？」%K%P
「愛さん……！？」%K%P
%LC清佳
%LC清佳
「はぁ……。愛。今日はついてくるなって\n　言っておいたはずよね？」%K%P
「はぁ……。愛。今日はついてくるなって\n　言っておいたはずよね？」%K%P
%LC愛
%LC愛
「無理ですってば。春樹さんじゃないですけど、\n　清佳様が危険な目に遭われたら愛たちの立場が\n　ありませんし」%K%P
「無理ですってば。春樹さんじゃないですけど、\n　清佳様が危険な目に遭われたら愛たちの立場が\n　ありませんし」%K%P
%LC愛
%LC愛
「そもそも清佳様がいけないんですよ？\n　この前、一人で外出して迷子になられたから」%K%P
「そもそも清佳様がいけないんですよ？\n　この前、一人で外出して迷子になられたから」%K%P
%LC清佳
%LC清佳
「だ、だからアレは迷子じゃないって言ってるでしょ。\n　蛍と仲直りするために――」%K%P
「だ、だからアレは迷子じゃないって言ってるでしょ。\n　蛍と仲直りするために――」%K%P
どうやら僕の早とちりだったらしい。\nそういえばこの男の人……僕が拉致された時に見たかも。%K%P
どうやら僕の早とちりだったらしい。\nそういえばこの男の人……僕が拉致された時に見たかも。%K%P
%LC春樹
%LC春樹
「ご、ごめんなさい」%K%P
「ご、ごめんなさい」%K%P
%LC黒服Ａ
%LC黒服Ａ
「いえ」%K%P
「いえ」%K%P
男の人を引っ張り起こして謝る。\nヤバい、めちゃくちゃ恥ずかしい。%K%P
男の人を引っ張り起こして謝る。\nヤバい、めちゃくちゃ恥ずかしい。%K%P
%LC愛
%LC愛
「にしても清佳様ってば……プププ。\n　電車も一人で乗れないんですね？\n　ＩＣカードリーダーに切符当てたりして」%K%P
「にしても清佳様ってば……プププ。\n　電車も一人で乗れないんですね？\n　ＩＣカードリーダーに切符当てたりして」%K%P
%LC清佳
%LC清佳
「なっ――！？　あなたたち、\n　一体いつから見てたの……！？」%K%P
「なっ――！？　あなたたち、\n　一体いつから見てたの……！？」%K%P
%LC愛
%LC愛
「お屋敷を出て行かれてからずっとに\n　決まってるじゃないですかぁ〜」%K%P
「お屋敷を出て行かれてからずっとに\n　決まってるじゃないですかぁ〜」%K%P
%LC愛
%LC愛
「でも楽しそうで何よりでした。公衆の面前で\n　壮大にパンツを見せびらかしたりしてましたよね〜？」%K%P
「でも楽しそうで何よりでした。公衆の面前で\n　壮大にパンツを見せびらかしたりしてましたよね〜？」%K%P
%LC清佳
%LC清佳
「それも見られ――〜〜っっ！！」%K%P
「それも見られ――〜〜っっ！！」%K%P
%LC愛
%LC愛
「いやー。フォローに回らなくていいってだけで、\n　物凄く楽だってことが身に染みた一日でしたよ〜。\n　いきなりゲロ吐かれたら面倒臭いですしー……」%K%P
「いやー。フォローに回らなくていいってだけで、\n　物凄く楽だってことが身に染みた一日でしたよ〜。\n　いきなりゲロ吐かれたら面倒臭いですしー……」%K%P
%LC清佳
%LC清佳
「ウ、ウザい……！　そこはかとなくウザいわ……！\n　だから愛を家に置いていったのにぃ……！！」%K%P
「ウ、ウザい……！　そこはかとなくウザいわ……！\n　だから愛を家に置いていったのにぃ……！！」%K%P
%LC愛
%LC愛
「清佳様ってばヒドーい。\n　愛はぁいつでも清佳様のためを思ってますのに〜。\n　――あ、ヤバ。そろそろファストパスの時間だ」%K%P
「清佳様ってばヒドーい。\n　愛はぁいつでも清佳様のためを思ってますのに〜。\n　――あ、ヤバ。そろそろファストパスの時間だ」%K%P
%LC清佳
%LC清佳
%XS20「ちゃっかり楽しんでるんじゃないわよ！？」%XE%K%P
%XS20「ちゃっかり楽しんでるんじゃないわよ！？」%XE%K%P
全然口を挟む隙がない。\nある意味本当に仲が良いよね、この二人。%K%P
全然口を挟む隙がない。\nある意味本当に仲が良いよね、この二人。%K%P
%LC清佳
%LC清佳
「申し訳なかったわね、春樹くん。\n　紛らわしい雰囲気で出て来た愛たちのせいで」%K%P
「申し訳なかったわね、春樹くん。\n　紛らわしい雰囲気で出て来た愛たちのせいで」%K%P
%LC春樹
%LC春樹
「う、ううん。俺が早とちりしちゃっただけだから」%K%P
「う、ううん。俺が早とちりしちゃっただけだから」%K%P
%LC清佳
%LC清佳
「ふふ。でも……男の子らしいところもあるのね？\n　まさか私を庇おうとしてくれるなんて思わなかったわ」%K%P
「ふふ。でも……男の子らしいところもあるのね？\n　まさか私を庇おうとしてくれるなんて思わなかったわ」%K%P
%LC春樹
%LC春樹
「えっ？　〜〜っっ！」%K%P
「えっ？　〜〜っっ！」%K%P
い、今、男らしいって言ってもらえた……？\n清佳ちゃんに……？　えっ、えっ……？%K%P
い、今、男らしいって言ってもらえた……？\n清佳ちゃんに……？　えっ、えっ……？%K%P
どうしよう、嬉しい……！\n顔がにやけちゃいそう……。%K%P
どうしよう、嬉しい……！\n顔がにやけちゃいそう……。%K%P
%LC愛
%LC愛
「む……。これは……」%K%P
「む……。これは……」%K%P
%LC清佳
%LC清佳
「？？？　どうしたの、愛？」%K%P
「？？？　どうしたの、愛？」%K%P
%LC愛
%LC愛
「いえいえ〜。何やら恋愛の波動を感じまして〜。\n　あんまり褒めると、惚れられちゃいますよ清佳様？」%K%P
「いえいえ〜。何やら恋愛の波動を感じまして〜。\n　あんまり褒めると、惚れられちゃいますよ清佳様？」%K%P
%LC清佳
%LC清佳
「はあ？　惚れられる？　誰に？」%K%P
「はあ？　惚れられる？　誰に？」%K%P
%LC春樹
%LC春樹
「ちょっ……！？」%K%P
「ちょっ……！？」%K%P
愛さん……！　お願いだから余計なこと言わないで……！%K%P
愛さん……！　お願いだから余計なこと言わないで……！%K%P
%LC愛
%LC愛
「ふふふ〜先輩。今日は清佳様の面倒を見て下さって、\n　ありがとうございました」%K%P
「ふふふ〜先輩。今日は清佳様の面倒を見て下さって、\n　ありがとうございました」%K%P
%LC愛
%LC愛
「これからもぉ、清佳様と\n　良い『お友達』でいてあげて下さいね？」%K%P
「これからもぉ、清佳様と\n　良い『お友達』でいてあげて下さいね？」%K%P
僕の気持ちを知ってか知らずか、\n愛さんがそれとなく釘を刺してくる。%K%P
僕の気持ちを知ってか知らずか、\n愛さんがそれとなく釘を刺してくる。%K%P
普段は清佳ちゃんのことをボロクソに言ってるけど、\n愛さんは蛍と清佳ちゃんの恋愛に賛成派だったのか……。%K%P
普段は清佳ちゃんのことをボロクソに言ってるけど、\n愛さんは蛍と清佳ちゃんの恋愛に賛成派だったのか……。%K%P
%LC愛
%LC愛
「じゃあ行きましょうか、清佳様。\n　駐車場にお車をご用意してありますので。\n　今から電車で帰ると着く頃には真っ暗ですし」%K%P
「じゃあ行きましょうか、清佳様。\n　駐車場にお車をご用意してありますので。\n　今から電車で帰ると着く頃には真っ暗ですし」%K%P
%LC清佳
%LC清佳
「はいはい。正直電車にはもう一度乗りたかったけど、\n　仕方ないわね……。行きましょ、春樹くん」%K%P
「はいはい。正直電車にはもう一度乗りたかったけど、\n　仕方ないわね……。行きましょ、春樹くん」%K%P
%LC春樹
%LC春樹
「う――」%K%P
「う――」%K%P
%LC愛
%LC愛
「じー……」%K%P
「じー……」%K%P
%LC春樹
%LC春樹
「――ん、と言いたいところだけど遠慮するね？\n　で、電車で帰る方が楽だから」%K%P
「――ん、と言いたいところだけど遠慮するね？\n　で、電車で帰る方が楽だから」%K%P
愛さんに睨みつけられて、\n思わず首を横に振ってしまう。%K%P
愛さんに睨みつけられて、\n思わず首を横に振ってしまう。%K%P
%LC清佳
%LC清佳
「あら、そう？　なら無理強いはしないけど」%K%P
「あら、そう？　なら無理強いはしないけど」%K%P
%LC愛
%LC愛
「ふふふ、せんぱぁい。わかってるじゃないですかぁ」%K%P
「ふふふ、せんぱぁい。わかってるじゃないですかぁ」%K%P
そんな僕に笑いかけてくる愛さん。%K%P
そんな僕に笑いかけてくる愛さん。%K%P
せっかく清佳ちゃんと打ち解けつつあるのに、\n新たな障害が生まれちゃった気がする……。%K%P
せっかく清佳ちゃんと打ち解けつつあるのに、\n新たな障害が生まれちゃった気がする……。%K%P
%LC清佳
%LC清佳
「また学園で会いましょう。\n　今日は一日付き合ってもらって助かったわ」%K%P
「また学園で会いましょう。\n　今日は一日付き合ってもらって助かったわ」%K%P
%LC春樹
%LC春樹
「う、うん」%K%P
「う、うん」%K%P
去って行く清佳ちゃんたちを見送る。%K%P
去って行く清佳ちゃんたちを見送る。%K%P
すると遠ざかっていく二人の\n話し声が風に乗って聞こえてきた。%K%P
すると遠ざかっていく二人の\n話し声が風に乗って聞こえてきた。%K%P
%LC清佳
%LC清佳
「にしても愛……。いつまでそのキャラ続けるの？\n　別にもう彼に色仕掛けかける必要ないわよ？」%K%P
「にしても愛……。いつまでそのキャラ続けるの？\n　別にもう彼に色仕掛けかける必要ないわよ？」%K%P
%LC愛
%LC愛
「いいじゃないですかぁ。あの人、ちょーっと\n　ちょっかいかけるだけで良い反応してくれて、\n　すっごく面白いんですよぉ〜」%K%P
「いいじゃないですかぁ。あの人、ちょーっと\n　ちょっかいかけるだけで良い反応してくれて、\n　すっごく面白いんですよぉ〜」%K%P
%LC清佳
%LC清佳
「……相変わらず良い性格してるわね……」%K%P
「……相変わらず良い性格してるわね……」%K%P
%LC愛
%LC愛
「それに……清佳様のためにも、\n　色仕掛けはまだまだ必要そうな気がしますし」%K%P
「それに……清佳様のためにも、\n　色仕掛けはまだまだ必要そうな気がしますし」%K%P
%LC清佳
%LC清佳
「ん？」%K%P
「ん？」%K%P
%LC愛
%LC愛
「えへへ、なんでもないですよぉ〜。\n　清佳様のゲロインデビューを思い出してただけですぅ。くふふ」%K%P
「えへへ、なんでもないですよぉ〜。\n　清佳様のゲロインデビューを思い出してただけですぅ。くふふ」%K%P
%LC清佳
%LC清佳
「っっ。ほ、本当に良い性格してるわね……！\n　これでも私、あなたの主人なんだけど……！！」%K%P
「っっ。ほ、本当に良い性格してるわね……！\n　これでも私、あなたの主人なんだけど……！！」%K%P
本当に不思議な人だなぁ、愛さんって……。\n清佳ちゃんをリスペクトしてるのかしてないのか……。%K%P
本当に不思議な人だなぁ、愛さんって……。\n清佳ちゃんをリスペクトしてるのかしてないのか……。%K%P
どちらにしても……愛さんは僕が清佳ちゃんの仲が\n深まることを良く思ってなさそうだ。%K%P
どちらにしても……愛さんは僕が清佳ちゃんの仲が\n深まることを良く思ってなさそうだ。%K%P
もし彼女に春樹＝蛍だと知られたら、どうなるだろう？\n逆に……協力してくれたりするのかな？%K%P
もし彼女に春樹＝蛍だと知られたら、どうなるだろう？\n逆に……協力してくれたりするのかな？%K%P
%LC春樹
%LC春樹
「……考えても仕方ないか……」%K%P
「……考えても仕方ないか……」%K%P
%LC蛍
%LC蛍
「ふぅ、やっと着いた」%K%P
「ふぅ、やっと着いた」%K%P
着替えたりしてたら想像以上に遅くなっちゃった。%K%P
着替えたりしてたら想像以上に遅くなっちゃった。%K%P
晩ご飯は作っておいたけど、\nみんなを心配させちゃってるかもしれない。%K%P
晩ご飯は作っておいたけど、\nみんなを心配させちゃってるかもしれない。%K%P
%LC蛍
%LC蛍
「ただいま戻りました」%K%P
「ただいま戻りました」%K%P
声をかけながらリビングへと入る。%K%P
声をかけながらリビングへと入る。%K%P
すると――%K%P
すると――%K%P
%LC千鶴
%LC千鶴
「いいじゃん、いいじゃ〜んっ。\n　チュ〜させてよ、愛ちゃぁんっ〜」%K%P
「いいじゃん、いいじゃ〜んっ。\n　チュ〜させてよ、愛ちゃぁんっ〜」%K%P
%LC愛
%LC愛
「ひっ……！　離れて……！\n　離れて下さい、このロリコンレイプ魔……！」%K%P
「ひっ……！　離れて……！\n　離れて下さい、このロリコンレイプ魔……！」%K%P
%LC蛍
%LC蛍
%XS20「なななな、何してるんですかぁ〜！？」%XE%K%P
%XS20「なななな、何してるんですかぁ〜！？」%XE%K%P
%LC千鶴
%LC千鶴
「んあっ！？」%K%P
「んあっ！？」%K%P
全裸で愛さんに馬乗りになっているお姉ちゃんを\n慌てて引っ剥がす。%K%P
全裸で愛さんに馬乗りになっているお姉ちゃんを\n慌てて引っ剥がす。%K%P
%LC千鶴
%LC千鶴
「あっれぇ〜……？　蛍ぅ……？\n　帰って来ちゃったのぉ……？」%K%P
「あっれぇ〜……？　蛍ぅ……？\n　帰って来ちゃったのぉ……？」%K%P
%LC蛍
%LC蛍
「酒臭っ……！　もしかしてお酒飲んだの……！？」%K%P
「酒臭っ……！　もしかしてお酒飲んだの……！？」%K%P
%LC千鶴
%LC千鶴
「呑んだ呑んだ、たーっぷり呑んだよぉ〜？\n　今日はさぁ、蛍が遅くなるって聞いたからぁ〜」%K%P
「呑んだ呑んだ、たーっぷり呑んだよぉ〜？\n　今日はさぁ、蛍が遅くなるって聞いたからぁ〜」%K%P
%LC蛍
%LC蛍
「ああもう、飲むにしても一杯だけにしておいてって\n　いつも言ってるのに。悪酔いするタチなんだから……！」%K%P
「ああもう、飲むにしても一杯だけにしておいてって\n　いつも言ってるのに。悪酔いするタチなんだから……！」%K%P
%LC千鶴
%LC千鶴
「一杯じゃ全然足りないも〜ん。うーっひっく。\n　蛍がいない時しかいっぱい呑めないからさ〜」%K%P
「一杯じゃ全然足りないも〜ん。うーっひっく。\n　蛍がいない時しかいっぱい呑めないからさ〜」%K%P
%LC千鶴
%LC千鶴
「あ……そうだ。蛍には呑んだこと秘密だよ？\n　バレると面倒臭いから」%K%P
「あ……そうだ。蛍には呑んだこと秘密だよ？\n　バレると面倒臭いから」%K%P
%LC蛍
%LC蛍
%XS20「本人だよ！！　というか早く服着て！！」%XE%K%P
%XS20「本人だよ！！　というか早く服着て！！」%XE%K%P
%LC千鶴
%LC千鶴
「ん……？　あっれー、蛍じゃん……。\n　いつの間に帰ってきてたのぉ〜？」%K%P
「ん……？　あっれー、蛍じゃん……。\n　いつの間に帰ってきてたのぉ〜？」%K%P
%LC蛍
%LC蛍
「はぁ、もう……。わかったからじっとしてて。\n　とりあえず服着せるから……」%K%P
「はぁ、もう……。わかったからじっとしてて。\n　とりあえず服着せるから……」%K%P
%LC千鶴
%LC千鶴
「え〜……。暑いからヤダぁ……」%K%P
「え〜……。暑いからヤダぁ……」%K%P
%LC蛍
%LC蛍
「大の大人がだらしなさ過ぎるってば……」%K%P
「大の大人がだらしなさ過ぎるってば……」%K%P
%LC千鶴
%LC千鶴
「あ〜……。床冷たくて気持ちいい〜……」%K%P
「あ〜……。床冷たくて気持ちいい〜……」%K%P
ため息をつきつつも脱ぎ散らかされた服を着せていく。\nその間にお姉ちゃんは床でぐうぐう寝息を立てていた。%K%P
ため息をつきつつも脱ぎ散らかされた服を着せていく。\nその間にお姉ちゃんは床でぐうぐう寝息を立てていた。%K%P
……最近大人しかったものだからすっかり忘れてたや。%K%P
……最近大人しかったものだからすっかり忘れてたや。%K%P
こう見えてお姉ちゃんは無類の酒好きで、\n目を離すとすぐに泥酔するほど飲んじゃうんだよね……。%K%P
こう見えてお姉ちゃんは無類の酒好きで、\n目を離すとすぐに泥酔するほど飲んじゃうんだよね……。%K%P
%LC愛
%LC愛
「あ、危ないところを助けて頂き、\n　ありがとうございます蛍様……」%K%P
「あ、危ないところを助けて頂き、\n　ありがとうございます蛍様……」%K%P
%LC蛍
%LC蛍
「う、ううん、うちの姉がごめんね……？」%K%P
「う、ううん、うちの姉がごめんね……？」%K%P
%LC愛
%LC愛
「はい？　お姉様、ですか？」%K%P
「はい？　お姉様、ですか？」%K%P
%LC蛍
%LC蛍
「あっ……！　違うの。千鶴様とは、えと、姉妹同然に\n　付き合わせてもらってるから……！」%K%P
「あっ……！　違うの。千鶴様とは、えと、姉妹同然に\n　付き合わせてもらってるから……！」%K%P
%LC愛
%LC愛
「なるほど。そういうことですか。\n　確かに普段から気安く接せられておりますものね」%K%P
「なるほど。そういうことですか。\n　確かに普段から気安く接せられておりますものね」%K%P
あ、危ないところだった。\n焦ってるとついメイド設定を忘れちゃって……。%K%P
あ、危ないところだった。\n焦ってるとついメイド設定を忘れちゃって……。%K%P
%LC愛
%LC愛
「ですが蛍様も大変ですね。\n　世話の焼ける主人を持って」%K%P
「ですが蛍様も大変ですね。\n　世話の焼ける主人を持って」%K%P
%LC蛍
%LC蛍
「あ、あはは。頼りになる時もあるんだよ？\n　わたしが落ち込んでる時は相談にも乗ってくれるし」%K%P
「あ、あはは。頼りになる時もあるんだよ？\n　わたしが落ち込んでる時は相談にも乗ってくれるし」%K%P
%LC愛
%LC愛
「へぇ……意外ですね」%K%P
「へぇ……意外ですね」%K%P
%LC蛍
%LC蛍
「でも基本的にだらしない人だから、\n　あんまり目を離したくないんだよね……」%K%P
「でも基本的にだらしない人だから、\n　あんまり目を離したくないんだよね……」%K%P
%LC愛
%LC愛
「ふふ。そのお気持ち、愛もわかる気がします。\n　清佳様も何をしでかすかわからないお人ですから」%K%P
「ふふ。そのお気持ち、愛もわかる気がします。\n　清佳様も何をしでかすかわからないお人ですから」%K%P
愛さんが珍しく朗らかに笑う。%K%P
愛さんが珍しく朗らかに笑う。%K%P
そういえば愛さんとこうして落ち着いて話すのは\n初めてかも知れない。%K%P
そういえば愛さんとこうして落ち着いて話すのは\n初めてかも知れない。%K%P
良い機会だし……色々と聞いてみようかな。%K%P
良い機会だし……色々と聞いてみようかな。%K%P
%LC蛍
%LC蛍
「愛さんは清佳ちゃんとお付き合いが長いの？\n　二人もすごく仲が良さそうだけど」%K%P
「愛さんは清佳ちゃんとお付き合いが長いの？\n　二人もすごく仲が良さそうだけど」%K%P
%LC愛
%LC愛
「そうですね。物心ついた時には母に教わりながら、\n　清佳様のお世話を手伝っておりました」%K%P
「そうですね。物心ついた時には母に教わりながら、\n　清佳様のお世話を手伝っておりました」%K%P
%LC蛍
%LC蛍
「えっ。そんなに前から？」%K%P
「えっ。そんなに前から？」%K%P
%LC愛
%LC愛
「愛の家は代々楠家に仕える使用人一家ですので。\n　そう特別なことではありませんよ」%K%P
「愛の家は代々楠家に仕える使用人一家ですので。\n　そう特別なことではありませんよ」%K%P
どうりで清佳ちゃんの小さい頃を知っているわけだ。\nでも物心ついた時からお仕事してるなんて大変だなぁ。%K%P
どうりで清佳ちゃんの小さい頃を知っているわけだ。\nでも物心ついた時からお仕事してるなんて大変だなぁ。%K%P
%LC愛
%LC愛
「まぁ先程の蛍様のお話ではありませんが、\n　愛にとっても清佳様は姉のような存在かもしれません」%K%P
「まぁ先程の蛍様のお話ではありませんが、\n　愛にとっても清佳様は姉のような存在かもしれません」%K%P
%LC愛
%LC愛
「……とはいえ凄まじく手がかかる姉ですが」%K%P
「……とはいえ凄まじく手がかかる姉ですが」%K%P
%LC愛
%LC愛
「困ったことがあれば、すぐに泣きついてきて。\n　何か提案したらしたで、不安がって聞き入れませんし」%K%P
「困ったことがあれば、すぐに泣きついてきて。\n　何か提案したらしたで、不安がって聞き入れませんし」%K%P
%LC愛
%LC愛
「そのクセ勝手な行動ばかりなさって……。\n　はぁ。早くもっと楽な主人に鞍替えしたいくらいです」%K%P
「そのクセ勝手な行動ばかりなさって……。\n　はぁ。早くもっと楽な主人に鞍替えしたいくらいです」%K%P
ため息をつく愛さんの表情は\n言葉とは裏腹にどこか嬉しそうだった。%K%P
ため息をつく愛さんの表情は\n言葉とは裏腹にどこか嬉しそうだった。%K%P
%LC愛
%LC愛
「何を笑っていらっしゃるのですか？」%K%P
「何を笑っていらっしゃるのですか？」%K%P
%LC蛍
%LC蛍
「ふふ、ううん。愛さんも清佳ちゃんと同じで、\n　素直じゃない人なんだなぁって思って」%K%P
「ふふ、ううん。愛さんも清佳ちゃんと同じで、\n　素直じゃない人なんだなぁって思って」%K%P
%LC蛍
%LC蛍
「清佳ちゃんのこと、すごく大切に想ってるんだね？」%K%P
「清佳ちゃんのこと、すごく大切に想ってるんだね？」%K%P
%LC愛
%LC愛
「……清佳様と一緒にされるのは心外です。\n　清佳様のお世話が面倒なのは本音ですよ」%K%P
「……清佳様と一緒にされるのは心外です。\n　清佳様のお世話が面倒なのは本音ですよ」%K%P
%LC愛
%LC愛
「ですがまぁ……そうですね。\n　幸せになって欲しいとも思わなくはないですよ」%K%P
「ですがまぁ……そうですね。\n　幸せになって欲しいとも思わなくはないですよ」%K%P
%LC愛
%LC愛
「清佳様の苦労も何もかも一番近い場所で\n　見てきましたからね。ま、妹心です」%K%P
「清佳様の苦労も何もかも一番近い場所で\n　見てきましたからね。ま、妹心です」%K%P
%LC蛍
%LC蛍
「ふふ。とっても良い妹さんじゃない」%K%P
「ふふ。とっても良い妹さんじゃない」%K%P
%LC愛
%LC愛
「……無関係そうに笑っていますけど、\n　蛍様にも大いに関係していることですよ？」%K%P
「……無関係そうに笑っていますけど、\n　蛍様にも大いに関係していることですよ？」%K%P
%LC蛍
%LC蛍
「へ……？」%K%P
「へ……？」%K%P
%LC愛
%LC愛
「愛としては蛍様が清佳様の求婚をいち早く\n　受け入れてもらいたいと思っているんですから」%K%P
「愛としては蛍様が清佳様の求婚をいち早く\n　受け入れてもらいたいと思っているんですから」%K%P
%LC愛
%LC愛
「そうすれば愛も蛍様に清佳様を押しつけ――もとい、\n　お任せできますし。清佳様も幸せでしょうしね」%K%P
「そうすれば愛も蛍様に清佳様を押しつけ――もとい、\n　お任せできますし。清佳様も幸せでしょうしね」%K%P
%LC蛍
%LC蛍
「そ、それは、えと……」%K%P
「そ、それは、えと……」%K%P
%LC愛
%LC愛
「警戒しなくとも結構です。無理やりくっつける気は\n　愛にはありませんから」%K%P
「警戒しなくとも結構です。無理やりくっつける気は\n　愛にはありませんから」%K%P
%LC愛
%LC愛
「清佳様の命であれこれ動いたりはしますが、\n　基本的に静観しますよ。その方が清佳様の\n　バカ行動を見られて面白――いえ、愉快ですし」%K%P
「清佳様の命であれこれ動いたりはしますが、\n　基本的に静観しますよ。その方が清佳様の\n　バカ行動を見られて面白――いえ、愉快ですし」%K%P
言い換えた意味がないよ、愛さん……。%K%P
言い換えた意味がないよ、愛さん……。%K%P
でも、そのスタンスなら愛さんに正体を\nバラしても大丈夫かも……。%K%P
でも、そのスタンスなら愛さんに正体を\nバラしても大丈夫かも……。%K%P
もしかしたら味方になってくれる可能性だって――%K%P
もしかしたら味方になってくれる可能性だって――%K%P
%LC愛
%LC愛
「だからこそ、清佳様に近づく虫は\n　排除しなくてはいけませんね……」%K%P
「だからこそ、清佳様に近づく虫は\n　排除しなくてはいけませんね……」%K%P
%LC蛍
%LC蛍
「へ……？」%K%P
「へ……？」%K%P
%LC愛
%LC愛
「ああ、いえ。本日、虫を一匹見つけたもので。\n　どう潰そうかと思案していたところだったのです」%K%P
「ああ、いえ。本日、虫を一匹見つけたもので。\n　どう潰そうかと思案していたところだったのです」%K%P
そ、その虫って、もしかして……。%K%P
そ、その虫って、もしかして……。%K%P
%LC愛
%LC愛
「そうです。蛍様に少し伺いたいのですが……。\n　春樹様の笑い話など何かございませんか？」%K%P
「そうです。蛍様に少し伺いたいのですが……。\n　春樹様の笑い話など何かございませんか？」%K%P
%XS20――やっぱり僕のことだ！！%XE%K%P
%XS20――やっぱり僕のことだ！！%XE%K%P
%LC蛍
%LC蛍
「ど、どうして春樹様のことを？」%K%P
「ど、どうして春樹様のことを？」%K%P
%LC愛
%LC愛
「ふふっ。深い意味はありませんよ。単なる興味です。\n　失敗談や犯罪歴など教えて頂けると嬉しいのですが」%K%P
「ふふっ。深い意味はありませんよ。単なる興味です。\n　失敗談や犯罪歴など教えて頂けると嬉しいのですが」%K%P
そして明らかに揺する気だ！\n色仕掛けの次は脅迫されるの！？%K%P
そして明らかに揺する気だ！\n色仕掛けの次は脅迫されるの！？%K%P
%LC蛍
%LC蛍
「そ、それより清佳ちゃんは？\n　さっきから姿が見えないけど」%K%P
「そ、それより清佳ちゃんは？\n　さっきから姿が見えないけど」%K%P
%LC愛
%LC愛
「はい？　清佳様でしたら、そちらにいらっしゃますよ？」%K%P
「はい？　清佳様でしたら、そちらにいらっしゃますよ？」%K%P
このままではマズいと思って話題を変えると、\n愛さんがソファーの方へ目を向けた。%K%P
このままではマズいと思って話題を変えると、\n愛さんがソファーの方へ目を向けた。%K%P
%LC清佳
%LC清佳
「すぅ……すぅ……すぅ……」%K%P
「すぅ……すぅ……すぅ……」%K%P
%LC愛
%LC愛
「お部屋でお休みになるよう申したのですが。\n　蛍様がお帰りになるまで待つと仰いまして」%K%P
「お部屋でお休みになるよう申したのですが。\n　蛍様がお帰りになるまで待つと仰いまして」%K%P
穏やかな寝息を立てる清佳ちゃん。%K%P
穏やかな寝息を立てる清佳ちゃん。%K%P
……よっぽど疲れちゃったんだろうな。\n子供みたいに、ふふ、口の端から涎まで垂らしちゃって。%K%P
……よっぽど疲れちゃったんだろうな。\n子供みたいに、ふふ、口の端から涎まで垂らしちゃって。%K%P
それでも{蛍:ぼく}を待ってくれていたのは、\nきっとデートに誘うためだろう。%K%P
それでも{蛍:ぼく}を待ってくれていたのは、\nきっとデートに誘うためだろう。%K%P
その気持ちが純粋に嬉しい。%K%P
その気持ちが純粋に嬉しい。%K%P
%LC清佳
%LC清佳
「ん……んん」%K%P
「ん……んん」%K%P
%LC蛍
%LC蛍
「あ……起こしちゃった？」%K%P
「あ……起こしちゃった？」%K%P
ベッドまで運ぼうとしたところで\n清佳ちゃんが薄目を開く。%K%P
ベッドまで運ぼうとしたところで\n清佳ちゃんが薄目を開く。%K%P
%LC清佳
%LC清佳
「ふぁ……。ほた……る……？」%K%P
「ふぁ……。ほた……る……？」%K%P
%LC清佳
%LC清佳
「〜〜っっ！？　ほ、蛍……！？\n　か、帰ってきてたの……！？」%K%P
「〜〜っっ！？　ほ、蛍……！？\n　か、帰ってきてたの……！？」%K%P
%LC蛍
%LC蛍
「うん。ただいま」%K%P
「うん。ただいま」%K%P
%LC清佳
%LC清佳
「おおお、おかえり……！　じゃなくて……！\n　私ったらこんなだらしのない姿を……！」%K%P
「おおお、おかえり……！　じゃなくて……！\n　私ったらこんなだらしのない姿を……！」%K%P
%LC清佳
%LC清佳
「ちょっと愛、蛍が帰ってくる前に\n　起こしてって言っておいたじゃない……！」%K%P
「ちょっと愛、蛍が帰ってくる前に\n　起こしてって言っておいたじゃない……！」%K%P
%LC愛
%LC愛
「はぁ？　愛がレイプ魔に襲われそうになっている時も\n　グースカ寝てた女が何をのたまっているのです？」%K%P
「はぁ？　愛がレイプ魔に襲われそうになっている時も\n　グースカ寝てた女が何をのたまっているのです？」%K%P
慌てた様子で清佳ちゃんが口元を拭う。%K%P
慌てた様子で清佳ちゃんが口元を拭う。%K%P
ソファーで寝落ちしていたところを見られたのが\n恥ずかしかったみたいだ。%K%P
ソファーで寝落ちしていたところを見られたのが\n恥ずかしかったみたいだ。%K%P
急いで居住まいを整えると、\n清佳ちゃんは髪先を弄りながらボソっと尋ねてきた。%K%P
急いで居住まいを整えると、\n清佳ちゃんは髪先を弄りながらボソっと尋ねてきた。%K%P
%LC清佳
%LC清佳
「と、時に蛍……。明日は……その。\n　何か予定があるのかしら……？」%K%P
「と、時に蛍……。明日は……その。\n　何か予定があるのかしら……？」%K%P
%LC清佳
%LC清佳
「なければ……ね？　わ、私と……遊びにいかない？」%K%P
「なければ……ね？　わ、私と……遊びにいかない？」%K%P
その緊張した姿がものすごく可愛い。%K%P
その緊張した姿がものすごく可愛い。%K%P
{春樹:ぼく}には決して見せない姿だ。\n遊園地である意味暴走していた人とは思えない。%K%P
{春樹:ぼく}には決して見せない姿だ。\n遊園地である意味暴走していた人とは思えない。%K%P
あの姿を知っているからこそ……、\nより可愛く思えてしまう。%K%P
あの姿を知っているからこそ……、\nより可愛く思えてしまう。%K%P
%LC清佳
%LC清佳
「あの……蛍……？」%K%P
「あの……蛍……？」%K%P
%LC蛍
%LC蛍
「あ……！　う、うん。大丈夫だよ？\n　明日は何も用事がないから」%K%P
「あ……！　う、うん。大丈夫だよ？\n　明日は何も用事がないから」%K%P
%LC清佳
%LC清佳
「ホ、ホント……！？　じゃあ約束ね……！」%K%P
「ホ、ホント……！？　じゃあ約束ね……！」%K%P
頷き返すと、清佳ちゃんはぱぁっと笑った。%K%P
頷き返すと、清佳ちゃんはぱぁっと笑った。%K%P
%LC清佳
%LC清佳
「えへへ……。蛍とデートの約束しちゃった……。\n　絶対に成功させなきゃ……」%K%P
「えへへ……。蛍とデートの約束しちゃった……。\n　絶対に成功させなきゃ……」%K%P
%LC清佳
%LC清佳
「よーし。今日はもう寝るわね？\n　蛍も早めに寝て、明日に備えるのよ？」%K%P
「よーし。今日はもう寝るわね？\n　蛍も早めに寝て、明日に備えるのよ？」%K%P
%LC蛍
%LC蛍
「ふふ、うん」%K%P
「ふふ、うん」%K%P
まるで遠足前日の子供のような清佳ちゃんの姿に\n思わず笑みが零れてしまう。%K%P
まるで遠足前日の子供のような清佳ちゃんの姿に\n思わず笑みが零れてしまう。%K%P
別人を装っているとしても、清佳ちゃんと\n二日連続でデートできるんだ。僕としても嬉しい。%K%P
別人を装っているとしても、清佳ちゃんと\n二日連続でデートできるんだ。僕としても嬉しい。%K%P
今日の模擬デートで清佳ちゃんの苦手なアトラクションも\nわかったし。明日はそれとなくそれを避けてあげよう。%K%P
今日の模擬デートで清佳ちゃんの苦手なアトラクションも\nわかったし。明日はそれとなくそれを避けてあげよう。%K%P
にしても二日連続で遊園地に行くなんて初めてだ。%K%P
にしても二日連続で遊園地に行くなんて初めてだ。%K%P
なんだか贅沢だなぁ。%K%P
なんだか贅沢だなぁ。%K%P
