%LC清佳
%LC清佳
「……でね？　不意に鳴り響いていたノックの音が\n　急にやむの。恐る恐る扉を開いたら――……」%K%P
「……でね？　不意に鳴り響いていたノックの音が\n　急にやむの。恐る恐る扉を開いたら――……」%K%P
%LC蛍・千鶴
%LC蛍・千鶴
「ひ、開いたら……？」%K%P
「ひ、開いたら……？」%K%P
%LC清佳
%LC清佳
「『やっと開けてくれたぁ』って、\n　女性の生首が血まみれで微笑みかけてきたのよぉ！！」%K%P
「『やっと開けてくれたぁ』って、\n　女性の生首が血まみれで微笑みかけてきたのよぉ！！」%K%P
%LC蛍
%LC蛍
%XS20「きゃっ――きゃあああああああっっ〜〜！！」%XE%K%P
%XS20「きゃっ――きゃあああああああっっ〜〜！！」%XE%K%P
%LC愛
%LC愛
「お盛り上がり中、申し訳ありません。\n　ご夕食の準備が整いました」%K%P
「お盛り上がり中、申し訳ありません。\n　ご夕食の準備が整いました」%K%P
%LC蛍
%LC蛍
「ビビビ、ビックリしたぁ……！\n　急に電気がついてビックリしたぁ……！」%K%P
「ビビビ、ビックリしたぁ……！\n　急に電気がついてビックリしたぁ……！」%K%P
%LC千鶴
%LC千鶴
「あはは、電気がつく前から叫んでたじゃ〜ん。\n　清佳ちゃんの話にビビったんしょ？　正直に言いなよ〜」%K%P
「あはは、電気がつく前から叫んでたじゃ〜ん。\n　清佳ちゃんの話にビビったんしょ？　正直に言いなよ〜」%K%P
%LC蛍
%LC蛍
「ビ、ビビってないもん……！\n　わたし、怖がりじゃないし……！」%K%P
「ビ、ビビってないもん……！\n　わたし、怖がりじゃないし……！」%K%P
プールから帰ってきた後、夕食までの時間の繋ぎがてら\n僕は納涼怪談大会に誘われていた。%K%P
プールから帰ってきた後、夕食までの時間の繋ぎがてら\n僕は納涼怪談大会に誘われていた。%K%P
%LC蛍
%LC蛍
「ご、ごめんね、愛さん……。\n　本当ならわたしがお夕食の準備をしなくちゃなのに」%K%P
「ご、ごめんね、愛さん……。\n　本当ならわたしがお夕食の準備をしなくちゃなのに」%K%P
%LC愛
%LC愛
「いえ。こちらこそ清佳様の面倒を見て下さって\n　ありがとうございます。とても助かります」%K%P
「いえ。こちらこそ清佳様の面倒を見て下さって\n　ありがとうございます。とても助かります」%K%P
%LC千鶴
%LC千鶴
「ご飯食べた後も怪談話するんだよね？\n　せっかくだし愛ちゃんも参加しようよ〜」%K%P
「ご飯食べた後も怪談話するんだよね？\n　せっかくだし愛ちゃんも参加しようよ〜」%K%P
%LC愛
%LC愛
「遠慮します。明日も早いので」%K%P
「遠慮します。明日も早いので」%K%P
%LC千鶴
%LC千鶴
「そう言わずにさ〜。怖がる愛ちゃんを、\n　うふふ、ぎゅっとしてあげたいし〜」%K%P
「そう言わずにさ〜。怖がる愛ちゃんを、\n　うふふ、ぎゅっとしてあげたいし〜」%K%P
%LC愛
%LC愛
「遠慮したい気持ちがむしろ高まりました」%K%P
「遠慮したい気持ちがむしろ高まりました」%K%P
%LC清佳
%LC清佳
「千鶴さん、無理に誘わないであげて下さい。\n　こう見えて愛は怖い話が苦手なんですよ」%K%P
「千鶴さん、無理に誘わないであげて下さい。\n　こう見えて愛は怖い話が苦手なんですよ」%K%P
%LC千鶴
%LC千鶴
「え、そうなの？　いっつもクールで無愛想なのに、\n　可愛いところもあるんだね〜？」%K%P
「え、そうなの？　いっつもクールで無愛想なのに、\n　可愛いところもあるんだね〜？」%K%P
%LC愛
%LC愛
「っっ。べ、別に苦手ではありません」%K%P
「っっ。べ、別に苦手ではありません」%K%P
%LC清佳
%LC清佳
「あらそう？　怖い話をした後は、\n　トイレにも一人で行けなくなるじゃない」%K%P
「あらそう？　怖い話をした後は、\n　トイレにも一人で行けなくなるじゃない」%K%P
%LC愛
%LC愛
「いつの話をしてるんですか、いつの……！\n　子供の頃の話を持ち出されても困ります」%K%P
「いつの話をしてるんですか、いつの……！\n　子供の頃の話を持ち出されても困ります」%K%P
珍しく愛さんが焦った表情を浮かべる。\nホントに苦手みたいだ。%K%P
珍しく愛さんが焦った表情を浮かべる。\nホントに苦手みたいだ。%K%P
%LC千鶴
%LC千鶴
「大丈夫ならいいじゃん〜。\n　ねね、愛ちゃんも参加しようよ」%K%P
「大丈夫ならいいじゃん〜。\n　ねね、愛ちゃんも参加しようよ」%K%P
%LC千鶴
%LC千鶴
「それともぉ……ふふ。やっぱり怖い？」%K%P
「それともぉ……ふふ。やっぱり怖い？」%K%P
%LC愛
%LC愛
「っっ。そんなことは……！」%K%P
「っっ。そんなことは……！」%K%P
%LC蛍
%LC蛍
「お、おやめ下さい、千鶴様。\n　嫌がる人に無理を言ってはいけませんってば」%K%P
「お、おやめ下さい、千鶴様。\n　嫌がる人に無理を言ってはいけませんってば」%K%P
%LC清佳
%LC清佳
「そうよ愛。やめておきなさい。\n　愛が苦手だと思って私も誘わなかったのよ？」%K%P
「そうよ愛。やめておきなさい。\n　愛が苦手だと思って私も誘わなかったのよ？」%K%P
%LC愛
%LC愛
「う、うるさいですね。お二人とも愛を舐めすぎです。\n　愛は人を舐めるのは好きですが、\n　舐められるのは嫌いなんですよ」%K%P
「う、うるさいですね。お二人とも愛を舐めすぎです。\n　愛は人を舐めるのは好きですが、\n　舐められるのは嫌いなんですよ」%K%P
%LC清佳
%LC清佳
「はぁ……。夜眠れなくなっても私は知らないわよ？」%K%P
「はぁ……。夜眠れなくなっても私は知らないわよ？」%K%P
%LC愛
%LC愛
「その台詞、そっくりそのまま清佳様へお返ししますよ」%K%P
「その台詞、そっくりそのまま清佳様へお返ししますよ」%K%P
%LC千鶴
%LC千鶴
「んじゃ、けってーい。ふふふ、覚悟しときなよ〜？\n　思いっきり怖がらせてあげるから〜」%K%P
「んじゃ、けってーい。ふふふ、覚悟しときなよ〜？\n　思いっきり怖がらせてあげるから〜」%K%P
そうして夕食後の怪談大会が決まってしまう。%K%P
そうして夕食後の怪談大会が決まってしまう。%K%P
でも……こういうのいいなぁ。\n平和で穏やかな日常を過ごしてるって感じがする。%K%P
でも……こういうのいいなぁ。\n平和で穏やかな日常を過ごしてるって感じがする。%K%P
最初は女装がバレないかと冷や冷やしながら\n過ごしていたものだけど最近はそうでもないし。%K%P
最初は女装がバレないかと冷や冷やしながら\n過ごしていたものだけど最近はそうでもないし。%K%P
実際に危険を感じたのは清佳ちゃんがお風呂に入って\nきた時とベッドに潜り込んでた時くらいだもんね。%K%P
実際に危険を感じたのは清佳ちゃんがお風呂に入って\nきた時とベッドに潜り込んでた時くらいだもんね。%K%P
清佳ちゃんもそういうことをしなくなったし、\nだからこそ落ち着いて過ごせているのかも。%K%P
清佳ちゃんもそういうことをしなくなったし、\nだからこそ落ち着いて過ごせているのかも。%K%P
もちろん油断はできないけど、それでも蛍として\n変に緊張しないでみんなと過ごせるのは楽しい。%K%P
もちろん油断はできないけど、それでも蛍として\n変に緊張しないでみんなと過ごせるのは楽しい。%K%P
無論いつかはちゃんと清佳ちゃんに\n蛍＝春樹だと伝えたい。%K%P
無論いつかはちゃんと清佳ちゃんに\n蛍＝春樹だと伝えたい。%K%P
だけど――%K%P
だけど――%K%P
%LC清佳
%LC清佳
「……る……」%K%P
「……る……」%K%P
%LC清佳
%LC清佳
「蛍？」%K%P
「蛍？」%K%P
%LC蛍
%LC蛍
「えっ？　あっ、どうしたの？」%K%P
「えっ？　あっ、どうしたの？」%K%P
%LC清佳
%LC清佳
「怪談の話よ、怪談の話。\n　蛍のことも、うーんと怖がらせてあげるから」%K%P
「怪談の話よ、怪談の話。\n　蛍のことも、うーんと怖がらせてあげるから」%K%P
%LC蛍
%LC蛍
「ふぇ……！　ほ、ほどほどにして欲しいな……」%K%P
「ふぇ……！　ほ、ほどほどにして欲しいな……」%K%P
%LC清佳
%LC清佳
「ダーメ。ふふ、一人で眠れなくなるくらい\n　怖がってもらって、私のお部屋に来てもらうんだから」%K%P
「ダーメ。ふふ、一人で眠れなくなるくらい\n　怖がってもらって、私のお部屋に来てもらうんだから」%K%P
清佳ちゃんが幸せそうに笑う。%K%P
清佳ちゃんが幸せそうに笑う。%K%P
――この笑顔を見ていると、今みたいな時間がずっと\n続けばいいかなって思ったりもしちゃうんだよね。%K%P
――この笑顔を見ていると、今みたいな時間がずっと\n続けばいいかなって思ったりもしちゃうんだよね。%K%P
………………%K%P
………………%K%P
…………%K%P
…………%K%P
……%K%P
……%K%P
%LC蛍
%LC蛍
「うぅ、眠れない……」%K%P
「うぅ、眠れない……」%K%P
怪談話を終えた――夜。\n僕は布団の中で丸まっていた。%K%P
怪談話を終えた――夜。\n僕は布団の中で丸まっていた。%K%P
清佳ちゃんとお姉ちゃんってば、\n本当に怖い話ばっかりしてくれちゃって……。%K%P
清佳ちゃんとお姉ちゃんってば、\n本当に怖い話ばっかりしてくれちゃって……。%K%P
い、いや怖くなんかなかったけど。\nただ遅くまで目が覚めちゃってるだけだけど……！%K%P
い、いや怖くなんかなかったけど。\nただ遅くまで目が覚めちゃってるだけだけど……！%K%P
でも二人とも酷いよ……。\nあからさまに僕を脅かそうとしてきてたし……。%K%P
でも二人とも酷いよ……。\nあからさまに僕を脅かそうとしてきてたし……。%K%P
僕に比べて、愛さんは余裕そうだったなぁ……。%K%P
僕に比べて、愛さんは余裕そうだったなぁ……。%K%P
始める前は怖そうにしてたけど、\n話を聞き始めたらいつも通り無表情で……。%K%P
始める前は怖そうにしてたけど、\n話を聞き始めたらいつも通り無表情で……。%K%P
%LC蛍
%LC蛍
「仲間だと思ってたのに……うぅ」%K%P
「仲間だと思ってたのに……うぅ」%K%P
愛さんが無反応だったせいで、清佳ちゃんと\nお姉ちゃんに狙われたと言っても過言じゃない。%K%P
愛さんが無反応だったせいで、清佳ちゃんと\nお姉ちゃんに狙われたと言っても過言じゃない。%K%P
僕しか叫ぶ人がいないんだもん。\n清佳ちゃんもお姉ちゃんも全然怖がらないし……。%K%P
僕しか叫ぶ人がいないんだもん。\n清佳ちゃんもお姉ちゃんも全然怖がらないし……。%K%P
%LC蛍
%LC蛍
「お姉ちゃんのせいでトイレにも行きづらいよ……」%K%P
「お姉ちゃんのせいでトイレにも行きづらいよ……」%K%P
うちのトイレは夜中に一人で入るとお化けが出るとか\n言い出すし。そ、そんなわけないとはわかってるけど。%K%P
うちのトイレは夜中に一人で入るとお化けが出るとか\n言い出すし。そ、そんなわけないとはわかってるけど。%K%P
……でもどうしよう。\n思い出したら尿意を催してきちゃって――%K%P
……でもどうしよう。\n思い出したら尿意を催してきちゃって――%K%P
%LC蛍
%LC蛍
「ひぃ！！？」%K%P
「ひぃ！！？」%K%P
突然のノック音に驚いてしまう。%K%P
突然のノック音に驚いてしまう。%K%P
%LC蛍
%LC蛍
「だ、誰……！？　清佳ちゃん……！？\n　それともお姉ちゃん……！？」%K%P
「だ、誰……！？　清佳ちゃん……！？\n　それともお姉ちゃん……！？」%K%P
尋ねるけれど返事はない。\nき、聞き間違えかな……？%K%P
尋ねるけれど返事はない。\nき、聞き間違えかな……？%K%P
%LC蛍
%LC蛍
「ひゃあっっ！？」%K%P
「ひゃあっっ！？」%K%P
しかし扉が独りでにゆっくりと開き始める。%K%P
しかし扉が独りでにゆっくりと開き始める。%K%P
お、落ち着け。きっと清佳ちゃんかお姉ちゃんが\n僕を脅かそうとしてるんだ……！%K%P
お、落ち着け。きっと清佳ちゃんかお姉ちゃんが\n僕を脅かそうとしてるんだ……！%K%P
ここで怖がったら、\nより二人の悪戯心に拍車をかける羽目に――%K%P
ここで怖がったら、\nより二人の悪戯心に拍車をかける羽目に――%K%P
%LC愛
%LC愛
「よ、良かった……。まだ起きていられましたか……」%K%P
「よ、良かった……。まだ起きていられましたか……」%K%P
%LC蛍
%LC蛍
「え……？　あ、愛さん……？」%K%P
「え……？　あ、愛さん……？」%K%P
しかし現れたのは予想外の人物だった。%K%P
しかし現れたのは予想外の人物だった。%K%P
%LC蛍
%LC蛍
「どうしたの？　こんな時間に……」%K%P
「どうしたの？　こんな時間に……」%K%P
%LC愛
%LC愛
「実は……その……」%K%P
「実は……その……」%K%P
%LC愛
%LC愛
「……おトイレに付いてきて頂きたくて……」%K%P
「……おトイレに付いてきて頂きたくて……」%K%P
%LC愛
%LC愛
「早く入って下さい……！\n　入ったらすぐに鍵をかけて下さい……！」%K%P
「早く入って下さい……！\n　入ったらすぐに鍵をかけて下さい……！」%K%P
%LC蛍
%LC蛍
「ホ、ホントにわたしも入るの？」%K%P
「ホ、ホントにわたしも入るの？」%K%P
%LC愛
%LC愛
「〜〜っっ！　じゃないとオバケが出るかも\n　しれないじゃないですか……！」%K%P
「〜〜っっ！　じゃないとオバケが出るかも\n　しれないじゃないですか……！」%K%P
愛さんが僕の手を引っ張って\n二人一緒に狭いトイレへと入らされる。%K%P
愛さんが僕の手を引っ張って\n二人一緒に狭いトイレへと入らされる。%K%P
そして――%K%P
そして――%K%P
%LC愛
%LC愛
「ふぅ……。ギリギリ間に合いました……」%K%P
「ふぅ……。ギリギリ間に合いました……」%K%P
僕の目の前で愛さんがおしっこをし始める。\nい、一体どうしてこんなことに……！？%K%P
僕の目の前で愛さんがおしっこをし始める。\nい、一体どうしてこんなことに……！？%K%P
%LC愛
%LC愛
「申し訳ありません、蛍様……。\n　このようなことに付き合わせてしまいまして……」%K%P
「申し訳ありません、蛍様……。\n　このようなことに付き合わせてしまいまして……」%K%P
%LC愛
%LC愛
「実は……その。未だに怪談話は苦手で……。\n　オ、オバケなんて非科学的だと理解しているのですが」%K%P
「実は……その。未だに怪談話は苦手で……。\n　オ、オバケなんて非科学的だと理解しているのですが」%K%P
%LC蛍
%LC蛍
「あ、えと……！　その……！」%K%P
「あ、えと……！　その……！」%K%P
%LC愛
%LC愛
「あっ……！　目を閉じないで下さい……！\n　オバケが出て来たらどうするんですか……！\n　ついてきてもらった意味がありません……！」%K%P
「あっ……！　目を閉じないで下さい……！\n　オバケが出て来たらどうするんですか……！\n　ついてきてもらった意味がありません……！」%K%P
%LC蛍
%LC蛍
「〜〜っっ！　で、でも……！」%K%P
「〜〜っっ！　で、でも……！」%K%P
%LC愛
%LC愛
「おしっこ見られることは我慢しますから……！\n　それより愛から目を離さないで下さい……！\n　目を離した隙にオバケが出てくる可能性が……！！」%K%P
「おしっこ見られることは我慢しますから……！\n　それより愛から目を離さないで下さい……！\n　目を離した隙にオバケが出てくる可能性が……！！」%K%P
むしろオバケの方を我慢して……！！\n――とは言い辛い。僕も怖がってたし……。%K%P
むしろオバケの方を我慢して……！！\n――とは言い辛い。僕も怖がってたし……。%K%P
%LC愛
%LC愛
「い、いいですか？　目を離さないで下さいね……？\n　二人でいれば出てこないらしいですから……」%K%P
「い、いいですか？　目を離さないで下さいね……？\n　二人でいれば出てこないらしいですから……」%K%P
%LC蛍
%LC蛍
「わかった。わかったからぁ……！\n　できる限り早く済ませてもらえると嬉しいな……」%K%P
「わかった。わかったからぁ……！\n　できる限り早く済ませてもらえると嬉しいな……」%K%P
愛さんが頬を赤らめながら僕を真っ直ぐ見つめてくる。\nうぅ、こうも見られるとこっそり目もつむれない。%K%P
愛さんが頬を赤らめながら僕を真っ直ぐ見つめてくる。\nうぅ、こうも見られるとこっそり目もつむれない。%K%P
お姉ちゃんってば、なんてはた迷惑な\n怪談話をしてくれたんだ……。%K%P
お姉ちゃんってば、なんてはた迷惑な\n怪談話をしてくれたんだ……。%K%P
それにしても――%K%P
それにしても――%K%P
%LC愛
%LC愛
「ん……んふ……ふぅ……」%K%P
「ん……んふ……ふぅ……」%K%P
お、女の子ってこんな風におしっこするんだ……。%K%P
お、女の子ってこんな風におしっこするんだ……。%K%P
――じゃない。見ちゃダメぇ……！\n何を凝視しちゃってるの……！？%K%P
――じゃない。見ちゃダメぇ……！\n何を凝視しちゃってるの……！？%K%P
%LC愛
%LC愛
「あ……！　ダメですよ！？\n　目を逸らさないで下さいってば……！」%K%P
「あ……！　ダメですよ！？\n　目を逸らさないで下さいってば……！」%K%P
%LC蛍
%LC蛍
「〜〜っっ！　でもぉ……！」%K%P
「〜〜っっ！　でもぉ……！」%K%P
目を逸らそうとすると、すぐさま愛さんに咎められる。%K%P
目を逸らそうとすると、すぐさま愛さんに咎められる。%K%P
女の子の大切な部分がおしっこで隠れて\n見えないのが幸いだけど、この生々しい水音が――%K%P
女の子の大切な部分がおしっこで隠れて\n見えないのが幸いだけど、この生々しい水音が――%K%P
%LC愛
%LC愛
「……何をモジモジされてるんですか？」%K%P
「……何をモジモジされてるんですか？」%K%P
%LC蛍
%LC蛍
「えっ！？」%K%P
「えっ！？」%K%P
無意識にお股を擦りつけてしまっている自分に気づく。\nマ、マズい、このままだと……！%K%P
無意識にお股を擦りつけてしまっている自分に気づく。\nマ、マズい、このままだと……！%K%P
いや――深呼吸するんだ僕……！\n蛍としての日常を守る為にも興奮するんじゃない。%K%P
いや――深呼吸するんだ僕……！\n蛍としての日常を守る為にも興奮するんじゃない。%K%P
%LC愛
%LC愛
「ふぁ……はぁ……。もうすぐ終わりますから……。\n　実は……怪談話をしていた時からずっと我慢していて」%K%P
「ふぁ……はぁ……。もうすぐ終わりますから……。\n　実は……怪談話をしていた時からずっと我慢していて」%K%P
大丈夫だ。お姉ちゃんが授けてくれた、\nこのドロワーズの防御力を信じろ。%K%P
大丈夫だ。お姉ちゃんが授けてくれた、\nこのドロワーズの防御力を信じろ。%K%P
ちょっとやそっと勃起したくらいじゃ気づかれやしない。%K%P
ちょっとやそっと勃起したくらいじゃ気づかれやしない。%K%P
事実、清佳ちゃんがベッドに潜り込んでた時も\n隠し通せていたじゃないか。%K%P
事実、清佳ちゃんがベッドに潜り込んでた時も\n隠し通せていたじゃないか。%K%P
%LC愛
%LC愛
「ん、んんっ……！」%K%P
「ん、んんっ……！」%K%P
愛さんが小さく身震いする。%K%P
愛さんが小さく身震いする。%K%P
あ……！　ようやくおしっこが終わったみたい――%K%P
あ……！　ようやくおしっこが終わったみたい――%K%P
%LC蛍
%LC蛍
「ふぇっ……！？」%K%P
「ふぇっ……！？」%K%P
愛さんの大切なところが丸見えに……！？%K%P
愛さんの大切なところが丸見えに……！？%K%P
そんな場所、いま見せられたら――%K%P
そんな場所、いま見せられたら――%K%P
%LC愛
%LC愛
「ふぅ……。お待たせしまし――」%K%P
「ふぅ……。お待たせしまし――」%K%P
%LC愛
%LC愛
「た……？」%K%P
「た……？」%K%P
膨らんだ僕の股間を見て、\n愛さんが呆然とした声を漏らす。%K%P
膨らんだ僕の股間を見て、\n愛さんが呆然とした声を漏らす。%K%P
%LC愛
%LC愛
「え……？　な、なんですか、それ……。\n　どうしてそんな場所が膨らんで……？」%K%P
「え……？　な、なんですか、それ……。\n　どうしてそんな場所が膨らんで……？」%K%P
%LC愛
%LC愛
「えっ……えっ……？　ま、まさか蛍様――」%K%P
「えっ……えっ……？　ま、まさか蛍様――」%K%P
%LC蛍
%LC蛍
「〜〜っっ！　出し終わったみたいだし、\n　わたしはもうこれで――」%K%P
「〜〜っっ！　出し終わったみたいだし、\n　わたしはもうこれで――」%K%P
%LC愛
%LC愛
「待って下さい」%K%P
「待って下さい」%K%P
%LC蛍
%LC蛍
%XS20「ひぃあ！？」%XE%K%P
%XS20「ひぃあ！？」%XE%K%P
逃げだそうとした僕を\n愛さんが腕を握って捕まえてくる。%K%P
逃げだそうとした僕を\n愛さんが腕を握って捕まえてくる。%K%P
そしてそのままズボンを脱がそうとしてきて――%K%P
そしてそのままズボンを脱がそうとしてきて――%K%P
%LC蛍
%LC蛍
「ダ、ダメ――」%K%P
「ダ、ダメ――」%K%P
――止める間もなかった。%K%P
――止める間もなかった。%K%P
はち切れんばかりに膨れあがった股間が\n愛さんの目の前に曝し出されてしまう。%K%P
はち切れんばかりに膨れあがった股間が\n愛さんの目の前に曝し出されてしまう。%K%P
考え得る限り最低のバレ方で、\n性別を偽っていた事実が露呈されてしまう。%K%P
考え得る限り最低のバレ方で、\n性別を偽っていた事実が露呈されてしまう。%K%P
%LC愛
%LC愛
「ふふふ……なるほどなるほど」%K%P
「ふふふ……なるほどなるほど」%K%P
屋敷にいる時は滅多に笑わない愛さんが、\nとてつもなく良い笑顔で僕に微笑みかけてくる。%K%P
屋敷にいる時は滅多に笑わない愛さんが、\nとてつもなく良い笑顔で僕に微笑みかけてくる。%K%P
――ああ。せっかく蛍としての日常も\n楽しいなって思ってきたところだったのに。%K%P
――ああ。せっかく蛍としての日常も\n楽しいなって思ってきたところだったのに。%K%P
女装したままでもいいから、清佳ちゃんや愛さんと\n楽しい日々を送れたらいいなって思ってたのに――%K%P
女装したままでもいいから、清佳ちゃんや愛さんと\n楽しい日々を送れたらいいなって思ってたのに――%K%P
%LC愛
%LC愛
「どういうことか……ふふふ。\n　説明して頂けますよね。蛍様？」%K%P
「どういうことか……ふふふ。\n　説明して頂けますよね。蛍様？」%K%P
%LC蛍
%LC蛍
「……はい……」%K%P
「……はい……」%K%P
――平和で楽しい日常は、僕の邪な心のせいで\n見事に終わりを告げられてしまった。%K%P
――平和で楽しい日常は、僕の邪な心のせいで\n見事に終わりを告げられてしまった。%K%P
