………………%K%P
………………%K%P
…………%K%P
…………%K%P
……%K%P
……%K%P
%LC千鶴
%LC千鶴
「よーし。最終チェック終わり」%K%P
「よーし。最終チェック終わり」%K%P
%LC千鶴
%LC千鶴
「ふふん。我ながら良い衣装できたんじゃね？\n　後は先方に確認してもらってオーケーもらってっと」%K%P
「ふふん。我ながら良い衣装できたんじゃね？\n　後は先方に確認してもらってオーケーもらってっと」%K%P
%LC千鶴
%LC千鶴
「……で。いつまで蛍はここにいんの？\n　そろそろ登校しないと遅刻しちゃうんじゃない？」%K%P
「……で。いつまで蛍はここにいんの？\n　そろそろ登校しないと遅刻しちゃうんじゃない？」%K%P
%LC蛍
%LC蛍
「僕ってそんなに男らしくないかな……」%K%P
「僕ってそんなに男らしくないかな……」%K%P
%LC千鶴
%LC千鶴
「なんだい藪から棒に。そのカッコで言われたら、\n　流石のお姉ちゃんも答えづらいよ」%K%P
「なんだい藪から棒に。そのカッコで言われたら、\n　流石のお姉ちゃんも答えづらいよ」%K%P
%LC蛍
%LC蛍
「うっ……！　やっぱりそうだよね……」%K%P
「うっ……！　やっぱりそうだよね……」%K%P
ベッドに突っ伏した顔がさらに沈み込む。%K%P
ベッドに突っ伏した顔がさらに沈み込む。%K%P
%LC千鶴
%LC千鶴
「にしても、ごめんね？\n　あたしの怪談話のせいで愛ちゃんにバレる羽目になって」%K%P
「にしても、ごめんね？\n　あたしの怪談話のせいで愛ちゃんにバレる羽目になって」%K%P
%LC蛍
%LC蛍
「う、ううん。アレは僕の煩悩が招いた罰だから。\n　それに愛さんは秘密を暴露するつもりはないみたいだし」%K%P
「う、ううん。アレは僕の煩悩が招いた罰だから。\n　それに愛さんは秘密を暴露するつもりはないみたいだし」%K%P
%LC千鶴
%LC千鶴
「んじゃどうして落ち込んでるのさ。\n　もしかして愛ちゃんに何か言われちゃったの？」%K%P
「んじゃどうして落ち込んでるのさ。\n　もしかして愛ちゃんに何か言われちゃったの？」%K%P
%LC蛍
%LC蛍
「うん……。今の僕じゃいつまで経っても、\n　清佳ちゃんの心を射止められないって……」%K%P
「うん……。今の僕じゃいつまで経っても、\n　清佳ちゃんの心を射止められないって……」%K%P
%LC蛍
%LC蛍
「やっぱり男らしくないってこと……なのかな。\n　僕じゃ清佳ちゃんと釣り合ってないってことかも……」%K%P
「やっぱり男らしくないってこと……なのかな。\n　僕じゃ清佳ちゃんと釣り合ってないってことかも……」%K%P
ついつい弱音を吐いてしまう。%K%P
ついつい弱音を吐いてしまう。%K%P
こういう時、いつもお姉ちゃんを\n頼ってしまうのは僕の悪い癖だ。%K%P
こういう時、いつもお姉ちゃんを\n頼ってしまうのは僕の悪い癖だ。%K%P
%LC千鶴
%LC千鶴
「そういう意味じゃないと思うよ？\n　あたしはそこまで春樹が男らしくないとは思ってないし」%K%P
「そういう意味じゃないと思うよ？\n　あたしはそこまで春樹が男らしくないとは思ってないし」%K%P
%LC蛍
%LC蛍
「ホ……ホント？」%K%P
「ホ……ホント？」%K%P
%LC千鶴
%LC千鶴
「うん。泣き虫で、落ち込みやすくて、\n　腕っ節なんてまるでないけど」%K%P
「うん。泣き虫で、落ち込みやすくて、\n　腕っ節なんてまるでないけど」%K%P
%LC蛍
%LC蛍
「うぅ〜！　やっぱり男らしくないじゃない……！」%K%P
「うぅ〜！　やっぱり男らしくないじゃない……！」%K%P
%LC千鶴
%LC千鶴
「でもさ。それ以上に優しくて、健気で、\n　一生懸命じゃん、春樹は」%K%P
「でもさ。それ以上に優しくて、健気で、\n　一生懸命じゃん、春樹は」%K%P
%LC千鶴
%LC千鶴
「何も強気で、忍耐強くて、腕っ節が強いだけが\n　男らしいってことじゃないと思う」%K%P
「何も強気で、忍耐強くて、腕っ節が強いだけが\n　男らしいってことじゃないと思う」%K%P
%LC蛍
%LC蛍
「で、でも。僕はそういう男になりたいな……。\n　自分が女々しいのはよくわかってるから……」%K%P
「で、でも。僕はそういう男になりたいな……。\n　自分が女々しいのはよくわかってるから……」%K%P
%LC千鶴
%LC千鶴
「あはは。なら今まで通り頑張ってみるのも\n　いいと思うよ？　春樹が決めたことならさ」%K%P
「あはは。なら今まで通り頑張ってみるのも\n　いいと思うよ？　春樹が決めたことならさ」%K%P
%LC千鶴
%LC千鶴
「精一杯、格好付けてみたらいいじゃん？\n　ほら話し方も『俺』に戻して」%K%P
「精一杯、格好付けてみたらいいじゃん？\n　ほら話し方も『俺』に戻して」%K%P
%LC蛍
%LC蛍
「お姉ちゃん……」%K%P
「お姉ちゃん……」%K%P
%LC千鶴
%LC千鶴
「『姉さん』じゃなかった？」%K%P
「『姉さん』じゃなかった？」%K%P
%LC蛍
%LC蛍
「っっ。姉さん……！」%K%P
「っっ。姉さん……！」%K%P
%LC千鶴
%LC千鶴
「ふふ。いいじゃん。格好いい」%K%P
「ふふ。いいじゃん。格好いい」%K%P
穏やかに笑って、お姉ちゃんが励ましてくれる。%K%P
穏やかに笑って、お姉ちゃんが励ましてくれる。%K%P
普段はだらしないけれど、こういう時のお姉ちゃんは\n本当に温かくて、優しくて、すごく勇気をくれる。%K%P
普段はだらしないけれど、こういう時のお姉ちゃんは\n本当に温かくて、優しくて、すごく勇気をくれる。%K%P
%LC千鶴
%LC千鶴
「よっと」%K%P
「よっと」%K%P
%LC蛍
%LC蛍
「ちょっ、ね、姉さんっ？」%K%P
「ちょっ、ね、姉さんっ？」%K%P
不意にお姉ちゃんがベッドに座り込んできて、\n僕の頭を自分の膝の上に乗せてくる。%K%P
不意にお姉ちゃんがベッドに座り込んできて、\n僕の頭を自分の膝の上に乗せてくる。%K%P
%LC蛍
%LC蛍
「格好付けろって言った矢先に\n　膝枕されても困るよ……」%K%P
「格好付けろって言った矢先に\n　膝枕されても困るよ……」%K%P
%LC千鶴
%LC千鶴
「あはは、いいじゃんいいじゃん。\n　あたしがそういう気分なの」%K%P
「あはは、いいじゃんいいじゃん。\n　あたしがそういう気分なの」%K%P
%LC千鶴
%LC千鶴
「久しぶりにお姉ちゃんムーブしてるーって思ってさ。\n　お姉ちゃんも格好付けたい的な？」%K%P
「久しぶりにお姉ちゃんムーブしてるーって思ってさ。\n　お姉ちゃんも格好付けたい的な？」%K%P
%LC蛍
%LC蛍
「そういうことなら……うん」%K%P
「そういうことなら……うん」%K%P
正直……落ち着くし。%K%P
正直……落ち着くし。%K%P
小さい頃も何かで落ち込んだ時は\nこうしてお姉ちゃんが膝枕をしてくれたなぁ……。%K%P
小さい頃も何かで落ち込んだ時は\nこうしてお姉ちゃんが膝枕をしてくれたなぁ……。%K%P
%LC千鶴
%LC千鶴
「心配しなくても清佳ちゃんは振り向いてくれるよ。\n　想い続ければ気持ちは伝わるものだと思う」%K%P
「心配しなくても清佳ちゃんは振り向いてくれるよ。\n　想い続ければ気持ちは伝わるものだと思う」%K%P
%LC千鶴
%LC千鶴
「案外、女装してることを明かしても\n　受け入れてもらえるかもしれないしね？」%K%P
「案外、女装してることを明かしても\n　受け入れてもらえるかもしれないしね？」%K%P
%LC蛍
%LC蛍
「だったらいいんだけど……」%K%P
「だったらいいんだけど……」%K%P
%LC千鶴
%LC千鶴
「春樹が一番気にしてるのはそこでしょ？\n　言い辛いならお姉ちゃんが言ってあげようか？」%K%P
「春樹が一番気にしてるのはそこでしょ？\n　言い辛いならお姉ちゃんが言ってあげようか？」%K%P
%LC千鶴
%LC千鶴
「元々春樹が蛍として清佳ちゃんと出会うことに\n　なったのもあたしのせいだし。再会した時に\n　蛍姿で会う羽目になったのもあたしのせいだし」%K%P
「元々春樹が蛍として清佳ちゃんと出会うことに\n　なったのもあたしのせいだし。再会した時に\n　蛍姿で会う羽目になったのもあたしのせいだし」%K%P
%LC千鶴
%LC千鶴
「むしろ、ごめんね？　あたしのせいで、\n　春樹の恋路を複雑なものにしちゃって」%K%P
「むしろ、ごめんね？　あたしのせいで、\n　春樹の恋路を複雑なものにしちゃって」%K%P
%LC蛍
%LC蛍
「う、ううん。姉さんのせいじゃないよ。\n　きっと清佳ちゃんも同性だと思ったから、\n　初めて会った時も打ち解けてくれたんだろうし……」%K%P
「う、ううん。姉さんのせいじゃないよ。\n　きっと清佳ちゃんも同性だと思ったから、\n　初めて会った時も打ち解けてくれたんだろうし……」%K%P
むしろ女装していたおかげで、\n清佳ちゃんと仲良くなれたと言ってもいい。%K%P
むしろ女装していたおかげで、\n清佳ちゃんと仲良くなれたと言ってもいい。%K%P
お姉ちゃんには感謝したいくらいだ。%K%P
お姉ちゃんには感謝したいくらいだ。%K%P
%LC蛍
%LC蛍
「僕が蛍であることも……自分から明かすよ。\n　それは人任せにしちゃいけないことだと思うから」%K%P
「僕が蛍であることも……自分から明かすよ。\n　それは人任せにしちゃいけないことだと思うから」%K%P
%LC千鶴
%LC千鶴
「そっか。春樹はやる時はやる男だもんね」%K%P
「そっか。春樹はやる時はやる男だもんね」%K%P
うんうんと頷いて、お姉ちゃんが\nにかっと微笑みかけてくれる。%K%P
うんうんと頷いて、お姉ちゃんが\nにかっと微笑みかけてくれる。%K%P
%LC蛍
%LC蛍
「ありがとう、お姉ちゃん。おかげで元気が出て来たや。\n　僕、ううん、俺、頑張ってみるね」%K%P
「ありがとう、お姉ちゃん。おかげで元気が出て来たや。\n　僕、ううん、俺、頑張ってみるね」%K%P
%LC蛍
%LC蛍
「愛さんにはああ言われたけど――それでも清佳ちゃんに\n　男の俺を好きになってもらえるように頑張る」%K%P
「愛さんにはああ言われたけど――それでも清佳ちゃんに\n　男の俺を好きになってもらえるように頑張る」%K%P
%LC蛍
%LC蛍
「清佳ちゃんと釣り合うような男になって、\n　彼女のハートを射止めてみせるよっ」%K%P
「清佳ちゃんと釣り合うような男になって、\n　彼女のハートを射止めてみせるよっ」%K%P
%LC千鶴
%LC千鶴
「うんうん。いいんじゃない？\n　お姉ちゃんは応援してるよ」%K%P
「うんうん。いいんじゃない？\n　お姉ちゃんは応援してるよ」%K%P
%LC千鶴
%LC千鶴
「割と優良物件だとも思うしね？　身内贔屓かもだけど\n　引く手あまたの男の子だと思ってるよ？」%K%P
「割と優良物件だとも思うしね？　身内贔屓かもだけど\n　引く手あまたの男の子だと思ってるよ？」%K%P
言いながら、お姉ちゃんが優しく頭を撫でてくれる。%K%P
言いながら、お姉ちゃんが優しく頭を撫でてくれる。%K%P
胸に詰まっていたものを吐き出したからだろうか。\n膝枕の心地よさも相まって眠気が湧いてきた。%K%P
胸に詰まっていたものを吐き出したからだろうか。\n膝枕の心地よさも相まって眠気が湧いてきた。%K%P
%LC千鶴
%LC千鶴
「ふふ。寝ちゃってもいいよ？\n　遅刻する前に起こしたげるから」%K%P
「ふふ。寝ちゃってもいいよ？\n　遅刻する前に起こしたげるから」%K%P
%LC蛍
%LC蛍
「うん。ありがと、お姉ちゃん……」%K%P
「うん。ありがと、お姉ちゃん……」%K%P
%LC千鶴
%LC千鶴
「また『お姉ちゃん』になってる。\n　そんなことだと男らしくなれないぞ〜？」%K%P
「また『お姉ちゃん』になってる。\n　そんなことだと男らしくなれないぞ〜？」%K%P
からかうようにお姉ちゃんが笑いかけてくる。\nだけど、そんな悪戯な声がむしろ僕の心を安らげた。%K%P
からかうようにお姉ちゃんが笑いかけてくる。\nだけど、そんな悪戯な声がむしろ僕の心を安らげた。%K%P
%LC蛍
%LC蛍
「お姉ちゃんはホントに優しいね……。\n　いつも、ありがとう……」%K%P
「お姉ちゃんはホントに優しいね……。\n　いつも、ありがとう……」%K%P
微睡みに落ちていく中、\nお姉ちゃんに感謝の言葉を伝える。%K%P
微睡みに落ちていく中、\nお姉ちゃんに感謝の言葉を伝える。%K%P
%LC千鶴
%LC千鶴
「優しい……か。ふふ、そんなことないよ」%K%P
「優しい……か。ふふ、そんなことないよ」%K%P
%LC千鶴
%LC千鶴
「あたしは、ズルい女だから」%K%P
「あたしは、ズルい女だから」%K%P
――朦朧とした意識の中、\n僕の唇に何か柔らかいものが触れた気がした。%K%P
――朦朧とした意識の中、\n僕の唇に何か柔らかいものが触れた気がした。%K%P
