………………%K%P
………………%K%P
…………%K%P
…………%K%P
……%K%P
……%K%P
そして迎えた夏祭り当日――%K%P
そして迎えた夏祭り当日――%K%P
%LC清佳
%LC清佳
「へぇ〜。思っていたよりも人が少ないわね？」%K%P
「へぇ〜。思っていたよりも人が少ないわね？」%K%P
%LC愛
%LC愛
「本番は夜の花火大会ですからね〜。\n　屋台の燈籠も灯って雰囲気もグっと良くなりますしぃ」%K%P
「本番は夜の花火大会ですからね〜。\n　屋台の燈籠も灯って雰囲気もグっと良くなりますしぃ」%K%P
%LC清佳
%LC清佳
「逆に言えば下見には持ってこいの時間帯ってわけね！\n　そうと決まれば隅々まで回るわよ！」%K%P
「逆に言えば下見には持ってこいの時間帯ってわけね！\n　そうと決まれば隅々まで回るわよ！」%K%P
気合い十分の様子で清佳ちゃんが握り拳を作る。\n傍らには珍しく私服姿の愛さんも控えていた。%K%P
気合い十分の様子で清佳ちゃんが握り拳を作る。\n傍らには珍しく私服姿の愛さんも控えていた。%K%P
そんな二人を遠めに見つめながら、\n僕もまた隣に向かって小さく声をかける。%K%P
そんな二人を遠めに見つめながら、\n僕もまた隣に向かって小さく声をかける。%K%P
%LC春樹
%LC春樹
「頼むよ、姉さん。愛さんの気を逸らしてもらえる？」%K%P
「頼むよ、姉さん。愛さんの気を逸らしてもらえる？」%K%P
%LC千鶴
%LC千鶴
「可愛い弟の頼みとあっちゃ仕方ないね〜。\n　ま、見てなよ。清佳ちゃんと二人きりにしたげるから」%K%P
「可愛い弟の頼みとあっちゃ仕方ないね〜。\n　ま、見てなよ。清佳ちゃんと二人きりにしたげるから」%K%P
心強い。お姉ちゃんを頼って正解だった。%K%P
心強い。お姉ちゃんを頼って正解だった。%K%P
愛さんが僕の邪魔をするつもりなら、\nその愛さんの邪魔をしてもらうしかないもんね。%K%P
愛さんが僕の邪魔をするつもりなら、\nその愛さんの邪魔をしてもらうしかないもんね。%K%P
%LC愛
%LC愛
「チっ……。小癪な真似を……。\n　ま、それはそれでやりようはありますが」%K%P
「チっ……。小癪な真似を……。\n　ま、それはそれでやりようはありますが」%K%P
%LC清佳
%LC清佳
「ん？　何か言った？」%K%P
「ん？　何か言った？」%K%P
%LC愛
%LC愛
「えへへ、なんにも言ってませんよ〜？\n　それより清佳様、あの屋台とか気になりません？」%K%P
「えへへ、なんにも言ってませんよ〜？\n　それより清佳様、あの屋台とか気になりません？」%K%P
%LC清佳
%LC清佳
「わわっ。引っ張らなくてもいいわよ……！\n　春樹くんと千鶴さんを置いていっちゃってるじゃない」%K%P
「わわっ。引っ張らなくてもいいわよ……！\n　春樹くんと千鶴さんを置いていっちゃってるじゃない」%K%P
%LC千鶴
%LC千鶴
「なるほどなるほど。ペアになったのを利用して、\n　清佳ちゃんと二人で行動するつもりみたいだね」%K%P
「なるほどなるほど。ペアになったのを利用して、\n　清佳ちゃんと二人で行動するつもりみたいだね」%K%P
%LC千鶴
%LC千鶴
「だけど愛ちゃん、それは諸刃の剣だよ……！\n　あたしが愛ちゃんとペアを組めば必然的に\n　春樹は清佳ちゃんと二人きりになるんだから……！」%K%P
「だけど愛ちゃん、それは諸刃の剣だよ……！\n　あたしが愛ちゃんとペアを組めば必然的に\n　春樹は清佳ちゃんと二人きりになるんだから……！」%K%P
%LC千鶴
%LC千鶴
「行くよ、春樹っ。いざ突撃〜！」%K%P
「行くよ、春樹っ。いざ突撃〜！」%K%P
%LC春樹
%LC春樹
「わわっ。引っ張らなくてもいいってば！」%K%P
「わわっ。引っ張らなくてもいいってば！」%K%P
%LC千鶴
%LC千鶴
「愛ちゃん、愛ちゃーん。\n　お姉さんもかまってよ〜」%K%P
「愛ちゃん、愛ちゃーん。\n　お姉さんもかまってよ〜」%K%P
%LC千鶴
%LC千鶴
「今日は愛ちゃんのために、ふふん。\n　お姉さんもバッチリ決めてきたんだぞ♪」%K%P
「今日は愛ちゃんのために、ふふん。\n　お姉さんもバッチリ決めてきたんだぞ♪」%K%P
%LC愛
%LC愛
「清佳様、あっちの屋台も気になりません？\n　行ってみましょうよ〜？」%K%P
「清佳様、あっちの屋台も気になりません？\n　行ってみましょうよ〜？」%K%P
%LC千鶴
%LC千鶴
「ガン無視！！」%K%P
「ガン無視！！」%K%P
%LC清佳
%LC清佳
「ちょっと愛、いくらなんでも失礼でしょ？\n　千鶴さんが可愛そうじゃない」%K%P
「ちょっと愛、いくらなんでも失礼でしょ？\n　千鶴さんが可愛そうじゃない」%K%P
%LC愛
%LC愛
「清佳様こそ空気読んであげて下さいってば。\n　久しぶりに姉弟が顔を合わせたんですよ？\n　邪魔しちゃったら悪いですって」%K%P
「清佳様こそ空気読んであげて下さいってば。\n　久しぶりに姉弟が顔を合わせたんですよ？\n　邪魔しちゃったら悪いですって」%K%P
%LC清佳
%LC清佳
「……それもそうね。そういえば春樹くんと\n　千鶴さんの組み合わせを見るのは初めてかも」%K%P
「……それもそうね。そういえば春樹くんと\n　千鶴さんの組み合わせを見るのは初めてかも」%K%P
%LC春樹
%LC春樹
「き、気にしないで？　姉さんとは連絡も取ってるし」%K%P
「き、気にしないで？　姉さんとは連絡も取ってるし」%K%P
%LC千鶴
%LC千鶴
「そうそう。せっかく集まったんだから、\n　みんなでワイワイ回ろうよ〜？」%K%P
「そうそう。せっかく集まったんだから、\n　みんなでワイワイ回ろうよ〜？」%K%P
%LC清佳
%LC清佳
「そうですね。でも……千鶴さんまで呼んで、\n　蛍はお屋敷で寂しくしてないかしら……」%K%P
「そうですね。でも……千鶴さんまで呼んで、\n　蛍はお屋敷で寂しくしてないかしら……」%K%P
%LC千鶴
%LC千鶴
「蛍なら夕方まで用事があるから大丈夫だよ。\n　モデルの仕事で外に出ちゃっててさー」%K%P
「蛍なら夕方まで用事があるから大丈夫だよ。\n　モデルの仕事で外に出ちゃっててさー」%K%P
%LC清佳
%LC清佳
「えっ？　そうだったんですか？\n　蛍ったら、そんなこと一言も言ってなかったのに。\n　夕方の待ち合わせ、大丈夫なのかしら……」%K%P
「えっ？　そうだったんですか？\n　蛍ったら、そんなこと一言も言ってなかったのに。\n　夕方の待ち合わせ、大丈夫なのかしら……」%K%P
%LC愛
%LC愛
「心配ないですよ。蛍さんは絶対に来てくれますって。\n　ね、先輩？」%K%P
「心配ないですよ。蛍さんは絶対に来てくれますって。\n　ね、先輩？」%K%P
%LC春樹
%LC春樹
「うっ……」%K%P
「うっ……」%K%P
%LC清佳
%LC清佳
「そういえば春樹くん。蛍から……その。\n　な、夏祭り回ろうって連絡があったりした？\n　――いえ、なんでもないわ。言わないで！」%K%P
「そういえば春樹くん。蛍から……その。\n　な、夏祭り回ろうって連絡があったりした？\n　――いえ、なんでもないわ。言わないで！」%K%P
%LC清佳
%LC清佳
「私はただ時間になったら待ち合わせ場所に\n　向かうだけだから。選ぶのは蛍だものね」%K%P
「私はただ時間になったら待ち合わせ場所に\n　向かうだけだから。選ぶのは蛍だものね」%K%P
%LC愛
%LC愛
「安心して下さい、清佳様。蛍さんは親友を\n　蔑ろにするような人ではありませんよ。ね、先輩？」%K%P
「安心して下さい、清佳様。蛍さんは親友を\n　蔑ろにするような人ではありませんよ。ね、先輩？」%K%P
頷きづらいことを殊更に愛さんが尋ねてくる。%K%P
頷きづらいことを殊更に愛さんが尋ねてくる。%K%P
この圧に屈しちゃダメだ。\n今日、僕は清佳ちゃんとデートしに来てるんだから。%K%P
この圧に屈しちゃダメだ。\n今日、僕は清佳ちゃんとデートしに来てるんだから。%K%P
待ち合わせにも蛍として現れるつもりはない。\n蛍になるための女装道具すら持ってきていない。%K%P
待ち合わせにも蛍として現れるつもりはない。\n蛍になるための女装道具すら持ってきていない。%K%P
春樹として会いに行って――\n今日こそ清佳ちゃんに伝えるんだ。%K%P
春樹として会いに行って――\n今日こそ清佳ちゃんに伝えるんだ。%K%P
僕が蛍なんだって。騙していてごめんって。%K%P
僕が蛍なんだって。騙していてごめんって。%K%P
その事実を清佳ちゃんがどう受け止めるかはわからない。%K%P
その事実を清佳ちゃんがどう受け止めるかはわからない。%K%P
愛さんの言う通りショックを受けるかもしれないし、\nお姉ちゃんの言う通り受け入れてもらえるかもしれない。%K%P
愛さんの言う通りショックを受けるかもしれないし、\nお姉ちゃんの言う通り受け入れてもらえるかもしれない。%K%P
どちらにしても――伝えなければ何も始まらない。%K%P
どちらにしても――伝えなければ何も始まらない。%K%P
愛さんの要求を撥ねのけた時点で、\nいつかは清佳ちゃんに伝えると心に決めたんだ。%K%P
愛さんの要求を撥ねのけた時点で、\nいつかは清佳ちゃんに伝えると心に決めたんだ。%K%P
今まではその『いつか』を待つばかりだったけど、\n待つだけじゃ何も変わらない。%K%P
今まではその『いつか』を待つばかりだったけど、\n待つだけじゃ何も変わらない。%K%P
清佳ちゃんが蛍へアプローチする姿を見てきて、\nそれがよくわかった。%K%P
清佳ちゃんが蛍へアプローチする姿を見てきて、\nそれがよくわかった。%K%P
だからこそ夏祭りという舞台を借りて、\n僕も清佳ちゃんに告げよう。%K%P
だからこそ夏祭りという舞台を借りて、\n僕も清佳ちゃんに告げよう。%K%P
まだまだ男らしくはないかもしれないけど、\n勇気を出して清佳ちゃんに伝えるんだ。%K%P
まだまだ男らしくはないかもしれないけど、\n勇気を出して清佳ちゃんに伝えるんだ。%K%P
%LC春樹
%LC春樹
「清佳さんは何か気になる屋台ある？\n　あれば一緒に見に行くよっ？」%K%P
「清佳さんは何か気になる屋台ある？\n　あれば一緒に見に行くよっ？」%K%P
%LC清佳
%LC清佳
「ありがとう。助かるわ。\n　ま、気になると言えば全てが気になっているんだけどね？」%K%P
「ありがとう。助かるわ。\n　ま、気になると言えば全てが気になっているんだけどね？」%K%P
%LC清佳
%LC清佳
「屋台の中でも二人で遊んで楽しいものはないかしら？\n　そういう感覚を是非、あなたには聞きたいわ」%K%P
「屋台の中でも二人で遊んで楽しいものはないかしら？\n　そういう感覚を是非、あなたには聞きたいわ」%K%P
%LC春樹
%LC春樹
「なら金魚すくいとかどうかな？\n　い、一緒にやってみる？」%K%P
「なら金魚すくいとかどうかな？\n　い、一緒にやってみる？」%K%P
%LC清佳
%LC清佳
「きんぎょすくい……？\n　いいわよ。やってみましょ――」%K%P
「きんぎょすくい……？\n　いいわよ。やってみましょ――」%K%P
%LC愛
%LC愛
「――あ〜、ずるーい。清佳様ってば、\n　愛の気持ち知ってるクセに先輩を盗らないで下さいよ〜」%K%P
「――あ〜、ずるーい。清佳様ってば、\n　愛の気持ち知ってるクセに先輩を盗らないで下さいよ〜」%K%P
%LC清佳
%LC清佳
「べ、別に盗ってないわよ。\n　愛も一緒にやればいいでしょ、やれば」%K%P
「べ、別に盗ってないわよ。\n　愛も一緒にやればいいでしょ、やれば」%K%P
%LC愛
%LC愛
「えへへ、せんぱぁい。\n　手取り足取り教えて下さいね〜？」%K%P
「えへへ、せんぱぁい。\n　手取り足取り教えて下さいね〜？」%K%P
くっ。やはりそう簡単に\n二人きりにはさせてもらえなさそうだ。%K%P
くっ。やはりそう簡単に\n二人きりにはさせてもらえなさそうだ。%K%P
%XS20だけど、こっちにも――お姉ちゃんがいる！！%XE%K%P
%XS20だけど、こっちにも――お姉ちゃんがいる！！%XE%K%P
%LC千鶴
%LC千鶴
「う〜ひっく……！　なになに？\n　どじょーすくいー？　あたひ、とくいらよ〜？」%K%P
「う〜ひっく……！　なになに？\n　どじょーすくいー？　あたひ、とくいらよ〜？」%K%P
%LC春樹
%LC春樹
%XS20「いや、なんで酔っ払ってるの！！？」%XE%K%P
%XS20「いや、なんで酔っ払ってるの！！？」%XE%K%P
%LC千鶴
%LC千鶴
「酔っへなひ、酔っへなひ。\n　ほらほら〜、どじょーすくいもできてるっしょ〜？」%K%P
「酔っへなひ、酔っへなひ。\n　ほらほら〜、どじょーすくいもできてるっしょ〜？」%K%P
%LC千鶴
%LC千鶴
「あーらえっさっさー……おっとっとっ！」%K%P
「あーらえっさっさー……おっとっとっ！」%K%P
%LC春樹
%LC春樹
「完全に千鳥足じゃない！」%K%P
「完全に千鳥足じゃない！」%K%P
%LC千鶴
%LC千鶴
「あははっ。千鳥じゃないっへ、千鶴だっへ。\n　姉の名前間違えるなんへ、ヒドいなぁ〜」%K%P
「あははっ。千鳥じゃないっへ、千鶴だっへ。\n　姉の名前間違えるなんへ、ヒドいなぁ〜」%K%P
少し目を離した隙にこの姉は……！\nうぅ、お姉ちゃんを頼ったのは間違いだったかも……！%K%P
少し目を離した隙にこの姉は……！\nうぅ、お姉ちゃんを頼ったのは間違いだったかも……！%K%P
%LC千鶴
%LC千鶴
「らいじょうぶ、らいじょうぶ。\n　心配しなくへも、これも作戦らからー」%K%P
「らいじょうぶ、らいじょうぶ。\n　心配しなくへも、これも作戦らからー」%K%P
%LC春樹
%LC春樹
「作戦って……」%K%P
「作戦って……」%K%P
%LC清佳
%LC清佳
「その……。大丈夫ですか、千鶴さん？\n　少しお休みになった方が……」%K%P
「その……。大丈夫ですか、千鶴さん？\n　少しお休みになった方が……」%K%P
%LC千鶴
%LC千鶴
「だね〜……。来てそーそーだけど、うぷっ。\n　屋敷に帰った方がいいかも……」%K%P
「だね〜……。来てそーそーだけど、うぷっ。\n　屋敷に帰った方がいいかも……」%K%P
%LC清佳
%LC清佳
「でしたら、愛。千鶴さんを送って差し上げて」%K%P
「でしたら、愛。千鶴さんを送って差し上げて」%K%P
%LC愛
%LC愛
「えっ！？　どうして愛が……！？」%K%P
「えっ！？　どうして愛が……！？」%K%P
%LC清佳
%LC清佳
「こんなに酔ってる人を一人で帰らせるのは危険でしょ。\n　車を回してあげて？」%K%P
「こんなに酔ってる人を一人で帰らせるのは危険でしょ。\n　車を回してあげて？」%K%P
%LC千鶴
%LC千鶴
「いま車乗るのはヤバいかも……うぷっ」%K%P
「いま車乗るのはヤバいかも……うぷっ」%K%P
%LC清佳
%LC清佳
「そ、そうですか。なら、愛。\n　お屋敷まで肩を貸してあげなさい」%K%P
「そ、そうですか。なら、愛。\n　お屋敷まで肩を貸してあげなさい」%K%P
なるほど……！　あえて酔っ払って、\n愛さんに送ってもらうつもりだったんだ……！%K%P
なるほど……！　あえて酔っ払って、\n愛さんに送ってもらうつもりだったんだ……！%K%P
ナイスだよ、お姉ちゃん……！%K%P
ナイスだよ、お姉ちゃん……！%K%P
%LC愛
%LC愛
「で、でも清佳様を一人にするわけにはいきませんし。\n　春樹さんに送ってもらった方がいいんじゃないですか？」%K%P
「で、でも清佳様を一人にするわけにはいきませんし。\n　春樹さんに送ってもらった方がいいんじゃないですか？」%K%P
%LC清佳
%LC清佳
「春樹くんがいなくなったら下見ができないじゃない。\n　大丈夫よ。いざとなったら彼を盾にするわ」%K%P
「春樹くんがいなくなったら下見ができないじゃない。\n　大丈夫よ。いざとなったら彼を盾にするわ」%K%P
%LC愛
%LC愛
「で、ですが……！」%K%P
「で、ですが……！」%K%P
%LC千鶴
%LC千鶴
「うぷっ……。吐きそう……！\n　愛ちゃん、とりまトイレまで連れてっへぇ……」%K%P
「うぷっ……。吐きそう……！\n　愛ちゃん、とりまトイレまで連れてっへぇ……」%K%P
%LC清佳
%LC清佳
「ほら愛。急いで」%K%P
「ほら愛。急いで」%K%P
%LC愛
%LC愛
「っっ……！　先輩。愛はすぐに戻ってきますからね。\n　清佳様に変なことしたらぶち殺しますよ？」%K%P
「っっ……！　先輩。愛はすぐに戻ってきますからね。\n　清佳様に変なことしたらぶち殺しますよ？」%K%P
%LC千鶴
%LC千鶴
「ちょっ――！？　そんな急がれると、\n　酔いが回っへ――うぷっ……！」%K%P
「ちょっ――！？　そんな急がれると、\n　酔いが回っへ――うぷっ……！」%K%P
そうして愛さんがお姉ちゃんの手を\n半ば無理やり引っ張って走り去って行く。%K%P
そうして愛さんがお姉ちゃんの手を\n半ば無理やり引っ張って走り去って行く。%K%P
%LC清佳
%LC清佳
「……何あなた？　私に変なことするつもりなの？」%K%P
「……何あなた？　私に変なことするつもりなの？」%K%P
%LC春樹
%LC春樹
「ち、違うよ。そんなつもりないってば」%K%P
「ち、違うよ。そんなつもりないってば」%K%P
%LC清佳
%LC清佳
「どうかしらね……。よく考えると、\n　ブーメランパンツでナンパしてた男だし……」%K%P
「どうかしらね……。よく考えると、\n　ブーメランパンツでナンパしてた男だし……」%K%P
清佳さんが汚物を見るような目で僕を見つめながら、\n一歩後ずさる。%K%P
清佳さんが汚物を見るような目で僕を見つめながら、\n一歩後ずさる。%K%P
%LC春樹
%LC春樹
「だからしないってば！」%K%P
「だからしないってば！」%K%P
%LC清佳
%LC清佳
「あはは、冗談よ、冗談。\n　あの時は水着をなくして売店で買ったんでしょ？」%K%P
「あはは、冗談よ、冗談。\n　あの時は水着をなくして売店で買ったんでしょ？」%K%P
%LC清佳
%LC清佳
「それより今は下見よ、下見。さっき言ってた\n　きんぎょすくい……だっけ？　やってみせてくれない？」%K%P
「それより今は下見よ、下見。さっき言ってた\n　きんぎょすくい……だっけ？　やってみせてくれない？」%K%P
%LC春樹
%LC春樹
「う、うん」%K%P
「う、うん」%K%P
なんにしても清佳ちゃんと二人きりになれた。\n後は彼女に良いところを見せるだけだ……！%K%P
なんにしても清佳ちゃんと二人きりになれた。\n後は彼女に良いところを見せるだけだ……！%K%P
しかし僕は忘れていた。%K%P
しかし僕は忘れていた。%K%P
こういう時の清佳ちゃんは想像以上に\nぶっ飛んだことをしでかしちゃうことを――%K%P
こういう時の清佳ちゃんは想像以上に\nぶっ飛んだことをしでかしちゃうことを――%K%P
%LC清佳
%LC清佳
「くっ……！　また破けたわ……！\n　おばあさん、もう一つちょうだいっ……！」%K%P
「くっ……！　また破けたわ……！\n　おばあさん、もう一つちょうだいっ……！」%K%P
%LC春樹
%LC春樹
「き、清佳さん。その辺にしておいた方が――」%K%P
「き、清佳さん。その辺にしておいた方が――」%K%P
%LC清佳
%LC清佳
「――とめないで！　蛍にとびきりの金魚を\n　プレゼントしてあげるためにも私はこれを\n　マスターしなくちゃいけないんだから……！」%K%P
「――とめないで！　蛍にとびきりの金魚を\n　プレゼントしてあげるためにも私はこれを\n　マスターしなくちゃいけないんだから……！」%K%P
%LC清佳
%LC清佳
「にしても難しいわね。春樹くんはあんな簡単そうに\n　取ってたのに――あっ！　また破けちゃった……！\n　もう一回よ……！」%K%P
「にしても難しいわね。春樹くんはあんな簡単そうに\n　取ってたのに――あっ！　また破けちゃった……！\n　もう一回よ……！」%K%P
%LC春樹
%LC春樹
「そこまで再挑戦するなら、\n　お店で買った方が安いってば……！」%K%P
「そこまで再挑戦するなら、\n　お店で買った方が安いってば……！」%K%P
%LC清佳
%LC清佳
「欲しいのは金魚じゃないの。\n　蛍が惚れ惚れするような金魚すくいの技術なのよ！\n　お金で買えない技術こそ価値があるの！」%K%P
「欲しいのは金魚じゃないの。\n　蛍が惚れ惚れするような金魚すくいの技術なのよ！\n　お金で買えない技術こそ価値があるの！」%K%P
金魚すくいでは屋台のポイを使い尽くすまで、\n再挑戦したり――%K%P
金魚すくいでは屋台のポイを使い尽くすまで、\n再挑戦したり――%K%P
%LC清佳
%LC清佳
「……全然当たらないわね？\n　本当に当たりが入っているのかしら……」%K%P
「……全然当たらないわね？\n　本当に当たりが入っているのかしら……」%K%P
%LC店主
%LC店主
「入ってるさ。嬢ちゃんの運がないってだけだよ」%K%P
「入ってるさ。嬢ちゃんの運がないってだけだよ」%K%P
%LC清佳
%LC清佳
「む……。なら全部引かせてもらうわ。\n　当たりが入ってるかどうか、あらためてあげる」%K%P
「む……。なら全部引かせてもらうわ。\n　当たりが入ってるかどうか、あらためてあげる」%K%P
%LC店主
%LC店主
「なっ……！？」%K%P
「なっ……！？」%K%P
%LC春樹
%LC春樹
「無茶言っちゃダメだよ、清佳さん……！\n　くじ引きのくじを全部引くなんて普通じゃないって」%K%P
「無茶言っちゃダメだよ、清佳さん……！\n　くじ引きのくじを全部引くなんて普通じゃないって」%K%P
%LC店主
%LC店主
「そ、そうだぜ嬢ちゃん。\n　他のお客の楽しみもなくなっちまうだろ？」%K%P
「そ、そうだぜ嬢ちゃん。\n　他のお客の楽しみもなくなっちまうだろ？」%K%P
%LC清佳
%LC清佳
「もしも当たりが入っていれば。ね？\n　私、嘘つきには敏感なの」%K%P
「もしも当たりが入っていれば。ね？\n　私、嘘つきには敏感なの」%K%P
%LC清佳
%LC清佳
「さっきからあなた嘘くさいわよ？\n　何か隠しているでしょう？」%K%P
「さっきからあなた嘘くさいわよ？\n　何か隠しているでしょう？」%K%P
%LC店主
%LC店主
「な、何も隠してないって、へへへ……。\n　まぁそのお金を引っ込めなって」%K%P
「な、何も隠してないって、へへへ……。\n　まぁそのお金を引っ込めなって」%K%P
%LC清佳
%LC清佳
「何も隠していないなら構わないじゃない。\n　さぁ、その箱を渡しなさい。全部引いてあげるから」%K%P
「何も隠していないなら構わないじゃない。\n　さぁ、その箱を渡しなさい。全部引いてあげるから」%K%P
%LC清佳
%LC清佳
「もしもくじに当たりが入っていたら、\n　商品はもらわずにお金だけ差し上げるわ」%K%P
「もしもくじに当たりが入っていたら、\n　商品はもらわずにお金だけ差し上げるわ」%K%P
%LC清佳
%LC清佳
「だけどもし当たりくじも入れずに、お祭りを楽しみに\n　きたお客さんを騙そうとしているなら――許さないわよ」%K%P
「だけどもし当たりくじも入れずに、お祭りを楽しみに\n　きたお客さんを騙そうとしているなら――許さないわよ」%K%P
%LC店主
%LC店主
「〜〜っっ！　も、申し訳ありません……！\n　お金はお返ししますから、お店もすぐに畳みますから」%K%P
「〜〜っっ！　も、申し訳ありません……！\n　お金はお返ししますから、お店もすぐに畳みますから」%K%P
%LC清佳
%LC清佳
「私が来る前にくじを引いた人たちにも返金なさい。\n　そうすれば今回は見逃してあげる」%K%P
「私が来る前にくじを引いた人たちにも返金なさい。\n　そうすれば今回は見逃してあげる」%K%P
%LC清佳
%LC清佳
「私と蛍が楽しい思い出を作ろうって場所で、\n　あこぎな商売してんじゃないわよ」%K%P
「私と蛍が楽しい思い出を作ろうって場所で、\n　あこぎな商売してんじゃないわよ」%K%P
時には悪徳屋台を成敗したり――%K%P
時には悪徳屋台を成敗したり――%K%P
%LC清佳
%LC清佳
「ダダダダダダダっ――！！」%K%P
「ダダダダダダダっ――！！」%K%P
%LC春樹
%LC春樹
「ちょっとなにその銃！？\n　明らかにお店のものじゃないよね！？」%K%P
「ちょっとなにその銃！？\n　明らかにお店のものじゃないよね！？」%K%P
%LC清佳
%LC清佳
「ふふん。いいでしょ？\n　今日のために特注で用意してもらったの」%K%P
「ふふん。いいでしょ？\n　今日のために特注で用意してもらったの」%K%P
%LC店主
%LC店主
「如何でしょうか、清佳様。試射のご感想は」%K%P
「如何でしょうか、清佳様。試射のご感想は」%K%P
%LC清佳
%LC清佳
「素晴らしいわ。撃ってて楽しいし、\n　何より的に当てやすいもの！」%K%P
「素晴らしいわ。撃ってて楽しいし、\n　何より的に当てやすいもの！」%K%P
%LC春樹
%LC春樹
「お、お店も自分で用意してたんだ……」%K%P
「お、お店も自分で用意してたんだ……」%K%P
%LC清佳
%LC清佳
「蛍には秘密よ？　ビックリさせてあげたいから！」%K%P
「蛍には秘密よ？　ビックリさせてあげたいから！」%K%P
%LC春樹
%LC春樹
「あはは……」%K%P
「あはは……」%K%P
そんな風に清佳ちゃんとお祭りを回っていって――%K%P
そんな風に清佳ちゃんとお祭りを回っていって――%K%P
――気づけば、日は傾き始めていた。%K%P
――気づけば、日は傾き始めていた。%K%P
%LC清佳
%LC清佳
「ふぅ。十分に下見できたわね。\n　ありがとう、付き合ってくれて」%K%P
「ふぅ。十分に下見できたわね。\n　ありがとう、付き合ってくれて」%K%P
%LC春樹
%LC春樹
「ううん。こちらこそ」%K%P
「ううん。こちらこそ」%K%P
応えながらも、思わず生唾を呑んでしまう。\n今日の本番はここからなんだ。%K%P
応えながらも、思わず生唾を呑んでしまう。\n今日の本番はここからなんだ。%K%P
%LC清佳
%LC清佳
「一応、その。聞きたいんだけど……」%K%P
「一応、その。聞きたいんだけど……」%K%P
気合いを入れ直していると、\n不意に清佳ちゃんが聞きづらそうに尋ねてくる。%K%P
気合いを入れ直していると、\n不意に清佳ちゃんが聞きづらそうに尋ねてくる。%K%P
%LC清佳
%LC清佳
「どうだったかしら……。\n　私と一緒にお祭りを回って、た、楽しかった？」%K%P
「どうだったかしら……。\n　私と一緒にお祭りを回って、た、楽しかった？」%K%P
%LC春樹
%LC春樹
「もちろん楽しかったよ？\n　ちょっぴり今日も暴走しちゃってたけど」%K%P
「もちろん楽しかったよ？\n　ちょっぴり今日も暴走しちゃってたけど」%K%P
%LC清佳
%LC清佳
「うっ。き、気を付けないとね。\n　お金にうっかり頼らないようにしないと……」%K%P
「うっ。き、気を付けないとね。\n　お金にうっかり頼らないようにしないと……」%K%P
遊園地の時と同じく蛍の前では醜態を晒したくないのか\n清佳ちゃんがうんうんと一人頷く。%K%P
遊園地の時と同じく蛍の前では醜態を晒したくないのか\n清佳ちゃんがうんうんと一人頷く。%K%P
%LC清佳
%LC清佳
「あ、そうだ。あなたも悪くなかったわよ？\n　一緒に回って十分に楽しめたわ」%K%P
「あ、そうだ。あなたも悪くなかったわよ？\n　一緒に回って十分に楽しめたわ」%K%P
%LC春樹
%LC春樹
「そ、そう？」%K%P
「そ、そう？」%K%P
%LC清佳
%LC清佳
「ええ。かき氷で頭を痛くしちゃったり、\n　勧められるがまま変なお面買っちゃったりして、\n　なんだか可愛かったし」%K%P
「ええ。かき氷で頭を痛くしちゃったり、\n　勧められるがまま変なお面買っちゃったりして、\n　なんだか可愛かったし」%K%P
%LC春樹
%LC春樹
「可愛いって……。\n　男の子に言う言葉じゃないよ」%K%P
「可愛いって……。\n　男の子に言う言葉じゃないよ」%K%P
%LC清佳
%LC清佳
「ふふ。これでも褒めてるんだけど」%K%P
「ふふ。これでも褒めてるんだけど」%K%P
ケタケタと清佳ちゃんが明るく笑う。%K%P
ケタケタと清佳ちゃんが明るく笑う。%K%P
男らしいと思われてないのはちょっぴり不満だけど、\n一緒にいて楽しいと思ってもらえたのなら良かった。%K%P
男らしいと思われてないのはちょっぴり不満だけど、\n一緒にいて楽しいと思ってもらえたのなら良かった。%K%P
%LC清佳
%LC清佳
「じゃあ私は行くわね。\n　蛍との待ち合わせ場所に行かないと」%K%P
「じゃあ私は行くわね。\n　蛍との待ち合わせ場所に行かないと」%K%P
%LC春樹
%LC春樹
「あっ……！　ま、待って……！」%K%P
「あっ……！　ま、待って……！」%K%P
%LC清佳
%LC清佳
「何よ？　まだ何かあるの？」%K%P
「何よ？　まだ何かあるの？」%K%P
%LC春樹
%LC春樹
「もしも……。もしもなんだけど」%K%P
「もしも……。もしもなんだけど」%K%P
%LC清佳
%LC清佳
「うん？」%K%P
「うん？」%K%P
%LC春樹
%LC春樹
「もしも蛍が待ち合わせ場所に来なかったら――\n　その時は俺と一緒に花火を見てもらってもいいかなっ？」%K%P
「もしも蛍が待ち合わせ場所に来なかったら――\n　その時は俺と一緒に花火を見てもらってもいいかなっ？」%K%P
%LC清佳
%LC清佳
「へ？」%K%P
「へ？」%K%P
僕の決死の告白を聞いて、\n清佳ちゃんが呆気に取られた顔をする。%K%P
僕の決死の告白を聞いて、\n清佳ちゃんが呆気に取られた顔をする。%K%P
%LC清佳
%LC清佳
「その……。よく意味がわからないのだけど。\n　蛍が私との待ち合わせに来なかったとしたら、\n　たぶんあなたのところに蛍が行くと思うわよ？」%K%P
「その……。よく意味がわからないのだけど。\n　蛍が私との待ち合わせに来なかったとしたら、\n　たぶんあなたのところに蛍が行くと思うわよ？」%K%P
%LC清佳
%LC清佳
「もしかして三人で花火を見ようってこと？\n　……それは流石に遠慮するわ」%K%P
「もしかして三人で花火を見ようってこと？\n　……それは流石に遠慮するわ」%K%P
%LC清佳
%LC清佳
「蛍の恋路を邪魔してまで一緒にいようとするほど、\n　私は無粋じゃないもの」%K%P
「蛍の恋路を邪魔してまで一緒にいようとするほど、\n　私は無粋じゃないもの」%K%P
%LC春樹
%LC春樹
「違うんだ。僕は――ううん、俺は清佳さんに\n　言わなくちゃいけないことがあって……」%K%P
「違うんだ。僕は――ううん、俺は清佳さんに\n　言わなくちゃいけないことがあって……」%K%P
%LC春樹
%LC春樹
「聞いて欲しいことが、あって。\n　だから、その時に――」%K%P
「聞いて欲しいことが、あって。\n　だから、その時に――」%K%P
不意に温かいものが唇に触れる。\n清佳ちゃんが人差し指を僕の唇に押しつけていた。%K%P
不意に温かいものが唇に触れる。\n清佳ちゃんが人差し指を僕の唇に押しつけていた。%K%P
%LC春樹
%LC春樹
「清佳さん……？」%K%P
「清佳さん……？」%K%P
%LC清佳
%LC清佳
「何を話そうとしているか知らないけど、\n　別に無理して話す必要はないわ」%K%P
「何を話そうとしているか知らないけど、\n　別に無理して話す必要はないわ」%K%P
%LC春樹
%LC春樹
「べ、別に無理なんて……」%K%P
「べ、別に無理なんて……」%K%P
%LC清佳
%LC清佳
「そう？　あなた今とても辛そうな顔をしているけれど。\n　言葉に詰まるようなら、口にするべきじゃないわ」%K%P
「そう？　あなた今とても辛そうな顔をしているけれど。\n　言葉に詰まるようなら、口にするべきじゃないわ」%K%P
%LC清佳
%LC清佳
「きっとそれは無理をして紡いだ言葉だから。\n　自分の心に嘘をついて、形にした言葉だから」%K%P
「きっとそれは無理をして紡いだ言葉だから。\n　自分の心に嘘をついて、形にした言葉だから」%K%P
その清佳ちゃんの台詞には聞き覚えがあった。%K%P
その清佳ちゃんの台詞には聞き覚えがあった。%K%P
そうだ。清佳ちゃんと再会した日も\n同じことを言われたんだっけ。%K%P
そうだ。清佳ちゃんと再会した日も\n同じことを言われたんだっけ。%K%P
今と同じように蛍が春樹の女装姿だと\n打ち明けようとした時に。%K%P
今と同じように蛍が春樹の女装姿だと\n打ち明けようとした時に。%K%P
%LC清佳
%LC清佳
「どうしても伝えなくちゃいけないことだとしても、\n　覚悟を決めるまでもなく言える時が来たらにしなさい」%K%P
「どうしても伝えなくちゃいけないことだとしても、\n　覚悟を決めるまでもなく言える時が来たらにしなさい」%K%P
%LC清佳
%LC清佳
「その時は、ふふ。喜んで聞いてあげる」%K%P
「その時は、ふふ。喜んで聞いてあげる」%K%P
あの日と同じ調子で微笑みかけてくる清佳ちゃんの姿に\n言葉を失いかけてしまう。%K%P
あの日と同じ調子で微笑みかけてくる清佳ちゃんの姿に\n言葉を失いかけてしまう。%K%P
けれどダメだ。ここで二の足を踏めば、\nまた同じことの繰り返しになる。%K%P
けれどダメだ。ここで二の足を踏めば、\nまた同じことの繰り返しになる。%K%P
あの日ははっきりと言葉にしなかったせいで、\n蛍が春樹を好きだと勘違いされてしまった。%K%P
あの日ははっきりと言葉にしなかったせいで、\n蛍が春樹を好きだと勘違いされてしまった。%K%P
同じ轍を踏むわけには行かない。%K%P
同じ轍を踏むわけには行かない。%K%P
%LC春樹
%LC春樹
「それでも俺は、いま聞いて欲しいんだ」%K%P
「それでも俺は、いま聞いて欲しいんだ」%K%P
%LC清佳
%LC清佳
「……はぁ。変なところで似てるわね。\n　あなたと蛍って」%K%P
「……はぁ。変なところで似てるわね。\n　あなたと蛍って」%K%P
%LC春樹
%LC春樹
「どういうこと？」%K%P
「どういうこと？」%K%P
%LC清佳
%LC清佳
「だから、そういうところよ。\n　二人とも必要以上に隠し事を口にしようとして」%K%P
「だから、そういうところよ。\n　二人とも必要以上に隠し事を口にしようとして」%K%P
%LC清佳
%LC清佳
「最初から気づいてるわよ。\n　あなたも蛍も私に何か隠してるってことくらいね？」%K%P
「最初から気づいてるわよ。\n　あなたも蛍も私に何か隠してるってことくらいね？」%K%P
%LC春樹
%LC春樹
「えっ……？」%K%P
「えっ……？」%K%P
%LC清佳
%LC清佳
「言ったじゃない。\n　私、嘘つきには敏感なの」%K%P
「言ったじゃない。\n　私、嘘つきには敏感なの」%K%P
当たり前のように微笑みかけてくる清佳ちゃんを見て、\n頭の中が真っ白になる。%K%P
当たり前のように微笑みかけてくる清佳ちゃんを見て、\n頭の中が真っ白になる。%K%P
%LC春樹
%LC春樹
「でも最初からって……」%K%P
「でも最初からって……」%K%P
%LC清佳
%LC清佳
「だから最初からよ。出会った時から。\n　蛍もそうね……小さい頃からずーっと何か\n　私に隠してるみたいだったけど」%K%P
「だから最初からよ。出会った時から。\n　蛍もそうね……小さい頃からずーっと何か\n　私に隠してるみたいだったけど」%K%P
%LC春樹
%LC春樹
「知っていたのなら、なんで聞かなかったの？\n　嘘つきだってわかってたんでしょ……？」%K%P
「知っていたのなら、なんで聞かなかったの？\n　嘘つきだってわかってたんでしょ……？」%K%P
%LC清佳
%LC清佳
「嘘にも種類があるじゃない。\n　悪意のある嘘。どうでもいい嘘。それに――」%K%P
「嘘にも種類があるじゃない。\n　悪意のある嘘。どうでもいい嘘。それに――」%K%P
%LC清佳
%LC清佳
「優しい嘘。とかね？」%K%P
「優しい嘘。とかね？」%K%P
清佳ちゃんがにっこりと僕に微笑みかける。%K%P
清佳ちゃんがにっこりと僕に微笑みかける。%K%P
%LC清佳
%LC清佳
「蛍はもちろん、あなたの嘘もそれだってわかってる。\n　じゃなきゃ私もあなたと仲良くなんてしないもの」%K%P
「蛍はもちろん、あなたの嘘もそれだってわかってる。\n　じゃなきゃ私もあなたと仲良くなんてしないもの」%K%P
%LC清佳
%LC清佳
「何かは知らないけれど、きっと私のためについてる\n　嘘なんでしょ？　なら聞き出す理由はないじゃない」%K%P
「何かは知らないけれど、きっと私のためについてる\n　嘘なんでしょ？　なら聞き出す理由はないじゃない」%K%P
%LC清佳
%LC清佳
「大切な人がわざわざ隠してる秘密なんだもの。\n　だからこそ無闇に踏み込むような真似はしないわ」%K%P
「大切な人がわざわざ隠してる秘密なんだもの。\n　だからこそ無闇に踏み込むような真似はしないわ」%K%P
%LC清佳
%LC清佳
「だからあなたも、いま無理に伝えようとしなくていい。\n　むしろ今告げられても困るわ」%K%P
「だからあなたも、いま無理に伝えようとしなくていい。\n　むしろ今告げられても困るわ」%K%P
%LC春樹
%LC春樹
「こ、困るって」%K%P
「こ、困るって」%K%P
%LC清佳
%LC清佳
「だって私は今から蛍とデートだもの。\n　そんな時に真剣な話なんて聞きたくもないし」%K%P
「だって私は今から蛍とデートだもの。\n　そんな時に真剣な話なんて聞きたくもないし」%K%P
%LC清佳
%LC清佳
「あなたに未だ連絡が来てないってことは、ふふ。\n　悪いけど、蛍は私を選んでくれたみたいだし。ね？」%K%P
「あなたに未だ連絡が来てないってことは、ふふ。\n　悪いけど、蛍は私を選んでくれたみたいだし。ね？」%K%P
蛍とのデートを無邪気に期待している彼女の姿を見て、\n告げかけた言葉が喉元を滑り落ちていく。%K%P
蛍とのデートを無邪気に期待している彼女の姿を見て、\n告げかけた言葉が喉元を滑り落ちていく。%K%P
……やっぱり言えないや。%K%P
……やっぱり言えないや。%K%P
こんなにも蛍を大切に想ってくれている彼女に、\n突然正体を明かすことはできない。%K%P
こんなにも蛍を大切に想ってくれている彼女に、\n突然正体を明かすことはできない。%K%P
楽しみにしてくれているデートを\n台無しにすることなんてできない。%K%P
楽しみにしてくれているデートを\n台無しにすることなんてできない。%K%P
%LC清佳
%LC清佳
「もういいかしら？\n　そろそろ行きたいんだけど」%K%P
「もういいかしら？\n　そろそろ行きたいんだけど」%K%P
%LC春樹
%LC春樹
「本当に清佳ちゃんは……その。\n　蛍が好きなんだね……？」%K%P
「本当に清佳ちゃんは……その。\n　蛍が好きなんだね……？」%K%P
%LC清佳
%LC清佳
「そうだって、ずっと言ってるじゃない」%K%P
「そうだって、ずっと言ってるじゃない」%K%P
%LC清佳
%LC清佳
「もしかして……女の子同士の恋はおかしいだとか、\n　旧時代的な思想でも押しつけてくるつもり？」%K%P
「もしかして……女の子同士の恋はおかしいだとか、\n　旧時代的な思想でも押しつけてくるつもり？」%K%P
%LC春樹
%LC春樹
「そ、そういうわけじゃないけど」%K%P
「そ、そういうわけじゃないけど」%K%P
首を横に振って応える僕を見て\n誤魔化していると思ったのか清佳ちゃんがため息をつく。%K%P
首を横に振って応える僕を見て\n誤魔化していると思ったのか清佳ちゃんがため息をつく。%K%P
そして真っ直ぐ僕を見つめて伝えてきた。%K%P
そして真っ直ぐ僕を見つめて伝えてきた。%K%P
%LC清佳
%LC清佳
「性別なんて関係ないわ。たとえ蛍が男性だったとしても\n　私は蛍のことを間違いなく好きになってる」%K%P
「性別なんて関係ないわ。たとえ蛍が男性だったとしても\n　私は蛍のことを間違いなく好きになってる」%K%P
%LC清佳
%LC清佳
「大切なのは、性別でも、見た目でも、立場でもない。\n　その人を愛してるって気持ちじゃないの？」%K%P
「大切なのは、性別でも、見た目でも、立場でもない。\n　その人を愛してるって気持ちじゃないの？」%K%P
%LC春樹
%LC春樹
「大切なのは、その人を愛してるって気持ち……」%K%P
「大切なのは、その人を愛してるって気持ち……」%K%P
そうか。本当に清佳ちゃんは、\nただただ蛍のことが好きなんだ。%K%P
そうか。本当に清佳ちゃんは、\nただただ蛍のことが好きなんだ。%K%P
女の子だからじゃない。幼馴染みだからでもない。\n純粋に一人の人間として蛍が好きだから――%K%P
女の子だからじゃない。幼馴染みだからでもない。\n純粋に一人の人間として蛍が好きだから――%K%P
%LC清佳
%LC清佳
「……あら。どこ行くの？\n　散々私を引き止めておいて」%K%P
「……あら。どこ行くの？\n　散々私を引き止めておいて」%K%P
%LC春樹
%LC春樹
「用事を思い出して。\n　ごめんね、大切なデート前に時間を取っちゃって」%K%P
「用事を思い出して。\n　ごめんね、大切なデート前に時間を取っちゃって」%K%P
%LC清佳
%LC清佳
「本当よ。あなたの辛気くさい顔を見てたら、\n　デート前の舞い上がった気分が台無しになっちゃう」%K%P
「本当よ。あなたの辛気くさい顔を見てたら、\n　デート前の舞い上がった気分が台無しになっちゃう」%K%P
%LC春樹
%LC春樹
「あ、あはは」%K%P
「あ、あはは」%K%P
%LC清佳
%LC清佳
「じゃ、私も行くわ。今日はありがとう」%K%P
「じゃ、私も行くわ。今日はありがとう」%K%P
%LC春樹
%LC春樹
「あ……そうだ。\n　もしかしたら蛍はちょっと遅れるかも」%K%P
「あ……そうだ。\n　もしかしたら蛍はちょっと遅れるかも」%K%P
%LC清佳
%LC清佳
「そうなの？　別に構わないわ。\n　私、待つのも得意だから」%K%P
「そうなの？　別に構わないわ。\n　私、待つのも得意だから」%K%P
そう言って清佳ちゃんが\nゆっくりと歩き去って行く。%K%P
そう言って清佳ちゃんが\nゆっくりと歩き去って行く。%K%P
僕も急ごう。屋敷に戻って着替えなくちゃ。%K%P
僕も急ごう。屋敷に戻って着替えなくちゃ。%K%P
僕との――いいや、わたしとのデートを\n心待ちにしてくれている大好きな人に、\n会いに行かなくちゃいけない。%K%P
僕との――いいや、わたしとのデートを\n心待ちにしてくれている大好きな人に、\n会いに行かなくちゃいけない。%K%P
