%LC蛍
%LC蛍
「ううん。ここで様子を見に行ったら、\n　きっとお姉ちゃんに叱られちゃう」%K%P
「ううん。ここで様子を見に行ったら、\n　きっとお姉ちゃんに叱られちゃう」%K%P
自分の世話を焼いてる暇があったら、\n待ち合わせ場所へ急げって。%K%P
自分の世話を焼いてる暇があったら、\n待ち合わせ場所へ急げって。%K%P
ついさっき、そう背中を\n押してもらったばかりじゃないか。%K%P
ついさっき、そう背中を\n押してもらったばかりじゃないか。%K%P
なら急ごう。じゃないと、\nお姉ちゃんの厚意を無駄にすることになる。%K%P
なら急ごう。じゃないと、\nお姉ちゃんの厚意を無駄にすることになる。%K%P
%LC蛍
%LC蛍
「よし……！」%K%P
「よし……！」%K%P
勢いよく玄関扉を開けて、\n今にも日の沈みそうな街中を駆け抜けていく。%K%P
勢いよく玄関扉を開けて、\n今にも日の沈みそうな街中を駆け抜けていく。%K%P
清佳ちゃんに会ったら、\nまず遅れたことを謝ろう。%K%P
清佳ちゃんに会ったら、\nまず遅れたことを謝ろう。%K%P
そして、二人で仲良く夏祭りを楽しむんだ――%K%P
そして、二人で仲良く夏祭りを楽しむんだ――%K%P
