%LC春樹
%LC春樹
「はぁはぁ、早く着替えて戻らないと……！」%K%P
「はぁはぁ、早く着替えて戻らないと……！」%K%P
全力疾走で屋敷まで帰ってくる。%K%P
全力疾走で屋敷まで帰ってくる。%K%P
このまますぐに着替えて夏祭りの会場まで戻れば、\n花火大会までには間に合うだろう。%K%P
このまますぐに着替えて夏祭りの会場まで戻れば、\n花火大会までには間に合うだろう。%K%P
%LC春樹
%LC春樹
「ふぇっ！？　なに今の音……！？」%K%P
「ふぇっ！？　なに今の音……！？」%K%P
着替えを取りに行こうとしたところで、\nリビングの方から激しい物音が聞こえてきた。%K%P
着替えを取りに行こうとしたところで、\nリビングの方から激しい物音が聞こえてきた。%K%P
様子を見に行ってみると、そこには――%K%P
様子を見に行ってみると、そこには――%K%P
%LC千鶴
%LC千鶴
「あはは、つめひゃぁ〜い」%K%P
「あはは、つめひゃぁ〜い」%K%P
%LC春樹
%LC春樹
「お姉ちゃん！？　ちょっと大丈夫っ！？」%K%P
「お姉ちゃん！？　ちょっと大丈夫っ！？」%K%P
酔っ払って転んでしまったのか、\n床の上で尻餅をついているお姉ちゃんがいた。%K%P
酔っ払って転んでしまったのか、\n床の上で尻餅をついているお姉ちゃんがいた。%K%P
%LC千鶴
%LC千鶴
「あっれぇ〜……？　春樹ぃ……？\n　どーしへここにいりゅの〜……？」%K%P
「あっれぇ〜……？　春樹ぃ……？\n　どーしへここにいりゅの〜……？」%K%P
%LC春樹
%LC春樹
「僕のことはいいからっ。それより大丈夫っ？\n　怪我してないっ？　というか何その格好……！？」%K%P
「僕のことはいいからっ。それより大丈夫っ？\n　怪我してないっ？　というか何その格好……！？」%K%P
%LC千鶴
%LC千鶴
「ふぇ〜……？　もいっかい言っへぇ……？」%K%P
「ふぇ〜……？　もいっかい言っへぇ……？」%K%P
ダメだ。全然頭が回ってないみたい。\n祭りから帰った後も、しこたま飲んでたみたいだ。%K%P
ダメだ。全然頭が回ってないみたい。\n祭りから帰った後も、しこたま飲んでたみたいだ。%K%P
%LC春樹
%LC春樹
「とにかく、ほら。身体拭いて……！」%K%P
「とにかく、ほら。身体拭いて……！」%K%P
%LC千鶴
%LC千鶴
「ひぃあんっ……！　あははっ、どこ触ってんのさぁ。\n　春樹のえっちぃ……」%K%P
「ひぃあんっ……！　あははっ、どこ触ってんのさぁ。\n　春樹のえっちぃ……」%K%P
%LC春樹
%LC春樹
「身体拭いてあげてるだけだってば……！\n　そのままだと風邪引いちゃうよっ？」%K%P
「身体拭いてあげてるだけだってば……！\n　そのままだと風邪引いちゃうよっ？」%K%P
%LC千鶴
%LC千鶴
「らいじょうぶ、らいじょうぶ。\n　涼しくへ気持ちいひしぃ……」%K%P
「らいじょうぶ、らいじょうぶ。\n　涼しくへ気持ちいひしぃ……」%K%P
転んだ拍子に身体に被ってしまったのだろうお酒を\n傍にあったタオルで拭いていく。%K%P
転んだ拍子に身体に被ってしまったのだろうお酒を\n傍にあったタオルで拭いていく。%K%P
というかこれタオルじゃない。\nお姉ちゃんが昼間着てた服じゃん……！%K%P
というかこれタオルじゃない。\nお姉ちゃんが昼間着てた服じゃん……！%K%P
ああもう、下着まで脱ぎ散らかして……！%K%P
ああもう、下着まで脱ぎ散らかして……！%K%P
%LC千鶴
%LC千鶴
「それよりどーしへ戻っへきたのぉ……？\n　清佳ひゃんとのデートはぁ……？」%K%P
「それよりどーしへ戻っへきたのぉ……？\n　清佳ひゃんとのデートはぁ……？」%K%P
%LC春樹
%LC春樹
「それはえと。蛍として会いに行こうと思って……」%K%P
「それはえと。蛍として会いに行こうと思って……」%K%P
%LC千鶴
%LC千鶴
「ん〜……？　蛍は春樹の女装姿だっへ、\n　今日伝えるんじゃなかっひゃの……？」%K%P
「ん〜……？　蛍は春樹の女装姿だっへ、\n　今日伝えるんじゃなかっひゃの……？」%K%P
%LC春樹
%LC春樹
「そのつもり……だったんだけど」%K%P
「そのつもり……だったんだけど」%K%P
%LC千鶴
%LC千鶴
「蛍を待つ清佳ちゃんの姿を見てたら、\n　ふふ、気が変わっちゃったんだ？」%K%P
「蛍を待つ清佳ちゃんの姿を見てたら、\n　ふふ、気が変わっちゃったんだ？」%K%P
%LC春樹
%LC春樹
「……うん……」%K%P
「……うん……」%K%P
%LC春樹
%LC春樹
「結局今日もまた言えずじまいだった……。\n　言わなきゃいけないと思ってるのに……」%K%P
「結局今日もまた言えずじまいだった……。\n　言わなきゃいけないと思ってるのに……」%K%P
%LC千鶴
%LC千鶴
「落ち込むことないじゃん。\n　清佳ちゃんの気持ちを考えて、\n　そうしようって思ったんじゃないの？」%K%P
「落ち込むことないじゃん。\n　清佳ちゃんの気持ちを考えて、\n　そうしようって思ったんじゃないの？」%K%P
%LC千鶴
%LC千鶴
「清佳ちゃんが楽しみにしてる蛍とのデートを、\n　台無しにしちゃいけないって思ったんだよね？」%K%P
「清佳ちゃんが楽しみにしてる蛍とのデートを、\n　台無しにしちゃいけないって思ったんだよね？」%K%P
%LC春樹
%LC春樹
「そう、だとは思う……けど。\n　本当はどうなのかよくわからなくなってきて……」%K%P
「そう、だとは思う……けど。\n　本当はどうなのかよくわからなくなってきて……」%K%P
%LC春樹
%LC春樹
「僕はただ伝えることが怖くて、何か理由をつけて\n　言わないようにしているだけなのかも……」%K%P
「僕はただ伝えることが怖くて、何か理由をつけて\n　言わないようにしているだけなのかも……」%K%P
今もそうだ。清佳ちゃんのためと言いつつ、\n自分が傷つかないための予防線を張っているのかも。%K%P
今もそうだ。清佳ちゃんのためと言いつつ、\n自分が傷つかないための予防線を張っているのかも。%K%P
清佳ちゃんの純粋な気持ちを聞いて、それを盾にして、\n秘密を告げずにいようとしているのかも。%K%P
清佳ちゃんの純粋な気持ちを聞いて、それを盾にして、\n秘密を告げずにいようとしているのかも。%K%P
%LC千鶴
%LC千鶴
「ふふ、春樹はホントにバカだね」%K%P
「ふふ、春樹はホントにバカだね」%K%P
%LC春樹
%LC春樹
「お、お姉ちゃん？」%K%P
「お、お姉ちゃん？」%K%P
%LC千鶴
%LC千鶴
「怖くて当たり前じゃん。\n　ずっと秘密にしていたことを伝えようっていうんだから」%K%P
「怖くて当たり前じゃん。\n　ずっと秘密にしていたことを伝えようっていうんだから」%K%P
%LC千鶴
%LC千鶴
「いいんだよ、怖がったって。\n　それだけ清佳ちゃんが大切ってことでしょ？」%K%P
「いいんだよ、怖がったって。\n　それだけ清佳ちゃんが大切ってことでしょ？」%K%P
%LC千鶴
%LC千鶴
「きっとさ。春樹の中で色々なものが\n　せめぎ合ってるんだよ」%K%P
「きっとさ。春樹の中で色々なものが\n　せめぎ合ってるんだよ」%K%P
%LC千鶴
%LC千鶴
「男の自分を好きになって欲しい気持ちとか、\n　蛍を好きな清佳ちゃんを傷つけたくない気持ちとか、\n　真実を伝えて嫌われたくない気持ちとか……色々さ？」%K%P
「男の自分を好きになって欲しい気持ちとか、\n　蛍を好きな清佳ちゃんを傷つけたくない気持ちとか、\n　真実を伝えて嫌われたくない気持ちとか……色々さ？」%K%P
%LC千鶴
%LC千鶴
「でも人間ってそんなもんじゃない？\n　その人が大切であればあるほど悩んじゃうものなんだよ」%K%P
「でも人間ってそんなもんじゃない？\n　その人が大切であればあるほど悩んじゃうものなんだよ」%K%P
%LC春樹
%LC春樹
「お姉ちゃん……」%K%P
「お姉ちゃん……」%K%P
%LC千鶴
%LC千鶴
「春樹は、さ。どうしたい？\n　色々な気持ちの中で何を一番大切にしたいの？」%K%P
「春樹は、さ。どうしたい？\n　色々な気持ちの中で何を一番大切にしたいの？」%K%P
%LC春樹
%LC春樹
「何を一番大切に……」%K%P
「何を一番大切に……」%K%P
男の自分を好きになってもらうことだろうか。%K%P
男の自分を好きになってもらうことだろうか。%K%P
……違う。\nそれが一番ならさっき正体を伝えていたはずだ。%K%P
……違う。\nそれが一番ならさっき正体を伝えていたはずだ。%K%P
清佳ちゃんが傷つかないようにすることだろうか。%K%P
清佳ちゃんが傷つかないようにすることだろうか。%K%P
……それもきっと違う。\nそれが一番ならズルズル嘘をつき続けるのはいけない。%K%P
……それもきっと違う。\nそれが一番ならズルズル嘘をつき続けるのはいけない。%K%P
なら僕は。%K%P
なら僕は。%K%P
僕は一番何を大切にしたいのだろう。\n清佳ちゃんを想う中で、何を一番に考えているんだろう。%K%P
僕は一番何を大切にしたいのだろう。\n清佳ちゃんを想う中で、何を一番に考えているんだろう。%K%P
%LC千鶴
%LC千鶴
「ふふ、悩まなくても答えは出てると思うけどな」%K%P
「ふふ、悩まなくても答えは出てると思うけどな」%K%P
%LC春樹
%LC春樹
「え？」%K%P
「え？」%K%P
%LC千鶴
%LC千鶴
「だから着替えに戻ってきたんでしょ？\n　汗だくになって必死に走って帰ってきたんでしょ？」%K%P
「だから着替えに戻ってきたんでしょ？\n　汗だくになって必死に走って帰ってきたんでしょ？」%K%P
%LC千鶴
%LC千鶴
「蛍とのデートを心待ちにしている清佳ちゃんの\n　期待に応えたくて、ここにいるんじゃないの？」%K%P
「蛍とのデートを心待ちにしている清佳ちゃんの\n　期待に応えたくて、ここにいるんじゃないの？」%K%P
%LC春樹
%LC春樹
「お姉ちゃん……」%K%P
「お姉ちゃん……」%K%P
そうだ。僕はきっと、清佳ちゃんに笑って欲しくて。%K%P
そうだ。僕はきっと、清佳ちゃんに笑って欲しくて。%K%P
幸せな時間を過ごしてもらいたくて――%K%P
幸せな時間を過ごしてもらいたくて――%K%P
%LC春樹
%LC春樹
「ありがとう、お姉ちゃん……。\n　なんだか僕、わかったような気がするよ」%K%P
「ありがとう、お姉ちゃん……。\n　なんだか僕、わかったような気がするよ」%K%P
%LC千鶴
%LC千鶴
「ふふ。酔っ払いの戯言だってば」%K%P
「ふふ。酔っ払いの戯言だってば」%K%P
%LC千鶴
%LC千鶴
「さ、行きなって。清佳ちゃんが待ってるよ？」%K%P
「さ、行きなって。清佳ちゃんが待ってるよ？」%K%P
%LC春樹
%LC春樹
「お姉ちゃんは大丈夫なの？\n　せめてお部屋まで運んで――」%K%P
「お姉ちゃんは大丈夫なの？\n　せめてお部屋まで運んで――」%K%P
%LC千鶴
%LC千鶴
「バーカ。あたしに構ってる場合じゃないっしょ。\n　話してる間に酔いも覚めてきたし大丈夫だよ」%K%P
「バーカ。あたしに構ってる場合じゃないっしょ。\n　話してる間に酔いも覚めてきたし大丈夫だよ」%K%P
%LC千鶴
%LC千鶴
「もうすぐ愛ちゃんも戻ってくるだろうし。\n　いま酔い止め買いに行ってくれててさ」%K%P
「もうすぐ愛ちゃんも戻ってくるだろうし。\n　いま酔い止め買いに行ってくれててさ」%K%P
%LC千鶴
%LC千鶴
「だからさっさと着替えて行きなって。\n　あたしのことは気にしなくて良いから」%K%P
「だからさっさと着替えて行きなって。\n　あたしのことは気にしなくて良いから」%K%P
%LC千鶴
%LC千鶴
「このまま酔いを覚まして、\n　愛ちゃんと花火でも見とくよ」%K%P
「このまま酔いを覚まして、\n　愛ちゃんと花火でも見とくよ」%K%P
優しく笑って、お姉ちゃんが背中を押してくれる。%K%P
優しく笑って、お姉ちゃんが背中を押してくれる。%K%P
%LC春樹
%LC春樹
「……本当にありがとう、お姉ちゃん。\n　ウジウジ悩んでる僕をいつも助けてくれて」%K%P
「……本当にありがとう、お姉ちゃん。\n　ウジウジ悩んでる僕をいつも助けてくれて」%K%P
%LC千鶴
%LC千鶴
「あはは。何も特別なことは言ってないよ。\n　春樹が自分の気持ちに鈍感すぎるだけだって」%K%P
「あはは。何も特別なことは言ってないよ。\n　春樹が自分の気持ちに鈍感すぎるだけだって」%K%P
%LC春樹
%LC春樹
「〜〜っっ。わ、悪かったね。鈍感で……！」%K%P
「〜〜っっ。わ、悪かったね。鈍感で……！」%K%P
%LC春樹
%LC春樹
「とにかく、ちゃんと服着て温かくするんだよっ？\n　今日はもうお酒飲んじゃダメだからねっ」%K%P
「とにかく、ちゃんと服着て温かくするんだよっ？\n　今日はもうお酒飲んじゃダメだからねっ」%K%P
そう言い置いて、リビングから飛び出す。%K%P
そう言い置いて、リビングから飛び出す。%K%P
一刻も早く着替えて、清佳ちゃんとの\n待ち合わせ場所に向かわなくちゃ……！%K%P
一刻も早く着替えて、清佳ちゃんとの\n待ち合わせ場所に向かわなくちゃ……！%K%P
%LC千鶴
%LC千鶴
「……ホーント、鈍感すぎるよ」%K%P
「……ホーント、鈍感すぎるよ」%K%P
%LC千鶴
%LC千鶴
「誰のせいで、あたしが\n　自棄酒かましちゃってると思ってるのさ」%K%P
「誰のせいで、あたしが\n　自棄酒かましちゃってると思ってるのさ」%K%P
%LC蛍
%LC蛍
「これで、よし。と……！」%K%P
「これで、よし。と……！」%K%P
無事に女装を終えたところで時計を確認する。%K%P
無事に女装を終えたところで時計を確認する。%K%P
汗だくだったせいで支度に時間がかかっちゃったけど、\n今から出れば花火大会にはなんとか間に合いそうだ。%K%P
汗だくだったせいで支度に時間がかかっちゃったけど、\n今から出れば花火大会にはなんとか間に合いそうだ。%K%P
だからといって、ゆっくりはしていられない。\n清佳ちゃんは今も蛍を待ってるだろうから。%K%P
だからといって、ゆっくりはしていられない。\n清佳ちゃんは今も蛍を待ってるだろうから。%K%P
%LC蛍
%LC蛍
「はぁはぁ、急がなくちゃ……！」%K%P
「はぁはぁ、急がなくちゃ……！」%K%P
廊下を駆け抜けて、玄関へと急ぐ。%K%P
廊下を駆け抜けて、玄関へと急ぐ。%K%P
下駄箱から蛍用の女性靴を出す。\nその隣にはお姉ちゃんの靴だけが仕舞われていた。%K%P
下駄箱から蛍用の女性靴を出す。\nその隣にはお姉ちゃんの靴だけが仕舞われていた。%K%P
%LC蛍
%LC蛍
「お姉ちゃんの靴だけってことは……\n　愛さんはまだ戻ってきてないんだ」%K%P
「お姉ちゃんの靴だけってことは……\n　愛さんはまだ戻ってきてないんだ」%K%P
酔いは覚めかけてたみたいだけど、\n本当に大丈夫かな……。%K%P
酔いは覚めかけてたみたいだけど、\n本当に大丈夫かな……。%K%P
あのまま床で寝ちゃったりしたら、\n風邪を引いちゃうかもしれないし……。%K%P
あのまま床で寝ちゃったりしたら、\n風邪を引いちゃうかもしれないし……。%K%P
どうしよう。愛さんが帰ってきてないとなると心配だ。%K
どうしよう。愛さんが帰ってきてないとなると心配だ。%K
様子を見に行く
様子を見に行く
清佳ちゃんのもとへ急ぐ
清佳ちゃんのもとへ急ぐ
