%LC蛍
%LC蛍
「はぁ、はぁ、はぁ……！\n　清佳ちゃんっっ……！！」%K%P
「はぁ、はぁ、はぁ……！\n　清佳ちゃんっっ……！！」%K%P
%LC清佳
%LC清佳
「あ……えへへ。蛍……」%K%P
「あ……えへへ。蛍……」%K%P
振り向いた清佳ちゃんが\n嬉しそうに笑顔で迎えてくれる。%K%P
振り向いた清佳ちゃんが\n嬉しそうに笑顔で迎えてくれる。%K%P
会場に着く頃には太陽はすっかり沈んでしまっていた。\n本来の待ち合わせ時間より大幅な遅刻だ。%K%P
会場に着く頃には太陽はすっかり沈んでしまっていた。\n本来の待ち合わせ時間より大幅な遅刻だ。%K%P
%LC蛍
%LC蛍
「はぁ、はぁ、ごめんね……！\n　すっごく、はぁはぁ、遅くなっちゃって……！」%K%P
「はぁ、はぁ、ごめんね……！\n　すっごく、はぁはぁ、遅くなっちゃって……！」%K%P
%LC清佳
%LC清佳
「いいのよ。千鶴さんに聞いたわ。\n　夕方まで仕事だったんでしょ？」%K%P
「いいのよ。千鶴さんに聞いたわ。\n　夕方まで仕事だったんでしょ？」%K%P
%LC清佳
%LC清佳
「それより……私のところへ来てくれて嬉しい。\n　ふふ、春樹くんに勝ったわね」%K%P
「それより……私のところへ来てくれて嬉しい。\n　ふふ、春樹くんに勝ったわね」%K%P
遅刻してきた僕を清佳ちゃんが\n冗談めかしに笑いながら許してくれる。%K%P
遅刻してきた僕を清佳ちゃんが\n冗談めかしに笑いながら許してくれる。%K%P
きっとこの笑顔は春樹じゃ見られなかっただろう。\nそう思うと、やっぱり女装してきて良かったと思う。%K%P
きっとこの笑顔は春樹じゃ見られなかっただろう。\nそう思うと、やっぱり女装してきて良かったと思う。%K%P
%LC清佳
%LC清佳
「それじゃ行きましょ？\n　少し急がないと花火が始まっちゃうわ」%K%P
「それじゃ行きましょ？\n　少し急がないと花火が始まっちゃうわ」%K%P
%LC蛍
%LC蛍
「行くって……そっちは花火会場とは逆方向だよ？」%K%P
「行くって……そっちは花火会場とは逆方向だよ？」%K%P
%LC清佳
%LC清佳
「いいからいいから。疲れてるところ悪いけど、\n　もう少しだけ歩いてもらえるかしら？」%K%P
「いいからいいから。疲れてるところ悪いけど、\n　もう少しだけ歩いてもらえるかしら？」%K%P
%LC清佳
%LC清佳
「実はね？　案内したい場所があるの」%K%P
「実はね？　案内したい場所があるの」%K%P
%LC蛍
%LC蛍
「まだ目を開けちゃダメなの……？」%K%P
「まだ目を開けちゃダメなの……？」%K%P
%LC清佳
%LC清佳
「まーだ。もう少し待って？」%K%P
「まーだ。もう少し待って？」%K%P
目を瞑ったまま、清佳ちゃんにゆっくりと\n手を引かれて歩き続ける。%K%P
目を瞑ったまま、清佳ちゃんにゆっくりと\n手を引かれて歩き続ける。%K%P
一体どこへ向かっているんだろう？\n少なくともお祭りの会場にはもういない。%K%P
一体どこへ向かっているんだろう？\n少なくともお祭りの会場にはもういない。%K%P
祭り囃子や雑踏はだいぶ前から聞こえなくなっていて、\n僕たちの足音以外だけが辺りに響いていた。%K%P
祭り囃子や雑踏はだいぶ前から聞こえなくなっていて、\n僕たちの足音以外だけが辺りに響いていた。%K%P
%LC蛍
%LC蛍
「なんだか、わたしが清佳ちゃんを\n　お花畑に連れて行った時を思い出しちゃうね」%K%P
「なんだか、わたしが清佳ちゃんを\n　お花畑に連れて行った時を思い出しちゃうね」%K%P
%LC清佳
%LC清佳
「気づいた？　ふふ、そうよ。蛍もこうして私を\n　お気に入りの場所へ連れて行ってくれたでしょ？」%K%P
「気づいた？　ふふ、そうよ。蛍もこうして私を\n　お気に入りの場所へ連れて行ってくれたでしょ？」%K%P
%LC清佳
%LC清佳
「だから今度は私が、蛍をお気に入りの場所へ\n　連れて行ってあげようと思って」%K%P
「だから今度は私が、蛍をお気に入りの場所へ\n　連れて行ってあげようと思って」%K%P
%LC蛍
%LC蛍
「清佳ちゃんのお気に入りの場所？」%K%P
「清佳ちゃんのお気に入りの場所？」%K%P
%LC清佳
%LC清佳
「ええ。蛍がお引っ越ししてから見つけたの。\n　愛も知らない私だけの秘密の場所なのよ？」%K%P
「ええ。蛍がお引っ越ししてから見つけたの。\n　愛も知らない私だけの秘密の場所なのよ？」%K%P
弾むような清佳ちゃんの声が聞こえてくる。%K%P
弾むような清佳ちゃんの声が聞こえてくる。%K%P
よほど気に入ってるのか僕の手を握る力も\n話している間に自然と強くなっていた。%K%P
よほど気に入ってるのか僕の手を握る力も\n話している間に自然と強くなっていた。%K%P
%LC清佳
%LC清佳
「いいわよ？　目を開けて？」%K%P
「いいわよ？　目を開けて？」%K%P
%LC蛍
%LC蛍
「う、うん……」%K%P
「う、うん……」%K%P
閉じていたまぶたをゆっくりと開く。%K%P
閉じていたまぶたをゆっくりと開く。%K%P
すると――%K%P
すると――%K%P
%LC蛍
%LC蛍
「わぁ……！」%K%P
「わぁ……！」%K%P
視界いっぱいに飛び交う光の粒を見て、\nその幻想的な風景に思わず感嘆の声を上げてしまう。%K%P
視界いっぱいに飛び交う光の粒を見て、\nその幻想的な風景に思わず感嘆の声を上げてしまう。%K%P
%LC蛍
%LC蛍
「とても綺麗……。まるで星空の中にいるみたい……」%K%P
「とても綺麗……。まるで星空の中にいるみたい……」%K%P
%LC清佳
%LC清佳
「えへへ……。気に入ってくれた？」%K%P
「えへへ……。気に入ってくれた？」%K%P
%LC蛍
%LC蛍
「うんっ……！」%K%P
「うんっ……！」%K%P
あの日とは立場が逆になっちゃった。\nこんなに素敵な場所へ連れてきてくれるなんて。%K%P
あの日とは立場が逆になっちゃった。\nこんなに素敵な場所へ連れてきてくれるなんて。%K%P
%LC清佳
%LC清佳
「蛍が引っ越してからね？　夏になるとこっそり\n　屋敷を抜け出してここへ来ていたの」%K%P
「蛍が引っ越してからね？　夏になるとこっそり\n　屋敷を抜け出してここへ来ていたの」%K%P
%LC清佳
%LC清佳
「ホタルを眺めながら、蛍と過ごした時間を思い出して。\n　蛍と再会できる日を心待ちにして……」%K%P
「ホタルを眺めながら、蛍と過ごした時間を思い出して。\n　蛍と再会できる日を心待ちにして……」%K%P
%LC蛍
%LC蛍
「清佳ちゃん……」%K%P
「清佳ちゃん……」%K%P
そんなにも清佳ちゃんに\n想われていたことが純粋に嬉しかった。%K%P
そんなにも清佳ちゃんに\n想われていたことが純粋に嬉しかった。%K%P
僕だって海外に引っ越してからも\n清佳ちゃんを忘れたことは一日たりともない。%K%P
僕だって海外に引っ越してからも\n清佳ちゃんを忘れたことは一日たりともない。%K%P
女装さえしていなかったら、\nもしくは僕が本当に蛍だったら――%K%P
女装さえしていなかったら、\nもしくは僕が本当に蛍だったら――%K%P
きっと僕らは相思相愛で、\nなんの障害も悩みもなく付き合えていたのかもしれない。%K%P
きっと僕らは相思相愛で、\nなんの障害も悩みもなく付き合えていたのかもしれない。%K%P
そう考えると……ちょっぴりつらいな。%K%P
そう考えると……ちょっぴりつらいな。%K%P
だけど、こう想うことこそが清佳ちゃんへの\n恋の証明だとお姉ちゃんは教えてくれた。%K%P
だけど、こう想うことこそが清佳ちゃんへの\n恋の証明だとお姉ちゃんは教えてくれた。%K%P
だからこそ今は――%K%P
だからこそ今は――%K%P
%LC清佳
%LC清佳
「いつか蛍をここへ連れていきたいなって\n　ずーっと思ってて。えへへ、連れてこられて良かった」%K%P
「いつか蛍をここへ連れていきたいなって\n　ずーっと思ってて。えへへ、連れてこられて良かった」%K%P
%LC蛍
%LC蛍
「うんっ。わたしも連れてきてもらえて良かった。\n　ありがとう、清佳ちゃん」%K%P
「うんっ。わたしも連れてきてもらえて良かった。\n　ありがとう、清佳ちゃん」%K%P
こうして清佳ちゃんと喜び合えることが\n何よりも嬉しい。とても幸せな時間だ。%K%P
こうして清佳ちゃんと喜び合えることが\n何よりも嬉しい。とても幸せな時間だ。%K%P
%LC蛍
%LC蛍
「でも……花火大会は？\n　ここからじゃ花火も見えないんじゃ？」%K%P
「でも……花火大会は？\n　ここからじゃ花火も見えないんじゃ？」%K%P
%LC清佳
%LC清佳
「っと、そうだったわ。ついてきて、蛍。\n　少しのぼったところに丁度良い高台があるの」%K%P
「っと、そうだったわ。ついてきて、蛍。\n　少しのぼったところに丁度良い高台があるの」%K%P
再び清佳ちゃんが僕の手を取って、\n無邪気に引っ張って行ってくれる。%K%P
再び清佳ちゃんが僕の手を取って、\n無邪気に引っ張って行ってくれる。%K%P
案内されるまま、ついていくと――%K%P
案内されるまま、ついていくと――%K%P
%LC蛍
%LC蛍
「素敵……。すごく見晴らしが良くて……、\n　プラネタリウムみたいに夜空にホタルが飛んでいて……」%K%P
「素敵……。すごく見晴らしが良くて……、\n　プラネタリウムみたいに夜空にホタルが飛んでいて……」%K%P
%LC清佳
%LC清佳
「流石に水辺よりはホタルの数も減っちゃうけどね？\n　でも、ここからならバッチリ花火も見えると思うわ」%K%P
「流石に水辺よりはホタルの数も減っちゃうけどね？\n　でも、ここからならバッチリ花火も見えると思うわ」%K%P
高台の一角に身を寄せ合って座り込んで、\n二人一緒に夜空を見上げる。%K%P
高台の一角に身を寄せ合って座り込んで、\n二人一緒に夜空を見上げる。%K%P
星空の中にいながら、\n星空を眺めているような不思議な気分だ。%K%P
星空の中にいながら、\n星空を眺めているような不思議な気分だ。%K%P
そのとてもロマンチックな風景が\nいつも以上に清佳ちゃんのことを意識させてくる。%K%P
そのとてもロマンチックな風景が\nいつも以上に清佳ちゃんのことを意識させてくる。%K%P
%LC清佳
%LC清佳
「……本当はね？」%K%P
「……本当はね？」%K%P
%LC蛍
%LC蛍
「うん？」%K%P
「うん？」%K%P
%LC清佳
%LC清佳
「本当は、ここで蛍に自分の気持ちを\n　伝えるつもりだったの」%K%P
「本当は、ここで蛍に自分の気持ちを\n　伝えるつもりだったの」%K%P
%LC清佳
%LC清佳
「蛍のことが好きだ。って。\n　私と付き合って下さい。って」%K%P
「蛍のことが好きだ。って。\n　私と付き合って下さい。って」%K%P
%LC蛍
%LC蛍
「そ、そうだったんだ？」%K%P
「そ、そうだったんだ？」%K%P
%LC清佳
%LC清佳
「ええ。ここは私が知ってる中で、\n　一番ムードの良い場所だから」%K%P
「ええ。ここは私が知ってる中で、\n　一番ムードの良い場所だから」%K%P
%LC清佳
%LC清佳
「蛍と再会して、仲良く遊んで、\n　数年間の時間を埋めて――」%K%P
「蛍と再会して、仲良く遊んで、\n　数年間の時間を埋めて――」%K%P
%LC清佳
%LC清佳
「いつかここで告白しようって\n　――そんな風に考えてたわ」%K%P
「いつかここで告白しようって\n　――そんな風に考えてたわ」%K%P
%LC清佳
%LC清佳
「……ま、実際は再会してすぐ\n　つい言っちゃったんだけど……」%K%P
「……ま、実際は再会してすぐ\n　つい言っちゃったんだけど……」%K%P
あの日のことを思い出したのか、\n恥ずかしそうに清佳ちゃんが小さく笑う。%K%P
あの日のことを思い出したのか、\n恥ずかしそうに清佳ちゃんが小さく笑う。%K%P
しかし、不意に僕の顔をじっと見つめてきて、\nポツリと――けれどはっきりとした口調で伝えてきた。%K%P
しかし、不意に僕の顔をじっと見つめてきて、\nポツリと――けれどはっきりとした口調で伝えてきた。%K%P
%LC清佳
%LC清佳
「好きよ、蛍」%K%P
「好きよ、蛍」%K%P
%LC清佳
%LC清佳
「私はあなたのことが好き。\n　友達としてだけじゃない。\n　それ以上の感情をあなたに抱いてる」%K%P
「私はあなたのことが好き。\n　友達としてだけじゃない。\n　それ以上の感情をあなたに抱いてる」%K%P
%LC蛍
%LC蛍
「清佳ちゃん……」%K%P
「清佳ちゃん……」%K%P
嬉しい。%K%P
嬉しい。%K%P
清佳ちゃんの気持ちが嬉しいと、\n心の底から思う。%K%P
清佳ちゃんの気持ちが嬉しいと、\n心の底から思う。%K%P
%LC清佳
%LC清佳
「私はきっとまだまだ蛍について\n　知らないこともたくさんあるだろうけど……\n　それでも好き。あなたのことを愛してる……」%K%P
「私はきっとまだまだ蛍について\n　知らないこともたくさんあるだろうけど……\n　それでも好き。あなたのことを愛してる……」%K%P
%LC清佳
%LC清佳
「それだけは……ふふっ。\n　改めて伝えておきたくて」%K%P
「それだけは……ふふっ。\n　改めて伝えておきたくて」%K%P
笑顔で告白してくれる清佳ちゃん。\n辛い顔で告白しようとしていた僕とは真逆だ。%K%P
笑顔で告白してくれる清佳ちゃん。\n辛い顔で告白しようとしていた僕とは真逆だ。%K%P
だからこそ彼女の言葉が本物なのだとわかる。%K%P
だからこそ彼女の言葉が本物なのだとわかる。%K%P
嘘偽りない彼女の気持ちなのだとわかる。%K%P
嘘偽りない彼女の気持ちなのだとわかる。%K%P
蛍が隠し事をしていることに気づいているはずなのに、\nそれでも清佳ちゃんは蛍を好きでいてくれて――%K%P
蛍が隠し事をしていることに気づいているはずなのに、\nそれでも清佳ちゃんは蛍を好きでいてくれて――%K%P
%LC清佳
%LC清佳
「っっ。は、花火の前に変な話しちゃったわね」%K%P
「っっ。は、花火の前に変な話しちゃったわね」%K%P
%LC清佳
%LC清佳
「あまり気にしなくていいから。\n　――う、ううん、気にはして欲しいけど……」%K%P
「あまり気にしなくていいから。\n　――う、ううん、気にはして欲しいけど……」%K%P
照れた顔で清佳ちゃんが慌てる。\n僕から視線を逸らして夜空を見上げる。%K%P
照れた顔で清佳ちゃんが慌てる。\n僕から視線を逸らして夜空を見上げる。%K%P
%LC清佳
%LC清佳
「もうすぐ時間よ。蛍もほら、空を見上げて？\n　花火が打ち上がる瞬間、見逃しちゃうわ」%K%P
「もうすぐ時間よ。蛍もほら、空を見上げて？\n　花火が打ち上がる瞬間、見逃しちゃうわ」%K%P
%LC清佳
%LC清佳
「ここね？　花火があがってくるところも\n　はっきりと見えるの。花火だけは何度も\n　ここでこっそり見てて――」%K%P
「ここね？　花火があがってくるところも\n　はっきりと見えるの。花火だけは何度も\n　ここでこっそり見てて――」%K%P
恥ずかしそうに早口で話始める彼女が愛おしい。%K%P
恥ずかしそうに早口で話始める彼女が愛おしい。%K%P
やっぱり僕は清佳ちゃんが好きだ。%K%P
やっぱり僕は清佳ちゃんが好きだ。%K%P
彼女の幸せそうな笑顔が好きだ。\n恥ずかしそうに照れる姿が好きだ。%K%P
彼女の幸せそうな笑顔が好きだ。\n恥ずかしそうに照れる姿が好きだ。%K%P
不器用で暴走しがちなところも、\n影で努力しているところも――みんなみんな好きだ。%K%P
不器用で暴走しがちなところも、\n影で努力しているところも――みんなみんな好きだ。%K%P
――この気持ちだけは、\n春樹であっても蛍であっても変わらない。%K%P
――この気持ちだけは、\n春樹であっても蛍であっても変わらない。%K%P
%LC清佳
%LC清佳
「性別なんて関係ないわ。たとえ蛍が男性だったとしても\n　私は蛍のことを間違いなく好きになってる」%K%P
「性別なんて関係ないわ。たとえ蛍が男性だったとしても\n　私は蛍のことを間違いなく好きになってる」%K%P
%LC清佳
%LC清佳
「大切なのは、性別でも、見た目でも、立場でもない。\n　その人を愛してるって気持ちじゃないの？」%K%P
「大切なのは、性別でも、見た目でも、立場でもない。\n　その人を愛してるって気持ちじゃないの？」%K%P
――ホタルが夜空を飛び交う。\n清佳ちゃんが僕の隣で顔を赤らめて微笑む。%K%P
――ホタルが夜空を飛び交う。\n清佳ちゃんが僕の隣で顔を赤らめて微笑む。%K%P
その姿を美しいと、可愛らしいと思う。%K%P
その姿を美しいと、可愛らしいと思う。%K%P
たとえ性別を偽っていたとしても、\nこの気持ちは本物だ。変わらない。%K%P
たとえ性別を偽っていたとしても、\nこの気持ちは本物だ。変わらない。%K%P
%LC清佳
%LC清佳
「あっ。見て、蛍っ！　花火が――」%K%P
「あっ。見て、蛍っ！　花火が――」%K%P
%LC清佳
%LC清佳
「――んんっ！？」%K%P
「――んんっ！？」%K%P
気づけば、唇を重ねてしまっていた。%K%P
気づけば、唇を重ねてしまっていた。%K%P
極彩色の光に照らされた清佳ちゃんの顔が\n視界いっぱいに広がる。%K%P
極彩色の光に照らされた清佳ちゃんの顔が\n視界いっぱいに広がる。%K%P
夜空に咲き誇る花火なんてそっちのけで、\n大好きな人の顔をずっと見つめてしまう。%K%P
夜空に咲き誇る花火なんてそっちのけで、\n大好きな人の顔をずっと見つめてしまう。%K%P
今にも押し倒してしまいそうなくらい、\n感情を乗せて唇を押しつけてしまう――%K%P
今にも押し倒してしまいそうなくらい、\n感情を乗せて唇を押しつけてしまう――%K%P
%LC清佳
%LC清佳
「ぷは……はぁ、はぁ、はぁ……」%K%P
「ぷは……はぁ、はぁ、はぁ……」%K%P
%LC蛍
%LC蛍
「はぁ……はぁ……はぁ……」%K%P
「はぁ……はぁ……はぁ……」%K%P
%LC清佳
%LC清佳
「ほ、蛍……今の……」%K%P
「ほ、蛍……今の……」%K%P
清佳ちゃんの戸惑った声を聞いて我に返った。%K%P
清佳ちゃんの戸惑った声を聞いて我に返った。%K%P
ぼ、僕はなんてことを……。\nどうしてキスなんかしちゃって……。%K%P
ぼ、僕はなんてことを……。\nどうしてキスなんかしちゃって……。%K%P
%LC蛍
%LC蛍
「ごごご、ごめんなさい……！\n　今のは、えと、そのっ……！」%K%P
「ごごご、ごめんなさい……！\n　今のは、えと、そのっ……！」%K%P
%LC清佳
%LC清佳
「…………」%K%P
「…………」%K%P
慌てて誤魔化そうとするけれど、\n頭の中は真っ白で何も言葉が思い浮かばない。%K%P
慌てて誤魔化そうとするけれど、\n頭の中は真っ白で何も言葉が思い浮かばない。%K%P
気の迷い？　――違う。\nつい勢いでしちゃって？　――どうして？%K%P
気の迷い？　――違う。\nつい勢いでしちゃって？　――どうして？%K%P
誤魔化そうと思えば思うほど、\n誤魔化しきれない気持ちが溢れかえってくる。%K%P
誤魔化そうと思えば思うほど、\n誤魔化しきれない気持ちが溢れかえってくる。%K%P
思考停止している頭とは裏腹に、\n心臓が飛び出しそうなほど心が沸き立つ。%K%P
思考停止している頭とは裏腹に、\n心臓が飛び出しそうなほど心が沸き立つ。%K%P
そんな僕を清佳ちゃんはじっと見つめていて。%K%P
そんな僕を清佳ちゃんはじっと見つめていて。%K%P
気持ちを探るように恐る恐る\nゆっくりと顔を近づけてきてくれて――%K%P
気持ちを探るように恐る恐る\nゆっくりと顔を近づけてきてくれて――%K%P
%LC清佳
%LC清佳
「ん……ちゅっ……」%K%P
「ん……ちゅっ……」%K%P
再び唇が触れ合う。%K%P
再び唇が触れ合う。%K%P
拒もうと思えば拒めた口づけを、\n目を瞑って受け入れていた。%K%P
拒もうと思えば拒めた口づけを、\n目を瞑って受け入れていた。%K%P
%LC清佳
%LC清佳
「ん……ふ……」%K%P
「ん……ふ……」%K%P
%LC蛍
%LC蛍
「んふ……ん、ちゅ……」%K%P
「んふ……ん、ちゅ……」%K%P
唇を触れ合わせあう。%K%P
唇を触れ合わせあう。%K%P
夜空を照らす光が消えるまで、\n何度も、何度も――%K%P
夜空を照らす光が消えるまで、\n何度も、何度も――%K%P
%LC蛍
%LC蛍
「……ふぁ。はぁ、はぁ……」%K%P
「……ふぁ。はぁ、はぁ……」%K%P
%LC蛍
%LC蛍
「清佳、ちゃん……」%K%P
「清佳、ちゃん……」%K%P
%LC清佳
%LC清佳
「蛍…………」%K%P
「蛍…………」%K%P
耳まで顔を真っ赤にした清佳ちゃんの顔が目に入る。\nきっと僕も同じくらい顔を真っ赤にしているだろう。%K%P
耳まで顔を真っ赤にした清佳ちゃんの顔が目に入る。\nきっと僕も同じくらい顔を真っ赤にしているだろう。%K%P
%LC清佳
%LC清佳
「……好き。私、蛍のことが……好き」%K%P
「……好き。私、蛍のことが……好き」%K%P
%LC蛍
%LC蛍
「わたし……も……」%K%P
「わたし……も……」%K%P
%LC蛍
%LC蛍
「わたしも……清佳ちゃんのことが好き……」%K%P
「わたしも……清佳ちゃんのことが好き……」%K%P
%LC蛍・清佳
%LC蛍・清佳
「……ん、ちゅっ……」%K%P
「……ん、ちゅっ……」%K%P
どちらともなく顔を近づけて唇を重ねる。%K%P
どちらともなく顔を近づけて唇を重ねる。%K%P
――花火は一切目に入らない。%K%P
――花火は一切目に入らない。%K%P
大好きな人の顔だけが、\nずっと目の前に広がっていた。%K%P
大好きな人の顔だけが、\nずっと目の前に広がっていた。%K%P
