%LC愛
%LC愛
「はぁはぁ……。流石に恥ずかしい……ですね……」%K%P
「はぁはぁ……。流石に恥ずかしい……ですね……」%K%P
%LC愛
%LC愛
「誰にも見せたことのない場所まで全部……。\n　見られちゃってます……」%K%P
「誰にも見せたことのない場所まで全部……。\n　見られちゃってます……」%K%P
暗闇でもわかるほど顔を朱に染めながら、\n愛さんが気恥ずかしそうに見上げてくる。%K%P
暗闇でもわかるほど顔を朱に染めながら、\n愛さんが気恥ずかしそうに見上げてくる。%K%P
%LC愛
%LC愛
「どう……ですか？　愛の恥ずかしい場所……。\n　へ、変じゃないですか……？」%K%P
「どう……ですか？　愛の恥ずかしい場所……。\n　へ、変じゃないですか……？」%K%P
%LC春樹
%LC春樹
「う、うん……。すごく、その……」%K%P
「う、うん……。すごく、その……」%K%P
幼さの残る無毛の一本筋が\nてかてかと月明かりに煌めく。%K%P
幼さの残る無毛の一本筋が\nてかてかと月明かりに煌めく。%K%P
眺めているだけでも背徳感すら感じる\n未成熟なおまんこだ。%K%P
眺めているだけでも背徳感すら感じる\n未成熟なおまんこだ。%K%P
だけど、その無垢さとは裏腹に\nやらしく愛液を溢れさせながら淫らにヒクついてて……。%K%P
だけど、その無垢さとは裏腹に\nやらしく愛液を溢れさせながら淫らにヒクついてて……。%K%P
%LC愛
%LC愛
「んんっ……！　息が、ふぁ、当たって……。\n　お顔、近っ……！」%K%P
「んんっ……！　息が、ふぁ、当たって……。\n　お顔、近っ……！」%K%P
%LC春樹
%LC春樹
「っっ。ご、ごめん。いつの間にか、その……！」%K%P
「っっ。ご、ごめん。いつの間にか、その……！」%K%P
慌てて近づけすぎた顔を離そうとするけれど、\nその動きは愛さんに止められた。%K%P
慌てて近づけすぎた顔を離そうとするけれど、\nその動きは愛さんに止められた。%K%P
%LC愛
%LC愛
「か……構いません、よ？\n　好きなだけ……見て下さい」%K%P
「か……構いません、よ？\n　好きなだけ……見て下さい」%K%P
%LC春樹
%LC春樹
「っっ。い、いいの？」%K%P
「っっ。い、いいの？」%K%P
%LC愛
%LC愛
「……はい。愛も散々あなたのを見ましたし……」%K%P
「……はい。愛も散々あなたのを見ましたし……」%K%P
%LC愛
%LC愛
「愛の恥ずかしい場所を見て興奮してくれるのも……。\n　すごく、その。嬉しい……ですし……」%K%P
「愛の恥ずかしい場所を見て興奮してくれるのも……。\n　すごく、その。嬉しい……ですし……」%K%P
照れながら言ってくれる愛さんが\nめちゃくちゃに可愛い。気持ちが昂ぶってしまう。%K%P
照れながら言ってくれる愛さんが\nめちゃくちゃに可愛い。気持ちが昂ぶってしまう。%K%P
%LC愛
%LC愛
「あ……んっ……指が……」%K%P
「あ……んっ……指が……」%K%P
ちゅぷりと軽く指を挿れると、\n途端に物凄い圧力を感じた。%K%P
ちゅぷりと軽く指を挿れると、\n途端に物凄い圧力を感じた。%K%P
同時にトロトローっと膣内から蜜が溢れてきて、\nその艶やかな香りにクラクラしてしまう。%K%P
同時にトロトローっと膣内から蜜が溢れてきて、\nその艶やかな香りにクラクラしてしまう。%K%P
%LC愛
%LC愛
「ふ、ふぁ……！？　な、舐められ……！？\n　あふぁぁ……！！　ああぁぁぁ……！！」%K%P
「ふ、ふぁ……！？　な、舐められ……！？\n　あふぁぁ……！！　ああぁぁぁ……！！」%K%P
ハっとした時には、\n愛さんの股間に顔を埋めて舐め回してしまっていた。%K%P
ハっとした時には、\n愛さんの股間に顔を埋めて舐め回してしまっていた。%K%P
だけど愛さんの甘すぎる蜜の味を感じると、\n伸ばしたベロをさらに動かしてしまって――%K%P
だけど愛さんの甘すぎる蜜の味を感じると、\n伸ばしたベロをさらに動かしてしまって――%K%P
%LC愛
%LC愛
「恥ずかしっ――ふぁぁっ……！\n　大切な場所、あっ、ああっ、こんなに舐められて……！」%K%P
「恥ずかしっ――ふぁぁっ……！\n　大切な場所、あっ、ああっ、こんなに舐められて……！」%K%P
%LC春樹
%LC春樹
「じゅっ、じゅるるるっっ……！！」%K%P
「じゅっ、じゅるるるっっ……！！」%K%P
%LC愛
%LC愛
「んっ、んんんんっっ〜〜！！？\n　そんな、あぁっ……！！」%K%P
「んっ、んんんんっっ〜〜！！？\n　そんな、あぁっ……！！」%K%P
ダ、ダメだ。美味しすぎる……！\n愛さんのエッチなおつゆ飲むの、やめられない……！%K%P
ダ、ダメだ。美味しすぎる……！\n愛さんのエッチなおつゆ飲むの、やめられない……！%K%P
%LC愛
%LC愛
「ふぁっ、ああああっっ……！！\n　ダメ、ん、イ、イくっ、んんんんっっ……！！」%K%P
「ふぁっ、ああああっっ……！！\n　ダメ、ん、イ、イくっ、んんんんっっ……！！」%K%P
愛さんが身悶えながらビクビクと痙攣する。%K%P
愛さんが身悶えながらビクビクと痙攣する。%K%P
それと同時に噴きだしてきた蜜を\n僕は一滴残らず飲み干した。%K%P
それと同時に噴きだしてきた蜜を\n僕は一滴残らず飲み干した。%K%P
%LC愛
%LC愛
「はぁ、はぁ、はぁ……。\n　そんなの、飲んじゃうだなんて……」%K%P
「はぁ、はぁ、はぁ……。\n　そんなの、飲んじゃうだなんて……」%K%P
%LC春樹
%LC春樹
「ご、ごめんっ。本当にごめん……！\n　興奮するとホントにとまれなくて……」%K%P
「ご、ごめんっ。本当にごめん……！\n　興奮するとホントにとまれなくて……」%K%P
%LC愛
%LC愛
「い、いえ……そんなにお気に召したのでしたら、その。\n　毎日でも舐めて下さってもいいですけど……」%K%P
「い、いえ……そんなにお気に召したのでしたら、その。\n　毎日でも舐めて下さってもいいですけど……」%K%P
%LC春樹
%LC春樹
%XS20「い、いいのっ！？」%XE%K%P
%XS20「い、いいのっ！？」%XE%K%P
%LC愛
%LC愛
「ひぉあっ！？　ど、どうしてそんなに前のめり\n　なんですかっ。へ、変態……！」%K%P
「ひぉあっ！？　ど、どうしてそんなに前のめり\n　なんですかっ。へ、変態……！」%K%P
%LC春樹
%LC春樹
「うっ……！　だ、だって愛さんが……」%K%P
「うっ……！　だ、だって愛さんが……」%K%P
%LC愛
%LC愛
「そ、そうですね。今のは愛のせいかもです……。\n　ちょっとデレ過ぎました……」%K%P
「そ、そうですね。今のは愛のせいかもです……。\n　ちょっとデレ過ぎました……」%K%P
%LC愛
%LC愛
「でも……不思議です。普通なら気持ち悪くて\n　どん引きしそうなことでも、あなたになら……」%K%P
「でも……不思議です。普通なら気持ち悪くて\n　どん引きしそうなことでも、あなたになら……」%K%P
%LC愛
%LC愛
「大好きなあなたになら……なんでも許してあげたく\n　なっちゃうんですから……」%K%P
「大好きなあなたになら……なんでも許してあげたく\n　なっちゃうんですから……」%K%P
%LC春樹
%LC春樹
「愛さん……」%K%P
「愛さん……」%K%P
%LC愛
%LC愛
「いい、ですよ？　本当に毎日……その。\n　愛の、お、おまんこ舐めて下さっても……」%K%P
「いい、ですよ？　本当に毎日……その。\n　愛の、お、おまんこ舐めて下さっても……」%K%P
%LC愛
%LC愛
「その代わり愛も……えと。\n　あなたのペニ――お、おちんぽ舐めたいです……」%K%P
「その代わり愛も……えと。\n　あなたのペニ――お、おちんぽ舐めたいです……」%K%P
%LC春樹
%LC春樹
「お、おち――〜〜っっ！？」%K%P
「お、おち――〜〜っっ！？」%K%P
不意に言い方を変えられて、ドキドキしてしまう。\nずっとペニスって言ってたのに……。%K%P
不意に言い方を変えられて、ドキドキしてしまう。\nずっとペニスって言ってたのに……。%K%P
%LC愛
%LC愛
「こ、この言い方の方が\n　興奮してもらえるかと思いまして……」%K%P
「こ、この言い方の方が\n　興奮してもらえるかと思いまして……」%K%P
%LC愛
%LC愛
「しませんか……？\n　愛が『おちんぽ』って言っても……」%K%P
「しませんか……？\n　愛が『おちんぽ』って言っても……」%K%P
%LC春樹
%LC春樹
「す、するっ。ものすごく興奮する……！」%K%P
「す、するっ。ものすごく興奮する……！」%K%P
%LC愛
%LC愛
「でしたら……えへへ。良かったです……」%K%P
「でしたら……えへへ。良かったです……」%K%P
幸せそうに笑って、愛さんは僕のモノを見つめてくる。%K%P
幸せそうに笑って、愛さんは僕のモノを見つめてくる。%K%P
%LC愛
%LC愛
「じゃあ、えと……。そろそろいいですか……？」%K%P
「じゃあ、えと……。そろそろいいですか……？」%K%P
%LC愛
%LC愛
「愛も……はぁはぁ。もう我慢できなくて……。\n　さっきからずっと、おまんこキュンキュンしてて……」%K%P
「愛も……はぁはぁ。もう我慢できなくて……。\n　さっきからずっと、おまんこキュンキュンしてて……」%K%P
%LC愛
%LC愛
「あなたと繋がりたいって……はぁはぁ。\n　火照りきったおつゆ、漏らし続けていて……」%K%P
「あなたと繋がりたいって……はぁはぁ。\n　火照りきったおつゆ、漏らし続けていて……」%K%P
ほうけた表情で愛さんが上目遣いに見つめてくる。%K%P
ほうけた表情で愛さんが上目遣いに見つめてくる。%K%P
%LC愛
%LC愛
「だから、その……」%K%P
「だから、その……」%K%P
%LC愛
%LC愛
「愛のおまんこに……あなたのおちんぽ、\n　挿れて……下さい……」%K%P
「愛のおまんこに……あなたのおちんぽ、\n　挿れて……下さい……」%K%P
そう呟かれた瞬間、\n僕の理性は半ばコントロールを失った。%K%P
そう呟かれた瞬間、\n僕の理性は半ばコントロールを失った。%K%P
%LC愛
%LC愛
「ふぁ……！！」%K%P
「ふぁ……！！」%K%P
愛さんの小さな割れ目に\nおちんちんの先っぽを押し当てる。%K%P
愛さんの小さな割れ目に\nおちんちんの先っぽを押し当てる。%K%P
%LC愛
%LC愛
「はぁはぁ……。き、来て……。来て下さい……」%K%P
「はぁはぁ……。き、来て……。来て下さい……」%K%P
そして――%K%P
そして――%K%P
%LC愛
%LC愛
「あっ、あっ――んあぁぁぁああああっっ〜〜！！」%K%P
「あっ、あっ――んあぁぁぁああああっっ〜〜！！」%K%P
――僅かに残った理性をフル回転させながら、\nできるだけ優しくおちんちんを挿れた。%K%P
――僅かに残った理性をフル回転させながら、\nできるだけ優しくおちんちんを挿れた。%K%P
%LC愛
%LC愛
「ふぁ……！　はぁっ、はぁっ……！\n　は、入って、えへへ、おちんぽ入ってます……！」%K%P
「ふぁ……！　はぁっ、はぁっ……！\n　は、入って、えへへ、おちんぽ入ってます……！」%K%P
%LC愛
%LC愛
「大好きな人と、えへへ、一つになって……」%K%P
「大好きな人と、えへへ、一つになって……」%K%P
額に汗を浮かべながら、\n愛さんが幸せそうに微笑んでくれる。%K%P
額に汗を浮かべながら、\n愛さんが幸せそうに微笑んでくれる。%K%P
僕のモノで大きく広げられたおまんこからは、\n彼女の初めての証がじわりと垂れ出していた。%K%P
僕のモノで大きく広げられたおまんこからは、\n彼女の初めての証がじわりと垂れ出していた。%K%P
%LC春樹
%LC春樹
「はぁはぁ、大丈夫……？　痛くない……？」%K%P
「はぁはぁ、大丈夫……？　痛くない……？」%K%P
%LC愛
%LC愛
「ちょっぴり痛いですけど……。\n　このくらいなら我慢できます」%K%P
「ちょっぴり痛いですけど……。\n　このくらいなら我慢できます」%K%P
%LC愛
%LC愛
「それよりも……えへへ。嬉しくて……。\n　とんでもなく熱くて硬いおちんぽが……、\n　あなたが、愛の膣内に入ってるのがわかって……」%K%P
「それよりも……えへへ。嬉しくて……。\n　とんでもなく熱くて硬いおちんぽが……、\n　あなたが、愛の膣内に入ってるのがわかって……」%K%P
%LC愛
%LC愛
「んっ……はぁ……！\n　動くと、よりいっそうわかりますね……？」%K%P
「んっ……はぁ……！\n　動くと、よりいっそうわかりますね……？」%K%P
%LC春樹
%LC春樹
「無理しないでいいよ？　痛みが引くまで待つから」%K%P
「無理しないでいいよ？　痛みが引くまで待つから」%K%P
%LC愛
%LC愛
「いいえ、大丈夫です……。\n　思っていたよりも痛くなくて……」%K%P
「いいえ、大丈夫です……。\n　思っていたよりも痛くなくて……」%K%P
%LC愛
%LC愛
「それより愛のおまんこ、どうですか……？\n　気持ちいい……ですか？」%K%P
「それより愛のおまんこ、どうですか……？\n　気持ちいい……ですか？」%K%P
%LC春樹
%LC春樹
「そんなの――」%K%P
「そんなの――」%K%P
――気持ちいいに決まってる。%K%P
――気持ちいいに決まってる。%K%P
口の中よりもトロトロで、太ももよりもギチギチで。\n特に圧迫感が凄まじい。ものすごく狭い……！%K%P
口の中よりもトロトロで、太ももよりもギチギチで。\n特に圧迫感が凄まじい。ものすごく狭い……！%K%P
%LC愛
%LC愛
「んんっ！　え、えへへ……。\n　おちんぽがビクビクしてるのも丸わかりですね……」%K%P
「んんっ！　え、えへへ……。\n　おちんぽがビクビクしてるのも丸わかりですね……」%K%P
%LC愛
%LC愛
「なんだか夢みたいです……。愛の処女なんて、\n　好きでもない人に散らされるものだと思ってましたから」%K%P
「なんだか夢みたいです……。愛の処女なんて、\n　好きでもない人に散らされるものだと思ってましたから」%K%P
%LC愛
%LC愛
「好きだと思える人と出会えて……。\n　こんなに幸せにもらってもらう日が来るなんて……。\n　まるで思ってませんでした……」%K%P
「好きだと思える人と出会えて……。\n　こんなに幸せにもらってもらう日が来るなんて……。\n　まるで思ってませんでした……」%K%P
%LC春樹
%LC春樹
「愛さん……」%K%P
「愛さん……」%K%P
%LC愛
%LC愛
「動いていい、ですよ……？\n　いいえ。動いて欲しいです……」%K%P
「動いていい、ですよ……？\n　いいえ。動いて欲しいです……」%K%P
%LC愛
%LC愛
「これが夢じゃないんだって……えへへ。\n　あなたのおちんぽで、愛に教えて下さい」%K%P
「これが夢じゃないんだって……えへへ。\n　あなたのおちんぽで、愛に教えて下さい」%K%P
その愛さんの言葉を聞いて――\nほんの僅かに残っていた理性さえも砕け散ってしまう。%K%P
その愛さんの言葉を聞いて――\nほんの僅かに残っていた理性さえも砕け散ってしまう。%K%P
%LC愛
%LC愛
「あぁあんっ！　あっ、あっ、あっ、あはぁあんっ！！」%K%P
「あぁあんっ！　あっ、あっ、あっ、あはぁあんっ！！」%K%P
愛さんの膝を抱えながら、一心不乱に腰を突き出す。\n気持ちいい……！　膣肉が吸い付いてきてっ……！！%K%P
愛さんの膝を抱えながら、一心不乱に腰を突き出す。\n気持ちいい……！　膣肉が吸い付いてきてっ……！！%K%P
%LC愛
%LC愛
「す、すごいっ、あぁっ、ぶっといのが、\n　ふぁぁっ、膣内でズンズン動き回って……！」%K%P
「す、すごいっ、あぁっ、ぶっといのが、\n　ふぁぁっ、膣内でズンズン動き回って……！」%K%P
%LC愛
%LC愛
「身体の内側から――あぁぁあんっっ！！\n　イ、イっちゃっ……！！　こんなの知りません……！！」%K%P
「身体の内側から――あぁぁあんっっ！！\n　イ、イっちゃっ……！！　こんなの知りません……！！」%K%P
%LC春樹
%LC春樹
「ご、ごめん、愛さん……！！\n　痛くても止められないかも……！！」%K%P
「ご、ごめん、愛さん……！！\n　痛くても止められないかも……！！」%K%P
%LC愛
%LC愛
「だいじょっ――あはぁあんっ、大丈夫ですっ……！\n　愛もっ、ああっ、愛も、すごく気持ちよくて……！！」%K%P
「だいじょっ――あはぁあんっ、大丈夫ですっ……！\n　愛もっ、ああっ、愛も、すごく気持ちよくて……！！」%K%P
%LC愛
%LC愛
「ずっと、あっ、あっ、あっ……！\n　ずっと続けて欲しいくらいでっ、あぁぁあっ……！！」%K%P
「ずっと、あっ、あっ、あっ……！\n　ずっと続けて欲しいくらいでっ、あぁぁあっ……！！」%K%P
ひと突きする度に愛さんが蕩けた顔で小刻みに痙攣する。\nはぁはぁ、ホントに感じてくれてるんだっ……！%K%P
ひと突きする度に愛さんが蕩けた顔で小刻みに痙攣する。\nはぁはぁ、ホントに感じてくれてるんだっ……！%K%P
%LC愛
%LC愛
「んぁぁぁあっっ……！！　あはぁんっ、あああっ！！\n　奥ズンズンされるの、ふぁぁあ、すごい……！！」%K%P
「んぁぁぁあっっ……！！　あはぁんっ、あああっ！！\n　奥ズンズンされるの、ふぁぁあ、すごい……！！」%K%P
%LC愛
%LC愛
「イっちゃっ――んんんんんっっ！！\n　セ、セックスって、こんなにっっ……！！」%K%P
「イっちゃっ――んんんんんっっ！！\n　セ、セックスって、こんなにっっ……！！」%K%P
突き入れるごとに軽く絶頂してるのか、\nただでさえ狭い膣内がさらにギュっと締まる。%K%P
突き入れるごとに軽く絶頂してるのか、\nただでさえ狭い膣内がさらにギュっと締まる。%K%P
おっぱいを揉んでいる時も思ったけど、\nはぁはぁ、愛さんってすごく感じやすいんじゃ……！%K%P
おっぱいを揉んでいる時も思ったけど、\nはぁはぁ、愛さんってすごく感じやすいんじゃ……！%K%P
%LC愛
%LC愛
「っっ。ち、違うんですっ……！\n　普段は、あぁん、こんなじゃなくて……！」%K%P
「っっ。ち、違うんですっ……！\n　普段は、あぁん、こんなじゃなくて……！」%K%P
%LC愛
%LC愛
「オナニーすらっ、ふぁああんっ……！\n　全くしないくらい興味、あぁ、なかったんです……！\n　エッチなことに、あっ、あっ、全然っ……！！」%K%P
「オナニーすらっ、ふぁああんっ……！\n　全くしないくらい興味、あぁ、なかったんです……！\n　エッチなことに、あっ、あっ、全然っ……！！」%K%P
僕の顔を見て察したのか、\n愛さんが恥ずかしそうに訴えてくる。%K%P
僕の顔を見て察したのか、\n愛さんが恥ずかしそうに訴えてくる。%K%P
%LC愛
%LC愛
「自分でも――はぁぁああんっっ……！\n　と、戸惑ってるんですからっ……！」%K%P
「自分でも――はぁぁああんっっ……！\n　と、戸惑ってるんですからっ……！」%K%P
%LC愛
%LC愛
「初めてなのに、あっ、あっ、あぁぁあっ……！\n　こんなにはしたなく感じちゃってっ……！」%K%P
「初めてなのに、あっ、あっ、あぁぁあっ……！\n　こんなにはしたなく感じちゃってっ……！」%K%P
%LC愛
%LC愛
「き、嫌いになったりしませんかっ？\n　こんな、ふぁ、エッチな子で……」%K%P
「き、嫌いになったりしませんかっ？\n　こんな、ふぁ、エッチな子で……」%K%P
%LC春樹
%LC春樹
「むしろ――大歓迎だよっ！」%K%P
「むしろ――大歓迎だよっ！」%K%P
%LC愛
%LC愛
「ふぁぁあああああんんんっっ〜〜！！」%K%P
「ふぁぁあああああんんんっっ〜〜！！」%K%P
乱れる愛さんの姿に腰振りが加速してしまう。\n華奢な彼女の身体をはね飛ばす勢いで突いてしまう――！%K%P
乱れる愛さんの姿に腰振りが加速してしまう。\n華奢な彼女の身体をはね飛ばす勢いで突いてしまう――！%K%P
%LC春樹
%LC春樹
「僕もっ、はぁはぁっ、僕もエッチだから……！\n　愛さんも知ってると思うけどホントはエロいから……！」%K%P
「僕もっ、はぁはぁっ、僕もエッチだから……！\n　愛さんも知ってると思うけどホントはエロいから……！」%K%P
%LC愛
%LC愛
「あっ、あっ、あっ、あっ！！　そ、そうでしたね……！\n　可愛い顔してっ、人一倍性欲強いですもんね……！」%K%P
「あっ、あっ、あっ、あっ！！　そ、そうでしたね……！\n　可愛い顔してっ、人一倍性欲強いですもんね……！」%K%P
%LC愛
%LC愛
「でしたら、あぁあんっ、良かった……！\n　良かったですっ……！」%K%P
「でしたら、あぁあんっ、良かった……！\n　良かったですっ……！」%K%P
%LC愛
%LC愛
「こんなにセックスが気持ちいいって知っちゃったら、\n　あっ、あっ、愛、我慢できそうになくて……！」%K%P
「こんなにセックスが気持ちいいって知っちゃったら、\n　あっ、あっ、愛、我慢できそうになくて……！」%K%P
%LC愛
%LC愛
「それこそ毎日、ふぁぁぁっっ……！\n　抱いてもらいたく、あぁ、なっちゃいそうで……！」%K%P
「それこそ毎日、ふぁぁぁっっ……！\n　抱いてもらいたく、あぁ、なっちゃいそうで……！」%K%P
%LC春樹
%LC春樹
「毎日でも、何回でもするよっ……！\n　僕だって、愛さんといっぱいエッチしたい……！」%K%P
「毎日でも、何回でもするよっ……！\n　僕だって、愛さんといっぱいエッチしたい……！」%K%P
%LC愛
%LC愛
「え、えへへっ……！　嬉しいっ……！\n　あなたがエッチなお猿さんで良かったです……！」%K%P
「え、えへへっ……！　嬉しいっ……！\n　あなたがエッチなお猿さんで良かったです……！」%K%P
%LC愛
%LC愛
「でも、あぁんっ、飽きないで下さいねっ……？\n　飽きちゃ嫌ですよっ……？」%K%P
「でも、あぁんっ、飽きないで下さいねっ……？\n　飽きちゃ嫌ですよっ……？」%K%P
%LC春樹
%LC春樹
「飽きるもんかっ……！\n　今だって、とめられないのに……！」%K%P
「飽きるもんかっ……！\n　今だって、とめられないのに……！」%K%P
%LC愛
%LC愛
「でも、愛の身体、ふぁぁあっ……！\n　一般的な女性よりも、あぁ、貧相ですし……！」%K%P
「でも、愛の身体、ふぁぁあっ……！\n　一般的な女性よりも、あぁ、貧相ですし……！」%K%P
%LC春樹
%LC春樹
「それが――……！　それがいいんだよ、僕はっ！！」%K%P
「それが――……！　それがいいんだよ、僕はっ！！」%K%P
%LC愛
%LC愛
「んぁっ――あぁぁああああんんっっ！！」%K%P
「んぁっ――あぁぁああああんんっっ！！」%K%P
思わず愛さんの身体を思いっきり突き上げてしまう。%K%P
思わず愛さんの身体を思いっきり突き上げてしまう。%K%P
小さな膣内へ根元までおちんちんを\n半ば無理やり挿れるように突き込んでしまう。%K%P
小さな膣内へ根元までおちんちんを\n半ば無理やり挿れるように突き込んでしまう。%K%P
だけど――%K%P
だけど――%K%P
%LC春樹
%LC春樹
「愛さんの狭くてギチギチなおまんこ、\n　はぁはぁ、物凄く気持ちいいよ……！」%K%P
「愛さんの狭くてギチギチなおまんこ、\n　はぁはぁ、物凄く気持ちいいよ……！」%K%P
%LC春樹
%LC春樹
「おっぱいだって敏感でっ……！\n　手の平にすっぽり収まるサイズ感が心地よくて……！」%K%P
「おっぱいだって敏感でっ……！\n　手の平にすっぽり収まるサイズ感が心地よくて……！」%K%P
%LC愛
%LC愛
「あっ、あっ、あっ、あっ、激しいっ……！\n　待って、あぁあぁ、激しすぎ――はぁあんっ！！」%K%P
「あっ、あっ、あっ、あっ、激しいっ……！\n　待って、あぁあぁ、激しすぎ――はぁあんっ！！」%K%P
%LC春樹
%LC春樹
「激しくなっちゃうくらい気持ちいいんだもんっ！！」%K%P
「激しくなっちゃうくらい気持ちいいんだもんっ！！」%K%P
%LC愛
%LC愛
「あはぁあああんんっっ！！」%K%P
「あはぁあああんんっっ！！」%K%P
気遣う余裕もなくなるくらい、\n愛さんのおまんこを本気で突き上げてしまう。%K%P
気遣う余裕もなくなるくらい、\n愛さんのおまんこを本気で突き上げてしまう。%K%P
おちんちんが千切れそうなくらい締め付けてくる\n膣内の感触が気持ちいい。最高だ……！！%K%P
おちんちんが千切れそうなくらい締め付けてくる\n膣内の感触が気持ちいい。最高だ……！！%K%P
%LC愛
%LC愛
「あっ、あっ、あっ、あっ……！\n　こんなにも、あぁあんっ、獣みたいにがっついて……！」%K%P
「あっ、あっ、あっ、あっ……！\n　こんなにも、あぁあんっ、獣みたいにがっついて……！」%K%P
%LC愛
%LC愛
「愛の貧相な身体にっ、ふぁっ、あっ、あっ……！\n　こんなにも、夢中になってくれてっっ……！！」%K%P
「愛の貧相な身体にっ、ふぁっ、あっ、あっ……！\n　こんなにも、夢中になってくれてっっ……！！」%K%P
%LC愛
%LC愛
「えへっ、えへへっ、嬉しい――ふぁああんっっ！！\n　初めて自分の身体が小さくて良かったと思えましたっ」%K%P
「えへっ、えへへっ、嬉しい――ふぁああんっっ！！\n　初めて自分の身体が小さくて良かったと思えましたっ」%K%P
%LC愛
%LC愛
「大好きな人が、あっ、あっ、あっ……！\n　ロリコンで、えへへっ、良かったですっ……！！」%K%P
「大好きな人が、あっ、あっ、あっ……！\n　ロリコンで、えへへっ、良かったですっ……！！」%K%P
%LC春樹
%LC春樹
「ロリコンじゃないよっ……！\n　ただ僕はそれだけ――」%K%P
「ロリコンじゃないよっ……！\n　ただ僕はそれだけ――」%K%P
それだけ愛さんのことが好きってだけなんだ……！！%K%P
それだけ愛さんのことが好きってだけなんだ……！！%K%P
%LC愛
%LC愛
「〜〜っっ！！　恥ずかしいコトを、あっ、あっ……！\n　本当につらつらと言える人ですねっ……！！」%K%P
「〜〜っっ！！　恥ずかしいコトを、あっ、あっ……！\n　本当につらつらと言える人ですねっ……！！」%K%P
%LC愛
%LC愛
「でも、ああぁん、死ぬほど嬉しい……！\n　あっ、あっ、あっ、嬉しいですっ……！！」%K%P
「でも、ああぁん、死ぬほど嬉しい……！\n　あっ、あっ、あっ、嬉しいですっ……！！」%K%P
%LC愛
%LC愛
「愛も、ふぁぁあっ、愛も好きっ……！\n　あなたのことが、あっ、あっ、大好きですっ……！！」%K%P
「愛も、ふぁぁあっ、愛も好きっ……！\n　あなたのことが、あっ、あっ、大好きですっ……！！」%K%P
%LC愛
%LC愛
「このままずっとセックスしたいと思うくらいっ……！！\n　あふぁぁっ、大好きですからっっ……！！」%K%P
「このままずっとセックスしたいと思うくらいっ……！！\n　あふぁぁっ、大好きですからっっ……！！」%K%P
まるで心ごと抱きついてくるかのように、\n愛さんがキュウキュウとおちんちんを締め付けてくる。%K%P
まるで心ごと抱きついてくるかのように、\n愛さんがキュウキュウとおちんちんを締め付けてくる。%K%P
愛のこもったその締め付けに、\n興奮と愛情が跳ね上がって性欲が膨れあがっていく。%K%P
愛のこもったその締め付けに、\n興奮と愛情が跳ね上がって性欲が膨れあがっていく。%K%P
%LC愛
%LC愛
「んはぁっ、あぁあんっ……！！\n　お、おちんぽが、あぁ、膣内でビクンビクンして……！」%K%P
「んはぁっ、あぁあんっ……！！\n　お、おちんぽが、あぁ、膣内でビクンビクンして……！」%K%P
%LC愛
%LC愛
「精子がのぼってきてるの、ふぁぁっっ……！！\n　ハッキリわかりますっ。嬉しいっ、幸せっ……！！」%K%P
「精子がのぼってきてるの、ふぁぁっっ……！！\n　ハッキリわかりますっ。嬉しいっ、幸せっ……！！」%K%P
%LC春樹
%LC春樹
「ギリギリまで、んんっ、味わってもいいっ？\n　愛さんのおまんこっ。最後はちゃんと外に出すからっ」%K%P
「ギリギリまで、んんっ、味わってもいいっ？\n　愛さんのおまんこっ。最後はちゃんと外に出すからっ」%K%P
%LC愛
%LC愛
「外はダメっ、あぁっ、膣内に、あっ、あっ……！\n　膣内に出してっっ……！！」%K%P
「外はダメっ、あぁっ、膣内に、あっ、あっ……！\n　膣内に出してっっ……！！」%K%P
%LC愛
%LC愛
「愛のおまんこっ、ふあぁっ、いっぱいにしてっ……！\n　あなたの熱さでっ、あぁ、いっぱいになりたいんですっ」%K%P
「愛のおまんこっ、ふあぁっ、いっぱいにしてっ……！\n　あなたの熱さでっ、あぁ、いっぱいになりたいんですっ」%K%P
んんっっ！　締まりがさらに強くなって……！！\nおちんちんがおまんこに吸われるみたいだ……！！%K%P
んんっっ！　締まりがさらに強くなって……！！\nおちんちんがおまんこに吸われるみたいだ……！！%K%P
%LC愛
%LC愛
「それとも、ふぁぁぁっ……！\n　あなたはそんなに外に出したいんですかっ？」%K%P
「それとも、ふぁぁぁっ……！\n　あなたはそんなに外に出したいんですかっ？」%K%P
%LC愛
%LC愛
「愛のおまんこにっ、あっ、あっ、あっ……！\n　種づけしたくないんですかっ？」%K%P
「愛のおまんこにっ、あっ、あっ、あっ……！\n　種づけしたくないんですかっ？」%K%P
%LC春樹
%LC春樹
「そんなのっ――」%K%P
「そんなのっ――」%K%P
――したいに決まってるじゃないかっ！！%K%P
――したいに決まってるじゃないかっ！！%K%P
%LC愛
%LC愛
「んはぁっ！　あぁっ！　あっ、あっ、あぁああっ！！」%K%P
「んはぁっ！　あぁっ！　あっ、あっ、あぁああっ！！」%K%P
%LC愛
%LC愛
「激しっ――あはぁあんっ！！\n　おちんぽっ、ああっ、奥にっ、奥にきてぇっ……！！」%K%P
「激しっ――あはぁあんっ！！\n　おちんぽっ、ああっ、奥にっ、奥にきてぇっ……！！」%K%P
%LC春樹
%LC春樹
「はぁはぁっ、出すっ、出すからねっ……！！\n　このまま愛さんの膣内に出すからねっ……！！」%K%P
「はぁはぁっ、出すっ、出すからねっ……！！\n　このまま愛さんの膣内に出すからねっ……！！」%K%P
%LC愛
%LC愛
「はいっ……！　出してっ……！！\n　愛のこと孕ませてぇっ……！！」%K%P
「はいっ……！　出してっ……！！\n　愛のこと孕ませてぇっ……！！」%K%P
%LC愛
%LC愛
「寿退社させて下さい……！　愛を使用人じゃなくてっ、\n　ふああぁっ、あぁあっ、あなたの恋人にしてぇ……！」%K%P
「寿退社させて下さい……！　愛を使用人じゃなくてっ、\n　ふああぁっ、あぁあっ、あなたの恋人にしてぇ……！」%K%P
%LC愛
%LC愛
「あなただけにっ、あっ、あっ、あっ……！！\n　一生尽くさせて欲しいですっっ……！！」%K%P
「あなただけにっ、あっ、あっ、あっ……！！\n　一生尽くさせて欲しいですっっ……！！」%K%P
愛さんの心と身体が際限なく昂ぶる。\n大好きな人に種づけしようとおちんちんが猛る。%K%P
愛さんの心と身体が際限なく昂ぶる。\n大好きな人に種づけしようとおちんちんが猛る。%K%P
%LC春樹
%LC春樹
「好きだよっ、愛さんっ……！！\n　君のことを愛してるっっ……！！」%K%P
「好きだよっ、愛さんっ……！！\n　君のことを愛してるっっ……！！」%K%P
%LC愛
%LC愛
「愛もっ、はふぁっ、愛もっ、愛していますっ……！！\n　好きっ、好きっ、好きっ、好きぃっっ……！！」%K%P
「愛もっ、はふぁっ、愛もっ、愛していますっ……！！\n　好きっ、好きっ、好きっ、好きぃっっ……！！」%K%P
愛さんが余裕のない表情で、\nそれでも必死に愛を伝えてくれる。%K%P
愛さんが余裕のない表情で、\nそれでも必死に愛を伝えてくれる。%K%P
その姿が僕の射精を後押ししてくる――%K%P
その姿が僕の射精を後押ししてくる――%K%P
%LC愛
%LC愛
「んぁっ、あっ、あっ、あっ、あっ！！\n　きてますっ、ああああっ、きてるぅっ……！！」%K%P
「んぁっ、あっ、あっ、あっ、あっ！！\n　きてますっ、ああああっ、きてるぅっ……！！」%K%P
%LC愛
%LC愛
「出してっ、ふぁあああっっ、奥に出してぇ……！！」%K%P
「出してっ、ふぁあああっっ、奥に出してぇ……！！」%K%P
%LC愛
%LC愛
「愛の赤ちゃんの部屋っ、あぁあっ、\n　あなたの精子でっ、あぁっ、子種でっっ……！！」%K%P
「愛の赤ちゃんの部屋っ、あぁあっ、\n　あなたの精子でっ、あぁっ、子種でっっ……！！」%K%P
%LC愛
%LC愛
「独り占めしてぇぇえええええっっ〜〜！！！！」%K%P
「独り占めしてぇぇえええええっっ〜〜！！！！」%K%P
%LC愛
%LC愛
「あっ、あっ、あっ、あっ――\n　――ふあぁぁぁああああああああああっっ〜〜！！！」%K%P
「あっ、あっ、あっ、あっ――\n　――ふあぁぁぁああああああああああっっ〜〜！！！」%K%P
愛さんの子宮に先端を突きつけて、\n中に直接、僕の子種を注ぎ込む。%K%P
愛さんの子宮に先端を突きつけて、\n中に直接、僕の子種を注ぎ込む。%K%P
%LC愛
%LC愛
「んぁぁあああっっ……！！\n　熱いの出てっ、ドピュドピュ出てますぅっ……！！」%K%P
「んぁぁあああっっ……！！\n　熱いの出てっ、ドピュドピュ出てますぅっ……！！」%K%P
%LC愛
%LC愛
「お腹の中っ、ふぁああっ、焼けそうっ……！！\n　ああああっ、きもちっ、きもちいいっ……！！」%K%P
「お腹の中っ、ふぁああっ、焼けそうっ……！！\n　ああああっ、きもちっ、きもちいいっ……！！」%K%P
%LC春樹
%LC春樹
「んんっ、愛さんのおまんこすごい……！！\n　搾り、取られるっ……！！」%K%P
「んんっ、愛さんのおまんこすごい……！！\n　搾り、取られるっ……！！」%K%P
激しく痙攣する膣内がおちんちんを\nギュウギュウに搾りあげてきて……！！%K%P
激しく痙攣する膣内がおちんちんを\nギュウギュウに搾りあげてきて……！！%K%P
一滴残らず射精させられるっっ……！！%K%P
一滴残らず射精させられるっっ……！！%K%P
%LC愛
%LC愛
「あああっ、またイくっ、あああっ、イくっ、イくっ！！\n　射精きもちよすぎてっ、イくイくイくイくっっ！！」%K%P
「あああっ、またイくっ、あああっ、イくっ、イくっ！！\n　射精きもちよすぎてっ、イくイくイくイくっっ！！」%K%P
%LC愛
%LC愛
「ふぁああああっっ、イっ――くぅぅんんんっっ〜〜！！」%K%P
「ふぁああああっっ、イっ――くぅぅんんんっっ〜〜！！」%K%P
ビクビクビクっ――と身体を反らして愛さんが絶頂する。\nその分、おまんこがまた締まってっ……！%K%P
ビクビクビクっ――と身体を反らして愛さんが絶頂する。\nその分、おまんこがまた締まってっ……！%K%P
はぁはぁっ、気持ちいい……！！\n愛さんのロリまんこっ、国宝級だっっ……！！%K%P
はぁはぁっ、気持ちいい……！！\n愛さんのロリまんこっ、国宝級だっっ……！！%K%P
ずっと、はぁはぁ、ずっとおちんちんを\nこのおまんこに挿れっぱなしにしたいっっ……！！%K%P
ずっと、はぁはぁ、ずっとおちんちんを\nこのおまんこに挿れっぱなしにしたいっっ……！！%K%P
そうして、どれだけ射精していただろう――%K%P
そうして、どれだけ射精していただろう――%K%P
%LC愛
%LC愛
「んはぁ……！　はぁ……！　はぁ……！　はぁ……！\n　も、ものすごく、はぁはぁ、気持ちよかったです……」%K%P
「んはぁ……！　はぁ……！　はぁ……！　はぁ……！\n　も、ものすごく、はぁはぁ、気持ちよかったです……」%K%P
%LC愛
%LC愛
「お腹の中、んはぁ……。あなたの精子で……えへへ。\n　たぷたぷになっちゃいました……」%K%P
「お腹の中、んはぁ……。あなたの精子で……えへへ。\n　たぷたぷになっちゃいました……」%K%P
%LC春樹
%LC春樹
「はぁはぁ、うん……。たぷたぷにしちゃった……」%K%P
「はぁはぁ、うん……。たぷたぷにしちゃった……」%K%P
絶頂の余韻を味わいながら、\n蕩けきった微笑みをお互いに向け合う。%K%P
絶頂の余韻を味わいながら、\n蕩けきった微笑みをお互いに向け合う。%K%P
%LC愛
%LC愛
「ですが、はぁはぁ、ごめんなさい……。\n　愛のおまんこ、小さすぎて、たくさん溢れちゃいました」%K%P
「ですが、はぁはぁ、ごめんなさい……。\n　愛のおまんこ、小さすぎて、たくさん溢れちゃいました」%K%P
%LC春樹
%LC春樹
「大丈夫だよ……。溢れたのなら……その。\n　またいくらでも注ぐし……」%K%P
「大丈夫だよ……。溢れたのなら……その。\n　またいくらでも注ぐし……」%K%P
%LC愛
%LC愛
「……えへへ。それなら小さくて良かったかもです……」%K%P
「……えへへ。それなら小さくて良かったかもです……」%K%P
%LC愛
%LC愛
「何度もセックス……してもらえますし」%K%P
「何度もセックス……してもらえますし」%K%P
愛さんが照れたように呟く。\nどうやら二人揃ってエッチにはまっちゃったみたいだ。%K%P
愛さんが照れたように呟く。\nどうやら二人揃ってエッチにはまっちゃったみたいだ。%K%P
%LC愛
%LC愛
「でも、ビックリしました……。\n　途中から、獣みたいに腰振ってきて……」%K%P
「でも、ビックリしました……。\n　途中から、獣みたいに腰振ってきて……」%K%P
%LC愛
%LC愛
「愛が手と口でした時とは大違いで……。\n　あの時は愛にされるがままでしたのに……」%K%P
「愛が手と口でした時とは大違いで……。\n　あの時は愛にされるがままでしたのに……」%K%P
%LC春樹
%LC春樹
「〜〜っっ！　ご、ごめん……！\n　あまりにも、き、気持ちよすぎて……」%K%P
「〜〜っっ！　ご、ごめん……！\n　あまりにも、き、気持ちよすぎて……」%K%P
%LC愛
%LC愛
「えへへ……。いいんですよ……？\n　むしろ、ああいう姿見られて良かったです……」%K%P
「えへへ……。いいんですよ……？\n　むしろ、ああいう姿見られて良かったです……」%K%P
%LC愛
%LC愛
「また一つ……あなたの知らない面を\n　知ることができたということですから」%K%P
「また一つ……あなたの知らない面を\n　知ることができたということですから」%K%P
%LC春樹
%LC春樹
「愛さん……」%K%P
「愛さん……」%K%P
%LC愛
%LC愛
「ふふ。セックスって不思議ですね……？\n　口にするのも恥ずかしかった言葉が自然と出てしまって」%K%P
「ふふ。セックスって不思議ですね……？\n　口にするのも恥ずかしかった言葉が自然と出てしまって」%K%P
%LC愛
%LC愛
「好きって……愛してるって……。\n　何度も何度も言ってしまっていました……」%K%P
「好きって……愛してるって……。\n　何度も何度も言ってしまっていました……」%K%P
呟きながら愛さんがぎゅっとおまんこを締める。\n僕の存在を確認するように抱きしめてくれる。%K%P
呟きながら愛さんがぎゅっとおまんこを締める。\n僕の存在を確認するように抱きしめてくれる。%K%P
%LC愛
%LC愛
「心の奥では、とっくに理解していたみたいです……。\n　愛があなたのことを、その。どう思っているのか」%K%P
「心の奥では、とっくに理解していたみたいです……。\n　愛があなたのことを、その。どう思っているのか」%K%P
%LC愛
%LC愛
「その気持ちに……愛が素直になれなかっただけで」%K%P
「その気持ちに……愛が素直になれなかっただけで」%K%P
%LC春樹
%LC春樹
「……愛さん……」%K%P
「……愛さん……」%K%P
繋がった場所から愛さんの熱さをはっきりと感じる。\nこうして一つになっている感覚がとても――%K%P
繋がった場所から愛さんの熱さをはっきりと感じる。\nこうして一つになっている感覚がとても――%K%P
%LC愛
%LC愛
「とても――幸せです。\n　あなたを好きになれて。一つになれて」%K%P
「とても――幸せです。\n　あなたを好きになれて。一つになれて」%K%P
%LC春樹
%LC春樹
「うん……。僕も同じ気持ちだよ」%K%P
「うん……。僕も同じ気持ちだよ」%K%P
%LC愛
%LC愛
「えへへ」%K%P
「えへへ」%K%P
ぎゅっと愛さんを抱きしめる。\n華奢で小さな彼女の身体を胸の中にすっぽりと収まる。%K%P
ぎゅっと愛さんを抱きしめる。\n華奢で小さな彼女の身体を胸の中にすっぽりと収まる。%K%P
%LC愛
%LC愛
「今日は一晩中つながっていたいです」%K%P
「今日は一晩中つながっていたいです」%K%P
%LC愛
%LC愛
「もっともっとあなたのコトを知りたい……。\n　愛のコトも知って欲しい……」%K%P
「もっともっとあなたのコトを知りたい……。\n　愛のコトも知って欲しい……」%K%P
%LC愛
%LC愛
「ダメ……ですか？」%K%P
「ダメ……ですか？」%K%P
そんな問い――答えるまでもなかった。%K%P
そんな問い――答えるまでもなかった。%K%P
%LC愛
%LC愛
「んっ……！　えへへ……。\n　また大きくなっちゃってますね？」%K%P
「んっ……！　えへへ……。\n　また大きくなっちゃってますね？」%K%P
%LC愛
%LC愛
「本当に、ふふ。ドスケベな男です」%K%P
「本当に、ふふ。ドスケベな男です」%K%P
%LC愛
%LC愛
「でも……大好き」%K%P
「でも……大好き」%K%P
愛さんがぎゅっと僕の身体を抱きしめ返してくれる。%K%P
愛さんがぎゅっと僕の身体を抱きしめ返してくれる。%K%P
そうして僕たちは一晩中、愛し合い続けた――%K%P
そうして僕たちは一晩中、愛し合い続けた――%K%P
