%LC愛
%LC愛
「ふぁ……はぁん……っっ……」%K%P
「ふぁ……はぁん……っっ……」%K%P
%LC春樹
%LC春樹
「んくっ、んん……！」%K%P
「んくっ、んん……！」%K%P
両手の平でおっぱいを揉んだのと同時に、\nおちんちんが肉厚でスベスベな弾力に圧迫される。%K%P
両手の平でおっぱいを揉んだのと同時に、\nおちんちんが肉厚でスベスベな弾力に圧迫される。%K%P
%LC愛
%LC愛
「い、いきなり揉みますか、普通……！」%K%P
「い、いきなり揉みますか、普通……！」%K%P
%LC春樹
%LC春樹
「愛さんこそ、僕のおちんちん、\n　太ももで挟み込んできて……」%K%P
「愛さんこそ、僕のおちんちん、\n　太ももで挟み込んできて……」%K%P
%LC愛
%LC愛
「座り心地が悪かったから出しただけです……！\n　他意はありません……！」%K%P
「座り心地が悪かったから出しただけです……！\n　他意はありません……！」%K%P
そう言いながらも愛さんが僅かに足を揺らして、\nおちんちんをこっそり扱いてくる。%K%P
そう言いながらも愛さんが僅かに足を揺らして、\nおちんちんをこっそり扱いてくる。%K%P
それだけでも、ふぁ、か、感じちゃう……。\n手でしてもらった時よりも肌のボリューム感が凄い……！%K%P
それだけでも、ふぁ、か、感じちゃう……。\n手でしてもらった時よりも肌のボリューム感が凄い……！%K%P
%LC春樹
%LC春樹
「愛さん、んんっ、そんなにゴシゴシされると――……」%K%P
「愛さん、んんっ、そんなにゴシゴシされると――……」%K%P
%LC愛
%LC愛
「あ……んふ……！　んんっ……！」%K%P
「あ……んふ……！　んんっ……！」%K%P
言いかけて、気づいた。\n――愛さんは別に扱こうとしていたわけじゃないんだ。%K%P
言いかけて、気づいた。\n――愛さんは別に扱こうとしていたわけじゃないんだ。%K%P
そっと乳房に被せるようにしていた手の平を\nほんの少しだけ握ってみる。%K%P
そっと乳房に被せるようにしていた手の平を\nほんの少しだけ握ってみる。%K%P
%LC愛
%LC愛
「ひぁ……！　あ……！」%K%P
「ひぁ……！　あ……！」%K%P
すると愛さんはピクンと身体を揺らして、\nその拍子におちんちんがギュムムと圧迫されて扱かれた。%K%P
すると愛さんはピクンと身体を揺らして、\nその拍子におちんちんがギュムムと圧迫されて扱かれた。%K%P
やっぱり愛さんは、自分から動こうとしたわけじゃなくて\n僕に触れられて、気持ちよくなってくれて、それで――%K%P
やっぱり愛さんは、自分から動こうとしたわけじゃなくて\n僕に触れられて、気持ちよくなってくれて、それで――%K%P
%LC愛
%LC愛
「〜〜っっ！　なんですか、その顔……！\n　愛が感じちゃ、お、おかしいのですか……！」%K%P
「〜〜っっ！　なんですか、その顔……！\n　愛が感じちゃ、お、おかしいのですか……！」%K%P
%LC春樹
%LC春樹
「そ、そんなことないよ……！\n　ただ、えと……！　予想以上だったというか……」%K%P
「そ、そんなことないよ……！\n　ただ、えと……！　予想以上だったというか……」%K%P
%LC愛
%LC愛
「あ、愛だって予想外ですよ……。\n　自分でも驚いているんです……」%K%P
「あ、愛だって予想外ですよ……。\n　自分でも驚いているんです……」%K%P
%LC愛
%LC愛
「胸に手を重ねられてるだけなのに……その。\n　こんなにも身体がビクビクしてしまっていて……」%K%P
「胸に手を重ねられてるだけなのに……その。\n　こんなにも身体がビクビクしてしまっていて……」%K%P
羞恥心で顔を真っ赤にしながら、\n愛さんが熱っぽい吐息を漏らしてくる。%K%P
羞恥心で顔を真っ赤にしながら、\n愛さんが熱っぽい吐息を漏らしてくる。%K%P
膝の上に乗せた愛さんの体温も、\n最初の頃よりグングンと火照ってるのがわかった。%K%P
膝の上に乗せた愛さんの体温も、\n最初の頃よりグングンと火照ってるのがわかった。%K%P
%LC春樹
%LC春樹
「可愛い……」%K%P
「可愛い……」%K%P
%LC愛
%LC愛
「なっ――〜〜っっ！！\n　真顔で変なコト言わないで下さい……！」%K%P
「なっ――〜〜っっ！！\n　真顔で変なコト言わないで下さい……！」%K%P
%LC春樹
%LC春樹
「あ、ごめん……！　つい勝手に口が……！\n　でも……可愛いのは本当だよ？」%K%P
「あ、ごめん……！　つい勝手に口が……！\n　でも……可愛いのは本当だよ？」%K%P
%LC愛
%LC愛
「し、知らないですよ、この女ったらし……。\n　…………嬉しいですけど」%K%P
「し、知らないですよ、この女ったらし……。\n　…………嬉しいですけど」%K%P
恥ずかしがりながらも喜んでくれる姿が、\nさらに可愛い。だからこそ性欲も込み上がってしまう。%K%P
恥ずかしがりながらも喜んでくれる姿が、\nさらに可愛い。だからこそ性欲も込み上がってしまう。%K%P
%LC愛
%LC愛
「ひぃあ……！　あ……んんっ……！」%K%P
「ひぃあ……！　あ……んんっ……！」%K%P
その煩悩に従うように、愛さんの胸を\nゆっくり、じっくりと揉んでいく。%K%P
その煩悩に従うように、愛さんの胸を\nゆっくり、じっくりと揉んでいく。%K%P
%LC春樹
%LC春樹
「痛くない……？　大丈夫……？」%K%P
「痛くない……？　大丈夫……？」%K%P
%LC愛
%LC愛
「は、はい。ふぁ……あ……！\n　優しすぎる、んん、くらいです……」%K%P
「は、はい。ふぁ……あ……！\n　優しすぎる、んん、くらいです……」%K%P
%LC愛
%LC愛
「でも、その……。愛の胸なんか揉んで、んぁ……。\n　こ、興奮するものなんですか……？」%K%P
「でも、その……。愛の胸なんか揉んで、んぁ……。\n　こ、興奮するものなんですか……？」%K%P
%LC春樹
%LC春樹
「え？　どうして？」%K%P
「え？　どうして？」%K%P
%LC愛
%LC愛
「だって、えと……。清佳様や千鶴様と比べて\n　すごく……小さいですし……」%K%P
「だって、えと……。清佳様や千鶴様と比べて\n　すごく……小さいですし……」%K%P
申し訳なさそうな声色で愛さんが呟いてくる。%K%P
申し訳なさそうな声色で愛さんが呟いてくる。%K%P
だけど、どうしてそんなことを言うのか\n僕には全然わからなかった。%K%P
だけど、どうしてそんなことを言うのか\n僕には全然わからなかった。%K%P
%LC春樹
%LC春樹
「正直……今にも射精しちゃいそうなくらい興奮してる」%K%P
「正直……今にも射精しちゃいそうなくらい興奮してる」%K%P
%LC愛
%LC愛
「えっ……」%K%P
「えっ……」%K%P
%LC春樹
%LC春樹
「お、おちんちん見てわからないかな……。\n　自分でもビックリするくらい大きくなってるんだけど」%K%P
「お、おちんちん見てわからないかな……。\n　自分でもビックリするくらい大きくなってるんだけど」%K%P
%LC愛
%LC愛
「た、確かにこの間よりも大きいような……」%K%P
「た、確かにこの間よりも大きいような……」%K%P
%LC春樹
%LC春樹
「愛さんのおっぱい、その。すごく気持ちいいよ……？\n　とっても綺麗だし、モチモチだし、エッチいし……」%K%P
「愛さんのおっぱい、その。すごく気持ちいいよ……？\n　とっても綺麗だし、モチモチだし、エッチいし……」%K%P
%LC春樹
%LC春樹
「なんなら、その……。ずっと気になってたし……。\n　ずっと触ってみたいって思ってて……」%K%P
「なんなら、その……。ずっと気になってたし……。\n　ずっと触ってみたいって思ってて……」%K%P
%LC愛
%LC愛
「そ、そんな目で愛を見ていたのですか……！？」%K%P
「そ、そんな目で愛を見ていたのですか……！？」%K%P
%LC春樹
%LC春樹
「〜〜っっ！　あ、愛さんのせいじゃない……！\n　色仕掛けの時これ見よがしに押しつけてきて……！」%K%P
「〜〜っっ！　あ、愛さんのせいじゃない……！\n　色仕掛けの時これ見よがしに押しつけてきて……！」%K%P
%LC愛
%LC愛
「うっ……！　それは――あふっ、ひぃあっ……！」%K%P
「うっ……！　それは――あふっ、ひぃあっ……！」%K%P
口にしていると我慢ができなくなってしまって、\n何か喋ろうとしている愛さんを遮って胸を揉んでしまう。%K%P
口にしていると我慢ができなくなってしまって、\n何か喋ろうとしている愛さんを遮って胸を揉んでしまう。%K%P
%LC愛
%LC愛
「待って下さ……！　あぁん……！\n　そんないきなりモミモミされちゃ――はぁん……！」%K%P
「待って下さ……！　あぁん……！\n　そんないきなりモミモミされちゃ――はぁん……！」%K%P
%LC愛
%LC愛
「ふぁ……！　あっ……！　ダメですっ、んん……！\n　もう少し、ひぁ、優しく、あっ、はぁ……！」%K%P
「ふぁ……！　あっ……！　ダメですっ、んん……！\n　もう少し、ひぁ、優しく、あっ、はぁ……！」%K%P
優しく触ろうと思うのに、どうしようもなく力が入る。%K%P
優しく触ろうと思うのに、どうしようもなく力が入る。%K%P
手の平サイズなのがむしろ嬉しい。\n愛さんのおっぱいを丸ごと全部堪能できて……！%K%P
手の平サイズなのがむしろ嬉しい。\n愛さんのおっぱいを丸ごと全部堪能できて……！%K%P
%LC愛
%LC愛
「お、おちんちん、すごくビクビクして……！\n　はぁん、あぁ、エッチなおつゆ溢れ出してきて……！」%K%P
「お、おちんちん、すごくビクビクして……！\n　はぁん、あぁ、エッチなおつゆ溢れ出してきて……！」%K%P
%LC愛
%LC愛
「本当に、はぁはぁ、興奮してるんですね。\n　愛の小さいおっぱいで、こ、こんなに……」%K%P
「本当に、はぁはぁ、興奮してるんですね。\n　愛の小さいおっぱいで、こ、こんなに……」%K%P
愛さんがモジモジと身体をくねらせる。\n股間をグっとおちんちんに押しつけられて……！%K%P
愛さんがモジモジと身体をくねらせる。\n股間をグっとおちんちんに押しつけられて……！%K%P
すごく、ん、熱い……！　これ、濡れてるよね……！\nショーツがビショ濡れになるくらい感じてくれていて。%K%P
すごく、ん、熱い……！　これ、濡れてるよね……！\nショーツがビショ濡れになるくらい感じてくれていて。%K%P
%LC愛
%LC愛
「ふあぁぁ……！　握り締められると、んはぁっ！\n　ビクンってしちゃいますっ……！」%K%P
「ふあぁぁ……！　握り締められると、んはぁっ！\n　ビクンってしちゃいますっ……！」%K%P
%LC愛
%LC愛
「気持ちいい……！　あっ、んぁ……！\n　恥ずかしい声、あふぁ、で、出ちゃって……！」%K%P
「気持ちいい……！　あっ、んぁ……！\n　恥ずかしい声、あふぁ、で、出ちゃって……！」%K%P
どんどん荒くなっていく愛さんの吐息が\n尋常じゃないほど僕を昂ぶらせてくる。%K%P
どんどん荒くなっていく愛さんの吐息が\n尋常じゃないほど僕を昂ぶらせてくる。%K%P
おっぱいも張りが強くなってきて――\nそれだけ、はぁはぁ、感じてるんだ……。%K%P
おっぱいも張りが強くなってきて――\nそれだけ、はぁはぁ、感じてるんだ……。%K%P
%LC愛
%LC愛
「はぁぁぁん……！　そんなに揉み回されたら……！\n　ふぁ、んふ……！　あふぁ……！」%K%P
「はぁぁぁん……！　そんなに揉み回されたら……！\n　ふぁ、んふ……！　あふぁ……！」%K%P
%LC愛
%LC愛
「愛のおっぱい、ふぁ、気に入っちゃったんですか？\n　自分でいうのもなんですが、ひ、貧相ですのに……」%K%P
「愛のおっぱい、ふぁ、気に入っちゃったんですか？\n　自分でいうのもなんですが、ひ、貧相ですのに……」%K%P
%LC春樹
%LC春樹
「そんなことない……！　最高のおっぱいだよ……！\n　小さいからこそ、むしろ興奮しちゃうし……！」%K%P
「そんなことない……！　最高のおっぱいだよ……！\n　小さいからこそ、むしろ興奮しちゃうし……！」%K%P
%LC春樹
%LC春樹
「愛さんが僕の膝の上にすっぽりと収まってるだけでも、\n　その。すごくムラムラしてきちゃうし……！」%K%P
「愛さんが僕の膝の上にすっぽりと収まってるだけでも、\n　その。すごくムラムラしてきちゃうし……！」%K%P
%LC愛
%LC愛
「〜〜っっ！　ロリコンの思考ですね……！\n　ムラムラされるのは……嬉しいですけど……」%K%P
「〜〜っっ！　ロリコンの思考ですね……！\n　ムラムラされるのは……嬉しいですけど……」%K%P
%LC愛
%LC愛
「色々と小さいの、んふ、地味にコンプレックスでした\n　から……はぁはぁ、喜んでもらえて、その……」%K%P
「色々と小さいの、んふ、地味にコンプレックスでした\n　から……はぁはぁ、喜んでもらえて、その……」%K%P
ショーツ越しに触れる愛さんのおまんこが\nさらに熱を帯びてきているのを竿越しに感じる。%K%P
ショーツ越しに触れる愛さんのおまんこが\nさらに熱を帯びてきているのを竿越しに感じる。%K%P
小さなお胸の中心も、見てわかるくらい\n固く尖ってきていて――……！%K%P
小さなお胸の中心も、見てわかるくらい\n固く尖ってきていて――……！%K%P
%LC愛
%LC愛
「ひぃああ……！！」%K%P
「ひぃああ……！！」%K%P
軽く乳首を摘まむと、愛さんは身体を大きく弾ませた。%K%P
軽く乳首を摘まむと、愛さんは身体を大きく弾ませた。%K%P
%LC春樹
%LC春樹
「い、痛かったっ？」%K%P
「い、痛かったっ？」%K%P
%LC愛
%LC愛
「い、いえ……。身体が勝手に……。\n　そこ、はぁはぁ、気持ちよくて……」%K%P
「い、いえ……。身体が勝手に……。\n　そこ、はぁはぁ、気持ちよくて……」%K%P
そんなに感じちゃうんだ……。\n身体が跳ね上がっちゃうくらい、強く……。%K%P
そんなに感じちゃうんだ……。\n身体が跳ね上がっちゃうくらい、強く……。%K%P
それに今の愛さんの反応、\nはぁはぁ、とってもエッチくて――%K%P
それに今の愛さんの反応、\nはぁはぁ、とってもエッチくて――%K%P
%LC愛
%LC愛
「――あひぃんっ！！？」%K%P
「――あひぃんっ！！？」%K%P
気づけば僕は、愛さんの乳首をつねりあげていた。%K%P
気づけば僕は、愛さんの乳首をつねりあげていた。%K%P
%LC愛
%LC愛
「ちょっ、待っ――あぁあああんっ！！\n　それダメ、ああぁ、ダメですっ……！！」%K%P
「ちょっ、待っ――あぁあああんっ！！\n　それダメ、ああぁ、ダメですっ……！！」%K%P
%LC愛
%LC愛
「コリコリしちゃダメ、あぁ、つまんじゃダメ……！\n　ふぁあああっ……！　あぁぁあんっ……！！」%K%P
「コリコリしちゃダメ、あぁ、つまんじゃダメ……！\n　ふぁあああっ……！　あぁぁあんっ……！！」%K%P
堪えきれないとばかりに愛さんが大きな嬌声を上げる。\nはぁはぁ、みるみるうちに乳首も勃起してきて……！%K%P
堪えきれないとばかりに愛さんが大きな嬌声を上げる。\nはぁはぁ、みるみるうちに乳首も勃起してきて……！%K%P
%LC愛
%LC愛
「あっ、あっ、あっ、あっ……！！\n　乳首ばっかりダメぇ……！！　感じちゃ、あぁんっ！」%K%P
「あっ、あっ、あっ、あっ……！！\n　乳首ばっかりダメぇ……！！　感じちゃ、あぁんっ！」%K%P
%LC愛
%LC愛
「頭の中フワフワしちゃいますっ……！\n　あふあぁぁっ、ビクビクとめられな……！」%K%P
「頭の中フワフワしちゃいますっ……！\n　あふあぁぁっ、ビクビクとめられな……！」%K%P
相当感じているのか、愛さんが激しく頭を振りながら、\n僕の胸の中でビクビクビクっと跳ねるように震える。%K%P
相当感じているのか、愛さんが激しく頭を振りながら、\n僕の胸の中でビクビクビクっと跳ねるように震える。%K%P
身体に力もこもっているのか、んんんっ……！！\n太ももがおちんちんを思いっきり締め付けてきて……！！%K%P
身体に力もこもっているのか、んんんっ……！！\n太ももがおちんちんを思いっきり締め付けてきて……！！%K%P
%LC愛
%LC愛
「あはぁんっ……！　あふぁぁ……！　あぁぁ……！！\n　乳首の根元ぎゅってされるの痛気持ちいい……！」%K%P
「あはぁんっ……！　あふぁぁ……！　あぁぁ……！！\n　乳首の根元ぎゅってされるの痛気持ちいい……！」%K%P
%LC愛
%LC愛
「先っぽクリクリされると、ふぁぁぁ……！！\n　身体が蕩けるような感じがして……！！」%K%P
「先っぽクリクリされると、ふぁぁぁ……！！\n　身体が蕩けるような感じがして……！！」%K%P
愛さんが身もだえすると、\nおちんちんも激しくズリズリ扱かれる。%K%P
愛さんが身もだえすると、\nおちんちんも激しくズリズリ扱かれる。%K%P
はぁはぁ、気持ちいい……！\n余裕のなさと快感も伝わってきて興奮しちゃう……！%K%P
はぁはぁ、気持ちいい……！\n余裕のなさと快感も伝わってきて興奮しちゃう……！%K%P
%LC愛
%LC愛
「ひぃあっ！？　か、身体揺らさないで下さっ……！\n　ペニスが、ふぁっ、へ、変なところに擦れて……！！」%K%P
「ひぃあっ！？　か、身体揺らさないで下さっ……！\n　ペニスが、ふぁっ、へ、変なところに擦れて……！！」%K%P
指摘されて、腰を振ってしまっていることに気づいた。\nでも、はぁはぁ、気づいたところで止められない……！%K%P
指摘されて、腰を振ってしまっていることに気づいた。\nでも、はぁはぁ、気づいたところで止められない……！%K%P
%LC愛
%LC愛
「あぁああんっ……！　あぁっ、んはぁぁんっ……！！」%K%P
「あぁああんっ……！　あぁっ、んはぁぁんっ……！！」%K%P
%LC愛
%LC愛
「き、気持ちいい、ふぁあ……！\n　おっぱいも、はふぁ、ア、アソコも……！」%K%P
「き、気持ちいい、ふぁあ……！\n　おっぱいも、はふぁ、ア、アソコも……！」%K%P
%LC愛
%LC愛
「何も、あぁ、考えられなくなっちゃ……！\n　ふぁぁあっ、こ、こんなの初めて……！！」%K%P
「何も、あぁ、考えられなくなっちゃ……！\n　ふぁぁあっ、こ、こんなの初めて……！！」%K%P
僕の胸の中で愛さんがガクガクと震え続ける。\nそんな彼女の胸を愛撫しながら、僕も腰を振ってしまう。%K%P
僕の胸の中で愛さんがガクガクと震え続ける。\nそんな彼女の胸を愛撫しながら、僕も腰を振ってしまう。%K%P
興奮と快感で頭がボーッとしちゃって、\n悶える愛さんの姿と声しかわからなくなって。%K%P
興奮と快感で頭がボーッとしちゃって、\n悶える愛さんの姿と声しかわからなくなって。%K%P
%LC愛
%LC愛
「あぁんっ……！　はふぁっ……！\n　あっ、あっ、あっ、あぁああんっ……！」%K%P
「あぁんっ……！　はふぁっ……！\n　あっ、あっ、あっ、あぁああんっ……！」%K%P
%LC愛
%LC愛
「はぁはぁっ……！　っっ……！！」%K%P
「はぁはぁっ……！　っっ……！！」%K%P
湯気が見えそうなくらい熱い吐息をはきながら、\n愛さんが蕩けた表情で僕を上目遣いに見つめてくる。%K%P
湯気が見えそうなくらい熱い吐息をはきながら、\n愛さんが蕩けた表情で僕を上目遣いに見つめてくる。%K%P
僕が顔を近づける理由はそれだけで十分だった。%K%P
僕が顔を近づける理由はそれだけで十分だった。%K%P
%LC愛
%LC愛
「んはぁむんっ……！　んちゅっ、れろぉ、れろろぉっ！」%K%P
「んはぁむんっ……！　んちゅっ、れろぉ、れろろぉっ！」%K%P
愛さんの小さな口を丸ごと呑み込む勢いで唇を重ねる。\n彼女はすぐに応えてくれて、自然と舌まで絡めていた。%K%P
愛さんの小さな口を丸ごと呑み込む勢いで唇を重ねる。\n彼女はすぐに応えてくれて、自然と舌まで絡めていた。%K%P
%LC愛
%LC愛
「気持ちいい、んちゅっ、れろろろっ……！\n　はぁはぁっ、好きっ、好きれふっ、んちゅぅ……！」%K%P
「気持ちいい、んちゅっ、れろろろっ……！\n　はぁはぁっ、好きっ、好きれふっ、んちゅぅ……！」%K%P
%LC愛
%LC愛
「それ以外、んちゅぁ、考えられな――んんんっっ！\n　好きっ、れろっ、好きっ、好きっ……！！」%K%P
「それ以外、んちゅぁ、考えられな――んんんっっ！\n　好きっ、れろっ、好きっ、好きっ……！！」%K%P
快感で身体を震わせながらも、\n愛さんががむしゃらに顔を近づけてキスしてくれる。%K%P
快感で身体を震わせながらも、\n愛さんががむしゃらに顔を近づけてキスしてくれる。%K%P
今まで感じたことがないくらいの幸せな気持ちが\n全身を火照らせてきて、彼女の唇を離すことができない。%K%P
今まで感じたことがないくらいの幸せな気持ちが\n全身を火照らせてきて、彼女の唇を離すことができない。%K%P
%LC愛
%LC愛
「はむぅんっ、んふぅんっ……！\n　れろろっ、ぺろろっっ……！」%K%P
「はむぅんっ、んふぅんっ……！\n　れろろっ、ぺろろっっ……！」%K%P
%LC愛
%LC愛
「はぁはぁ――んちゅぅっ……！\n　んふっ、んんっ……！　れろろぉ……！！」%K%P
「はぁはぁ――んちゅぅっ……！\n　んふっ、んんっ……！　れろろぉ……！！」%K%P
熱に浮かされながら、どちらともなくお互いの唇を貪る。\n蕩けるような舌の感触が性欲をさらに後押しして――%K%P
熱に浮かされながら、どちらともなくお互いの唇を貪る。\n蕩けるような舌の感触が性欲をさらに後押しして――%K%P
%LC愛
%LC愛
「んふっ、んんんんっっ！！\n　はぁはぁ、ダメ、ああ、イ、イっちゃ……！」%K%P
「んふっ、んんんんっっ！！\n　はぁはぁ、ダメ、ああ、イ、イっちゃ……！」%K%P
%LC春樹
%LC春樹
「僕も、はぁはぁ、イきそうっ……！」%K%P
「僕も、はぁはぁ、イきそうっ……！」%K%P
%LC愛
%LC愛
「えへっ、えへへへっ、んちゅっ……！\n　一緒に、でしたら一緒にイきましょう……！」%K%P
「えへっ、えへへへっ、んちゅっ……！\n　一緒に、でしたら一緒にイきましょう……！」%K%P
%LC愛
%LC愛
「キスしながら、んふぅんっ、イきたいですっ……！\n　このまま、んちゅっ、ちゅぁ、つながったまま……！」%K%P
「キスしながら、んふぅんっ、イきたいですっ……！\n　このまま、んちゅっ、ちゅぁ、つながったまま……！」%K%P
必死に唇を押しつけてきてくれながら、\n最高に嬉しいことを愛さんが言ってきてくれる。%K%P
必死に唇を押しつけてきてくれながら、\n最高に嬉しいことを愛さんが言ってきてくれる。%K%P
だからこそ愛さんをもっと感じさせたくて、\nさらに彼女の唇を貪り、乳首をつねりあげていく――%K%P
だからこそ愛さんをもっと感じさせたくて、\nさらに彼女の唇を貪り、乳首をつねりあげていく――%K%P
%LC愛
%LC愛
「〜〜っっ！！！　んふっ、ん゛んんんっっ！！」%K%P
「〜〜っっ！！！　んふっ、ん゛んんんっっ！！」%K%P
%LC愛
%LC愛
「んれろろろっっ！！　れろっ、れろろぉっ！！\n　はぁはぁはぁはぁっ、んはぁっ、ふぁぁぁ……！！」%K%P
「んれろろろっっ！！　れろっ、れろろぉっ！！\n　はぁはぁはぁはぁっ、んはぁっ、ふぁぁぁ……！！」%K%P
舌を絡める余裕もないほど感じてるみたいだ……！\nけど太ももにはむしろギュウギュウに力がこもって……！%K%P
舌を絡める余裕もないほど感じてるみたいだ……！\nけど太ももにはむしろギュウギュウに力がこもって……！%K%P
%LC愛
%LC愛
「も、ダメ……！　イ、イくっ、んんんっっ……！\n　はふぁっ、んはぁっ、はぁはぁはぁはぁっっ……！！」%K%P
「も、ダメ……！　イ、イくっ、んんんっっ……！\n　はふぁっ、んはぁっ、はぁはぁはぁはぁっっ……！！」%K%P
%LC愛
%LC愛
「はぁは――んちゅぅんっっ！！？\n　んふっ、んんっ、れろろっ、れろれろぉっっ！！」%K%P
「はぁは――んちゅぅんっっ！！？\n　んふっ、んんっ、れろろっ、れろれろぉっっ！！」%K%P
力の抜けきった彼女の唇を奪って、\nなりふり構わず舌を絡ませる。%K%P
力の抜けきった彼女の唇を奪って、\nなりふり構わず舌を絡ませる。%K%P
蕩けきった脳の代わりに、\n愛さんへの好意が僕を突き動かしていく――%K%P
蕩けきった脳の代わりに、\n愛さんへの好意が僕を突き動かしていく――%K%P
%LC愛
%LC愛
「んちゅぁっ、んはぁっ……！\n　す、好きっ、ああぁ、好きです、好きぃ……！！」%K%P
「んちゅぁっ、んはぁっ……！\n　す、好きっ、ああぁ、好きです、好きぃ……！！」%K%P
%LC春樹
%LC春樹
「僕もっ、ちゅぁ、好きだっ……！\n　愛さんのことが、んんっ、好きだっっ……！！」%K%P
「僕もっ、ちゅぁ、好きだっ……！\n　愛さんのことが、んんっ、好きだっっ……！！」%K%P
%LC愛
%LC愛
「〜〜〜〜っっ！！　んちゅぅぅっっ……！！\n　んちゅっ、ちゅぁっ、ちゅちゅっ、れろろっっ……！！」%K%P
「〜〜〜〜っっ！！　んちゅぅぅっっ……！！\n　んちゅっ、ちゅぁっ、ちゅちゅっ、れろろっっ……！！」%K%P
最後の力を振り絞るように愛さんが\n小さな身体を必死に伸ばして一心不乱に口づけてくれる。%K%P
最後の力を振り絞るように愛さんが\n小さな身体を必死に伸ばして一心不乱に口づけてくれる。%K%P
はぁはぁ、気持ちいい、幸せだ……！\n愛さんが愛おしすぎてたまらないっ……！！%K%P
はぁはぁ、気持ちいい、幸せだ……！\n愛さんが愛おしすぎてたまらないっ……！！%K%P
%LC愛
%LC愛
「ふぁぁああっっ！！　乳首きもちい――イくっ！！\n　んんんんっっ、イくイくイくぅぅっっ……！！」%K%P
「ふぁぁああっっ！！　乳首きもちい――イくっ！！\n　んんんんっっ、イくイくイくぅぅっっ……！！」%K%P
%LC愛
%LC愛
「キスっ、キスしてっ、あああっ、\n　思いっきりキスしてくださっ……！！」%K%P
「キスっ、キスしてっ、あああっ、\n　思いっきりキスしてくださっ……！！」%K%P
%LC愛
%LC愛
「愛を食べてっ、んぁぁあっ……！！\n　食べちゃうくらい、ふぁぁ、愛してっ……！！」%K%P
「愛を食べてっ、んぁぁあっ……！！\n　食べちゃうくらい、ふぁぁ、愛してっ……！！」%K%P
おちんちんが今にも爆発しそうなくらい膨れあがる。\n愛さんの小さな身体が張り裂けそうなくらい跳ね上がる。%K%P
おちんちんが今にも爆発しそうなくらい膨れあがる。\n愛さんの小さな身体が張り裂けそうなくらい跳ね上がる。%K%P
%LC愛
%LC愛
「――んちゅぅっ！！　んふっ、んっ、んっ、んっ！！\n　れろろぉっ、はぁはぁ、れろっ、れろろっ、ぺろろっ！」%K%P
「――んちゅぅっ！！　んふっ、んっ、んっ、んっ！！\n　れろろぉっ、はぁはぁ、れろっ、れろろっ、ぺろろっ！」%K%P
力いっぱい彼女を抱きしめながら唇を貪る。\n性欲と恋情のままに愛さんの小さな乳首をつねりあげる。%K%P
力いっぱい彼女を抱きしめながら唇を貪る。\n性欲と恋情のままに愛さんの小さな乳首をつねりあげる。%K%P
%LC愛
%LC愛
「んふっ！　んんんっ！　んちゅぁっ、んはぁぁっ！！」%K%P
「んふっ！　んんんっ！　んちゅぁっ、んはぁぁっ！！」%K%P
%LC愛
%LC愛
「イきゅっ、はふぁ、イきゅイきゅイきゅっっ……！！」%K%P
「イきゅっ、はふぁ、イきゅイきゅイきゅっっ……！！」%K%P
%LC愛
%LC愛
「もっひょ押しつけっ、唇押しつけへっ……！！\n　んふぁぁっ――んはぁむっ、れろろっ、れろろっっ！！」%K%P
「もっひょ押しつけっ、唇押しつけへっ……！！\n　んふぁぁっ――んはぁむっ、れろろっ、れろろっっ！！」%K%P
そして、二人揃って身体を強ばらせた――次の瞬間。%K%P
そして、二人揃って身体を強ばらせた――次の瞬間。%K%P
%LC愛
%LC愛
「ん゛ふっ、ん゛んっっ！！\n　ん゛んんんんんんんんんっっっ〜〜！！！！」%K%P
「ん゛ふっ、ん゛んっっ！！\n　ん゛んんんんんんんんんっっっ〜〜！！！！」%K%P
溜まりに溜まった快感をぶちまけるように、\n僕たちは二人揃って激しく絶頂した。%K%P
溜まりに溜まった快感をぶちまけるように、\n僕たちは二人揃って激しく絶頂した。%K%P
%LC愛
%LC愛
「ぷはっ……！　はぁ、はぁ、はぁ、はぁ……！！」%K%P
「ぷはっ……！　はぁ、はぁ、はぁ、はぁ……！！」%K%P
%LC愛
%LC愛
「ダ、ダメです……。身体のビクビク、んはぁ……！\n　全然収まりません…………」%K%P
「ダ、ダメです……。身体のビクビク、んはぁ……！\n　全然収まりません…………」%K%P
%LC春樹
%LC春樹
「はぁはぁ……！　僕も、はぁはぁ……」%K%P
「はぁはぁ……！　僕も、はぁはぁ……」%K%P
唇を離したまま、蕩けきった表情で見つめ合う。%K%P
唇を離したまま、蕩けきった表情で見つめ合う。%K%P
愛さんの綺麗な顔と身体は、\n僕の精液で真っ白に染まっていた。%K%P
愛さんの綺麗な顔と身体は、\n僕の精液で真っ白に染まっていた。%K%P
%LC愛
%LC愛
「この間よりも……えへへ。いっぱい出てますよね……。\n　顔にまで、はぁはぁ、ビュービューきて……」%K%P
「この間よりも……えへへ。いっぱい出てますよね……。\n　顔にまで、はぁはぁ、ビュービューきて……」%K%P
%LC春樹
%LC春樹
「当たり前だよ……。はぁはぁ……。前とは違うもん。\n　今日は恋人として、エッチしてるんだから……」%K%P
「当たり前だよ……。はぁはぁ……。前とは違うもん。\n　今日は恋人として、エッチしてるんだから……」%K%P
%LC愛
%LC愛
「恋人……はぁはぁ、えへへ……」%K%P
「恋人……はぁはぁ、えへへ……」%K%P
愛さんが恥ずかしそうに、\nけれど嬉しそうに微笑んでくれる。%K%P
愛さんが恥ずかしそうに、\nけれど嬉しそうに微笑んでくれる。%K%P
その顔を見ているだけでも、\n再びおちんちんが熱く硬くなった。%K%P
その顔を見ているだけでも、\n再びおちんちんが熱く硬くなった。%K%P
%LC愛
%LC愛
「愛も……この前とは全然違います……。\n　すごく、はぁはぁ、興奮していて……」%K%P
「愛も……この前とは全然違います……。\n　すごく、はぁはぁ、興奮していて……」%K%P
%LC愛
%LC愛
「とてもあなたが愛おしくて……。\n　何をされても気持ちよくって……」%K%P
「とてもあなたが愛おしくて……。\n　何をされても気持ちよくって……」%K%P
%LC愛
%LC愛
「これが……ふふふ。『愛』なのでしょうか……。\n　不思議な心地です……」%K%P
「これが……ふふふ。『愛』なのでしょうか……。\n　不思議な心地です……」%K%P
荒い呼吸を繰り返しながら、\n愛さんが上目遣いに僕を見つめてきてくれる。%K%P
荒い呼吸を繰り返しながら、\n愛さんが上目遣いに僕を見つめてきてくれる。%K%P
今まで感じたことのないほどの性欲が膨らんできて、\nもっともっと愛さんと愛し合いたくて堪らなくなる。%K%P
今まで感じたことのないほどの性欲が膨らんできて、\nもっともっと愛さんと愛し合いたくて堪らなくなる。%K%P
%LC愛
%LC愛
「……いいですよ？　続き……して下さい」%K%P
「……いいですよ？　続き……して下さい」%K%P
%LC愛
%LC愛
「もっともっと……知りたいんです。\n　この気持ちのコト……。『愛』のコト……」%K%P
「もっともっと……知りたいんです。\n　この気持ちのコト……。『愛』のコト……」%K%P
%LC愛
%LC愛
「愛の恋人の……コト」%K%P
「愛の恋人の……コト」%K%P
愛さんがグっと僕にもたれかかってくる。\n触れた肌から、彼女のぬくもりが強く伝わってきた。%K%P
愛さんがグっと僕にもたれかかってくる。\n触れた肌から、彼女のぬくもりが強く伝わってきた。%K%P
%LC春樹
%LC春樹
「僕も知りたい……。愛さんのコト……。\n　僕の恋人のコトをもっともっとよく知りたい」%K%P
「僕も知りたい……。愛さんのコト……。\n　僕の恋人のコトをもっともっとよく知りたい」%K%P
%LC春樹
%LC春樹
「もっともっと……愛さんと愛し合いたい」%K%P
「もっともっと……愛さんと愛し合いたい」%K%P
%LC愛
%LC愛
「えへへ……喜んで」%K%P
「えへへ……喜んで」%K%P
愛さんが身体を翻して、僕に抱きついてくる。\nそして服のボタンを一つずつ外し始めてくれた。%K%P
愛さんが身体を翻して、僕に抱きついてくる。\nそして服のボタンを一つずつ外し始めてくれた。%K%P
僕も同じように彼女の服を脱がしていって\n――お互いに一糸まとわぬ姿になる。%K%P
僕も同じように彼女の服を脱がしていって\n――お互いに一糸まとわぬ姿になる。%K%P
%LC愛
%LC愛
「あ……」%K%P
「あ……」%K%P
そのまま愛さんをそっと持ち上げて、\nベッドへ寝転がらせる。%K%P
そのまま愛さんをそっと持ち上げて、\nベッドへ寝転がらせる。%K%P
そんな僕を彼女は嬉しそうにただ受け入れてくれた。%K%P
そんな僕を彼女は嬉しそうにただ受け入れてくれた。%K%P
