%LC愛
%LC愛
「……なんですか、これ。\n　思い切り勃起しているじゃないですか」%K%P
「……なんですか、これ。\n　思い切り勃起しているじゃないですか」%K%P
%LC蛍
%LC蛍
「〜〜っっ！！　み、見ないで、お願いだから……！」%K%P
「〜〜っっ！！　み、見ないで、お願いだから……！」%K%P
フル勃起している僕のイチモツを眺めながら、\n愛さんが僕の顔を責めるようにチラ見してくる。%K%P
フル勃起している僕のイチモツを眺めながら、\n愛さんが僕の顔を責めるようにチラ見してくる。%K%P
%LC愛
%LC愛
「本当に煩悩まみれのお方ですね……。\n　真剣な話をしている間もずっと勃たせていたのですか？」%K%P
「本当に煩悩まみれのお方ですね……。\n　真剣な話をしている間もずっと勃たせていたのですか？」%K%P
%LC蛍
%LC蛍
「違うよ……！　愛さんが押し倒してくるから……！\n　ついさっきまでは小さいままで……！」%K%P
「違うよ……！　愛さんが押し倒してくるから……！\n　ついさっきまでは小さいままで……！」%K%P
%LC愛
%LC愛
「でしたらなお問題ですね。愛に押し倒された程度で、\n　こんなにも勃起してしまうのですから」%K%P
「でしたらなお問題ですね。愛に押し倒された程度で、\n　こんなにも勃起してしまうのですから」%K%P
%LC蛍
%LC蛍
「ひぃあ……！？」%K%P
「ひぃあ……！？」%K%P
愛さんが、すすすと軽く竿を手の平で扱いてくる。\nそれだけで身体が軽く浮き上がってしまった。%K%P
愛さんが、すすすと軽く竿を手の平で扱いてくる。\nそれだけで身体が軽く浮き上がってしまった。%K%P
%LC愛
%LC愛
「少し触れただけですよ？\n　感じすぎではありませんか？」%K%P
「少し触れただけですよ？\n　感じすぎではありませんか？」%K%P
%LC蛍
%LC蛍
「だって、そんなところ触られたの初めてで……！\n　もうやめて……！　お、お願いだから……！」%K%P
「だって、そんなところ触られたの初めてで……！\n　もうやめて……！　お、お願いだから……！」%K%P
%LC愛
%LC愛
「そう仰る割には……ふふふ。\n　嬉しそうにビクビクさせているではありませんか」%K%P
「そう仰る割には……ふふふ。\n　嬉しそうにビクビクさせているではありませんか」%K%P
%LC愛
%LC愛
「わかってはいましたけどマゾ気質なのですね？\n　恥部を見られているだけでも興奮しているのですか？」%K%P
「わかってはいましたけどマゾ気質なのですね？\n　恥部を見られているだけでも興奮しているのですか？」%K%P
%LC蛍
%LC蛍
「僕はそんなんじゃ――ひゃんっ！？」%K%P
「僕はそんなんじゃ――ひゃんっ！？」%K%P
%LC愛
%LC愛
「『僕』ではありません。『わたし』と仰って下さい。\n　蛍様のご格好をされているのですから」%K%P
「『僕』ではありません。『わたし』と仰って下さい。\n　蛍様のご格好をされているのですから」%K%P
つい素になって応えてしまっていた僕を咎めるように、\n愛さんがぎゅっとおちんちんを握ってくる。%K%P
つい素になって応えてしまっていた僕を咎めるように、\n愛さんがぎゅっとおちんちんを握ってくる。%K%P
わ、忘れてた……！　この人、んんっ……！\nドＳもドＳだった……！%K%P
わ、忘れてた……！　この人、んんっ……！\nドＳもドＳだった……！%K%P
%LC愛
%LC愛
「というか……『僕』？　ふふ、なるほどなるほど。\n　ずっと格好を付けていたのですね？」%K%P
「というか……『僕』？　ふふ、なるほどなるほど。\n　ずっと格好を付けていたのですね？」%K%P
%LC愛
%LC愛
「涙ぐましい努力をなさっているではありませんか。\n　似合わない口調で喋られているとは思っていたんです」%K%P
「涙ぐましい努力をなさっているではありませんか。\n　似合わない口調で喋られているとは思っていたんです」%K%P
%LC蛍
%LC蛍
「に、似合わないって。僕なりに\n　清佳ちゃんと釣り合うような男になろうと――」%K%P
「に、似合わないって。僕なりに\n　清佳ちゃんと釣り合うような男になろうと――」%K%P
%LC愛
%LC愛
「ですから、『わたし』でしょう？」%K%P
「ですから、『わたし』でしょう？」%K%P
%LC蛍
%LC蛍
「ふぁっ……！？　あっ……！」%K%P
「ふぁっ……！？　あっ……！」%K%P
竿の根元から先端まで、ゆっくりと擦り上げられる。\n小さな手の平の感触が逆にこそばゆくて……！！%K%P
竿の根元から先端まで、ゆっくりと擦り上げられる。\n小さな手の平の感触が逆にこそばゆくて……！！%K%P
%LC愛
%LC愛
「ふふふ。感じた時の反応は女の子らしいですよ？\n　愛も思いの外、楽しく作業できる気がしてきました」%K%P
「ふふふ。感じた時の反応は女の子らしいですよ？\n　愛も思いの外、楽しく作業できる気がしてきました」%K%P
%LC蛍
%LC蛍
「作業って……！　ふぁ、あ……！\n　ぼ――わ、わたしのおちんちんをなんだと思って……！」%K%P
「作業って……！　ふぁ、あ……！\n　ぼ――わ、わたしのおちんちんをなんだと思って……！」%K%P
%LC愛
%LC愛
「よく言い換えられました。ふふ。ご褒美です」%K%P
「よく言い換えられました。ふふ。ご褒美です」%K%P
%LC蛍
%LC蛍
「ひぃあっ……！？　あふ、んっ……！\n　ダメ、あっ、そんなに扱かないで……！」%K%P
「ひぃあっ……！？　あふ、んっ……！\n　ダメ、あっ、そんなに扱かないで……！」%K%P
小さな手をめいっぱいに広げて、\n愛さんが竿を扱き上げてくる。%K%P
小さな手をめいっぱいに広げて、\n愛さんが竿を扱き上げてくる。%K%P
ただ扱くだけじゃなくて、\nふぁ、おちんちんを揉みあげてきて……！%K%P
ただ扱くだけじゃなくて、\nふぁ、おちんちんを揉みあげてきて……！%K%P
%LC愛
%LC愛
「先っぽから、ふふ、スケベなおつゆが溢れてますよ？\n　愛の手、ベトベトにされちゃっています」%K%P
「先っぽから、ふふ、スケベなおつゆが溢れてますよ？\n　愛の手、ベトベトにされちゃっています」%K%P
%LC愛
%LC愛
「今にも射精してしまいそうなくらい脈打っていますし。\n　これは相当溜まっているのではありませんか？」%K%P
「今にも射精してしまいそうなくらい脈打っていますし。\n　これは相当溜まっているのではありませんか？」%K%P
%LC蛍
%LC蛍
「あっ……！　んっ……！　んはぁ……！\n　やめっ、本当に、あぁ、やめてぇ……！」%K%P
「あっ……！　んっ……！　んはぁ……！\n　やめっ、本当に、あぁ、やめてぇ……！」%K%P
自分で触るのと全然違う……！\n全身がゾワゾワして、身体の力が抜けてきて……！%K%P
自分で触るのと全然違う……！\n全身がゾワゾワして、身体の力が抜けてきて……！%K%P
%LC蛍
%LC蛍
「どうして、あっ、そんなに手慣れてるの……！\n　も、もしかして愛さん、ふぁ……！」%K%P
「どうして、あっ、そんなに手慣れてるの……！\n　も、もしかして愛さん、ふぁ……！」%K%P
%LC愛
%LC愛
「人をビッチ呼ばわりしないで下さい。\n　あなたが淫乱なだけではありませんか？」%K%P
「人をビッチ呼ばわりしないで下さい。\n　あなたが淫乱なだけではありませんか？」%K%P
%LC愛
%LC愛
「これでも愛は実際にペニスを見たのも触れたのも初めて\n　です。このような時のために勉強はしておりましたが」%K%P
「これでも愛は実際にペニスを見たのも触れたのも初めて\n　です。このような時のために勉強はしておりましたが」%K%P
%LC愛
%LC愛
「ですが……ふふ。想像以上に興奮しますね、これ。\n　あなたが良い反応をしてくれるからかもしれませんが」%K%P
「ですが……ふふ。想像以上に興奮しますね、これ。\n　あなたが良い反応をしてくれるからかもしれませんが」%K%P
%LC蛍
%LC蛍
「ひぃぁぁ……！　あふっ、んはぁ……！」%K%P
「ひぃぁぁ……！　あふっ、んはぁ……！」%K%P
感じる僕の姿を見て愉しんでいるのか、\n愛さんがおちんちんをこねくり回してくる。%K%P
感じる僕の姿を見て愉しんでいるのか、\n愛さんがおちんちんをこねくり回してくる。%K%P
扱いたり、摩ったり、先端をクリクリされたりして――\n――ふあぁぁっ、頭がビリビリしちゃ……！%K%P
扱いたり、摩ったり、先端をクリクリされたりして――\n――ふあぁぁっ、頭がビリビリしちゃ……！%K%P
%LC愛
%LC愛
「んんっ……！　一段とペニスがビクビクしてきました。\n　もしかして、もうイきそうなんですか？」%K%P
「んんっ……！　一段とペニスがビクビクしてきました。\n　もしかして、もうイきそうなんですか？」%K%P
%LC蛍
%LC蛍
「い、言わないでっ……！\n　もういいからっ、あとは自分でっ、自分でさせて……！」%K%P
「い、言わないでっ……！\n　もういいからっ、あとは自分でっ、自分でさせて……！」%K%P
%LC蛍
%LC蛍
「恥ずかしすぎて死んじゃうっ……！\n　お願いっ、はぁはぁっ、お願いだからぁ……！」%K%P
「恥ずかしすぎて死んじゃうっ……！\n　お願いっ、はぁはぁっ、お願いだからぁ……！」%K%P
込み上がってくる射精感を必死に我慢しながら訴える。%K%P
込み上がってくる射精感を必死に我慢しながら訴える。%K%P
%LC愛
%LC愛
「わかりました」%K%P
「わかりました」%K%P
%LC蛍
%LC蛍
「ホ、ホント……？　はぁはぁ、ありが――」%K%P
「ホ、ホント……？　はぁはぁ、ありが――」%K%P
%LC愛
%LC愛
「――羞恥心で、死んでしまって下さい？」%K%P
「――羞恥心で、死んでしまって下さい？」%K%P
%LC蛍
%LC蛍
「んひぃぃんっっ！！？」%K%P
「んひぃぃんっっ！！？」%K%P
今までとは比べものにならないほど、\n愛さんが激しくおちんちんを扱いてくる。%K%P
今までとは比べものにならないほど、\n愛さんが激しくおちんちんを扱いてくる。%K%P
一瞬、気を抜かされたせいで、\n刺激がモロに伝わってきて――%K%P
一瞬、気を抜かされたせいで、\n刺激がモロに伝わってきて――%K%P
%LC蛍
%LC蛍
「あっ、あっ、あっ、あっ……！！\n　ダメっ、あああっ、やめてっ、愛さっ、やめ……！！」%K%P
「あっ、あっ、あっ、あっ……！！\n　ダメっ、あああっ、やめてっ、愛さっ、やめ……！！」%K%P
%LC愛
%LC愛
「お断りします。こんなことをできる機会なんて、\n　ふふ、そうありませんし。格好の練習台です」%K%P
「お断りします。こんなことをできる機会なんて、\n　ふふ、そうありませんし。格好の練習台です」%K%P
%LC蛍
%LC蛍
「れ、練習って――あぁあっ……！\n　あふ、んぁ、あぁぁあっっ……！！」%K%P
「れ、練習って――あぁあっ……！\n　あふ、んぁ、あぁぁあっっ……！！」%K%P
%LC愛
%LC愛
「使用人たる者どのようなことでも\n　完璧にこなさなくてはいけませんからね」%K%P
「使用人たる者どのようなことでも\n　完璧にこなさなくてはいけませんからね」%K%P
%LC愛
%LC愛
「愛が今まで身につけてきた教養が、ふふ、\n　どのくらい通用するのか実戦させて頂きます」%K%P
「愛が今まで身につけてきた教養が、ふふ、\n　どのくらい通用するのか実戦させて頂きます」%K%P
%LC蛍
%LC蛍
「あっ……！　あああっ……！！　ふぁぁぁ……！！！」%K%P
「あっ……！　あああっ……！！　ふぁぁぁ……！！！」%K%P
絶妙の圧迫感でおちんちんが擦り上げられていく。\n我慢汁でヌルヌルになった手の平が、んぁ、気持ちいっ。%K%P
絶妙の圧迫感でおちんちんが擦り上げられていく。\n我慢汁でヌルヌルになった手の平が、んぁ、気持ちいっ。%K%P
%LC愛
%LC愛
「先っぽが特に感じてしまうのですよね？\n　こうして、んん、ズリズリするとどうなりますかっ？」%K%P
「先っぽが特に感じてしまうのですよね？\n　こうして、んん、ズリズリするとどうなりますかっ？」%K%P
%LC蛍
%LC蛍
「ひぃあぁああんんっっ〜〜！！！\n　それダメっ、あああっ、ダメっ、ダメぇっ！！」%K%P
「ひぃあぁああんんっっ〜〜！！！\n　それダメっ、あああっ、ダメっ、ダメぇっ！！」%K%P
手の平を亀頭に被せられて、\n強く押しつぶされながらズリ擦られる。%K%P
手の平を亀頭に被せられて、\n強く押しつぶされながらズリ擦られる。%K%P
尿道が刺激されると腰が飛び跳ねるくらい、\nあああっ、ビクンてしちゃってっ……！！%K%P
尿道が刺激されると腰が飛び跳ねるくらい、\nあああっ、ビクンてしちゃってっ……！！%K%P
%LC愛
%LC愛
「ふふ、ここですね？　おしっこ出すところが\n　感じるのですか？　でしたら、ほらっ、ほらっ」%K%P
「ふふ、ここですね？　おしっこ出すところが\n　感じるのですか？　でしたら、ほらっ、ほらっ」%K%P
%LC蛍
%LC蛍
「あっ、あっ、あっ、あっ……！！\n　ホントにダメ、ああああっ、イっちゃ、あぁあっ！！」%K%P
「あっ、あっ、あっ、あっ……！！\n　ホントにダメ、ああああっ、イっちゃ、あぁあっ！！」%K%P
%LC愛
%LC愛
「はぁはぁっ、すごいです……！\n　ペニスがパンパンに膨れあがってきて……！\n　精子が溜まってきてるのがわかります……！」%K%P
「はぁはぁっ、すごいです……！\n　ペニスがパンパンに膨れあがってきて……！\n　精子が溜まってきてるのがわかります……！」%K%P
%LC愛
%LC愛
「今にも噴きだしてきそうですっ……！\n　愛まで、ふふっ、興奮してきましたっ……！！」%K%P
「今にも噴きだしてきそうですっ……！\n　愛まで、ふふっ、興奮してきましたっ……！！」%K%P
腰のビクビクが止まらない……！\n気持ちよすぎて、口が閉じられなくてっ……！！%K%P
腰のビクビクが止まらない……！\n気持ちよすぎて、口が閉じられなくてっ……！！%K%P
%LC蛍
%LC蛍
「ふぁぁぁっっ……！！　もうダメっ……！！\n　あああっ、出るっ、イくっっ……！！」%K%P
「ふぁぁぁっっ……！！　もうダメっ……！！\n　あああっ、出るっ、イくっっ……！！」%K%P
%LC愛
%LC愛
「はぁはぁっ、いいですよっ？\n　射精して下さいっ。見ていてあげますからっ」%K%P
「はぁはぁっ、いいですよっ？\n　射精して下さいっ。見ていてあげますからっ」%K%P
%LC蛍
%LC蛍
「ヤダっ、あああっ、見ないでっ……。\n　お願いっ、んぁあっ、見ないでぇ……」%K%P
「ヤダっ、あああっ、見ないでっ……。\n　お願いっ、んぁあっ、見ないでぇ……」%K%P
感じすぎて声すら上手く出せない。\nんぁぁ、気持ちいいっ、我慢できないっ……！%K%P
感じすぎて声すら上手く出せない。\nんぁぁ、気持ちいいっ、我慢できないっ……！%K%P
%LC蛍
%LC蛍
「ふぁっ、あっ、あっ、あっ……！！」%K%P
「ふぁっ、あっ、あっ、あっ……！！」%K%P
%LC蛍
%LC蛍
「ダメっ、もう無理っ、あああっ、イくっ……！！\n　イくっ、イくイくイくぅぅっっ〜〜！！！」%K%P
「ダメっ、もう無理っ、あああっ、イくっ……！！\n　イくっ、イくイくイくぅぅっっ〜〜！！！」%K%P
そして、トドメとばかりに\n愛さんが思いっきりおちんちんを扱き上げた瞬間――%K%P
そして、トドメとばかりに\n愛さんが思いっきりおちんちんを扱き上げた瞬間――%K%P
%LC蛍
%LC蛍
「ふあぁあああっっ！！　ああああっっ！！\n　んぁぁああああああああっっ〜〜！！！！」%K%P
「ふあぁあああっっ！！　ああああっっ！！\n　んぁぁああああああああっっ〜〜！！！！」%K%P
今まで感じたことのない快感と共に、\nビュルルルルルルルルル――と精子が噴き出す。%K%P
今まで感じたことのない快感と共に、\nビュルルルルルルルルル――と精子が噴き出す。%K%P
頭の中が真っ白になって、\n気持ちいいことしかわからない。%K%P
頭の中が真っ白になって、\n気持ちいいことしかわからない。%K%P
%LC蛍
%LC蛍
「んふぁ……！　はぁっ……！　はぁっ……！\n　んぁぁ……！　はぁっ、はぁっ……！」%K%P
「んふぁ……！　はぁっ……！　はぁっ……！\n　んぁぁ……！　はぁっ、はぁっ……！」%K%P
%LC愛
%LC愛
「んんっ……！　愛の顔がドロドロです……。\n　どれだけ溜め込んでいらっしゃったのですか」%K%P
「んんっ……！　愛の顔がドロドロです……。\n　どれだけ溜め込んでいらっしゃったのですか」%K%P
%LC愛
%LC愛
「ですが……ふふ。実に可愛らしいお顔とお声で\n　絶頂されるのですね？　女装が板に付いておられますよ」%K%P
「ですが……ふふ。実に可愛らしいお顔とお声で\n　絶頂されるのですね？　女装が板に付いておられますよ」%K%P
皮肉交じりに愛さんがなじってくるけれど、\n何も応えられない。息が、上がっちゃって……。%K%P
皮肉交じりに愛さんがなじってくるけれど、\n何も応えられない。息が、上がっちゃって……。%K%P
%LC愛
%LC愛
「とはいえ……身体の方は可愛い見た目と裏腹に、\n　逞しいばかりのようですが」%K%P
「とはいえ……身体の方は可愛い見た目と裏腹に、\n　逞しいばかりのようですが」%K%P
%LC蛍
%LC蛍
「ふぁっ……！！？」%K%P
「ふぁっ……！！？」%K%P
%LC愛
%LC愛
「これほど出したのに、まだ勃起したままなんて……。\n　脳みその大半が性欲でできているのではないですか？」%K%P
「これほど出したのに、まだ勃起したままなんて……。\n　脳みその大半が性欲でできているのではないですか？」%K%P
精子で手が汚れるのもいとわずに、\n愛さんが竿を再び扱いてくる。%K%P
精子で手が汚れるのもいとわずに、\n愛さんが竿を再び扱いてくる。%K%P
射精したばっかりで敏感なのに……！%K%P
射精したばっかりで敏感なのに……！%K%P
%LC愛
%LC愛
「これではまだまだ終われそうにありませんね。\n　あと何発射精させれば良いことやらです」%K%P
「これではまだまだ終われそうにありませんね。\n　あと何発射精させれば良いことやらです」%K%P
%LC蛍
%LC蛍
「も、もう十分だよ、もうやめて……！」%K%P
「も、もう十分だよ、もうやめて……！」%K%P
%LC愛
%LC愛
「精巣を空っぽにすると言ったでしょう？\n　たっぷり残っておられるじゃないですか」%K%P
「精巣を空っぽにすると言ったでしょう？\n　たっぷり残っておられるじゃないですか」%K%P
悪戯っぽく笑ってくる愛さんの顔を見て、\n少しずつ思考能力が戻ってくる。%K%P
悪戯っぽく笑ってくる愛さんの顔を見て、\n少しずつ思考能力が戻ってくる。%K%P
同時に、射精させられたことへの羞恥心が\n津波のように襲いかかってきて――%K%P
同時に、射精させられたことへの羞恥心が\n津波のように襲いかかってきて――%K%P
%LC蛍
%LC蛍
「後は自分でする……！　空っぽになるくらい、\n　はぁはぁ、自分でオナニーするからっ……！」%K%P
「後は自分でする……！　空っぽになるくらい、\n　はぁはぁ、自分でオナニーするからっ……！」%K%P
%LC蛍
%LC蛍
「だからお願い……！　お願いしますっ……！！\n　もう僕のおちんちん、弄らないで下さい……！！」%K%P
「だからお願い……！　お願いしますっ……！！\n　もう僕のおちんちん、弄らないで下さい……！！」%K%P
愛さんを押し返そうとするけれど身体に力が入らない。\n必死に訴えるけれど、愛さんは首を横に振って――%K%P
愛さんを押し返そうとするけれど身体に力が入らない。\n必死に訴えるけれど、愛さんは首を横に振って――%K%P
%LC愛
%LC愛
「ですから、『わたし』です。\n　……やっぱりまだまだ躾が必要ですね？」%K%P
「ですから、『わたし』です。\n　……やっぱりまだまだ躾が必要ですね？」%K%P
%LC蛍
%LC蛍
「ふぁぁぁ……！！」%K%P
「ふぁぁぁ……！！」%K%P
ダメなペットを躾けるように、\n愛さんがおちんちんを苛めてくる。%K%P
ダメなペットを躾けるように、\n愛さんがおちんちんを苛めてくる。%K%P
嫌なのに、恥ずかしいのに……！\nなのに、どうして――%K%P
嫌なのに、恥ずかしいのに……！\nなのに、どうして――%K%P
%LC愛
%LC愛
「……はて。ふふ、さっきよりも元気になってますよ？\n　本当に、苛められるのがお好きなのですね？」%K%P
「……はて。ふふ、さっきよりも元気になってますよ？\n　本当に、苛められるのがお好きなのですね？」%K%P
%LC蛍
%LC蛍
「はぁはぁ……！　ち、違う……！　違うぅ……！！」%K%P
「はぁはぁ……！　ち、違う……！　違うぅ……！！」%K%P
息を絶え絶えに反論するけれど、\n僕の意志とは真逆におちんちんが勃起してしまう。%K%P
息を絶え絶えに反論するけれど、\n僕の意志とは真逆におちんちんが勃起してしまう。%K%P
それを愛さんにじっと観察されていると思うと、\n身体がさらに火照ってしまって――%K%P
それを愛さんにじっと観察されていると思うと、\n身体がさらに火照ってしまって――%K%P
%LC愛
%LC愛
「ふふ。実に愛の加虐心を煽ってこられるお方ですね。\n　愉しい――いえ、いたぶり甲斐がありすぎます」%K%P
「ふふ。実に愛の加虐心を煽ってこられるお方ですね。\n　愉しい――いえ、いたぶり甲斐がありすぎます」%K%P
%LC愛
%LC愛
「いいでしょう。愛もそこまでするつもりはありません\n　でしたが……乗りかかった船です」%K%P
「いいでしょう。愛もそこまでするつもりはありません\n　でしたが……乗りかかった船です」%K%P
すると、愛さんは小さなお口をめいっぱい開いて――%K%P
すると、愛さんは小さなお口をめいっぱい開いて――%K%P
%LC愛
%LC愛
「はむ……！」%K%P
「はむ……！」%K%P
%LC蛍
%LC蛍
「はふぁぁああっっ……！？」%K%P
「はふぁぁああっっ……！？」%K%P
%LC愛
%LC愛
「じゅぶっ、ぢゅぷっ……！\n　ん、マズ……。苦いれふね……」%K%P
「じゅぶっ、ぢゅぷっ……！\n　ん、マズ……。苦いれふね……」%K%P
%LC蛍
%LC蛍
「な、何してるのっ……！！\n　そんな汚いところ咥えないでっ……！！」%K%P
「な、何してるのっ……！！\n　そんな汚いところ咥えないでっ……！！」%K%P
%LC愛
%LC愛
「……ただ咥えるだけれは効果薄れふか。\n　れひたら――じゅるっ、じゅるるるっっ！！」%K%P
「……ただ咥えるだけれは効果薄れふか。\n　れひたら――じゅるっ、じゅるるるっっ！！」%K%P
%LC蛍
%LC蛍
「あはぁあんっ！？　あっ、あっ……！！\n　やめっ、ふぁあ、吸わないでぇ……！！」%K%P
「あはぁあんっ！？　あっ、あっ……！！\n　やめっ、ふぁあ、吸わないでぇ……！！」%K%P
%LC愛
%LC愛
「……にゃるほど。ふふ、吸われりゅのは\n　きもひいい、と。れひたら……」%K%P
「……にゃるほど。ふふ、吸われりゅのは\n　きもひいい、と。れひたら……」%K%P
%LC愛
%LC愛
「んじゅるるっ……！　ぢゅるっ……！\n　んっ、んっ、んっ、ぢゅるるるっ……！！」%K%P
「んじゅるるっ……！　ぢゅるっ……！\n　んっ、んっ、んっ、ぢゅるるるっ……！！」%K%P
%LC蛍
%LC蛍
「あっ、あっ、あっ……！！\n　ダメっ、ああああっ、それやめてぇ……！！」%K%P
「あっ、あっ、あっ……！！\n　ダメっ、ああああっ、それやめてぇ……！！」%K%P
熱く滾った粘膜が亀頭いっぱいに広がってくる。\n吸い付かれると、熱い感触が圧迫感と共にやってきて――%K%P
熱く滾った粘膜が亀頭いっぱいに広がってくる。\n吸い付かれると、熱い感触が圧迫感と共にやってきて――%K%P
%LC蛍
%LC蛍
「ふぁぁぁ……！！　あはぁあん……！！\n　はふあぁぁ……！！　あ、あぁぁぁ……！！」%K%P
「ふぁぁぁ……！！　あはぁあん……！！\n　はふあぁぁ……！！　あ、あぁぁぁ……！！」%K%P
ま、また頭の中が真っ白になっちゃ……！！\nこんな快感、ふぁ、知らない……！　知らないよぉ……！%K%P
ま、また頭の中が真っ白になっちゃ……！！\nこんな快感、ふぁ、知らない……！　知らないよぉ……！%K%P
%LC愛
%LC愛
「んぢゅるるっ、じゅぶっ、じゅぼっ……！\n　んれろろっ、ぺろろっ、んれろれろれろぉ……！！」%K%P
「んぢゅるるっ、じゅぶっ、じゅぼっ……！\n　んれろろっ、ぺろろっ、んれろれろれろぉ……！！」%K%P
%LC蛍
%LC蛍
「ひぁぁぁあっっ……！！　ダメぇぇ……！！\n　おしっこの穴、ベロでほじほじしないでぇ……！！」%K%P
「ひぁぁぁあっっ……！！　ダメぇぇ……！！\n　おしっこの穴、ベロでほじほじしないでぇ……！！」%K%P
%LC愛
%LC愛
「んふふふ……――れろろっ、れろれろれろっっ！！\n　んぢゅぅぅぅぅっっ〜〜！！！」%K%P
「んふふふ……――れろろっ、れろれろれろっっ！！\n　んぢゅぅぅぅぅっっ〜〜！！！」%K%P
%LC蛍
%LC蛍
「ふぁぁぁっっ――あぁぁあああっっ！！！」%K%P
「ふぁぁぁっっ――あぁぁあああっっ！！！」%K%P
執拗に尿道を責められて、\nガクガクガクと身体が跳ね上がる。止められない。%K%P
執拗に尿道を責められて、\nガクガクガクと身体が跳ね上がる。止められない。%K%P
あああっ、気持ちよすぎるっ……！！\n頭おかしくなっちゃうくらい気持ちよすぎる……！！%K%P
あああっ、気持ちよすぎるっ……！！\n頭おかしくなっちゃうくらい気持ちよすぎる……！！%K%P
%LC愛
%LC愛
「んんっ！　ペニスがまひゃ脈打っへきまひた……」%K%P
「んんっ！　ペニスがまひゃ脈打っへきまひた……」%K%P
%LC愛
%LC愛
「さっきイっひゃばかりなのに、んふ、\n　もうイきひょうなのれふか？」%K%P
「さっきイっひゃばかりなのに、んふ、\n　もうイきひょうなのれふか？」%K%P
息をしすぎて喉がカラカラに渇いてしまう。\n愛さんの言葉にも応えている余裕がない。%K%P
息をしすぎて喉がカラカラに渇いてしまう。\n愛さんの言葉にも応えている余裕がない。%K%P
腰が、ふぁ、勝手に浮いちゃ……！！%K%P
腰が、ふぁ、勝手に浮いちゃ……！！%K%P
%LC愛
%LC愛
「んぐっ……！？　んふっ、んっ、んっ、んっ……！」%K%P
「んぐっ……！？　んふっ、んっ、んっ、んっ……！」%K%P
%LC蛍
%LC蛍
「はぁっ……！　はぁっ……！　はぁっ……！\n　んはぁっ……！　あぁ……！」%K%P
「はぁっ……！　はぁっ……！　はぁっ……！\n　んはぁっ……！　あぁ……！」%K%P
%LC愛
%LC愛
「自分から腰、んん、振っへきへ……！\n　ふふふ、ほんひょ性欲まみれのサルれふね……！」%K%P
「自分から腰、んん、振っへきへ……！\n　ふふふ、ほんひょ性欲まみれのサルれふね……！」%K%P
%LC愛
%LC愛
「いいれふよ？　それにゃら――んぢゅぶっ、\n　ぢゅぱっ、んぢゅるるっ、れろれろれろぉ……！！」%K%P
「いいれふよ？　それにゃら――んぢゅぶっ、\n　ぢゅぱっ、んぢゅるるっ、れろれろれろぉ……！！」%K%P
%LC蛍
%LC蛍
「あぁぁあんっ……！　あはぁ……！\n　あぁんっ、ふぁ……あふぅっ……！」%K%P
「あぁぁあんっ……！　あはぁ……！\n　あぁんっ、ふぁ……あふぅっ……！」%K%P
僕の腰振りに合わせて、愛さんが巧みに\nおちんちんをしゃぶってくる。%K%P
僕の腰振りに合わせて、愛さんが巧みに\nおちんちんをしゃぶってくる。%K%P
気持ちいい……！！　愛さんの口、あぁ、\n熱々で、トロトロで、ふぁぁ、たまらない……！！%K%P
気持ちいい……！！　愛さんの口、あぁ、\n熱々で、トロトロで、ふぁぁ、たまらない……！！%K%P
%LC蛍
%LC蛍
「はぁはぁっ……！　またイくっ……！！\n　出ちゃうっ……！！　あああ、ふぁぁぁ……！！」%K%P
「はぁはぁっ……！　またイくっ……！！\n　出ちゃうっ……！！　あああ、ふぁぁぁ……！！」%K%P
%LC愛
%LC愛
「イきひゃいのれひたら、ふふ、\n　女の子らひく、おねだりしへ下ひゃい？」%K%P
「イきひゃいのれひたら、ふふ、\n　女の子らひく、おねだりしへ下ひゃい？」%K%P
%LC愛
%LC愛
「上手にれきたら、んちゅぁ……。\n　このままイかせてあげますよ？」%K%P
「上手にれきたら、んちゅぁ……。\n　このままイかせてあげますよ？」%K%P
%LC蛍
%LC蛍
「ふあ……！　あっ……！\n　おね、おねだり……！」%K%P
「ふあ……！　あっ……！\n　おね、おねだり……！」%K%P
焦らすように愛さんが軽くおちんちんを\nしゃぶってくる。も、もっとしゃぶって欲しい……！%K%P
焦らすように愛さんが軽くおちんちんを\nしゃぶってくる。も、もっとしゃぶって欲しい……！%K%P
このまま、はぁはぁ、イかせて欲しい……！！%K%P
このまま、はぁはぁ、イかせて欲しい……！！%K%P
%LC蛍
%LC蛍
「おねっ、お願いっ……！\n　お願い、しますっ……！」%K%P
「おねっ、お願いっ……！\n　お願い、しますっ……！」%K%P
%LC蛍
%LC蛍
「わたしのおちんちんを、はぁはぁ……！\n　イかせっ、あぁ、イかせ……！！」%K%P
「わたしのおちんちんを、はぁはぁ……！\n　イかせっ、あぁ、イかせ……！！」%K%P
全身が震えるような羞恥心が込み上げてくる。\nけれど言葉を紡ぐ度におちんちんが熱くなってしまう。%K%P
全身が震えるような羞恥心が込み上げてくる。\nけれど言葉を紡ぐ度におちんちんが熱くなってしまう。%K%P
ああ本当に僕は――ううん、わたしは――%K%P
ああ本当に僕は――ううん、わたしは――%K%P
%LC蛍
%LC蛍
「わたしのおちんちんをっ、\n　お口でイかせて下さい……！！」%K%P
「わたしのおちんちんをっ、\n　お口でイかせて下さい……！！」%K%P
どうしようもないくらい、マゾだったんだ――。%K%P
どうしようもないくらい、マゾだったんだ――。%K%P
%LC愛
%LC愛
「ふふ――んぢゅるるるっっ！！　じゅるるるっっ！！\n　れろろっ、れろれろれろぉぉ……！！」%K%P
「ふふ――んぢゅるるるっっ！！　じゅるるるっっ！！\n　れろろっ、れろれろれろぉぉ……！！」%K%P
%LC蛍
%LC蛍
「あふぁぁぁぁっっ……！！　あはぁぁぁ……！！」%K%P
「あふぁぁぁぁっっ……！！　あはぁぁぁ……！！」%K%P
一気に吸い付かれて、その上尿道をねぶられて、\n恍惚とした快感が全身を駆け巡ってくる。%K%P
一気に吸い付かれて、その上尿道をねぶられて、\n恍惚とした快感が全身を駆け巡ってくる。%K%P
きもひいい、あああっ、信じられないくらいきもひいい。%K%P
きもひいい、あああっ、信じられないくらいきもひいい。%K%P
%LC愛
%LC愛
「んぢゅぶぶぶっ！　ぢゅぷぢゅばっ……！\n　んぢゅぅぅっ、んれろれろれろぉ……！！」%K%P
「んぢゅぶぶぶっ！　ぢゅぷぢゅばっ……！\n　んぢゅぅぅっ、んれろれろれろぉ……！！」%K%P
%LC愛
%LC愛
「んっ、んっ、んっ、んっ、んっ……！！\n　ちゅぷぷっ、ちゅぱっ、ちゅぷぷぷっっ！！」%K%P
「んっ、んっ、んっ、んっ、んっ……！！\n　ちゅぷぷっ、ちゅぱっ、ちゅぷぷぷっっ！！」%K%P
%LC蛍
%LC蛍
「あっ、あっ、あっ、あっ、あっ……！！\n　あふぁあっ、あああっ、んふぁぁぁ……！！」%K%P
「あっ、あっ、あっ、あっ、あっ……！！\n　あふぁあっ、あああっ、んふぁぁぁ……！！」%K%P
口だけじゃなくて手も一緒に動かされて……！！\n目の前に火花が、ああ、感じすぎてチカチカして……！！%K%P
口だけじゃなくて手も一緒に動かされて……！！\n目の前に火花が、ああ、感じすぎてチカチカして……！！%K%P
%LC蛍
%LC蛍
「で、出るっ、ああああっっ……！\n　出ちゃうっ、また精子、あああ、噴き出ちゃうぅ……！」%K%P
「で、出るっ、ああああっっ……！\n　出ちゃうっ、また精子、あああ、噴き出ちゃうぅ……！」%K%P
%LC蛍
%LC蛍
「我慢できなっ――ああっ！！\n　イくっ、ふぁああっ、出るっ、んんっ、出るぅっ！！」%K%P
「我慢できなっ――ああっ！！\n　イくっ、ふぁああっ、出るっ、んんっ、出るぅっ！！」%K%P
%LC蛍
%LC蛍
「あぁああっ、あああああっっ！！\n　ふぁああああっっ！！　あふぁああああっっ――」%K%P
「あぁああっ、あああああっっ！！\n　ふぁああああっっ！！　あふぁああああっっ――」%K%P
%LC蛍
%LC蛍
「イくイくイく――イっくぅぅぅぅぅっっ〜〜！！！」%K%P
「イくイくイく――イっくぅぅぅぅぅっっ〜〜！！！」%K%P
%LC蛍
%LC蛍
「はふぁああっっ！！　ああああああっっ！！\n　ふぁぁあああああああああああっっ〜〜！！！！」%K%P
「はふぁああっっ！！　ああああああっっ！！\n　ふぁぁあああああああああああっっ〜〜！！！！」%K%P
%LC愛
%LC愛
「ん゛ぶっ――！！？　ん゛んんっ！！　ん゛んっ！！」%K%P
「ん゛ぶっ――！！？　ん゛んんっ！！　ん゛んっ！！」%K%P
と、止まらない……！！　おしっこみたいに、\nあああっ、精子がビュービュー出てぇ……！！%K%P
と、止まらない……！！　おしっこみたいに、\nあああっ、精子がビュービュー出てぇ……！！%K%P
%LC愛
%LC愛
「ん゛ごくっ……！　ごくくっ、ん゛ぷっ……！！\n　ごくごくごくごくぅっっ……！！」%K%P
「ん゛ごくっ……！　ごくくっ、ん゛ぷっ……！！\n　ごくごくごくごくぅっっ……！！」%K%P
溺れるとばかりに、愛さんが喉を鳴らして\n精液を飲むのが聞こえてくる。%K%P
溺れるとばかりに、愛さんが喉を鳴らして\n精液を飲むのが聞こえてくる。%K%P
その姿がむしろ興奮を加速させてしまって、\nただでさえ溢れてくる精をさらに噴き出させてくる。%K%P
その姿がむしろ興奮を加速させてしまって、\nただでさえ溢れてくる精をさらに噴き出させてくる。%K%P
%LC愛
%LC愛
「んごくっ……！　ごくくっ……！　ごくっ……！\n　んふ、ん……！　んふぅん……！」%K%P
「んごくっ……！　ごくくっ……！　ごくっ……！\n　んふ、ん……！　んふぅん……！」%K%P
そして、どのくらい射精していただろうか。%K%P
そして、どのくらい射精していただろうか。%K%P
%LC愛
%LC愛
「はぁ、はぁ……！　殺す気ですか、あなたは……」%K%P
「はぁ、はぁ……！　殺す気ですか、あなたは……」%K%P
口を離した愛さんに悪態をつかれる。\nそ、そう言われても……はぁはぁ。%K%P
口を離した愛さんに悪態をつかれる。\nそ、そう言われても……はぁはぁ。%K%P
%LC愛
%LC愛
「……まぁいいです。貴重な体験もできましたし。\n　精液の味は……んん、好きになれませんが」%K%P
「……まぁいいです。貴重な体験もできましたし。\n　精液の味は……んん、好きになれませんが」%K%P
%LC蛍
%LC蛍
「ほ、本当に飲んでたんだ……。わたしの精液……」%K%P
「ほ、本当に飲んでたんだ……。わたしの精液……」%K%P
%LC愛
%LC愛
「ですから――いえ。ちゃんと『わたし』と\n　仰っていましたか。ふふ、躾は上手くいったようですね」%K%P
「ですから――いえ。ちゃんと『わたし』と\n　仰っていましたか。ふふ、躾は上手くいったようですね」%K%P
%LC蛍
%LC蛍
「あ――〜〜っっ！」%K%P
「あ――〜〜っっ！」%K%P
いまわたし、完全に無意識で……！%K%P
いまわたし、完全に無意識で……！%K%P
%LC愛
%LC愛
「その調子で常に自分を女の子だと意識して下さいね？\n　こんな風に邪なモノが勃たないように」%K%P
「その調子で常に自分を女の子だと意識して下さいね？\n　こんな風に邪なモノが勃たないように」%K%P
%LC蛍
%LC蛍
「う……うん……」%K%P
「う……うん……」%K%P
%LC愛
%LC愛
「とはいえ定期的に性処理を手伝わなければですね。\n　どのくらいの頻度がお望みですか？」%K%P
「とはいえ定期的に性処理を手伝わなければですね。\n　どのくらいの頻度がお望みですか？」%K%P
%LC蛍
%LC蛍
「も、もう二度としなくていいってば……！\n　自分で、その、処理するから…………」%K%P
「も、もう二度としなくていいってば……！\n　自分で、その、処理するから…………」%K%P
%LC愛
%LC愛
「ダメです。こればかりは任せられません」%K%P
「ダメです。こればかりは任せられません」%K%P
%LC蛍
%LC蛍
「ど、どうして？」%K%P
「ど、どうして？」%K%P
%LC愛
%LC愛
「もちろん清佳様のためですよ。\n　何度も言っているではありませんか」%K%P
「もちろん清佳様のためですよ。\n　何度も言っているではありませんか」%K%P
%LC蛍
%LC蛍
「なんでそこまで清佳ちゃんのために……」%K%P
「なんでそこまで清佳ちゃんのために……」%K%P
%LC愛
%LC愛
「それは……」%K%P
「それは……」%K%P
一瞬、愛さんが口ごもる。%K%P
一瞬、愛さんが口ごもる。%K%P
%LC愛
%LC愛
「愛の存在意義が……それしかないからです」%K%P
「愛の存在意義が……それしかないからです」%K%P
%LC蛍
%LC蛍
「え……？」%K%P
「え……？」%K%P
%LC愛
%LC愛
「……なんでもありません」%K%P
「……なんでもありません」%K%P
%LC愛
%LC愛
「それより、二度も出してまだ物足りないのですか？\n　呆れた性欲ですね？」%K%P
「それより、二度も出してまだ物足りないのですか？\n　呆れた性欲ですね？」%K%P
%LC蛍
%LC蛍
「ふぇっ！？」%K%P
「ふぇっ！？」%K%P
未だ硬さを保つおちんちんを眺めながら、\n愛さんがニヤリとあくどい笑みを浮かべてくる。%K%P
未だ硬さを保つおちんちんを眺めながら、\n愛さんがニヤリとあくどい笑みを浮かべてくる。%K%P
ま、まさか――%K%P
ま、まさか――%K%P
%LC愛
%LC愛
「まだまだ終わらせはしませんよ？\n　清佳様の前で勃たせるわけにはいきませんから」%K%P
「まだまだ終わらせはしませんよ？\n　清佳様の前で勃たせるわけにはいきませんから」%K%P
%LC愛
%LC愛
「当分の間はチンピクすらできないように……ふふふ。\n　搾り尽くしてあげますね？」%K%P
「当分の間はチンピクすらできないように……ふふふ。\n　搾り尽くしてあげますね？」%K%P
――そうしてわたしは一滴も精液が出なくなるまで\n一晩中おちんちんを扱かれ続けた。%K%P
――そうしてわたしは一滴も精液が出なくなるまで\n一晩中おちんちんを扱かれ続けた。%K%P
