%LC愛
%LC愛
「……ふぅ……」%K%P
「……ふぅ……」%K%P
深夜――皆が寝静まった後、\n愛は一人リビングへ足を運んでいました。%K%P
深夜――皆が寝静まった後、\n愛は一人リビングへ足を運んでいました。%K%P
どうにも眠れなくて。温かい紅茶でも飲んで、\n気持ちを落ち着かせたいと考えたからです。%K%P
どうにも眠れなくて。温かい紅茶でも飲んで、\n気持ちを落ち着かせたいと考えたからです。%K%P
眠れない理由は……きっと今朝のこと。%K%P
眠れない理由は……きっと今朝のこと。%K%P
……何故、愛は春樹さんにあんなことを\n言ってしまったのでしょう。%K%P
……何故、愛は春樹さんにあんなことを\n言ってしまったのでしょう。%K%P
そもそもどうして押し倒してしまったのか。\nなにゆえ唇を奪ってしまったのか。%K%P
そもそもどうして押し倒してしまったのか。\nなにゆえ唇を奪ってしまったのか。%K%P
あんなことをしなければ、言わなければ、\n少なくとも好意を知られることはなかったはずなのに。%K%P
あんなことをしなければ、言わなければ、\n少なくとも好意を知られることはなかったはずなのに。%K%P
%LC愛
%LC愛
「……どちらにしろ、愛の恋はもう終わりです……」%K%P
「……どちらにしろ、愛の恋はもう終わりです……」%K%P
そもそも恋であったのかさえもわかりません。\nたった一度、遊びに行っただけ。それだけですし。%K%P
そもそも恋であったのかさえもわかりません。\nたった一度、遊びに行っただけ。それだけですし。%K%P
その程度で本当に惚れてしまっていたとしたら――\nそれこそ清佳様と同じです。ありえません。%K%P
その程度で本当に惚れてしまっていたとしたら――\nそれこそ清佳様と同じです。ありえません。%K%P
そう。これはある種の錯覚でしょう。%K%P
そう。これはある種の錯覚でしょう。%K%P
初めての遊びを通して得た感動を、\n恋のトキメキと勘違いしているだけのこと。%K%P
初めての遊びを通して得た感動を、\n恋のトキメキと勘違いしているだけのこと。%K%P
もしもあの日、デートに行ったのが他の誰かだとしたら。\n愛はきっとその他の誰かを――……%K%P
もしもあの日、デートに行ったのが他の誰かだとしたら。\n愛はきっとその他の誰かを――……%K%P
%LC愛
%LC愛
「…………」%K%P
「…………」%K%P
そう考えようとすると、唐突に怖気が走った。\n何故なのかはわからない。%K%P
そう考えようとすると、唐突に怖気が走った。\n何故なのかはわからない。%K%P
愛の考え通りなら、その人に同じ感情を抱いても\nおかしくないはずですのに。%K%P
愛の考え通りなら、その人に同じ感情を抱いても\nおかしくないはずですのに。%K%P
他の人が愛の隣を歩いていると思うだけで、\n鳥肌が立ってしまうくらい気持ち悪い。%K%P
他の人が愛の隣を歩いていると思うだけで、\n鳥肌が立ってしまうくらい気持ち悪い。%K%P
%LC愛
%LC愛
「チっ……どうして愛がこんなに\n　モヤモヤさせられなければいけないんですか」%K%P
「チっ……どうして愛がこんなに\n　モヤモヤさせられなければいけないんですか」%K%P
終わったことを考えても無駄です。\nウジウジ悩むなんて愛らしくもない。%K%P
終わったことを考えても無駄です。\nウジウジ悩むなんて愛らしくもない。%K%P
そういう人間は嫌いだったはずです。\nだから、あの人のことも嫌い。%K%P
そういう人間は嫌いだったはずです。\nだから、あの人のことも嫌い。%K%P
たった一度、性処理をしてあげた程度で\nウジウジウジウジ気にして。愛に構って。%K%P
たった一度、性処理をしてあげた程度で\nウジウジウジウジ気にして。愛に構って。%K%P
愛は使用人としての仕事をこなしただけですのに。\n必要とあれば、誰にでも同じことをしますのに。%K%P
愛は使用人としての仕事をこなしただけですのに。\n必要とあれば、誰にでも同じことをしますのに。%K%P
%LC愛
%LC愛
「……でも……」%K%P
「……でも……」%K%P
……今の愛にできるかはわからない。\n他の男の性処理をすると思うと身震いがする。%K%P
……今の愛にできるかはわからない。\n他の男の性処理をすると思うと身震いがする。%K%P
少し前まではこんなこと\n思ったこともなかったはずですのに。%K%P
少し前まではこんなこと\n思ったこともなかったはずですのに。%K%P
少し前までは彼のことなんて、からかい甲斐のある\n童貞男としてしか見ていませんでしたのに。%K%P
少し前までは彼のことなんて、からかい甲斐のある\n童貞男としてしか見ていませんでしたのに。%K%P
%LC愛
%LC愛
「……はぁ……」%K%P
「……はぁ……」%K%P
ため息が漏れる。%K%P
ため息が漏れる。%K%P
もっと自分は冷たい人間だと、\n何があっても心が揺れない人間だと思ってました。%K%P
もっと自分は冷たい人間だと、\n何があっても心が揺れない人間だと思ってました。%K%P
……それも違っていたのかも知れません。\nただ愛は、何も知らなかっただけなのかも。%K%P
……それも違っていたのかも知れません。\nただ愛は、何も知らなかっただけなのかも。%K%P
蛍様と出会う前の清佳様と同じように、\n心ときめく何かを知らずにいただけだったのでしょう。%K%P
蛍様と出会う前の清佳様と同じように、\n心ときめく何かを知らずにいただけだったのでしょう。%K%P
……今更気づいても取り返しは付きませんが。\nどうせ愛の恋は決して実りはしないのですし。%K%P
……今更気づいても取り返しは付きませんが。\nどうせ愛の恋は決して実りはしないのですし。%K%P
彼は清佳様がお好きですしね。\n勘違いしておられるとはいえ清佳様も彼をお好きですし。%K%P
彼は清佳様がお好きですしね。\n勘違いしておられるとはいえ清佳様も彼をお好きですし。%K%P
従者が主人の想い人を横取りするだなんて言語道断。\nだから……愛の選択は間違ってなかったはずです。%K%P
従者が主人の想い人を横取りするだなんて言語道断。\nだから……愛の選択は間違ってなかったはずです。%K%P
切り替えなければ。\n元の愛に戻らなくてはいけません。%K%P
切り替えなければ。\n元の愛に戻らなくてはいけません。%K%P
思い出は十分にもらいました。\nあの日のデートと、そして――%K%P
思い出は十分にもらいました。\nあの日のデートと、そして――%K%P
%LC愛
%LC愛
「ん……！」%K%P
「ん……！」%K%P
紅茶を呷る。%K%P
紅茶を呷る。%K%P
思い出しかけた唇のぬくもりを制するように。%K%P
思い出しかけた唇のぬくもりを制するように。%K%P
%LC愛
%LC愛
「……ぬるいですね。いつの間に、\n　こんなに冷めていたのでしょうか……」%K%P
「……ぬるいですね。いつの間に、\n　こんなに冷めていたのでしょうか……」%K%P
冷めてしまった紅茶を入れ直そうと立ち上がる。%K%P
冷めてしまった紅茶を入れ直そうと立ち上がる。%K%P
すると、不意に声が聞こえてきました。%K%P
すると、不意に声が聞こえてきました。%K%P
%LC？？？
%LC？？？
「ね。もう一人分追加してもらえるかな？」%K%P
「ね。もう一人分追加してもらえるかな？」%K%P
%LC愛
%LC愛
「……え？」%K%P
「……え？」%K%P
%LC春樹
%LC春樹
「俺の――ううん。僕の分も淹れてもらえる？」%K%P
「俺の――ううん。僕の分も淹れてもらえる？」%K%P
振り返った先には――\n別れを告げたはずの童貞男が立っていました。%K%P
振り返った先には――\n別れを告げたはずの童貞男が立っていました。%K%P
