………………%K%P
………………%K%P
…………%K%P
…………%K%P
……%K%P
……%K%P
%LC愛
%LC愛
%XS20「きゃあああああああああっっ〜〜！！！？」%XE%K%P
%XS20「きゃあああああああああっっ〜〜！！！？」%XE%K%P
%LC蛍
%LC蛍
「ふぇ！？　なに今の叫び声！？」%K%P
「ふぇ！？　なに今の叫び声！？」%K%P
愛さんのものらしき叫び声を聞いて飛び起きる。%K%P
愛さんのものらしき叫び声を聞いて飛び起きる。%K%P
お姉ちゃんの部屋の方から聞こえてきたけど――%K%P
お姉ちゃんの部屋の方から聞こえてきたけど――%K%P
%LC愛
%LC愛
『は、離してっ、離して下さいっ……！\n　この変態ロリコン女っ……！』%K%P
『は、離してっ、離して下さいっ……！\n　この変態ロリコン女っ……！』%K%P
%LC千鶴
%LC千鶴
『じっとしてなってばぁ〜……。\n　悪いようにはしないからさぁ〜……？』%K%P
『じっとしてなってばぁ〜……。\n　悪いようにはしないからさぁ〜……？』%K%P
%LC清佳
%LC清佳
『そうよ、愛。大人しくしなさい？\n　これは主人としての命令よ？』%K%P
『そうよ、愛。大人しくしなさい？\n　これは主人としての命令よ？』%K%P
部屋の前まで来ると、中から声が聞こえてきた。\nお姉ちゃんだけじゃなくて清佳ちゃんもいるみたいだ。%K%P
部屋の前まで来ると、中から声が聞こえてきた。\nお姉ちゃんだけじゃなくて清佳ちゃんもいるみたいだ。%K%P
%LC蛍
%LC蛍
「二人ともっ！　愛さんに何をやってる――」%K%P
「二人ともっ！　愛さんに何をやってる――」%K%P
%LC蛍
%LC蛍
「の――って！？」%K%P
「の――って！？」%K%P
%LC愛
%LC愛
「ふぁ……」%K%P
「ふぁ……」%K%P
扉を開けた瞬間、いつかのように\n服を半ば脱がされた愛さんの姿が目に飛び込んでくる。%K%P
扉を開けた瞬間、いつかのように\n服を半ば脱がされた愛さんの姿が目に飛び込んでくる。%K%P
%LC愛
%LC愛
「〜〜っっ！？　な、ななな……！！」%K%P
「〜〜っっ！？　な、ななな……！！」%K%P
%LC愛
%LC愛
「何をじっくり見てるんですかっ……！\n　へ、変態っ！　このスケベ男っっ……！！」%K%P
「何をじっくり見てるんですかっ……！\n　へ、変態っ！　このスケベ男っっ……！！」%K%P
%LC蛍
%LC蛍
「ふぇ！？　ごごご、ごめんなさいっ……！！」%K%P
「ふぇ！？　ごごご、ごめんなさいっ……！！」%K%P
かーっと顔を真っ赤にした愛さんが怒声を浴びせてくる。%K%P
かーっと顔を真っ赤にした愛さんが怒声を浴びせてくる。%K%P
%LC清佳
%LC清佳
「ちょっと愛。何がスケベ男よ。蛍は女の子よ？」%K%P
「ちょっと愛。何がスケベ男よ。蛍は女の子よ？」%K%P
%LC愛
%LC愛
「っっ。そ、それは――とにかく出てって下さいっ！\n　早く出て行かないとぶっ殺しますよっ！？」%K%P
「っっ。そ、それは――とにかく出てって下さいっ！\n　早く出て行かないとぶっ殺しますよっ！？」%K%P
%LC千鶴
%LC千鶴
「まぁまぁ落ち着きなって。\n　むしろ愛ちゃんにとってはチャンスじゃないの〜？」%K%P
「まぁまぁ落ち着きなって。\n　むしろ愛ちゃんにとってはチャンスじゃないの〜？」%K%P
%LC愛
%LC愛
「な、何がですかっ……！！」%K%P
「な、何がですかっ……！！」%K%P
%LC千鶴
%LC千鶴
「セクシーな姿を見せつけてあげれば、ふふ。\n　うちの弟なんてイチ殺だって」%K%P
「セクシーな姿を見せつけてあげれば、ふふ。\n　うちの弟なんてイチ殺だって」%K%P
%LC愛
%LC愛
「ですから愛は別に……！！\n　というか不用意な発言は……！！\n　清佳様にもし聞こえたら……！」%K%P
「ですから愛は別に……！！\n　というか不用意な発言は……！！\n　清佳様にもし聞こえたら……！」%K%P
%LC清佳
%LC清佳
「ん？　どうしたの愛？\n　何を二人でこそこそ話してるの？」%K%P
「ん？　どうしたの愛？\n　何を二人でこそこそ話してるの？」%K%P
%LC愛
%LC愛
「な、なんでもありません……！\n　それよりも蛍様を出て行かせて下さい……！」%K%P
「な、なんでもありません……！\n　それよりも蛍様を出て行かせて下さい……！」%K%P
%LC清佳
%LC清佳
「何よ蛍を目の敵にして……。あっ。もしかして、\n　もう蛍をライバル視してるの？」%K%P
「何よ蛍を目の敵にして……。あっ。もしかして、\n　もう蛍をライバル視してるの？」%K%P
%LC清佳
%LC清佳
「同じ男性を好きになったもの同士だものね？\n　これが噂に聞く三角関係のもつれというヤツ？」%K%P
「同じ男性を好きになったもの同士だものね？\n　これが噂に聞く三角関係のもつれというヤツ？」%K%P
%LC愛
%LC愛
「違いますってば……！　そもそも愛は\n　春樹さんのことなんて好きじゃありませんっ！\n　何度説明すればわかるんですかっ……！」%K%P
「違いますってば……！　そもそも愛は\n　春樹さんのことなんて好きじゃありませんっ！\n　何度説明すればわかるんですかっ……！」%K%P
%LC清佳
%LC清佳
「またまた〜。昨日は楽しそうにしてたじゃない。\n　遠めから見てる分にはカップルそのものだったわよ？」%K%P
「またまた〜。昨日は楽しそうにしてたじゃない。\n　遠めから見てる分にはカップルそのものだったわよ？」%K%P
%LC愛
%LC愛
「グっ……！　一生の不覚……！　不覚です……！\n　まさかこの愛が尾行に気づけなかったとは……！」%K%P
「グっ……！　一生の不覚……！　不覚です……！\n　まさかこの愛が尾行に気づけなかったとは……！」%K%P
%LC清佳
%LC清佳
「千鶴さん。春樹さんの心を奪えるように、\n　愛をばっちり仕立ててあげて下さいね？」%K%P
「千鶴さん。春樹さんの心を奪えるように、\n　愛をばっちり仕立ててあげて下さいね？」%K%P
%LC千鶴
%LC千鶴
「もちのろんろん〜。ふふふ、あたしの妹になっちゃい\n　なよ〜。可愛い服たっくさん着せたげるよ〜？」%K%P
「もちのろんろん〜。ふふふ、あたしの妹になっちゃい\n　なよ〜。可愛い服たっくさん着せたげるよ〜？」%K%P
%LC愛
%LC愛
「着たくありませんっ！」%K%P
「着たくありませんっ！」%K%P
嫌がる愛さんを清佳ちゃんとお姉ちゃんは\n二人がかりで無理やり着替えさせようとする。%K%P
嫌がる愛さんを清佳ちゃんとお姉ちゃんは\n二人がかりで無理やり着替えさせようとする。%K%P
そんな中、僕は愛さんのセクシーな姿に、\nどうにも見とれてしまっていて――%K%P
そんな中、僕は愛さんのセクシーな姿に、\nどうにも見とれてしまっていて――%K%P
%LC愛
%LC愛
「〜〜っっ！　あなたはいつまで見てるんですかっ！\n　いいから出て行って下さいっ……！！」%K%P
「〜〜っっ！　あなたはいつまで見てるんですかっ！\n　いいから出て行って下さいっ……！！」%K%P
%LC蛍
%LC蛍
「――ハっ！　ごめんなさいっ……！」%K%P
「――ハっ！　ごめんなさいっ……！」%K%P
%LC千鶴
%LC千鶴
『ふふふ。助けに来てくれた相手を追い返すなんて。\n　こりゃもう観念するしかないね〜』%K%P
『ふふふ。助けに来てくれた相手を追い返すなんて。\n　こりゃもう観念するしかないね〜』%K%P
%LC清佳
%LC清佳
『春樹さんを好きだからって蛍を邪険にしちゃダメよ？\n　ちゃんと後で謝っておきなさい？』%K%P
『春樹さんを好きだからって蛍を邪険にしちゃダメよ？\n　ちゃんと後で謝っておきなさい？』%K%P
%LC愛
%LC愛
『ぐぅぅ……！！　ですから愛は……！！』%K%P
『ぐぅぅ……！！　ですから愛は……！！』%K%P
恨めしそうな、あるいは恥ずかしそうな\n愛さんの呻き声が聞こえてくる。%K%P
恨めしそうな、あるいは恥ずかしそうな\n愛さんの呻き声が聞こえてくる。%K%P
これは……後でめちゃくちゃ怒られるかも。%K%P
これは……後でめちゃくちゃ怒られるかも。%K%P
%LC愛
%LC愛
「おかげでややこしいことになったじゃないですか！！」%K%P
「おかげでややこしいことになったじゃないですか！！」%K%P
%LC蛍
%LC蛍
「ふぇっ……！？」%K%P
「ふぇっ……！？」%K%P
数十分後。二人に散々着せ替えされたのであろう\n愛さんに僕は詰め寄られていた。%K%P
数十分後。二人に散々着せ替えされたのであろう\n愛さんに僕は詰め寄られていた。%K%P
%LC愛
%LC愛
「どうして愛があなたのことを\n　好きだという話になっているんです！？\n　全く意味がわかりませんっ！」%K%P
「どうして愛があなたのことを\n　好きだという話になっているんです！？\n　全く意味がわかりませんっ！」%K%P
%LC蛍
%LC蛍
「わ、わたしだってそうだもん……！」%K%P
「わ、わたしだってそうだもん……！」%K%P
%LC愛
%LC愛
「そもそも千鶴様はあなたの秘密を知ってますよね！？\n　清佳様の好意も知っていますよねっ！？\n　なのにどうして愛とくっつけようとしてるんですかっ！」%K%P
「そもそも千鶴様はあなたの秘密を知ってますよね！？\n　清佳様の好意も知っていますよねっ！？\n　なのにどうして愛とくっつけようとしてるんですかっ！」%K%P
相当怒っているのか、いつものクールな姿は\nどこへやら愛さんが捲し立ててくる。%K%P
相当怒っているのか、いつものクールな姿は\nどこへやら愛さんが捲し立ててくる。%K%P
%LC蛍
%LC蛍
「ああいう人だからとしか……。\n　清佳ちゃんへの恋を諦めたことも伝えてあるから、\n　そのせいかもしれないけれど……」%K%P
「ああいう人だからとしか……。\n　清佳ちゃんへの恋を諦めたことも伝えてあるから、\n　そのせいかもしれないけれど……」%K%P
%LC蛍
%LC蛍
「でも二人とも悪気があってしたわけじゃないと思うよ。\n　愛さんに、えと。普通の女の子らしく過ごして欲しいと\n　思ってるからこその行動だと思うし……」%K%P
「でも二人とも悪気があってしたわけじゃないと思うよ。\n　愛さんに、えと。普通の女の子らしく過ごして欲しいと\n　思ってるからこその行動だと思うし……」%K%P
%LC愛
%LC愛
「余計なお節介ですよっ。\n　愛のことなんか気にしなくていいんです」%K%P
「余計なお節介ですよっ。\n　愛のことなんか気にしなくていいんです」%K%P
%LC愛
%LC愛
「清佳様も清佳様です。\n　仮に春樹様と蛍様が別人だったとして、\n　蛍様が春樹様のことを好きだったとしたら」%K%P
「清佳様も清佳様です。\n　仮に春樹様と蛍様が別人だったとして、\n　蛍様が春樹様のことを好きだったとしたら」%K%P
%LC愛
%LC愛
「愛を春樹様にけしかけることで、蛍様からの\n　好感度が下がること請け合いでしょうに」%K%P
「愛を春樹様にけしかけることで、蛍様からの\n　好感度が下がること請け合いでしょうに」%K%P
%LC蛍
%LC蛍
「それもわかってると思うけど。\n　それでも嬉しかったんじゃないかな？」%K%P
「それもわかってると思うけど。\n　それでも嬉しかったんじゃないかな？」%K%P
%LC愛
%LC愛
「嬉しかった？」%K%P
「嬉しかった？」%K%P
%LC蛍
%LC蛍
「清佳ちゃん、言ってたよ？　自分に蛍がいたように、\n　愛さんにも立場抜きで付き合える人がいたらって」%K%P
「清佳ちゃん、言ってたよ？　自分に蛍がいたように、\n　愛さんにも立場抜きで付き合える人がいたらって」%K%P
%LC蛍
%LC蛍
「そうすれば愛さんももっと自分本位に、\n　自由に自分の幸せを追い求められるんじゃ。って」%K%P
「そうすれば愛さんももっと自分本位に、\n　自由に自分の幸せを追い求められるんじゃ。って」%K%P
%LC蛍
%LC蛍
「だから僕――ううん俺と遊んでるところを見て、\n　愛さんが楽しそうにしているところを見て、\n　清佳ちゃんはこれだって思ったんじゃないかな」%K%P
「だから僕――ううん俺と遊んでるところを見て、\n　愛さんが楽しそうにしているところを見て、\n　清佳ちゃんはこれだって思ったんじゃないかな」%K%P
%LC愛
%LC愛
「……ですからそれも、余計なお節介ですよ」%K%P
「……ですからそれも、余計なお節介ですよ」%K%P
ふと愛さんが僕から身を離す。%K%P
ふと愛さんが僕から身を離す。%K%P
%LC愛
%LC愛
「確かに昨日は……その。楽しかったです。\n　そこはまぁ……認めてあげます」%K%P
「確かに昨日は……その。楽しかったです。\n　そこはまぁ……認めてあげます」%K%P
%LC愛
%LC愛
「でも春樹さんが好きだと勘違いされて、\n　無理やりくっつけようとされても困りますよ」%K%P
「でも春樹さんが好きだと勘違いされて、\n　無理やりくっつけようとされても困りますよ」%K%P
%LC蛍
%LC蛍
「そ、そうだよね。俺なんかを好きだと思われても\n　愛さんに悪いもん」%K%P
「そ、そうだよね。俺なんかを好きだと思われても\n　愛さんに悪いもん」%K%P
%LC愛
%LC愛
「……それは別に……」%K%P
「……それは別に……」%K%P
%LC蛍
%LC蛍
「へ？」%K%P
「へ？」%K%P
%LC愛
%LC愛
「〜〜っっ。な、なんでもありません」%K%P
「〜〜っっ。な、なんでもありません」%K%P
愛さんがぎゅっと唇を噛んで、首を横に振る。%K%P
愛さんがぎゅっと唇を噛んで、首を横に振る。%K%P
%LC愛
%LC愛
「そもそもあなたは清佳様が好きなのでしょう？\n　一番困るのはあなたじゃないですか」%K%P
「そもそもあなたは清佳様が好きなのでしょう？\n　一番困るのはあなたじゃないですか」%K%P
%LC蛍
%LC蛍
「う、うん。そうなんだけど……」%K%P
「う、うん。そうなんだけど……」%K%P
……この気持ちはなんだろう。\n清佳ちゃんのことは今でも好きだ。%K%P
……この気持ちはなんだろう。\n清佳ちゃんのことは今でも好きだ。%K%P
恋心を明かさないと決めた今でもそれは変わらない。\n好きだからこそ秘密を隠し続けると決めたわけだし。%K%P
恋心を明かさないと決めた今でもそれは変わらない。\n好きだからこそ秘密を隠し続けると決めたわけだし。%K%P
%LC愛
%LC愛
「けど……なんですか？」%K%P
「けど……なんですか？」%K%P
問われて、僕は少し考えた。\n一体僕は何を思っているんだろう？%K%P
問われて、僕は少し考えた。\n一体僕は何を思っているんだろう？%K%P
しばらく考えて、けれど思考はまとまらないまま、\n僕は浮かんできた言葉をそのまま口に出した。%K%P
しばらく考えて、けれど思考はまとまらないまま、\n僕は浮かんできた言葉をそのまま口に出した。%K%P
%LC蛍
%LC蛍
「けど……清佳ちゃんたちと同じように、\n　愛さんに幸せになってもらいたいって思うよ」%K%P
「けど……清佳ちゃんたちと同じように、\n　愛さんに幸せになってもらいたいって思うよ」%K%P
%LC蛍
%LC蛍
「仕事だからと言って好きでもない男と\n　一夜を過ごしてしまうような人にはなって欲しくない」%K%P
「仕事だからと言って好きでもない男と\n　一夜を過ごしてしまうような人にはなって欲しくない」%K%P
%LC蛍
%LC蛍
「――って。こんなこと、俺が言えたことじゃないけど」%K%P
「――って。こんなこと、俺が言えたことじゃないけど」%K%P
%LC愛
%LC愛
「…………」%K%P
「…………」%K%P
%LC愛
%LC愛
「本当にどいつもこいつもお節介焼きばかりですね。\n　愛は尽くすことが仕事ですのに尽くされても困りますよ」%K%P
「本当にどいつもこいつもお節介焼きばかりですね。\n　愛は尽くすことが仕事ですのに尽くされても困りますよ」%K%P
%LC蛍
%LC蛍
「それだけみんな、愛さんのことが好きなんだよ」%K%P
「それだけみんな、愛さんのことが好きなんだよ」%K%P
%LC愛
%LC愛
「……好き、ですか……」%K%P
「……好き、ですか……」%K%P
%LC愛
%LC愛
「でも愛は今まで清佳様に尽くすためだけに\n　生きてきました。今更自由にしろと言われても……」%K%P
「でも愛は今まで清佳様に尽くすためだけに\n　生きてきました。今更自由にしろと言われても……」%K%P
戸惑っているように言葉を漏らす彼女へ僕は続ける。%K%P
戸惑っているように言葉を漏らす彼女へ僕は続ける。%K%P
%LC蛍
%LC蛍
「少しずつ、何かしたいことを見つけていけば\n　いいんじゃないかな？　俺も手伝うよ」%K%P
「少しずつ、何かしたいことを見つけていけば\n　いいんじゃないかな？　俺も手伝うよ」%K%P
%LC蛍
%LC蛍
「羽根を伸ばしたい時は昨日みたいに遊びに\n　行ってもいいし。もちろん、お友達として」%K%P
「羽根を伸ばしたい時は昨日みたいに遊びに\n　行ってもいいし。もちろん、お友達として」%K%P
%LC愛
%LC愛
「……どうしてあなたはそんなにも愛に構うのです？」%K%P
「……どうしてあなたはそんなにも愛に構うのです？」%K%P
%LC愛
%LC愛
「愛は、あなたに長年の恋心を諦めろ。と、\n　めちゃくちゃなことを強いた仇敵ですのに」%K%P
「愛は、あなたに長年の恋心を諦めろ。と、\n　めちゃくちゃなことを強いた仇敵ですのに」%K%P
%LC蛍
%LC蛍
「仇敵って……。そんな風に思ってないよ。\n　愛さんの言葉はもっともだと思ったし……」%K%P
「仇敵って……。そんな風に思ってないよ。\n　愛さんの言葉はもっともだと思ったし……」%K%P
%LC蛍
%LC蛍
「愛さんに構う理由は……なんだか似てるからかな。\n　小さい頃の清佳ちゃんにそっくりで」%K%P
「愛さんに構う理由は……なんだか似てるからかな。\n　小さい頃の清佳ちゃんにそっくりで」%K%P
%LC愛
%LC愛
「今の愛に、清佳様を重ねてみているわけですか。\n　……やっぱり清佳様がお好きなのですね？」%K%P
「今の愛に、清佳様を重ねてみているわけですか。\n　……やっぱり清佳様がお好きなのですね？」%K%P
%LC蛍
%LC蛍
「ま、真っ直ぐ尋ねられると恥ずかしいけど……」%K%P
「ま、真っ直ぐ尋ねられると恥ずかしいけど……」%K%P
%LC愛
%LC愛
「でしたら尚更、愛のことは放っておいて下さい」%K%P
「でしたら尚更、愛のことは放っておいて下さい」%K%P
%LC蛍
%LC蛍
「えっ？　どうしてそうなるのさっ」%K%P
「えっ？　どうしてそうなるのさっ」%K%P
%LC愛
%LC愛
「清佳様の代わりにされても困りますから」%K%P
「清佳様の代わりにされても困りますから」%K%P
%LC蛍
%LC蛍
「代わりにしてるわけじゃ――」%K%P
「代わりにしてるわけじゃ――」%K%P
%LC愛
%LC愛
「そうですか？　そう聞こえましたけど」%K%P
「そうですか？　そう聞こえましたけど」%K%P
%LC愛
%LC愛
「愛に対しても清佳様に対しても失礼です。\n　失恋の埋め合わせに愛を使わないで下さい」%K%P
「愛に対しても清佳様に対しても失礼です。\n　失恋の埋め合わせに愛を使わないで下さい」%K%P
%LC蛍
%LC蛍
「してないよ……！\n　愛さんをそんな風に見てないってば……！」%K%P
「してないよ……！\n　愛さんをそんな風に見てないってば……！」%K%P
%LC愛
%LC愛
「なら尚更、愛のことは放っておいて下さい」%K%P
「なら尚更、愛のことは放っておいて下さい」%K%P
%LC蛍
%LC蛍
「話が巻き戻ってるって。\n　どうしてそんなに嫌がるのさ」%K%P
「話が巻き戻ってるって。\n　どうしてそんなに嫌がるのさ」%K%P
%LC愛
%LC愛
「……はぁ。ですから――」%K%P
「……はぁ。ですから――」%K%P
%LC蛍
%LC蛍
「――きゃっ！？」%K%P
「――きゃっ！？」%K%P
不意にドンと突き飛ばされて、\nベッドの上に倒れ込んでしまう。%K%P
不意にドンと突き飛ばされて、\nベッドの上に倒れ込んでしまう。%K%P
すると、身体の上に軽い体重がのしかかってきて――%K%P
すると、身体の上に軽い体重がのしかかってきて――%K%P
%LC愛
%LC愛
「ちゅっ……んっ……」%K%P
「ちゅっ……んっ……」%K%P
柔らかい唇が――僕の唇に押しつけられた。%K%P
柔らかい唇が――僕の唇に押しつけられた。%K%P
%LC愛
%LC愛
「ん……ちゅ……んふ……」%K%P
「ん……ちゅ……んふ……」%K%P
%LC蛍
%LC蛍
「〜〜っっ！？」%K%P
「〜〜っっ！？」%K%P
ど、どういうこと……！？\n一体どうしてキスなんかされて……！？%K%P
ど、どういうこと……！？\n一体どうしてキスなんかされて……！？%K%P
%LC愛
%LC愛
「ぷは……はぁ、はぁ、はぁ……」%K%P
「ぷは……はぁ、はぁ、はぁ……」%K%P
%LC蛍
%LC蛍
「はぁ、はぁ……。あ、愛さん……！？」%K%P
「はぁ、はぁ……。あ、愛さん……！？」%K%P
%LC愛
%LC愛
「……だ、黙って下さい。\n　いま死ぬほど恥ずかしいんです……」%K%P
「……だ、黙って下さい。\n　いま死ぬほど恥ずかしいんです……」%K%P
そう呟く愛さんの顔は\nビックリするくらい赤くなっていた。%K%P
そう呟く愛さんの顔は\nビックリするくらい赤くなっていた。%K%P
愛さんの小さな唇は僕の唾液で濡れていて、\n彼女とキスをした証のように仄かに煌めいている。%K%P
愛さんの小さな唇は僕の唾液で濡れていて、\n彼女とキスをした証のように仄かに煌めいている。%K%P
%LC愛
%LC愛
「つまりは、こういうことですよ……。\n　愛があなたに放っておいて欲しい理由は……」%K%P
「つまりは、こういうことですよ……。\n　愛があなたに放っておいて欲しい理由は……」%K%P
%LC愛
%LC愛
「もしも……勢いでこんなことをしてしまうくらい、\n　愛が本気であなたを好きになったらどうするんです」%K%P
「もしも……勢いでこんなことをしてしまうくらい、\n　愛が本気であなたを好きになったらどうするんです」%K%P
%LC蛍
%LC蛍
「えっ……？」%K%P
「えっ……？」%K%P
%LC愛
%LC愛
「こう見えて……愛はチョロいんです」%K%P
「こう見えて……愛はチョロいんです」%K%P
%LC愛
%LC愛
「今まで恋なんかしたことありませんでしたから、\n　少し優しくされるだけで好きになっちゃいます」%K%P
「今まで恋なんかしたことありませんでしたから、\n　少し優しくされるだけで好きになっちゃいます」%K%P
%LC愛
%LC愛
「……でも愛はあなたに恋を諦めさせました。\n　その愛はあなたに恋するわけにはいきません」%K%P
「……でも愛はあなたに恋を諦めさせました。\n　その愛はあなたに恋するわけにはいきません」%K%P
%LC愛
%LC愛
「だから……愛のことは放っておいて下さい。\n　愛に、あなたへ恋させないで下さい」%K%P
「だから……愛のことは放っておいて下さい。\n　愛に、あなたへ恋させないで下さい」%K%P
%LC蛍
%LC蛍
「愛さん……」%K%P
「愛さん……」%K%P
愛さんの声がどんどんか弱く、\n表情が切なげになっていく。%K%P
愛さんの声がどんどんか弱く、\n表情が切なげになっていく。%K%P
%LC愛
%LC愛
「愛に優しくしないで下さい。\n　勘違いしちゃうような行動を取らないで下さい」%K%P
「愛に優しくしないで下さい。\n　勘違いしちゃうような行動を取らないで下さい」%K%P
%LC愛
%LC愛
「愛に清佳様を裏切らせないで下さい」%K%P
「愛に清佳様を裏切らせないで下さい」%K%P
%LC蛍
%LC蛍
「…………」%K%P
「…………」%K%P
%LC愛
%LC愛
「愛は今の自分に満足しています。\n　清佳様の幸せが愛の幸せなんです」%K%P
「愛は今の自分に満足しています。\n　清佳様の幸せが愛の幸せなんです」%K%P
%LC愛
%LC愛
「この間の言葉も撤回します。\n　どうぞご勝手に清佳様にアプローチなさって下さい」%K%P
「この間の言葉も撤回します。\n　どうぞご勝手に清佳様にアプローチなさって下さい」%K%P
%LC愛
%LC愛
「愛に意識が向いてしまうくらいならその方がいいです。\n　その方があなたも清佳様も幸せだと思います」%K%P
「愛に意識が向いてしまうくらいならその方がいいです。\n　その方があなたも清佳様も幸せだと思います」%K%P
%LC愛
%LC愛
「何かの拍子で秘密がバレてしまった時は\n　できる限り庇ってもあげます。だから自由にして下さい」%K%P
「何かの拍子で秘密がバレてしまった時は\n　できる限り庇ってもあげます。だから自由にして下さい」%K%P
愛さんが淡々と告げてくる。%K%P
愛さんが淡々と告げてくる。%K%P
まるで、別れの挨拶のように。%K%P
まるで、別れの挨拶のように。%K%P
%LC蛍
%LC蛍
「愛さ――」%K%P
「愛さ――」%K%P
%LC愛
%LC愛
「――何も言わないで下さい。\n　もう二度と、愛に関わらないで下さい」%K%P
「――何も言わないで下さい。\n　もう二度と、愛に関わらないで下さい」%K%P
%LC愛
%LC愛
「愛を案じているのならご心配なく。\n　これからは愛も自分の好きなことをします」%K%P
「愛を案じているのならご心配なく。\n　これからは愛も自分の好きなことをします」%K%P
%LC愛
%LC愛
「もちろん好きでもない男となんて寝ません。\n　たまにペットショップへ行ったり、\n　甘い物を食べに行ったりしようと思います」%K%P
「もちろん好きでもない男となんて寝ません。\n　たまにペットショップへ行ったり、\n　甘い物を食べに行ったりしようと思います」%K%P
%LC愛
%LC愛
「だから……愛のことはもう放っておいて下さい。\n　もう何も気にすることはないはずですよね？」%K%P
「だから……愛のことはもう放っておいて下さい。\n　もう何も気にすることはないはずですよね？」%K%P
%LC蛍
%LC蛍
「…………」%K%P
「…………」%K%P
確かに愛さんが今言ったことを本当に実行するなら、\n僕が愛さんを気にする理由は何もなくなる。%K%P
確かに愛さんが今言ったことを本当に実行するなら、\n僕が愛さんを気にする理由は何もなくなる。%K%P
だけど、どうしてだろう。\nそれがとても寂しかった。%K%P
だけど、どうしてだろう。\nそれがとても寂しかった。%K%P
もしかして僕は――%K%P
もしかして僕は――%K%P
%LC愛
%LC愛
「……今のキスだけで愛はもう十分です。\n　愛の恋はこれで終わり」%K%P
「……今のキスだけで愛はもう十分です。\n　愛の恋はこれで終わり」%K%P
%LC愛
%LC愛
「さようなら。清佳様とお幸せになって下さい」%K%P
「さようなら。清佳様とお幸せになって下さい」%K%P
%LC蛍
%LC蛍
「愛さ――」%K%P
「愛さ――」%K%P
僕の叫びを無視して愛さんが部屋から出て行く。%K%P
僕の叫びを無視して愛さんが部屋から出て行く。%K%P
%LC蛍
%LC蛍
「……さようなら。か……」%K%P
「……さようなら。か……」%K%P
愛さんの言葉が頭の中に木霊する。\n別れを告げられたことが、すごく痛かった。%K%P
愛さんの言葉が頭の中に木霊する。\n別れを告げられたことが、すごく痛かった。%K%P
%LC蛍
%LC蛍
「…………」%K%P
「…………」%K%P
指先がふと唇に触れる。\n愛さんのぬくもりを求めるように無意識のうちに。%K%P
指先がふと唇に触れる。\n愛さんのぬくもりを求めるように無意識のうちに。%K%P
やっぱり僕は、愛さんのことを――%K%P
やっぱり僕は、愛さんのことを――%K%P
愛さんのことを――好きになっていたんだ。%K%P
愛さんのことを――好きになっていたんだ。%K%P
