%LC蛍
%LC蛍
「……わかった。愛さんの言う通りにするよ」%K%P
「……わかった。愛さんの言う通りにするよ」%K%P
%LC蛍
%LC蛍
「蛍と春樹の棲み分けをきっちりして、\n　今後一切清佳さんへアプローチしない」%K%P
「蛍と春樹の棲み分けをきっちりして、\n　今後一切清佳さんへアプローチしない」%K%P
%LC愛
%LC愛
「その言葉。信じてよろしいのですね？」%K%P
「その言葉。信じてよろしいのですね？」%K%P
%LC蛍
%LC蛍
「信じて欲しい。\n　清佳さんを傷つけたくないのは……俺も同じだから」%K%P
「信じて欲しい。\n　清佳さんを傷つけたくないのは……俺も同じだから」%K%P
疑るような視線を向けてくる愛さんに真っ直ぐ頷き返す。%K%P
疑るような視線を向けてくる愛さんに真っ直ぐ頷き返す。%K%P
愛さんの言う通り、清佳ちゃんの好きな人は蛍なんだ。\n男として好かれたいと思うのは僕のエゴでしかない。%K%P
愛さんの言う通り、清佳ちゃんの好きな人は蛍なんだ。\n男として好かれたいと思うのは僕のエゴでしかない。%K%P
清佳ちゃんを騙しているだけでも罪深いのに、\nその上、自分本位な感情で彼女を傷つけでもしたら。%K%P
清佳ちゃんを騙しているだけでも罪深いのに、\nその上、自分本位な感情で彼女を傷つけでもしたら。%K%P
それこそ愛さんの言う「うじ虫」になってしまう。%K%P
それこそ愛さんの言う「うじ虫」になってしまう。%K%P
%LC愛
%LC愛
「……わかりました。信じましょう。\n　であれば愛も骨身を惜しまず協力します」%K%P
「……わかりました。信じましょう。\n　であれば愛も骨身を惜しまず協力します」%K%P
%LC蛍
%LC蛍
「ありがとう。俺も今まで以上に気を付けるよ。\n　清佳さんに秘密がバレないように努力する」%K%P
「ありがとう。俺も今まで以上に気を付けるよ。\n　清佳さんに秘密がバレないように努力する」%K%P
%LC愛
%LC愛
「でしたら、まずは口調をなんとかして下さい。\n　その姿でそのような喋り方をされても困ります」%K%P
「でしたら、まずは口調をなんとかして下さい。\n　その姿でそのような喋り方をされても困ります」%K%P
%LC蛍
%LC蛍
「あ――！　そ、そうだね。うん……！\n　女の子らしく話すね？」%K%P
「あ――！　そ、そうだね。うん……！\n　女の子らしく話すね？」%K%P
%LC愛
%LC愛
「女の子らしく、ではありません。女の子です」%K%P
「女の子らしく、ではありません。女の子です」%K%P
%LC蛍
%LC蛍
「う、うん」%K%P
「う、うん」%K%P
ぴしゃりと告げられて一瞬悲しくなる。\nけど、自分で決めたことだ。迷っちゃいけない。%K%P
ぴしゃりと告げられて一瞬悲しくなる。\nけど、自分で決めたことだ。迷っちゃいけない。%K%P
これからは今まで以上に、\n蛍としての自分と春樹としての自分を意識しよう。%K%P
これからは今まで以上に、\n蛍としての自分と春樹としての自分を意識しよう。%K%P
それこそが、いま僕にできる唯一の――%K%P
それこそが、いま僕にできる唯一の――%K%P
%LC愛
%LC愛
「では――ペニスを出して下さい」%K%P
「では――ペニスを出して下さい」%K%P
%LC蛍
%LC蛍
「……へ？」%K%P
「……へ？」%K%P
決意を新たにしていたところで、\n愛さんが妙なことを言い出す。%K%P
決意を新たにしていたところで、\n愛さんが妙なことを言い出す。%K%P
%LC蛍
%LC蛍
「き、聞き間違えかな……？\n　愛さん、今――」%K%P
「き、聞き間違えかな……？\n　愛さん、今――」%K%P
%LC愛
%LC愛
「ペニスを出せ。と言いました」%K%P
「ペニスを出せ。と言いました」%K%P
%LC蛍
%LC蛍
「〜〜っっ！？　どどど、どうして！？」%K%P
「〜〜っっ！？　どどど、どうして！？」%K%P
%LC愛
%LC愛
「決まっているでしょう。\n　溜まったものを吐き出させるためです」%K%P
「決まっているでしょう。\n　溜まったものを吐き出させるためです」%K%P
%LC愛
%LC愛
「愛が扱いて搾り出してあげますから、\n　さっさとドロワーズを脱いで下さい」%K%P
「愛が扱いて搾り出してあげますから、\n　さっさとドロワーズを脱いで下さい」%K%P
%LC蛍
%LC蛍
「そんなことしなくていいってば……！\n　余計なお世話だよ……！」%K%P
「そんなことしなくていいってば……！\n　余計なお世話だよ……！」%K%P
%LC愛
%LC愛
「は？　愛のトイレ姿を見た程度で発情していたサルが\n　何をのたまっておられるのですか？」%K%P
「は？　愛のトイレ姿を見た程度で発情していたサルが\n　何をのたまっておられるのですか？」%K%P
%LC愛
%LC愛
「こうして愛に正体がバレたのもそのせいですよね？\n　最優先で対処しなければいけない問題ではないですか」%K%P
「こうして愛に正体がバレたのもそのせいですよね？\n　最優先で対処しなければいけない問題ではないですか」%K%P
%LC蛍
%LC蛍
「だだだ、だとしても自分で処理するから……！\n　愛さんに抜いてもらう必要ないから……！」%K%P
「だだだ、だとしても自分で処理するから……！\n　愛さんに抜いてもらう必要ないから……！」%K%P
%LC愛
%LC愛
「オナニーは信用なりません。限界まで吐き出して、\n　当分の間、勃たないようにしなければいけませんので」%K%P
「オナニーは信用なりません。限界まで吐き出して、\n　当分の間、勃たないようにしなければいけませんので」%K%P
%LC蛍
%LC蛍
「でも愛さんも嫌でしょっ？」%K%P
「でも愛さんも嫌でしょっ？」%K%P
%LC愛
%LC愛
「もちろん嫌ですが、これも清佳様のためです。\n　骨身を惜しまず協力すると約束しましたので」%K%P
「もちろん嫌ですが、これも清佳様のためです。\n　骨身を惜しまず協力すると約束しましたので」%K%P
%LC蛍
%LC蛍
「ぼ、僕はそんな協力をしてもらいたかったわけじゃ――」%K%P
「ぼ、僕はそんな協力をしてもらいたかったわけじゃ――」%K%P
%LC愛
%LC愛
「――ああもう。面倒臭いですね。\n　あなたの意志はどうだっていいのですよ」%K%P
「――ああもう。面倒臭いですね。\n　あなたの意志はどうだっていいのですよ」%K%P
%LC蛍
%LC蛍
「きゃっ！？」%K%P
「きゃっ！？」%K%P
愛さんに突き飛ばされて、\nベッドの上に尻餅を突かされる。%K%P
愛さんに突き飛ばされて、\nベッドの上に尻餅を突かされる。%K%P
%LC愛
%LC愛
「愛はその下品な精巣を空にできれば、\n　それでいいのです。あなたはじっとしていて下さい」%K%P
「愛はその下品な精巣を空にできれば、\n　それでいいのです。あなたはじっとしていて下さい」%K%P
%LC蛍
%LC蛍
「ダ、ダメっ……！　待って――」%K%P
「ダ、ダメっ……！　待って――」%K%P
有無を言わさずパンツごとドロワーズを脱がされる。%K%P
有無を言わさずパンツごとドロワーズを脱がされる。%K%P
そして――%K%P
そして――%K%P
