………………%K%P
………………%K%P
…………%K%P
…………%K%P
……%K%P
……%K%P
%LC清佳
%LC清佳
「うふふ。『Ｉ　ＬＯＶＥ　蛍』と……」%K%P
「うふふ。『Ｉ　ＬＯＶＥ　蛍』と……」%K%P
%LC蛍
%LC蛍
「ん、んん……」%K%P
「ん、んん……」%K%P
首筋がくすぐったい。\nなんだろう、これ……。%K%P
首筋がくすぐったい。\nなんだろう、これ……。%K%P
%LC清佳
%LC清佳
「ん〜……ちゅぅぅ……」%K%P
「ん〜……ちゅぅぅ……」%K%P
%LC蛍
%LC蛍
「ふ、ふぇっ！？」%K%P
「ふ、ふぇっ！？」%K%P
不意に首筋へ何かが吸い付いてくる感覚が走って、\n思わず飛び起きてしまう。%K%P
不意に首筋へ何かが吸い付いてくる感覚が走って、\n思わず飛び起きてしまう。%K%P
%LC清佳
%LC清佳
「ふふ。おはよう、蛍」%K%P
「ふふ。おはよう、蛍」%K%P
%LC蛍
%LC蛍
「お、おはよう――じゃなくて。\n　もう……何してたの？」%K%P
「お、おはよう――じゃなくて。\n　もう……何してたの？」%K%P
%LC清佳
%LC清佳
「えへへ。ちょっとキスしてただけ。\n　勝手に入ってきちゃってごめんね？」%K%P
「えへへ。ちょっとキスしてただけ。\n　勝手に入ってきちゃってごめんね？」%K%P
%LC蛍
%LC蛍
「う、ううん。それは構わないけど……」%K%P
「う、ううん。それは構わないけど……」%K%P
清佳ちゃんと恋人になってから、\nよりいっそう性別バレには気を付けている。%K%P
清佳ちゃんと恋人になってから、\nよりいっそう性別バレには気を付けている。%K%P
特にズボンは堅固だ。%K%P
特にズボンは堅固だ。%K%P
たとえ股間が膨れあがっても問題ないようにしてあるし、\nそもそも簡単に脱がされないようにもしてある。%K%P
たとえ股間が膨れあがっても問題ないようにしてあるし、\nそもそも簡単に脱がされないようにもしてある。%K%P
だから以前と違って、\nこうして部屋に忍び込まれても焦りはない。%K%P
だから以前と違って、\nこうして部屋に忍び込まれても焦りはない。%K%P
むしろ――%K%P
むしろ――%K%P
%LC清佳
%LC清佳
「ちゅ、ん……えへへ……」%K%P
「ちゅ、ん……えへへ……」%K%P
%LC蛍
%LC蛍
「は、恥ずかしいってば清佳ちゃん」%K%P
「は、恥ずかしいってば清佳ちゃん」%K%P
%LC清佳
%LC清佳
「だって、蛍のお顔を見ていると、ん、ちゅ……。\n　キスしたくなっちゃうんだもの」%K%P
「だって、蛍のお顔を見ていると、ん、ちゅ……。\n　キスしたくなっちゃうんだもの」%K%P
こうしてイチャイチャできたりもして……\n忍び込まれるのも嬉しかったりもする。%K%P
こうしてイチャイチャできたりもして……\n忍び込まれるのも嬉しかったりもする。%K%P
%LC清佳
%LC清佳
「ちゅぁ……ん、んふ……んちゅ……」%K%P
「ちゅぁ……ん、んふ……んちゅ……」%K%P
%LC蛍
%LC蛍
「んっ、んんっ……」%K%P
「んっ、んんっ……」%K%P
清佳ちゃんの唇、プルプルで気持ちいい……。%K%P
清佳ちゃんの唇、プルプルで気持ちいい……。%K%P
眠ってる間にも、たくさんキスされてたりしたのかな？\nそう思うと……ドキドキしちゃうかも。%K%P
眠ってる間にも、たくさんキスされてたりしたのかな？\nそう思うと……ドキドキしちゃうかも。%K%P
%LC清佳
%LC清佳
「ぷは……えへへ。大好き……」%K%P
「ぷは……えへへ。大好き……」%K%P
%LC蛍
%LC蛍
「わたしも……大好きだよ？」%K%P
「わたしも……大好きだよ？」%K%P
吐息が吹きかかるほどの至近距離で伝え合う。\n朝からとっても幸せな気分が心を包み込んできた。%K%P
吐息が吹きかかるほどの至近距離で伝え合う。\n朝からとっても幸せな気分が心を包み込んできた。%K%P
%LC清佳
%LC清佳
「よーし。それじゃあ張り切って準備してくるわね？\n　時間になるまで蛍はリビングに来ちゃダメよっ？」%K%P
「よーし。それじゃあ張り切って準備してくるわね？\n　時間になるまで蛍はリビングに来ちゃダメよっ？」%K%P
%LC蛍
%LC蛍
「うん、わかった。楽しみにしてるね？」%K%P
「うん、わかった。楽しみにしてるね？」%K%P
最後に清佳ちゃんはちょこんとキスをして微笑むと、\n誕生日パーティーの準備をしに部屋から出て行った。%K%P
最後に清佳ちゃんはちょこんとキスをして微笑むと、\n誕生日パーティーの準備をしに部屋から出て行った。%K%P
僕もどこかでこっそり男の服に着替えなくちゃ。%K%P
僕もどこかでこっそり男の服に着替えなくちゃ。%K%P
春樹になって清佳ちゃんの\n手伝いをしてあげなくちゃいけない。%K%P
春樹になって清佳ちゃんの\n手伝いをしてあげなくちゃいけない。%K%P
%LC蛍
%LC蛍
「んっ……。まだ首筋がムズムズするや……」%K%P
「んっ……。まだ首筋がムズムズするや……」%K%P
ふと寝ている間にキスされていた首筋がズキっと痛む。%K%P
ふと寝ている間にキスされていた首筋がズキっと痛む。%K%P
相当強く吸い付かれてたのかな？%K%P
相当強く吸い付かれてたのかな？%K%P
嬉しいけど、ちょっぴり恥ずかしいかも。\n寝汗もかいちゃってただろうし。%K%P
嬉しいけど、ちょっぴり恥ずかしいかも。\n寝汗もかいちゃってただろうし。%K%P
%LC蛍
%LC蛍
「っと。こうしてる場合じゃないや。\n　早く着替えないと」%K%P
「っと。こうしてる場合じゃないや。\n　早く着替えないと」%K%P
お部屋で着替えると万が一の時に言い訳できなくなる。\n一旦、外に出てどこかで着替えてこようっと。%K%P
お部屋で着替えると万が一の時に言い訳できなくなる。\n一旦、外に出てどこかで着替えてこようっと。%K%P
%LC春樹
%LC春樹
「あ。やってるやってる」%K%P
「あ。やってるやってる」%K%P
着替えを終えたところでリビングへやってくる。\n台所からは焼いたり煮たりする音が聞こえてきた。%K%P
着替えを終えたところでリビングへやってくる。\n台所からは焼いたり煮たりする音が聞こえてきた。%K%P
%LC清佳
%LC清佳
「バターを溶かして、タマネギを炒めて……っと」%K%P
「バターを溶かして、タマネギを炒めて……っと」%K%P
どうやら僕がやってきたことにも気づいてないみたい。%K%P
どうやら僕がやってきたことにも気づいてないみたい。%K%P
集中してるみたいだし、声をかけない方がいいかな。\nしばらく遠くで様子を見ておこう。%K%P
集中してるみたいだし、声をかけない方がいいかな。\nしばらく遠くで様子を見ておこう。%K%P
%LC清佳
%LC清佳
「タマネギがきつね色になったら、\n　残りの食材を入れていって、と」%K%P
「タマネギがきつね色になったら、\n　残りの食材を入れていって、と」%K%P
%LC清佳
%LC清佳
「あとは塩こしょうで味付けもしないとね。\n　よしよし。順調だわ」%K%P
「あとは塩こしょうで味付けもしないとね。\n　よしよし。順調だわ」%K%P
こちらまで美味しそうな匂いが香ってくる。\nどうやら僕が手伝うまでもなさそうだ。%K%P
こちらまで美味しそうな匂いが香ってくる。\nどうやら僕が手伝うまでもなさそうだ。%K%P
ならパーティーの時間まで\n邪魔をしない方がいいかも――%K%P
ならパーティーの時間まで\n邪魔をしない方がいいかも――%K%P
%LC清佳
%LC清佳
「――あっ！！？」%K%P
「――あっ！！？」%K%P
ん……？%K%P
ん……？%K%P
%LC清佳
%LC清佳
「どうしよ……。大変なことになっちゃったかも……」%K%P
「どうしよ……。大変なことになっちゃったかも……」%K%P
%LC清佳
%LC清佳
「…………」%K%P
「…………」%K%P
%LC清佳
%LC清佳
「ま、まぁ大丈夫よね。春樹くんに、\n　気合いで消化してもらえばいいわ」%K%P
「ま、まぁ大丈夫よね。春樹くんに、\n　気合いで消化してもらえばいいわ」%K%P
%LC春樹
%LC春樹
%XS20「――何を食べさせる気！？」%XE%K%P
%XS20「――何を食べさせる気！？」%XE%K%P
%LC清佳
%LC清佳
「きゃっ！？」%K%P
「きゃっ！？」%K%P
%LC春樹
%LC春樹
「香辛料程度なら最悪我慢できるけど、\n　なんか割れたよね？　割れたよね！？」%K%P
「香辛料程度なら最悪我慢できるけど、\n　なんか割れたよね？　割れたよね！？」%K%P
%LC清佳
%LC清佳
「あ、あら、来てたの春樹くん？\n　昼間からテンション高いわね？」%K%P
「あ、あら、来てたの春樹くん？\n　昼間からテンション高いわね？」%K%P
%LC春樹
%LC春樹
「誰のせいでそうなってると思ってるのさ！？\n　すぐに作り直して！」%K%P
「誰のせいでそうなってると思ってるのさ！？\n　すぐに作り直して！」%K%P
%LC清佳
%LC清佳
「む。好きな子が作ってくれた手料理なのよ？\n　男なら四の五の言わずに食べなさいよ」%K%P
「む。好きな子が作ってくれた手料理なのよ？\n　男なら四の五の言わずに食べなさいよ」%K%P
%LC春樹
%LC春樹
「胃の中ズタズタになっちゃうから！！」%K%P
「胃の中ズタズタになっちゃうから！！」%K%P
%LC清佳
%LC清佳
「流石に冗談だってば。でも、どうしましょ。\n　もう塩こしょうがなくなっちゃったわ」%K%P
「流石に冗談だってば。でも、どうしましょ。\n　もう塩こしょうがなくなっちゃったわ」%K%P
%LC春樹
%LC春樹
「備蓄なら下の棚にあるから……」%K%P
「備蓄なら下の棚にあるから……」%K%P
ため息をつきつつも棚から塩こしょうを取り出す。%K%P
ため息をつきつつも棚から塩こしょうを取り出す。%K%P
%LC春樹
%LC春樹
「ついでにお皿も出しておくね？\n　あと、使いそうなお鍋やフライパンも」%K%P
「ついでにお皿も出しておくね？\n　あと、使いそうなお鍋やフライパンも」%K%P
%LC清佳
%LC清佳
「……随分、物の配置に詳しいのね？\n　あなた、ここでお料理したことあったの？」%K%P
「……随分、物の配置に詳しいのね？\n　あなた、ここでお料理したことあったの？」%K%P
%LC春樹
%LC春樹
「えっ！？　それは、ほら……！\n　蛍がどこに何を仕舞ってるかはよく知ってるから……！」%K%P
「えっ！？　それは、ほら……！\n　蛍がどこに何を仕舞ってるかはよく知ってるから……！」%K%P
%LC清佳
%LC清佳
「む……！　なにその仲良しアピール。\n　言っておくけど、蛍はもう私のモノなんだからね！」%K%P
「む……！　なにその仲良しアピール。\n　言っておくけど、蛍はもう私のモノなんだからね！」%K%P
ふぅ、どうにか誤魔化せたみたいだ……。\nここでボロを出すわけにはいかない。%K%P
ふぅ、どうにか誤魔化せたみたいだ……。\nここでボロを出すわけにはいかない。%K%P
今日が春樹として清佳ちゃんと過ごす最後の日なんだ。%K%P
今日が春樹として清佳ちゃんと過ごす最後の日なんだ。%K%P
だからこそ正体がバレないように気を付けつつ、\n清佳ちゃんとの思い出を最後にしっかり作っておきたい。%K%P
だからこそ正体がバレないように気を付けつつ、\n清佳ちゃんとの思い出を最後にしっかり作っておきたい。%K%P
%LC春樹
%LC春樹
「何か手伝うことはある？\n　なんでも言ってくれていいよ？」%K%P
「何か手伝うことはある？\n　なんでも言ってくれていいよ？」%K%P
%LC清佳
%LC清佳
「味見だけで十分よ。自分の力で全て作り上げたいし」%K%P
「味見だけで十分よ。自分の力で全て作り上げたいし」%K%P
%LC清佳
%LC清佳
「それより……来てくれてありがとう。\n　もしかしたら来てくれないかもと思ってたわ」%K%P
「それより……来てくれてありがとう。\n　もしかしたら来てくれないかもと思ってたわ」%K%P
%LC春樹
%LC春樹
「ううん……。こちらこそありがとう。\n　誘ってくれて嬉しかったよ」%K%P
「ううん……。こちらこそありがとう。\n　誘ってくれて嬉しかったよ」%K%P
%LC清佳
%LC清佳
「ふふ、でしょうね。まぁあなたには辛い時間に\n　なるかもしれないけれど。目の前で私と蛍の\n　ラブラブっぷりを見せつけられるわけだから」%K%P
「ふふ、でしょうね。まぁあなたには辛い時間に\n　なるかもしれないけれど。目の前で私と蛍の\n　ラブラブっぷりを見せつけられるわけだから」%K%P
%LC春樹
%LC春樹
「あはは……」%K%P
「あはは……」%K%P
わざとらしく僕の好意をネタにしながら、\n清佳ちゃんが気楽に話しかけてくれる。%K%P
わざとらしく僕の好意をネタにしながら、\n清佳ちゃんが気楽に話しかけてくれる。%K%P
その飾らない態度が実に彼女らしい。\n僕の方も自然と気安くなってしまう。%K%P
その飾らない態度が実に彼女らしい。\n僕の方も自然と気安くなってしまう。%K%P
%LC春樹
%LC春樹
「あ。ちょっとそれ焼きすぎだよ。\n　もっと火力を落として、じっくり火を通さなきゃ」%K%P
「あ。ちょっとそれ焼きすぎだよ。\n　もっと火力を落として、じっくり火を通さなきゃ」%K%P
%LC清佳
%LC清佳
「う……！　わかってるわよ……！\n　今そうしようと思ってたの！」%K%P
「う……！　わかってるわよ……！\n　今そうしようと思ってたの！」%K%P
%LC春樹
%LC春樹
「ああ、ほら。そっちは焦げかけてる。\n　一旦、火を止めておくね？」%K%P
「ああ、ほら。そっちは焦げかけてる。\n　一旦、火を止めておくね？」%K%P
%LC清佳
%LC清佳
「それも今とめようとしてたんだってば……！\n　ふんだ。相変わらずの姑っぷりね……」%K%P
「それも今とめようとしてたんだってば……！\n　ふんだ。相変わらずの姑っぷりね……」%K%P
%LC春樹
%LC春樹
「姑で結構。それよりちゃんと状況を見て。\n　お料理は一瞬の油断が命取りなんだから」%K%P
「姑で結構。それよりちゃんと状況を見て。\n　お料理は一瞬の油断が命取りなんだから」%K%P
%LC清佳
%LC清佳
「とうとう受け入れちゃったわ、この人……。\n　でもそうね。しっかりやらないと……！」%K%P
「とうとう受け入れちゃったわ、この人……。\n　でもそうね。しっかりやらないと……！」%K%P
そうして清佳ちゃんをさりげなくフォローしつつ、\n料理を続ける。%K%P
そうして清佳ちゃんをさりげなくフォローしつつ、\n料理を続ける。%K%P
%LC春樹
%LC春樹
「うん――良い味付け。ばっちりだと思うよ」%K%P
「うん――良い味付け。ばっちりだと思うよ」%K%P
%LC清佳
%LC清佳
「良かった。じゃあ、次は――」%K%P
「良かった。じゃあ、次は――」%K%P
しかし不思議な気分だ。\nお家の台所で清佳ちゃんと並んでお料理しているなんて。%K%P
しかし不思議な気分だ。\nお家の台所で清佳ちゃんと並んでお料理しているなんて。%K%P
まるで……その。新婚さんみたいというか……。\nもっとも、清佳ちゃんにその気はないだろうけど。%K%P
まるで……その。新婚さんみたいというか……。\nもっとも、清佳ちゃんにその気はないだろうけど。%K%P
でも蛍としてじゃなく、春樹として、\nこうして彼女の隣にいられていることが嬉しい。%K%P
でも蛍としてじゃなく、春樹として、\nこうして彼女の隣にいられていることが嬉しい。%K%P
最後の最後で、かけがえのない思い出ができた気がする。%K%P
最後の最後で、かけがえのない思い出ができた気がする。%K%P
%LC清佳
%LC清佳
「ちょっと。なに突っ立ってんのよ。\n　ボーッとするならお鍋の様子でも見ててくれないかしら」%K%P
「ちょっと。なに突っ立ってんのよ。\n　ボーッとするならお鍋の様子でも見ててくれないかしら」%K%P
%LC春樹
%LC春樹
「ふふ、うん。わかった」%K%P
「ふふ、うん。わかった」%K%P
%LC清佳
%LC清佳
「？？？　なんで嬉しそうなのよ」%K%P
「？？？　なんで嬉しそうなのよ」%K%P
蛍の時とはまるで態度が違うけれど、\nこれはこれで幸せなひとときだ。%K%P
蛍の時とはまるで態度が違うけれど、\nこれはこれで幸せなひとときだ。%K%P
今日一日の出来事をしっかりと胸に刻みつけておこう。%K%P
今日一日の出来事をしっかりと胸に刻みつけておこう。%K%P
春樹として清佳ちゃんと接する最後の時間を\n大切に大切に残しておきたい。%K%P
春樹として清佳ちゃんと接する最後の時間を\n大切に大切に残しておきたい。%K%P
………………%K%P
………………%K%P
…………%K%P
…………%K%P
……%K%P
……%K%P
そして、瞬く間に時間は過ぎて――夜。%K%P
そして、瞬く間に時間は過ぎて――夜。%K%P
%LC清佳
%LC清佳
「それじゃあ、せーのっ」%K%P
「それじゃあ、せーのっ」%K%P
%LC清佳・千鶴・愛
%LC清佳・千鶴・愛
「お誕生日、おめでとう〜！」\n「お誕生日、おめでと〜！」\n「お誕生日、おめでとうございます」%K%P
「お誕生日、おめでとう〜！」\n「お誕生日、おめでと〜！」\n「お誕生日、おめでとうございます」%K%P
%LC蛍
%LC蛍
「みんな、ありがとう」%K%P
「みんな、ありがとう」%K%P
盛大なクラッカーの音と共に、\nみんながお祝いの言葉を贈ってくれる。%K%P
盛大なクラッカーの音と共に、\nみんながお祝いの言葉を贈ってくれる。%K%P
目の前には清佳ちゃんが作ってくれた豪勢な料理が\n並んでいて、美味しそうな匂いを立ち上らせていた。%K%P
目の前には清佳ちゃんが作ってくれた豪勢な料理が\n並んでいて、美味しそうな匂いを立ち上らせていた。%K%P
%LC清佳
%LC清佳
「好きなだけ食べてね、蛍！\n　おかわりもたくさんあるから！」%K%P
「好きなだけ食べてね、蛍！\n　おかわりもたくさんあるから！」%K%P
%LC蛍
%LC蛍
「うん！　……わぁ、すっごく美味しい！」%K%P
「うん！　……わぁ、すっごく美味しい！」%K%P
味見の時よりもよっぽど美味しい。\nお肉なんか舌の上でとろけちゃう……。%K%P
味見の時よりもよっぽど美味しい。\nお肉なんか舌の上でとろけちゃう……。%K%P
%LC清佳
%LC清佳
「えへへ……。喜んでもらえたのなら良かった……」%K%P
「えへへ……。喜んでもらえたのなら良かった……」%K%P
%LC千鶴
%LC千鶴
「いや、マジでうんまいよ！\n　清佳ちゃんに毎日お味噌汁作って欲しいくらい！」%K%P
「いや、マジでうんまいよ！\n　清佳ちゃんに毎日お味噌汁作って欲しいくらい！」%K%P
%LC愛
%LC愛
「ま……及第点ですね。短気な清佳様にしては、\n　繊細な味付けをなされているではありませんか」%K%P
「ま……及第点ですね。短気な清佳様にしては、\n　繊細な味付けをなされているではありませんか」%K%P
%LC清佳
%LC清佳
「当然よ。これでも{鬼姑:おにばば}に\n　相当シゴかれたもの。下手なものは出さないわ」%K%P
「当然よ。これでも{鬼姑:おにばば}に\n　相当シゴかれたもの。下手なものは出さないわ」%K%P
清佳ちゃんが胸を張って自慢げに微笑む。\nでも誇って良い完成度だ。鬼姑呼ばわりは別として。%K%P
清佳ちゃんが胸を張って自慢げに微笑む。\nでも誇って良い完成度だ。鬼姑呼ばわりは別として。%K%P
%LC清佳
%LC清佳
「にしても春樹くんはどこへ行ったのかしら……。\n　彼の誕生日パーティーでもあるっていうのに」%K%P
「にしても春樹くんはどこへ行ったのかしら……。\n　彼の誕生日パーティーでもあるっていうのに」%K%P
%LC蛍
%LC蛍
「あ……！　おトイレに行くって言ってたよ？\n　すぐに帰ってくるんじゃないかな……！」%K%P
「あ……！　おトイレに行くって言ってたよ？\n　すぐに帰ってくるんじゃないかな……！」%K%P
%LC清佳
%LC清佳
「そう……。なら先に蛍へ渡しちゃおうかしら」%K%P
「そう……。なら先に蛍へ渡しちゃおうかしら」%K%P
%LC蛍
%LC蛍
「渡す？」%K%P
「渡す？」%K%P
%LC清佳
%LC清佳
「ええ。実はね、プレゼントも用意してあるの」%K%P
「ええ。実はね、プレゼントも用意してあるの」%K%P
%LC蛍
%LC蛍
「プレゼント？」%K%P
「プレゼント？」%K%P
%LC千鶴
%LC千鶴
「それならあたしもあるよ〜。\n　ちょいと待ってて。いま持ってくるから」%K%P
「それならあたしもあるよ〜。\n　ちょいと待ってて。いま持ってくるから」%K%P
%LC愛
%LC愛
「でしたら愛もお持ち致しましょう。\n　一応ご用意はしてありますので」%K%P
「でしたら愛もお持ち致しましょう。\n　一応ご用意はしてありますので」%K%P
そう言ってみんながそれぞれ\nプレゼントを取りに行ってくれる。%K%P
そう言ってみんながそれぞれ\nプレゼントを取りに行ってくれる。%K%P
まさかそんなものまで用意してくれたなんて……。\nどうしよう。嬉しい。%K%P
まさかそんなものまで用意してくれたなんて……。\nどうしよう。嬉しい。%K%P
みんな、どんなものを贈ってくれるんだろう――%K%P
みんな、どんなものを贈ってくれるんだろう――%K%P
%LC清佳
%LC清佳
「じゃあ、まずは私ね？　どうぞ、蛍！」%K%P
「じゃあ、まずは私ね？　どうぞ、蛍！」%K%P
%LC蛍
%LC蛍
「こ、これは――」%K%P
「こ、これは――」%K%P
――指輪！？\nしかも、めちゃくちゃ大きなダイヤ付きの……！？%K%P
――指輪！？\nしかも、めちゃくちゃ大きなダイヤ付きの……！？%K%P
%LC清佳
%LC清佳
「えへへ……。どうかしら……。\n　気に入ってもらえそう……？」%K%P
「えへへ……。どうかしら……。\n　気に入ってもらえそう……？」%K%P
%LC蛍
%LC蛍
「う、うん。ありがとね、清佳ちゃん……。\n　でも、えと……」%K%P
「う、うん。ありがとね、清佳ちゃん……。\n　でも、えと……」%K%P
%LC清佳
%LC清佳
「ハっ！　あまり趣味ではなかったかしら！？」%K%P
「ハっ！　あまり趣味ではなかったかしら！？」%K%P
%LC蛍
%LC蛍
「そうじゃないんだよっ？　だけど、えと……！\n　金額が想像つかないというか」%K%P
「そうじゃないんだよっ？　だけど、えと……！\n　金額が想像つかないというか」%K%P
%LC清佳
%LC清佳
「金額なんて気にしなくていいわ。\n　蛍への愛を形にしただけだもの」%K%P
「金額なんて気にしなくていいわ。\n　蛍への愛を形にしただけだもの」%K%P
%LC清佳
%LC清佳
「あ……！　だとしたら小さすぎたかしら……！\n　ごめんなさい、蛍……！　一度預けてもらえない？\n　もっと大きなダイヤを付け直してもらうから……！」%K%P
「あ……！　だとしたら小さすぎたかしら……！\n　ごめんなさい、蛍……！　一度預けてもらえない？\n　もっと大きなダイヤを付け直してもらうから……！」%K%P
%LC蛍
%LC蛍
「ううんっ！　十分大きい、十分伝わってくるから！\n　ありがとう、清佳ちゃん……！」%K%P
「ううんっ！　十分大きい、十分伝わってくるから！\n　ありがとう、清佳ちゃん……！」%K%P
これ以上お金をかけられてしまったら、清佳ちゃんの\n誕生日に何を贈れば良いかわからなくなるし……！%K%P
これ以上お金をかけられてしまったら、清佳ちゃんの\n誕生日に何を贈れば良いかわからなくなるし……！%K%P
%LC千鶴
%LC千鶴
「あははっ、ダイヤの指輪はちょいと重すぎるってば。\n　贈るなら、もっと普段使いのいいものにしなきゃ」%K%P
「あははっ、ダイヤの指輪はちょいと重すぎるってば。\n　贈るなら、もっと普段使いのいいものにしなきゃ」%K%P
%LC千鶴
%LC千鶴
「その点あたしのプレゼントは使いやすいと思うよ。\n　日常的に着てもらえればと思うし」%K%P
「その点あたしのプレゼントは使いやすいと思うよ。\n　日常的に着てもらえればと思うし」%K%P
日常的に着る？　ということは服かな……？\n僕のために新しい服を縫ってくれたのかも――%K%P
日常的に着る？　ということは服かな……？\n僕のために新しい服を縫ってくれたのかも――%K%P
%LC蛍
%LC蛍
「――って、なにこれ！！？」%K%P
「――って、なにこれ！！？」%K%P
%LC千鶴
%LC千鶴
「何って――下着に決まってんじゃん〜。\n　感謝してよ〜？　蛍のために作ったげたんだからさ〜」%K%P
「何って――下着に決まってんじゃん〜。\n　感謝してよ〜？　蛍のために作ったげたんだからさ〜」%K%P
%LC蛍
%LC蛍
「要らないよ！　こんなエッチな下着……！！\n　いつどこで着るっていうの……！！」%K%P
「要らないよ！　こんなエッチな下着……！！\n　いつどこで着るっていうの……！！」%K%P
こんなの付けたら一発アウトだよ！\n股間の息子が隠しきれないってば！%K%P
こんなの付けたら一発アウトだよ！\n股間の息子が隠しきれないってば！%K%P
%LC清佳
%LC清佳
「こ、こんな下着を着けた蛍に\n　誘惑されたりした日には――……はぅ」%K%P
「こ、こんな下着を着けた蛍に\n　誘惑されたりした日には――……はぅ」%K%P
%LC蛍
%LC蛍
「清佳ちゃんは何を想像しちゃってるの！？」%K%P
「清佳ちゃんは何を想像しちゃってるの！？」%K%P
%LC愛
%LC愛
「……そう言いつつもお顔が赤いですよ、蛍様。\n　清佳様とお付き合いされるにしても、\n　もっと節度のある交際をお願いしたいものです」%K%P
「……そう言いつつもお顔が赤いですよ、蛍様。\n　清佳様とお付き合いされるにしても、\n　もっと節度のある交際をお願いしたいものです」%K%P
%LC愛
%LC愛
「なので、愛からはこちらをお送り致しましょう」%K%P
「なので、愛からはこちらをお送り致しましょう」%K%P
%LC蛍
%LC蛍
「こ、これは……」%K%P
「こ、これは……」%K%P
%LC蛍
%LC蛍
「もしかして貞操帯……？」%K%P
「もしかして貞操帯……？」%K%P
しかも女性用の……。%K%P
しかも女性用の……。%K%P
%LC愛
%LC愛
「左様でございます。どうぞ今からでもご装着下さい。\n　鍵は愛が預かっておきますので」%K%P
「左様でございます。どうぞ今からでもご装着下さい。\n　鍵は愛が預かっておきますので」%K%P
%LC清佳
%LC清佳
「ちょっと愛……！　ふざけたことを言わないで……！\n　そんなことしたら蛍とイチャイチャできないじゃない！」%K%P
「ちょっと愛……！　ふざけたことを言わないで……！\n　そんなことしたら蛍とイチャイチャできないじゃない！」%K%P
%LC愛
%LC愛
「ですから。それをさせないための贈り物ですよ。\n　性欲に振り回されて、これ以上清佳様の頭がバカに\n　なられても困りますから」%K%P
「ですから。それをさせないための贈り物ですよ。\n　性欲に振り回されて、これ以上清佳様の頭がバカに\n　なられても困りますから」%K%P
%LC清佳
%LC清佳
「まるで既に私の頭がバカだって言っているように\n　聞こえるのだけれど、気のせいかしら……」%K%P
「まるで既に私の頭がバカだって言っているように\n　聞こえるのだけれど、気のせいかしら……」%K%P
%LC愛
%LC愛
「いえ。気のせいではございません」%K%P
「いえ。気のせいではございません」%K%P
%LC清佳
%LC清佳
「くきぃ！　蛍、そんなもの受け取らなくていいからね！」%K%P
「くきぃ！　蛍、そんなもの受け取らなくていいからね！」%K%P
%LC蛍
%LC蛍
「あはは……」%K%P
「あはは……」%K%P
苦笑しかできない。エッチなことをしすぎるな、\nという愛さんのメッセージだろうし……。%K%P
苦笑しかできない。エッチなことをしすぎるな、\nという愛さんのメッセージだろうし……。%K%P
%LC清佳
%LC清佳
「それにしても春樹くん、遅いわね……。\n　トイレにしても長すぎないかしら……」%K%P
「それにしても春樹くん、遅いわね……。\n　トイレにしても長すぎないかしら……」%K%P
っっ。マズい……！%K%P
っっ。マズい……！%K%P
%LC清佳
%LC清佳
「ちょっと探しに行ってくるわ。\n　せっかくだし、冷める前に食べてもらいたいもの」%K%P
「ちょっと探しに行ってくるわ。\n　せっかくだし、冷める前に食べてもらいたいもの」%K%P
%LC蛍
%LC蛍
「待って……！\n　わたしが探してくるよ……！」%K%P
「待って……！\n　わたしが探してくるよ……！」%K%P
%LC清佳
%LC清佳
「いいのいいの。蛍は今日の主役なんだから。\n　私に任せておいて」%K%P
「いいのいいの。蛍は今日の主役なんだから。\n　私に任せておいて」%K%P
%LC蛍
%LC蛍
「ううんっ！　私が探してくる……！！\n　清佳ちゃんはここで待ってて……！！」%K%P
「ううんっ！　私が探してくる……！！\n　清佳ちゃんはここで待ってて……！！」%K%P
%LC清佳
%LC清佳
「えっ？　ちょっと、ほた――」%K%P
「えっ？　ちょっと、ほた――」%K%P
清佳ちゃんが動き出す前に、\nリビングから飛び出していく。%K%P
清佳ちゃんが動き出す前に、\nリビングから飛び出していく。%K%P
あとは愛さんやお姉ちゃんが\nどうにか誤魔化してくれるはずだ。%K%P
あとは愛さんやお姉ちゃんが\nどうにか誤魔化してくれるはずだ。%K%P
今はすぐに着替えてリビングに戻らないと――%K%P
今はすぐに着替えてリビングに戻らないと――%K%P
%LC清佳
%LC清佳
「あ……！　春樹くん……！\n　一体どこへ行ってたのよっ？」%K%P
「あ……！　春樹くん……！\n　一体どこへ行ってたのよっ？」%K%P
%LC春樹
%LC春樹
「ご、ごめんね。久しぶりに帰ってきたから、\n　家の中をブラついてて……」%K%P
「ご、ごめんね。久しぶりに帰ってきたから、\n　家の中をブラついてて……」%K%P
%LC清佳
%LC清佳
「蛍と会わなかった？\n　春樹くんを探しに行ってくれたのだけど」%K%P
「蛍と会わなかった？\n　春樹くんを探しに行ってくれたのだけど」%K%P
%LC春樹
%LC春樹
「蛍なら、えと……！\n　誕生日プレゼントを仕舞いに行くって言ってたよっ？\n　嬉しそうにプレゼント抱えてたから……！」%K%P
「蛍なら、えと……！\n　誕生日プレゼントを仕舞いに行くって言ってたよっ？\n　嬉しそうにプレゼント抱えてたから……！」%K%P
%LC清佳
%LC清佳
「そ、そう。喜んでもらえたなら、えへへ、良かった」%K%P
「そ、そう。喜んでもらえたなら、えへへ、良かった」%K%P
%LC清佳
%LC清佳
「ま、とにかく座りなさい。\n　春樹くんにも一応プレゼントを買ってきたから」%K%P
「ま、とにかく座りなさい。\n　春樹くんにも一応プレゼントを買ってきたから」%K%P
%LC春樹
%LC春樹
「えっ？　僕にも？」%K%P
「えっ？　僕にも？」%K%P
%LC清佳
%LC清佳
「勘違いされると嫌だから言っておくけど、\n　単なるお礼だからねっ？　春樹くんには、\n　迷惑かけたり、お世話になったりもしたから」%K%P
「勘違いされると嫌だから言っておくけど、\n　単なるお礼だからねっ？　春樹くんには、\n　迷惑かけたり、お世話になったりもしたから」%K%P
ちょっぴり照れた顔で言いつつも、\n清佳ちゃんが僕を主賓席に座らせてくる。%K%P
ちょっぴり照れた顔で言いつつも、\n清佳ちゃんが僕を主賓席に座らせてくる。%K%P
でも、何を贈ってもらえるんだろう。\n僕を想って選んでくれたものなんだよね……。%K%P
でも、何を贈ってもらえるんだろう。\n僕を想って選んでくれたものなんだよね……。%K%P
蛍みたいなダイヤの指輪は有り得ないだろうけど、\nどんなものを貰えてもすごく嬉し――%K%P
蛍みたいなダイヤの指輪は有り得ないだろうけど、\nどんなものを貰えてもすごく嬉し――%K%P
%LC清佳
%LC清佳
「はい、どうぞ」%K%P
「はい、どうぞ」%K%P
%LC春樹
%LC春樹
「って――なんなのコレ！？」%K%P
「って――なんなのコレ！？」%K%P
%LC清佳
%LC清佳
「ブーメランパンツよ、ブーメランパンツ。\n　またプールでナンパする時にでも穿いてくれればいいわ」%K%P
「ブーメランパンツよ、ブーメランパンツ。\n　またプールでナンパする時にでも穿いてくれればいいわ」%K%P
%LC春樹
%LC春樹
「しないから！　ナンパは誤解だって言ったよね！？」%K%P
「しないから！　ナンパは誤解だって言ったよね！？」%K%P
%LC清佳
%LC清佳
「恥ずかしがらなくてもいいわよ。\n　こういうのが好きなんでしょ？」%K%P
「恥ずかしがらなくてもいいわよ。\n　こういうのが好きなんでしょ？」%K%P
%LC春樹
%LC春樹
%XS20「好きじゃない！！」%XE%K%P
%XS20「好きじゃない！！」%XE%K%P
%LC清佳
%LC清佳
「意地張っちゃって……。あなたを振った手前、\n　新しい恋を応援してあげようと選んだものなのに」%K%P
「意地張っちゃって……。あなたを振った手前、\n　新しい恋を応援してあげようと選んだものなのに」%K%P
その気遣いも含めて余計なお世話だよ。\n恋は諦めても清佳ちゃんへの想いは変わってないもん。%K%P
その気遣いも含めて余計なお世話だよ。\n恋は諦めても清佳ちゃんへの想いは変わってないもん。%K%P
%LC千鶴
%LC千鶴
「あちゃー……被っちゃったか」%K%P
「あちゃー……被っちゃったか」%K%P
%LC愛
%LC愛
「千鶴様もですか？　愛もです」%K%P
「千鶴様もですか？　愛もです」%K%P
僕ってそんなにブーメランパンツ穿くイメージあるかな？%K%P
僕ってそんなにブーメランパンツ穿くイメージあるかな？%K%P
%LC清佳
%LC清佳
「良かったじゃない、春樹くん。\n　あ、そうだ。今から穿いて見せてよ。\n　せっかくみんなからプレゼントされたわけだし」%K%P
「良かったじゃない、春樹くん。\n　あ、そうだ。今から穿いて見せてよ。\n　せっかくみんなからプレゼントされたわけだし」%K%P
%LC春樹
%LC春樹
「こんな場所で穿いてたら、ただの変態だよ！？」%K%P
「こんな場所で穿いてたら、ただの変態だよ！？」%K%P
%LC千鶴
%LC千鶴
「え〜いいじゃん。どうせならネタやって盛り上げてよ。\n　『そんなの関係ねぇ！』とか『ハイ！　オッパッピー』\n　とか言ってさ〜」%K%P
「え〜いいじゃん。どうせならネタやって盛り上げてよ。\n　『そんなの関係ねぇ！』とか『ハイ！　オッパッピー』\n　とか言ってさ〜」%K%P
%LC春樹
%LC春樹
「古いよ！！　本人すらそのネタ封印してるから！！」%K%P
「古いよ！！　本人すらそのネタ封印してるから！！」%K%P
%LC愛
%LC愛
「余興には持ってこいではないですか。\n　パーティーも退屈になってきた頃ですし」%K%P
「余興には持ってこいではないですか。\n　パーティーも退屈になってきた頃ですし」%K%P
%LC春樹
%LC春樹
「僕――じゃなくて俺の誕生日パーティーなんだよね！？\n　本人が余興やるのはおかしくない！？」%K%P
「僕――じゃなくて俺の誕生日パーティーなんだよね！？\n　本人が余興やるのはおかしくない！？」%K%P
%LC清佳
%LC清佳
「あくまで主役は蛍よ。あなたはついでだってば」%K%P
「あくまで主役は蛍よ。あなたはついでだってば」%K%P
酷い言われようだ。泣いちゃいそう。%K%P
酷い言われようだ。泣いちゃいそう。%K%P
%LC清佳
%LC清佳
「にしても蛍も中々帰ってこないわね……。\n　お部屋にいるんだっけ？　ちょっと呼んでくるわ」%K%P
「にしても蛍も中々帰ってこないわね……。\n　お部屋にいるんだっけ？　ちょっと呼んでくるわ」%K%P
っっ。マズい、また……！%K%P
っっ。マズい、また……！%K%P
%LC春樹
%LC春樹
「いいよいいよ、俺が呼んでくる……！\n　ここにいたら変な余興をさせられそうだし……！」%K%P
「いいよいいよ、俺が呼んでくる……！\n　ここにいたら変な余興をさせられそうだし……！」%K%P
%LC清佳
%LC清佳
「へ？　いやあなた、いま来たところ――」%K%P
「へ？　いやあなた、いま来たところ――」%K%P
清佳ちゃんの言葉を無視して、\nリビングから再び飛び出す。%K%P
清佳ちゃんの言葉を無視して、\nリビングから再び飛び出す。%K%P
すぐさまトイレに向かって、\n蛍の服に着替え直した。%K%P
すぐさまトイレに向かって、\n蛍の服に着替え直した。%K%P
%LC蛍
%LC蛍
「はぁはぁ。ご、ごめんね、清佳ちゃん。\n　プレゼントが嬉しくてつい時間を忘れて――って」%K%P
「はぁはぁ。ご、ごめんね、清佳ちゃん。\n　プレゼントが嬉しくてつい時間を忘れて――って」%K%P
%LC蛍
%LC蛍
「……あれ？　清佳ちゃんは？」%K%P
「……あれ？　清佳ちゃんは？」%K%P
%LC千鶴
%LC千鶴
「清佳ちゃんなら、お料理温め直してるよー」%K%P
「清佳ちゃんなら、お料理温め直してるよー」%K%P
%LC愛
%LC愛
「もう少し入れ替わりの頻度をどうにかできませんか？\n　頻度が増えれば増えるほどバレる可能性が増しますし」%K%P
「もう少し入れ替わりの頻度をどうにかできませんか？\n　頻度が増えれば増えるほどバレる可能性が増しますし」%K%P
%LC蛍
%LC蛍
「そうできると、わたしも嬉しいんだけど……」%K%P
「そうできると、わたしも嬉しいんだけど……」%K%P
%LC清佳
%LC清佳
「きゃっ！？」%K%P
「きゃっ！？」%K%P
%LC蛍
%LC蛍
「ふぇっ！？　どうしたの……！？」%K%P
「ふぇっ！？　どうしたの……！？」%K%P
%LC清佳
%LC清佳
「ちょっと温め直すの失敗しちゃって……！！」%K%P
「ちょっと温め直すの失敗しちゃって……！！」%K%P
%LC清佳
%LC清佳
「春樹くん、そこにいないっ……！？\n　どうすればいいか見てもらいたいんだけど……！」%K%P
「春樹くん、そこにいないっ……！？\n　どうすればいいか見てもらいたいんだけど……！」%K%P
%LC蛍
%LC蛍
「わたしで良ければ見るよっ？」%K%P
「わたしで良ければ見るよっ？」%K%P
%LC清佳
%LC清佳
「ダメよ……！　蛍には見せられないもの……！\n　とにかく至急彼を呼んできてくれないかしら……！」%K%P
「ダメよ……！　蛍には見せられないもの……！\n　とにかく至急彼を呼んできてくれないかしら……！」%K%P
うぅ、せっかく着替えて戻ってきたのに、また……。%K%P
うぅ、せっかく着替えて戻ってきたのに、また……。%K%P
%LC千鶴
%LC千鶴
「まぁ自業自得だね」%K%P
「まぁ自業自得だね」%K%P
%LC愛
%LC愛
「ええ。自業自得です」%K%P
「ええ。自業自得です」%K%P
わかってるもん……！\nでも僕はやり遂げてみせる……！%K%P
わかってるもん……！\nでも僕はやり遂げてみせる……！%K%P
%LC春樹
%LC春樹
「はぁはぁ……！　清佳さん、\n　僕を呼んでたって聞いたんだけど……！」%K%P
「はぁはぁ……！　清佳さん、\n　僕を呼んでたって聞いたんだけど……！」%K%P
%LC清佳
%LC清佳
「ん？　ああ、そうね。でも大丈夫、解決したわ」%K%P
「ん？　ああ、そうね。でも大丈夫、解決したわ」%K%P
%LC春樹
%LC春樹
「え゛っ！？」%K%P
「え゛っ！？」%K%P
%LC清佳
%LC清佳
「『え゛っ！？』って何よ……。\n　というかどこへ行ってたのよ、どこに。それに蛍は？」%K%P
「『え゛っ！？』って何よ……。\n　というかどこへ行ってたのよ、どこに。それに蛍は？」%K%P
%LC春樹
%LC春樹
「それは、えと……！　蛍を呼びに行った帰りに、\n　お家をブラブラしてて、蛍は、えと……！」%K%P
「それは、えと……！　蛍を呼びに行った帰りに、\n　お家をブラブラしてて、蛍は、えと……！」%K%P
%LC清佳
%LC清佳
「……なんだかさっきからおかしくないかしら。\n　蛍が春樹くんを呼びに行けば、蛍がいなくなるし。\n　春樹くんが蛍を呼びに行けば、春樹くんがいなくなるし」%K%P
「……なんだかさっきからおかしくないかしら。\n　蛍が春樹くんを呼びに行けば、蛍がいなくなるし。\n　春樹くんが蛍を呼びに行けば、春樹くんがいなくなるし」%K%P
%LC春樹
%LC春樹
「偶然だよ、偶然……！\n　たまたまタイミングがかち合わないだけで……！」%K%P
「偶然だよ、偶然……！\n　たまたまタイミングがかち合わないだけで……！」%K%P
%LC清佳
%LC清佳
「そう？　それにしては合わなさすぎるというか……」%K%P
「そう？　それにしては合わなさすぎるというか……」%K%P
清佳ちゃんが怪訝な顔をして見つめてくる。\nやっぱり異様だよね……。%K%P
清佳ちゃんが怪訝な顔をして見つめてくる。\nやっぱり異様だよね……。%K%P
%LC千鶴
%LC千鶴
「おーい春樹ぃ。お酒が切れたから、\n　買ってきてよ〜」%K%P
「おーい春樹ぃ。お酒が切れたから、\n　買ってきてよ〜」%K%P
%LC春樹
%LC春樹
「へっ？　どうして俺が――」%K%P
「へっ？　どうして俺が――」%K%P
%LC愛
%LC愛
「ついでにジュースもお願いします。\n　近くのスーパーまで買いに行って下さい」%K%P
「ついでにジュースもお願いします。\n　近くのスーパーまで買いに行って下さい」%K%P
%LC春樹
%LC春樹
「あ……」%K%P
「あ……」%K%P
そういうことか。お使いの体で春樹を出て行かせて、\n蛍として過ごす時間を確保してくれようとしているんだ。%K%P
そういうことか。お使いの体で春樹を出て行かせて、\n蛍として過ごす時間を確保してくれようとしているんだ。%K%P
%LC愛
%LC愛
「飲み物は用意していますから、\n　入れ替わりの際はそちらをお持ち下さい」%K%P
「飲み物は用意していますから、\n　入れ替わりの際はそちらをお持ち下さい」%K%P
ありがたい。それなら清佳ちゃんに\n訝しがられることもなくなるだろうし。%K%P
ありがたい。それなら清佳ちゃんに\n訝しがられることもなくなるだろうし。%K%P
%LC春樹
%LC春樹
「それじゃあ買い物に行ってくるね。\n　蛍によろしく……！」%K%P
「それじゃあ買い物に行ってくるね。\n　蛍によろしく……！」%K%P
%LC清佳
%LC清佳
「ああもう、ちょっと――……忙しないわね」%K%P
「ああもう、ちょっと――……忙しないわね」%K%P
そんな風に愛さんやお姉ちゃんの助けを借りつつ、\n一人二役をこなしていって――%K%P
そんな風に愛さんやお姉ちゃんの助けを借りつつ、\n一人二役をこなしていって――%K%P
%LC千鶴
%LC千鶴
「ふぅ……。なんとか乗り切れそうだね」%K%P
「ふぅ……。なんとか乗り切れそうだね」%K%P
%LC愛
%LC愛
「本当に面倒なことに巻き込んでくれましたよ。\n　出て行く理由を幾つ作らされたものか……」%K%P
「本当に面倒なことに巻き込んでくれましたよ。\n　出て行く理由を幾つ作らされたものか……」%K%P
%LC蛍
%LC蛍
「ご、ごめんね、ありがとう。\n　すっごく助かったよ」%K%P
「ご、ごめんね、ありがとう。\n　すっごく助かったよ」%K%P
宴もたけなわになり、清佳ちゃんが席を外したところで\n二人にこっそりとお礼を言う。%K%P
宴もたけなわになり、清佳ちゃんが席を外したところで\n二人にこっそりとお礼を言う。%K%P
長かったパーティーも無事に終わりそうだ。%K%P
長かったパーティーも無事に終わりそうだ。%K%P
同時に春樹として清佳ちゃんと過ごす時間も……。%K%P
同時に春樹として清佳ちゃんと過ごす時間も……。%K%P
%LC蛍
%LC蛍
「…………」%K%P
「…………」%K%P
最後にもう一度だけ着替えてこようかな……。\n春樹として清佳ちゃんともう少しだけお喋りしたいかも。%K%P
最後にもう一度だけ着替えてこようかな……。\n春樹として清佳ちゃんともう少しだけお喋りしたいかも。%K%P
%LC蛍
%LC蛍
「よし……」%K%P
「よし……」%K%P
そうして着替えようと立ち上がった――その時だった。%K%P
そうして着替えようと立ち上がった――その時だった。%K%P
%LC清佳
%LC清佳
「春樹くんはどこっ……！？」%K%P
「春樹くんはどこっ……！？」%K%P
%LC蛍
%LC蛍
「ふぇっ？　血相変えてどうしたの？」%K%P
「ふぇっ？　血相変えてどうしたの？」%K%P
%LC千鶴
%LC千鶴
「春樹ならアレじゃん。友達から電話かかってきたとかで\n　家のどっかにいるはずじゃない？」%K%P
「春樹ならアレじゃん。友達から電話かかってきたとかで\n　家のどっかにいるはずじゃない？」%K%P
%LC清佳
%LC清佳
「そういう話だったわよね……！？\n　でも、おかしいのよ……！！」%K%P
「そういう話だったわよね……！？\n　でも、おかしいのよ……！！」%K%P
%LC愛
%LC愛
「おかしいと言いますと……？」%K%P
「おかしいと言いますと……？」%K%P
%LC清佳
%LC清佳
「見て……！　トイレにこんなものが置いてあって……！\n　春樹くんが着てたシャツやズボン、パ、パンツまで！」%K%P
「見て……！　トイレにこんなものが置いてあって……！\n　春樹くんが着てたシャツやズボン、パ、パンツまで！」%K%P
%LC蛍
%LC蛍
「あ――……！！」%K%P
「あ――……！！」%K%P
僕としたことが単純なミスを……！\nもっと念入りに隠しておくべきだった……！%K%P
僕としたことが単純なミスを……！\nもっと念入りに隠しておくべきだった……！%K%P
%LC千鶴・愛
%LC千鶴・愛
「…………っっ」%K%P
「…………っっ」%K%P
お姉ちゃんと愛さんが睨みつけてくる。\nごめんなさい、二人とも……！！%K%P
お姉ちゃんと愛さんが睨みつけてくる。\nごめんなさい、二人とも……！！%K%P
それより今は――%K%P
それより今は――%K%P
%LC清佳
%LC清佳
「どう考えてもおかしいわよね……！？\n　もしかしてこれって、これって――！！」%K%P
「どう考えてもおかしいわよね……！？\n　もしかしてこれって、これって――！！」%K%P
マズいマズいマズい……！！%K%P
マズいマズいマズい……！！%K%P
清佳ちゃんに秘密がバレ――%K%P
清佳ちゃんに秘密がバレ――%K%P
%LC清佳
%LC清佳
「本当にブーメランパンツを穿いて、\n　出てこようとしてるんじゃない……！？」%K%P
「本当にブーメランパンツを穿いて、\n　出てこようとしてるんじゃない……！？」%K%P
%LC蛍
%LC蛍
「へ……？」%K%P
「へ……？」%K%P
ブーメラン……パンツ……？%K%P
ブーメラン……パンツ……？%K%P
%LC清佳
%LC清佳
「さっきの電話、嘘っぽいと思ってたのよ……！\n　きっと余興をするために出て行ったんだわ……！」%K%P
「さっきの電話、嘘っぽいと思ってたのよ……！\n　きっと余興をするために出て行ったんだわ……！」%K%P
%LC清佳
%LC清佳
「どうしよう。冗談で言ったつもりだったのに……！\n　まさか本気にされちゃうなんて……！」%K%P
「どうしよう。冗談で言ったつもりだったのに……！\n　まさか本気にされちゃうなんて……！」%K%P
%LC清佳
%LC清佳
「しかも出オチ間違いない芸なのに、\n　先にネタまで知っちゃって……！\n　上手くリアクション取ってあげられるかしら」%K%P
「しかも出オチ間違いない芸なのに、\n　先にネタまで知っちゃって……！\n　上手くリアクション取ってあげられるかしら」%K%P
バレて……ない？\n僕が一発芸をかまそうとしていると思われてる……？%K%P
バレて……ない？\n僕が一発芸をかまそうとしていると思われてる……？%K%P
首の皮一枚つながった――ように思えるけど、\nこれはこれでマズいんじゃ？%K%P
首の皮一枚つながった――ように思えるけど、\nこれはこれでマズいんじゃ？%K%P
下手をしたらブーメランパンツ姿で、\n現れなくちゃいけない羽目に――%K%P
下手をしたらブーメランパンツ姿で、\n現れなくちゃいけない羽目に――%K%P
%LC蛍
%LC蛍
「さ、流石にそんなことは――」%K%P
「さ、流石にそんなことは――」%K%P
%LC愛
%LC愛
「――大丈夫ですよ、清佳様。\n　元々女性の前でやるようなネタでもありませんし。\n　上手くリアクションを取る必要もありません」%K%P
「――大丈夫ですよ、清佳様。\n　元々女性の前でやるようなネタでもありませんし。\n　上手くリアクションを取る必要もありません」%K%P
%XS20愛さん！？%XE%K%P
%XS20愛さん！？%XE%K%P
%LC清佳
%LC清佳
「そ、そうよね……。というか普通にセクハラよね……。\n　そんなにも私たちに裸体を見せつけたいのかしら……」%K%P
「そ、そうよね……。というか普通にセクハラよね……。\n　そんなにも私たちに裸体を見せつけたいのかしら……」%K%P
%LC千鶴
%LC千鶴
「まぁ春樹はそういうところあるからねー」%K%P
「まぁ春樹はそういうところあるからねー」%K%P
%XS20お姉ちゃんまで！？%XE%K%P
%XS20お姉ちゃんまで！？%XE%K%P
%LC愛
%LC愛
「……仕方ないでしょう。不用意な場所に\n　着替えを置いていたあなたがいけませんし」%K%P
「……仕方ないでしょう。不用意な場所に\n　着替えを置いていたあなたがいけませんし」%K%P
%LC千鶴
%LC千鶴
「そうそう。大人しく『そんなの関係ねえ』\n　『ハイ！　オッパッピー』とか言って出てきなよ」%K%P
「そうそう。大人しく『そんなの関係ねえ』\n　『ハイ！　オッパッピー』とか言って出てきなよ」%K%P
確かにそうするのが最善だろうけど……！\nでも……！　でも……！%K%P
確かにそうするのが最善だろうけど……！\nでも……！　でも……！%K%P
%LC清佳
%LC清佳
「紛りなりにも誕生日プレゼントとして\n　贈ってしまったものね……。『喜んでるよ』って\n　暗に伝えようとしてくれているのかもしれないわ」%K%P
「紛りなりにも誕生日プレゼントとして\n　贈ってしまったものね……。『喜んでるよ』って\n　暗に伝えようとしてくれているのかもしれないわ」%K%P
%LC清佳
%LC清佳
「まったくもう……変なところで律儀なんだから」%K%P
「まったくもう……変なところで律儀なんだから」%K%P
ああ――……！！　こうしている間にも、\nやるしかないような空気にされてしまって……！！%K%P
ああ――……！！　こうしている間にも、\nやるしかないような空気にされてしまって……！！%K%P
%LC蛍
%LC蛍
「…………」%K%P
「…………」%K%P
%LC清佳
%LC清佳
「？？？　どうしたの、蛍……？\n　険しい顔で立ち上がって……」%K%P
「？？？　どうしたの、蛍……？\n　険しい顔で立ち上がって……」%K%P
%LC蛍
%LC蛍
「あ、あはは……。わたしはちょっと\n　席を外しておくね……？　流石に、えと。\n　春樹様のそういう姿、見たくないから……」%K%P
「あ、あはは……。わたしはちょっと\n　席を外しておくね……？　流石に、えと。\n　春樹様のそういう姿、見たくないから……」%K%P
%LC清佳
%LC清佳
「あ……！　そ、そうよね。蛍にとっては、えと。\n　つい最近まで想い人だったわけだし……」%K%P
「あ……！　そ、そうよね。蛍にとっては、えと。\n　つい最近まで想い人だったわけだし……」%K%P
%LC清佳
%LC清佳
「わかったわ。ネタが終わったら連絡するから、\n　それまでは自分のお部屋ででも休んでいて？」%K%P
「わかったわ。ネタが終わったら連絡するから、\n　それまでは自分のお部屋ででも休んでいて？」%K%P
%LC蛍
%LC蛍
「う、うん」%K%P
「う、うん」%K%P
色々な意味で覚悟を決めて席を立つ。%K%P
色々な意味で覚悟を決めて席を立つ。%K%P
さようなら。僕の羞恥心。%K%P
さようなら。僕の羞恥心。%K%P
……流石にパンツ一丁は恥ずかしすぎるから、\nシャツは着込んでいこう。%K%P
……流石にパンツ一丁は恥ずかしすぎるから、\nシャツは着込んでいこう。%K%P
………………%K%P
………………%K%P
…………%K%P
…………%K%P
……%K%P
……%K%P
%LC春樹
%LC春樹
「今日はありがとう。\n　すごく楽しかったよ」%K%P
「今日はありがとう。\n　すごく楽しかったよ」%K%P
%LC清佳
%LC清佳
「ホントに帰っちゃうの？\n　泊まっていけばいいのに。\n　久しぶりの実家でしょう？」%K%P
「ホントに帰っちゃうの？\n　泊まっていけばいいのに。\n　久しぶりの実家でしょう？」%K%P
%LC春樹
%LC春樹
「う、ううん。自分の部屋の方が落ち着くから」%K%P
「う、ううん。自分の部屋の方が落ち着くから」%K%P
%LC清佳
%LC清佳
「そう……」%K%P
「そう……」%K%P
これ以上、一人二役をこなしていると、\nまたボロを出してしまうかもしれない。%K%P
これ以上、一人二役をこなしていると、\nまたボロを出してしまうかもしれない。%K%P
十分過ぎるほどの思い出ももらったし、\n僕はもう大丈夫だ。%K%P
十分過ぎるほどの思い出ももらったし、\n僕はもう大丈夫だ。%K%P
%LC清佳
%LC清佳
「なら家まで送っていくわ。\n　さ、行きましょう」%K%P
「なら家まで送っていくわ。\n　さ、行きましょう」%K%P
%LC春樹
%LC春樹
「えっ！？　いいよいいよ。\n　一人で帰れるから」%K%P
「えっ！？　いいよいいよ。\n　一人で帰れるから」%K%P
むしろ、ついてこられた方がマズい。\n適当なところで着替えて戻ってこなくちゃいけないし。%K%P
むしろ、ついてこられた方がマズい。\n適当なところで着替えて戻ってこなくちゃいけないし。%K%P
%LC清佳
%LC清佳
「遠慮しないの。あなたにはお世話になったし、\n　それくらいはさせてくれてもいいじゃない」%K%P
「遠慮しないの。あなたにはお世話になったし、\n　それくらいはさせてくれてもいいじゃない」%K%P
%LC清佳
%LC清佳
「蛍は千鶴さんと仕事の打ち合わせに行っちゃったし。\n　愛も二人を送って行っちゃったし、一人で暇なのよ。\n　散歩がてらついていくだけだってば」%K%P
「蛍は千鶴さんと仕事の打ち合わせに行っちゃったし。\n　愛も二人を送って行っちゃったし、一人で暇なのよ。\n　散歩がてらついていくだけだってば」%K%P
う……。蛍を自然と退席させようと画策してくれた\n二人の気遣いが裏目に出ちゃって……。%K%P
う……。蛍を自然と退席させようと画策してくれた\n二人の気遣いが裏目に出ちゃって……。%K%P
仕方ない。%K%P
仕方ない。%K%P
%LC春樹
%LC春樹
「本当に途中までだよ？\n　夜道を一人で帰ることになるし」%K%P
「本当に途中までだよ？\n　夜道を一人で帰ることになるし」%K%P
%LC清佳
%LC清佳
「わかってるわよ。その頃には愛も戻ってるだろうし。\n　迎えに来てもらうわ」%K%P
「わかってるわよ。その頃には愛も戻ってるだろうし。\n　迎えに来てもらうわ」%K%P
%LC清佳
%LC清佳
「それじゃ行きましょ。ふふ、夜のお散歩って、\n　あまりしたことがないから楽しみなの」%K%P
「それじゃ行きましょ。ふふ、夜のお散歩って、\n　あまりしたことがないから楽しみなの」%K%P
%LC春樹
%LC春樹
「あ。待って清佳さん……！\n　一人で行ったら危ないってば」%K%P
「あ。待って清佳さん……！\n　一人で行ったら危ないってば」%K%P
