%LC清佳
%LC清佳
「さて、と。まずはどこから向かおうかしら」%K%P
「さて、と。まずはどこから向かおうかしら」%K%P
%LC春樹
%LC春樹
「良かったの……？\n　愛さんに何も言わず出て来ちゃって……」%K%P
「良かったの……？\n　愛さんに何も言わず出て来ちゃって……」%K%P
%LC清佳
%LC清佳
「いいのいいの。愛が一緒だと何もさせてもらえないし。\n　連絡は入れておいたから大丈夫でしょ」%K%P
「いいのいいの。愛が一緒だと何もさせてもらえないし。\n　連絡は入れておいたから大丈夫でしょ」%K%P
%LC清佳
%LC清佳
「それより今は急がなくちゃ。\n　もたもたしてると日が暮れちゃう」%K%P
「それより今は急がなくちゃ。\n　もたもたしてると日が暮れちゃう」%K%P
早足で清佳ちゃんが歩いて行く。%K%P
早足で清佳ちゃんが歩いて行く。%K%P
どこに向かってるんだろう。\nもしかしてまたデートの下見かな？%K%P
どこに向かってるんだろう。\nもしかしてまたデートの下見かな？%K%P
でも、こうして二人で歩いてると\n本当にデートしてるみたいでドキドキしちゃ――%K%P
でも、こうして二人で歩いてると\n本当にデートしてるみたいでドキドキしちゃ――%K%P
%LC清佳
%LC清佳
「――と。着いたわ、ここね」%K%P
「――と。着いたわ、ここね」%K%P
%LC春樹
%LC春樹
「ここって――……」%K%P
「ここって――……」%K%P
『楠酒造』%K%P
『楠酒造』%K%P
……酒造？%K%P
……酒造？%K%P
%LC清佳
%LC清佳
「行くわよ。目的のブツを手に入れなくちゃ」%K%P
「行くわよ。目的のブツを手に入れなくちゃ」%K%P
%LC春樹
%LC春樹
「ちょちょちょ、ちょっと待って！？\n　まさかお酒を買うつもりじゃないよね！？」%K%P
「ちょちょちょ、ちょっと待って！？\n　まさかお酒を買うつもりじゃないよね！？」%K%P
%LC清佳
%LC清佳
「そのつもりよ？　なんのために\n　酒造へ足を運んだと思ってるのよ」%K%P
「そのつもりよ？　なんのために\n　酒造へ足を運んだと思ってるのよ」%K%P
%LC春樹
%LC春樹
「いやいやいや！　まさか飲んでるの！？\n　飲んでないよね！？」%K%P
「いやいやいや！　まさか飲んでるの！？\n　飲んでないよね！？」%K%P
%LC清佳
%LC清佳
「飲んでるわけないじゃない。\n　千鶴さんじゃあるまいし」%K%P
「飲んでるわけないじゃない。\n　千鶴さんじゃあるまいし」%K%P
だったらどうして酒造なんかに！？\nともかくデートらしさは消え失せたや……。%K%P
だったらどうして酒造なんかに！？\nともかくデートらしさは消え失せたや……。%K%P
%LC店員
%LC店員
「あ、お久しぶりです、清佳様」%K%P
「あ、お久しぶりです、清佳様」%K%P
戸惑ったり落胆したりしている間に、\n清佳ちゃんはさっさとお店の中へ入っていく。%K%P
戸惑ったり落胆したりしている間に、\n清佳ちゃんはさっさとお店の中へ入っていく。%K%P
%LC清佳
%LC清佳
「急にお邪魔しちゃって悪いわね、{酒倉:さかくら}。\n　ちょっとお願いしたいことがあるんだけど」%K%P
「急にお邪魔しちゃって悪いわね、{酒倉:さかくら}。\n　ちょっとお願いしたいことがあるんだけど」%K%P
%LC店員
%LC店員
「私にお願いしたいこと、ですか？」%K%P
「私にお願いしたいこと、ですか？」%K%P
%LC清佳
%LC清佳
「ええ」%K%P
「ええ」%K%P
すると清佳ちゃんは自信満々に胸を張って――%K%P
すると清佳ちゃんは自信満々に胸を張って――%K%P
%LC清佳
%LC清佳
「お酒を大さじ四杯分もらえないかしら！」%K%P
「お酒を大さじ四杯分もらえないかしら！」%K%P
%LC春樹
%LC春樹
「…………」%K%P
「…………」%K%P
%LC店員
%LC店員
「…………」%K%P
「…………」%K%P
%LC春樹
%LC春樹
「はい？」%K%P
「はい？」%K%P
どういうこと？%K%P
どういうこと？%K%P
%LC清佳
%LC清佳
「ん？　私、何かおかしいこと言った？」%K%P
「ん？　私、何かおかしいこと言った？」%K%P
%LC春樹
%LC春樹
「おかしいも何も――」%K%P
「おかしいも何も――」%K%P
%LC店員
%LC店員
%XS20「――大さじ四杯分ですね！！\n　ただいまお持ち致します！！」%XE%K%P
%XS20「――大さじ四杯分ですね！！\n　ただいまお持ち致します！！」%XE%K%P
%LC清佳
%LC清佳
「ふふ。お願いね」%K%P
「ふふ。お願いね」%K%P
僕の言葉を遮るようにお店の人が慌てて返事をする。%K%P
僕の言葉を遮るようにお店の人が慌てて返事をする。%K%P
%LC清佳
%LC清佳
「お酒はＯＫと。あとは醤油ね……。\n　その次はみりん……。それぞれ大さじ四杯ずつか……」%K%P
「お酒はＯＫと。あとは醤油ね……。\n　その次はみりん……。それぞれ大さじ四杯ずつか……」%K%P
%LC清佳
%LC清佳
「醤油はともかく、みりん……？\n　みりんってよくわからないんだけどなんなのかしら……」%K%P
「醤油はともかく、みりん……？\n　みりんってよくわからないんだけどなんなのかしら……」%K%P
%LC店員
%LC店員
「み、みりんでしたら、うちでもご用意できますよ？」%K%P
「み、みりんでしたら、うちでもご用意できますよ？」%K%P
%LC清佳
%LC清佳
「そうなのっ？　素晴らしいわ、酒倉！\n　じゃあ、それも大さじ四杯分お願いね！」%K%P
「そうなのっ？　素晴らしいわ、酒倉！\n　じゃあ、それも大さじ四杯分お願いね！」%K%P
%LC店員
%LC店員
「しょ、承知致しました！\n　――誰か清佳様にみりんをお持ちして！」%K%P
「しょ、承知致しました！\n　――誰か清佳様にみりんをお持ちして！」%K%P
%LC春樹
%LC春樹
「…………」%K%P
「…………」%K%P
%LC清佳
%LC清佳
「みりんもＯＫと。醤油は……うちでも作ってないわね。\n　メーカーごと買い取るしかないか……。あと出汁も――」%K%P
「みりんもＯＫと。醤油は……うちでも作ってないわね。\n　メーカーごと買い取るしかないか……。あと出汁も――」%K%P
%LC春樹
%LC春樹
「あ、あの、清佳さん」%K%P
「あ、あの、清佳さん」%K%P
%LC清佳
%LC清佳
「ん？　どうしたの、春樹くん？」%K%P
「ん？　どうしたの、春樹くん？」%K%P
%LC春樹
%LC春樹
「もしかしてだけど……\n　料理しようとしてる……？」%K%P
「もしかしてだけど……\n　料理しようとしてる……？」%K%P
%LC清佳
%LC清佳
「あ、バレちゃった？　ふふふ、実はそうなの。\n　蛍に手料理を振る舞おうと思って！」%K%P
「あ、バレちゃった？　ふふふ、実はそうなの。\n　蛍に手料理を振る舞おうと思って！」%K%P
%LC清佳
%LC清佳
「大丈夫、レシピはバッチリ頭に入れてきたわ。\n　お酒にみりん、お砂糖と醤油を大さじ４杯ずつでしょ。\n　それに鰹出汁を４００ｃｃね！」%K%P
「大丈夫、レシピはバッチリ頭に入れてきたわ。\n　お酒にみりん、お砂糖と醤油を大さじ４杯ずつでしょ。\n　それに鰹出汁を４００ｃｃね！」%K%P
%LC清佳
%LC清佳
「あとは牛肉１００ｇにジャガイモ２個、\n　にんじんを一本と半分に、タマネギを半分。\n　それと――しらたき１００ｇ！」%K%P
「あとは牛肉１００ｇにジャガイモ２個、\n　にんじんを一本と半分に、タマネギを半分。\n　それと――しらたき１００ｇ！」%K%P
レシピからして、肉じゃがのようだけど……。\nまさか清佳ちゃん――いや、まさかだよね。%K%P
レシピからして、肉じゃがのようだけど……。\nまさか清佳ちゃん――いや、まさかだよね。%K%P
%LC清佳
%LC清佳
「にしても主婦って大変なのね。酒造を回ったり、\n　牧場を回ったり、農場を回ったり――重労働だわ」%K%P
「にしても主婦って大変なのね。酒造を回ったり、\n　牧場を回ったり、農場を回ったり――重労働だわ」%K%P
%LC春樹
%LC春樹
「……わかった。\n　僕に任せてもらえるかな」%K%P
「……わかった。\n　僕に任せてもらえるかな」%K%P
まずは清佳ちゃんに\nお買い物の仕方を教えてあげないと。%K%P
まずは清佳ちゃんに\nお買い物の仕方を教えてあげないと。%K%P
%LC清佳
%LC清佳
「盲点だったわ……。\n　スーパーに行けばなんでも揃うなんて……。\n　それにお酒やみりんもボトルで売ってるなんて……」%K%P
「盲点だったわ……。\n　スーパーに行けばなんでも揃うなんて……。\n　それにお酒やみりんもボトルで売ってるなんて……」%K%P
%LC春樹
%LC春樹
「製造元で必要分だけもらおうとする方が\n　よっぽど盲点だと思うんだけど……」%K%P
「製造元で必要分だけもらおうとする方が\n　よっぽど盲点だと思うんだけど……」%K%P
%LC清佳
%LC清佳
「う、うるさいわね。お買い物になんて\n　行ったことないんだから仕方ないでしょうに……！」%K%P
「う、うるさいわね。お買い物になんて\n　行ったことないんだから仕方ないでしょうに……！」%K%P
恥ずかしそうに顔を赤らめる清佳ちゃん。%K%P
恥ずかしそうに顔を赤らめる清佳ちゃん。%K%P
とりあえず無事に買えて良かった。%K%P
とりあえず無事に買えて良かった。%K%P
%LC清佳
%LC清佳
「やっぱり春樹くんについてきてもらって良かったわ。\n　また恥をさらしてしまうところだったもの」%K%P
「やっぱり春樹くんについてきてもらって良かったわ。\n　また恥をさらしてしまうところだったもの」%K%P
%LC清佳
%LC清佳
「ふふ。物知りなのね、春樹くんは」%K%P
「ふふ。物知りなのね、春樹くんは」%K%P
%LC春樹
%LC春樹
「あはは……」%K%P
「あはは……」%K%P
清佳ちゃんが知らなすぎるだけだとは言えない。%K%P
清佳ちゃんが知らなすぎるだけだとは言えない。%K%P
%LC清佳
%LC清佳
「ちなみに……その。\n　春樹くんはお料理もできたりするのかしら……」%K%P
「ちなみに……その。\n　春樹くんはお料理もできたりするのかしら……」%K%P
%LC春樹
%LC春樹
「え？　う、うん。まぁ一応は……」%K%P
「え？　う、うん。まぁ一応は……」%K%P
%LC清佳
%LC清佳
「できるのっ！？　だったら教えて！」%K%P
「できるのっ！？　だったら教えて！」%K%P
%LC春樹
%LC春樹
「わわっ！？　ほ、蛍や愛さんに\n　訊いたらいいんじゃないの？」%K%P
「わわっ！？　ほ、蛍や愛さんに\n　訊いたらいいんじゃないの？」%K%P
%LC清佳
%LC清佳
「サプライズで手料理を振る舞おうって言うのに、\n　蛍に訊けるわけないじゃない！　愛もダメよ！\n　あの子、絶対に私を台所に立たせてくれないもの！」%K%P
「サプライズで手料理を振る舞おうって言うのに、\n　蛍に訊けるわけないじゃない！　愛もダメよ！\n　あの子、絶対に私を台所に立たせてくれないもの！」%K%P
%LC清佳
%LC清佳
「だからわざわざこうして蛍や愛に黙って、\n　こっそりと食材を買いに来てるの。\n　暇ならこの後も付き合って？　ねっ？」%K%P
「だからわざわざこうして蛍や愛に黙って、\n　こっそりと食材を買いに来てるの。\n　暇ならこの後も付き合って？　ねっ？」%K%P
%LC春樹
%LC春樹
「ぼ――俺で良ければ構わないけど……！」%K%P
「ぼ――俺で良ければ構わないけど……！」%K%P
%LC清佳
%LC清佳
「決まりね！　じゃあ学園に戻るわよ！\n　調理室を借りてあるから！」%K%P
「決まりね！　じゃあ学園に戻るわよ！\n　調理室を借りてあるから！」%K%P
%LC春樹
%LC春樹
「わわわっ。そんなに急がなくても……！」%K%P
「わわわっ。そんなに急がなくても……！」%K%P
%LC清佳
%LC清佳
「何を言ってるのよ。時間が勿体ないじゃない！」%K%P
「何を言ってるのよ。時間が勿体ないじゃない！」%K%P
清佳ちゃんに腕を掴まれて、\n半ば無理やり引っ張って行かれる。%K%P
清佳ちゃんに腕を掴まれて、\n半ば無理やり引っ張って行かれる。%K%P
%LC清佳
%LC清佳
「ま、覚悟しておきなさい。深刻な顔なんてする暇\n　ないくらいコキ使ってあげるから」%K%P
「ま、覚悟しておきなさい。深刻な顔なんてする暇\n　ないくらいコキ使ってあげるから」%K%P
%LC春樹
%LC春樹
「え？」%K%P
「え？」%K%P
%LC清佳
%LC清佳
「あ――……！　な、なんでもないわ！\n　とにかく急ぐわよっ……！」%K%P
「あ――……！　な、なんでもないわ！\n　とにかく急ぐわよっ……！」%K%P
ちょっぴり赤面して、清佳ちゃんが足早に歩いて行く。%K%P
ちょっぴり赤面して、清佳ちゃんが足早に歩いて行く。%K%P
もしかして清佳ちゃん、\nため息をついて悩んでた僕を励まそうとしてくれて――%K%P
もしかして清佳ちゃん、\nため息をついて悩んでた僕を励まそうとしてくれて――%K%P
%LC清佳
%LC清佳
「ほら。ボサっとしてないで足動かしなさいってば！\n　引っ張るのも中々疲れるのよっ？」%K%P
「ほら。ボサっとしてないで足動かしなさいってば！\n　引っ張るのも中々疲れるのよっ？」%K%P
%LC春樹
%LC春樹
「ふふっ、うんっ……！」%K%P
「ふふっ、うんっ……！」%K%P
清佳ちゃんの気遣いに嬉しくなってしまう。%K%P
清佳ちゃんの気遣いに嬉しくなってしまう。%K%P
色々と考えなくちゃいけないこともあるけど、\n今は悩むのをやめよう。%K%P
色々と考えなくちゃいけないこともあるけど、\n今は悩むのをやめよう。%K%P
僕も清佳ちゃんの役に立ちたい。%K%P
僕も清佳ちゃんの役に立ちたい。%K%P
%LC清佳
%LC清佳
「はぁぁぁぁ――…………」%K%P
「はぁぁぁぁ――…………」%K%P
%LC清佳
%LC清佳
「――とりゃあっ！！」%K%P
「――とりゃあっ！！」%K%P
ズバン！！%K%P
ズバン！！%K%P
%LC清佳
%LC清佳
「ふふ。上手に斬れたわ」%K%P
「ふふ。上手に斬れたわ」%K%P
%LC春樹
%LC春樹
「いやそれ、薪割りの振り下ろし方！！」%K%P
「いやそれ、薪割りの振り下ろし方！！」%K%P
%LC清佳
%LC清佳
「な、何よ。切れてるんだからいいじゃない」%K%P
「な、何よ。切れてるんだからいいじゃない」%K%P
%LC春樹
%LC春樹
「ああ……。素人丸出しの発言だ……」%K%P
「ああ……。素人丸出しの発言だ……」%K%P
台所にも立ったことないとは行っていたけれど、\n想像以上に酷い。というか危険だ。%K%P
台所にも立ったことないとは行っていたけれど、\n想像以上に酷い。というか危険だ。%K%P
%LC春樹
%LC春樹
「ちょっと貸してみて？」%K%P
「ちょっと貸してみて？」%K%P
%LC清佳
%LC清佳
「うん？」%K%P
「うん？」%K%P
%LC春樹
%LC春樹
「ひぃあ！？　包丁は置いて！！\n　下手したら刺さるってば！！」%K%P
「ひぃあ！？　包丁は置いて！！\n　下手したら刺さるってば！！」%K%P
%LC清佳
%LC清佳
「あはは。クッキングジョークよ、クッキングジョーク」%K%P
「あはは。クッキングジョークよ、クッキングジョーク」%K%P
%LC春樹
%LC春樹
「笑いの方向が猟奇的すぎるから……」%K%P
「笑いの方向が猟奇的すぎるから……」%K%P
%LC春樹
%LC春樹
「コホン。よく見ててね？　包丁を使う時は自分の手を\n　切らないように、片手をこうして猫の手にするの」%K%P
「コホン。よく見ててね？　包丁を使う時は自分の手を\n　切らないように、片手をこうして猫の手にするの」%K%P
%LC春樹
%LC春樹
「切る時も力任せに切るんじゃなくて、\n　ゆっくり押し出していく感覚かな。\n　こうやって――」%K%P
「切る時も力任せに切るんじゃなくて、\n　ゆっくり押し出していく感覚かな。\n　こうやって――」%K%P
%LC清佳
%LC清佳
「わぁ……。上手なのね、春樹くん……。\n　良いお嫁さんになれそうだわ……」%K%P
「わぁ……。上手なのね、春樹くん……。\n　良いお嫁さんになれそうだわ……」%K%P
%LC春樹
%LC春樹
「せめて、お婿さんって言ってよ……」%K%P
「せめて、お婿さんって言ってよ……」%K%P
%LC清佳
%LC清佳
「褒めてるのに。ま、ともかくわかったわ。\n　貸して貸して！　やってみる！」%K%P
「褒めてるのに。ま、ともかくわかったわ。\n　貸して貸して！　やってみる！」%K%P
初めて調理実習で包丁に触れた子供のように、\n清佳ちゃんが楽しげにニンジンを切ろうとしていく。%K%P
初めて調理実習で包丁に触れた子供のように、\n清佳ちゃんが楽しげにニンジンを切ろうとしていく。%K%P
%LC清佳
%LC清佳
「片手を猫の手にして、包丁は押し出すように、と」%K%P
「片手を猫の手にして、包丁は押し出すように、と」%K%P
%LC清佳
%LC清佳
「こんな感じかしら？」%K%P
「こんな感じかしら？」%K%P
%LC春樹
%LC春樹
「うん。良い感じだね。強いて言うなら、\n　大きさもできる限り均等にした方がいいかな」%K%P
「うん。良い感じだね。強いて言うなら、\n　大きさもできる限り均等にした方がいいかな」%K%P
%LC春樹
%LC春樹
「特に肉じゃがみたいな煮物は、食材の大きさが違うと\n　味の濃さが上下しやすいから。できる限り小さく、\n　でも、食べ応えあるくらいの大きさがいいよ」%K%P
「特に肉じゃがみたいな煮物は、食材の大きさが違うと\n　味の濃さが上下しやすいから。できる限り小さく、\n　でも、食べ応えあるくらいの大きさがいいよ」%K%P
%LC春樹
%LC春樹
「作る量や食材の状態によって食材の大きさや\n　出汁の濃さも調整できるとより良いんだけどね。\n　人によって味の好みもあるし――その辺りは経験かな」%K%P
「作る量や食材の状態によって食材の大きさや\n　出汁の濃さも調整できるとより良いんだけどね。\n　人によって味の好みもあるし――その辺りは経験かな」%K%P
%LC春樹
%LC春樹
「あっ、ジャガイモは切ったらすぐに水に浸けて。\n　煮崩れ防止にもなるし、アクが抜けて味もよくなるから」%K%P
「あっ、ジャガイモは切ったらすぐに水に浸けて。\n　煮崩れ防止にもなるし、アクが抜けて味もよくなるから」%K%P
%LC春樹
%LC春樹
「それと――」%K%P
「それと――」%K%P
%LC清佳
%LC清佳
「ま、待って。一度に言われてもわからないわ」%K%P
「ま、待って。一度に言われてもわからないわ」%K%P
%LC春樹
%LC春樹
「あ……！　ご、ごめんね。つい」%K%P
「あ……！　ご、ごめんね。つい」%K%P
%LC清佳
%LC清佳
「思っていた以上に料理への拘りが強いのね。\n　あなた、やっぱりいいお嫁さんになりそうだわ……」%K%P
「思っていた以上に料理への拘りが強いのね。\n　あなた、やっぱりいいお嫁さんになりそうだわ……」%K%P
%LC清佳
%LC清佳
「……怖い姑にもなりそうな気もするけど……」%K%P
「……怖い姑にもなりそうな気もするけど……」%K%P
%LC春樹
%LC春樹
「ぐふっ！？　く、口出しし過ぎちゃったかな……？」%K%P
「ぐふっ！？　く、口出しし過ぎちゃったかな……？」%K%P
%LC清佳
%LC清佳
「いいえ、むしろ頼もしいわ……！\n　遠慮せずにビシバシ鍛えてちょうだい！」%K%P
「いいえ、むしろ頼もしいわ……！\n　遠慮せずにビシバシ鍛えてちょうだい！」%K%P
%LC清佳
%LC清佳
「私、家事が全くできない自覚はあるから。\n　口うるさい姑くらいがちょうどいいわ！」%K%P
「私、家事が全くできない自覚はあるから。\n　口うるさい姑くらいがちょうどいいわ！」%K%P
%LC春樹
%LC春樹
「口うるさいは余計なんだけど……」%K%P
「口うるさいは余計なんだけど……」%K%P
%LC清佳
%LC清佳
「ちなみに、このお出汁はどうかしら。\n　なんとなく作ってみたのだけど」%K%P
「ちなみに、このお出汁はどうかしら。\n　なんとなく作ってみたのだけど」%K%P
%LC春樹
%LC春樹
「――薄い。これじゃいくら煮ても味が染みないよ。\n　ちゃんと出汁は取ったの？　鰹の味がまるでしない。\n　その割には甘すぎるし。お砂糖入れすぎだよ」%K%P
「――薄い。これじゃいくら煮ても味が染みないよ。\n　ちゃんと出汁は取ったの？　鰹の味がまるでしない。\n　その割には甘すぎるし。お砂糖入れすぎだよ」%K%P
%LC清佳
%LC清佳
「ほら、やっぱり口うるさいじゃない」%K%P
「ほら、やっぱり口うるさいじゃない」%K%P
%LC春樹
%LC春樹
「――ハっ！！　ご、ごめんね……！\n　キツく言うつもりは全くなくて……！」%K%P
「――ハっ！！　ご、ごめんね……！\n　キツく言うつもりは全くなくて……！」%K%P
%LC清佳
%LC清佳
「ふふふ、いいのよ。逆に忖度されなくて助かるわ。\n　マズいのに美味しいと言われても成長できないもの」%K%P
「ふふふ、いいのよ。逆に忖度されなくて助かるわ。\n　マズいのに美味しいと言われても成長できないもの」%K%P
%LC清佳
%LC清佳
「でも意外なのは意外ね。蛍がいるのに、\n　ここまで料理にうるさくなるなんて。\n　普段は蛍に料理を任せてるんじゃないの？」%K%P
「でも意外なのは意外ね。蛍がいるのに、\n　ここまで料理にうるさくなるなんて。\n　普段は蛍に料理を任せてるんじゃないの？」%K%P
%LC春樹
%LC春樹
「それはえと……！\n　一緒に料理したりしてたからぁ……！」%K%P
「それはえと……！\n　一緒に料理したりしてたからぁ……！」%K%P
%LC清佳
%LC清佳
「蛍とっ！？　羨ましいコトしてるわね……」%K%P
「蛍とっ！？　羨ましいコトしてるわね……」%K%P
ちょっぴり憎々しげな顔をして清佳ちゃんが見てくる。%K%P
ちょっぴり憎々しげな顔をして清佳ちゃんが見てくる。%K%P
%LC春樹
%LC春樹
「そう思うなら清佳さんも蛍に\n　料理を教えてもらえば良いのに」%K%P
「そう思うなら清佳さんも蛍に\n　料理を教えてもらえば良いのに」%K%P
%LC清佳
%LC清佳
「言ったでしょ。サプライズで手料理を振る舞いたいの。\n　蛍に教えてもらうなんてできないわ」%K%P
「言ったでしょ。サプライズで手料理を振る舞いたいの。\n　蛍に教えてもらうなんてできないわ」%K%P
%LC清佳
%LC清佳
「それに……蛍の前で情けない姿を見せたくないし。\n　完全無欠の頼れる女性として見られたいもの」%K%P
「それに……蛍の前で情けない姿を見せたくないし。\n　完全無欠の頼れる女性として見られたいもの」%K%P
%LC清佳
%LC清佳
「だからお願い……！　私に料理を教えてっ？\n　蛍に喜んでもらえる料理を作れるようになりたいの！」%K%P
「だからお願い……！　私に料理を教えてっ？\n　蛍に喜んでもらえる料理を作れるようになりたいの！」%K%P
%LC春樹
%LC春樹
「ちょっ、頭を上げて。\n　俺で良ければいくらでも教えるから……！」%K%P
「ちょっ、頭を上げて。\n　俺で良ければいくらでも教えるから……！」%K%P
%LC清佳
%LC清佳
「春樹くん……！　持つべきものは友達ね！\n　じゃあ夏休み中、みっちり教えてちょうだい！」%K%P
「春樹くん……！　持つべきものは友達ね！\n　じゃあ夏休み中、みっちり教えてちょうだい！」%K%P
%LC春樹
%LC春樹
%XS20「夏休み中っ！？」%XE%K%P
%XS20「夏休み中っ！？」%XE%K%P
%LC清佳
%LC清佳
「もちろん予定は春樹くんに合わせるわっ！\n　ダメかしら……？」%K%P
「もちろん予定は春樹くんに合わせるわっ！\n　ダメかしら……？」%K%P
%LC春樹
%LC春樹
「う、ううん、構わないよ。どうせ暇だし……」%K%P
「う、ううん、構わないよ。どうせ暇だし……」%K%P
%LC清佳
%LC清佳
「良かった……！　それじゃあお願いね！」%K%P
「良かった……！　それじゃあお願いね！」%K%P
清佳ちゃんと過ごせるのは嬉しいけど……、\nこういう影の努力を知るとますます正体を明かしづらい。%K%P
清佳ちゃんと過ごせるのは嬉しいけど……、\nこういう影の努力を知るとますます正体を明かしづらい。%K%P
また「友達」って言われちゃったし……。%K%P
また「友達」って言われちゃったし……。%K%P
%LC春樹
%LC春樹
「でも、どうして急に料理を始めようと思ったの？\n　せっかく夏休みが始まったのに。蛍と遊ばないの？」%K%P
「でも、どうして急に料理を始めようと思ったの？\n　せっかく夏休みが始まったのに。蛍と遊ばないの？」%K%P
%LC清佳
%LC清佳
「遊びたいのは山々だけどね。\n　花嫁修業も始めないとと思って」%K%P
「遊びたいのは山々だけどね。\n　花嫁修業も始めないとと思って」%K%P
%LC清佳
%LC清佳
「それに今は、えと……。\n　蛍と顔を合わせづらいし……」%K%P
「それに今は、えと……。\n　蛍と顔を合わせづらいし……」%K%P
%LC春樹
%LC春樹
「えっ！？　何か気に障るようなこと、\n　蛍がしちゃった……！？」%K%P
「えっ！？　何か気に障るようなこと、\n　蛍がしちゃった……！？」%K%P
%LC清佳
%LC清佳
「む、むしろ嬉しすぎることをされちゃったというか。\n　顔を合わせるのも恥ずかしいというかっ……！」%K%P
「む、むしろ嬉しすぎることをされちゃったというか。\n　顔を合わせるのも恥ずかしいというかっ……！」%K%P
%LC清佳
%LC清佳
「顔を見るだけで襲いかねないし……！\n　へへ、下手したら襲われかねないかもと思って……！」%K%P
「顔を見るだけで襲いかねないし……！\n　へへ、下手したら襲われかねないかもと思って……！」%K%P
そ、そういうことか……！%K%P
そ、そういうことか……！%K%P
確かにこんな照れた顔を見せられたら、\n僕もまたムラムラしちゃうかも……！%K%P
確かにこんな照れた顔を見せられたら、\n僕もまたムラムラしちゃうかも……！%K%P
%LC清佳
%LC清佳
「それに、ね。近々アレがあるじゃない……？」%K%P
「それに、ね。近々アレがあるじゃない……？」%K%P
%LC春樹
%LC春樹
「アレ……？」%K%P
「アレ……？」%K%P
%LC清佳
%LC清佳
「蛍の誕生日に決まってるじゃない。\n　……まさか、忘れてたの？」%K%P
「蛍の誕生日に決まってるじゃない。\n　……まさか、忘れてたの？」%K%P
%LC春樹
%LC春樹
「あ……」%K%P
「あ……」%K%P
そういえば、もうすぐ誕生日だったっけ。\n自分のことながらすっかり忘れてた。%K%P
そういえば、もうすぐ誕生日だったっけ。\n自分のことながらすっかり忘れてた。%K%P
でもどうして清佳ちゃんが、\n僕の、いいや、蛍の誕生日を知って？%K%P
でもどうして清佳ちゃんが、\n僕の、いいや、蛍の誕生日を知って？%K%P
%LC清佳
%LC清佳
「小さい頃にね。聞いたことがあったの。\n　何気ない話だったから蛍は忘れてるかもしれないけど」%K%P
「小さい頃にね。聞いたことがあったの。\n　何気ない話だったから蛍は忘れてるかもしれないけど」%K%P
%LC蛍
%LC蛍
「――誕生日プレゼント？」%K%P
「――誕生日プレゼント？」%K%P
%LC清佳
%LC清佳
「う……うん。蛍なら何をもらえたら嬉しい……？」%K%P
「う……うん。蛍なら何をもらえたら嬉しい……？」%K%P
%LC蛍
%LC蛍
「うーん、どうだろう。あんまり考えたことないなぁ」%K%P
「うーん、どうだろう。あんまり考えたことないなぁ」%K%P
%LC清佳
%LC清佳
「ほ、欲しいものとかないの？\n　金の延べ棒とか、マンションとか……！」%K%P
「ほ、欲しいものとかないの？\n　金の延べ棒とか、マンションとか……！」%K%P
%LC蛍
%LC蛍
「ふぇ！？　金の延べ棒！？　マンション……！？\n　そんなのもらっても困っちゃうよ……！」%K%P
「ふぇ！？　金の延べ棒！？　マンション……！？\n　そんなのもらっても困っちゃうよ……！」%K%P
%LC清佳
%LC清佳
「そうなの……？\n　プレゼントの定番だと思ってたんだけど……」%K%P
「そうなの……？\n　プレゼントの定番だと思ってたんだけど……」%K%P
%LC蛍
%LC蛍
「ドラマの見過ぎだよ、清佳ちゃん……」%K%P
「ドラマの見過ぎだよ、清佳ちゃん……」%K%P
%LC蛍
%LC蛍
「でも、そういうことなら……わたしは心のこもった\n　ものがいいなぁ。心がこもっていればなんでもいいかも」%K%P
「でも、そういうことなら……わたしは心のこもった\n　ものがいいなぁ。心がこもっていればなんでもいいかも」%K%P
%LC清佳
%LC清佳
「心のこもったもの……」%K%P
「心のこもったもの……」%K%P
%LC蛍
%LC蛍
「ふふ。それで、誰に渡すの？\n　お母さん？　お父さん？」%K%P
「ふふ。それで、誰に渡すの？\n　お母さん？　お父さん？」%K%P
%LC清佳
%LC清佳
「〜〜っっ。ひ、秘密……！」%K%P
「〜〜っっ。ひ、秘密……！」%K%P
%LC蛍
%LC蛍
「いいじゃない、教えてよ。\n　プレゼント選びも手伝うよ？」%K%P
「いいじゃない、教えてよ。\n　プレゼント選びも手伝うよ？」%K%P
%LC清佳
%LC清佳
「いいってば……！　自分で考えたいの……！」%K%P
「いいってば……！　自分で考えたいの……！」%K%P
%LC蛍
%LC蛍
「そっか。ふふ。よほど大切な人への贈り物なんだね」%K%P
「そっか。ふふ。よほど大切な人への贈り物なんだね」%K%P
%LC蛍
%LC蛍
「でも……なんだって喜んでくれると思うよ？」%K%P
「でも……なんだって喜んでくれると思うよ？」%K%P
%LC清佳
%LC清佳
「ホ、ホントに……？」%K%P
「ホ、ホントに……？」%K%P
%LC蛍
%LC蛍
「話を聞いてるだけでも、清佳ちゃんの心が\n　すっごくこもってるのがわかるもん」%K%P
「話を聞いてるだけでも、清佳ちゃんの心が\n　すっごくこもってるのがわかるもん」%K%P
%LC蛍
%LC蛍
「その気持ちは、渡す相手にも絶対に伝わると思うよ？」%K%P
「その気持ちは、渡す相手にも絶対に伝わると思うよ？」%K%P
%LC清佳
%LC清佳
「そう……？　だったら、えへへ。良かった……」%K%P
「そう……？　だったら、えへへ。良かった……」%K%P
%LC蛍
%LC蛍
「それで、いったい誰に渡すの？」%K%P
「それで、いったい誰に渡すの？」%K%P
%LC清佳
%LC清佳
「だ、だから秘密。秘密だってば。しつこいわよ」%K%P
「だ、だから秘密。秘密だってば。しつこいわよ」%K%P
%LC蛍
%LC蛍
「ふふふ、残念。今なら聞けると思ったのに」%K%P
「ふふふ、残念。今なら聞けると思ったのに」%K%P
%LC清佳
%LC清佳
「もう、蛍ったら……」%K%P
「もう、蛍ったら……」%K%P
%LC清佳
%LC清佳
「……ちなみに、その。\n　蛍の誕生日っていつなのかしら……？」%K%P
「……ちなみに、その。\n　蛍の誕生日っていつなのかしら……？」%K%P
%LC蛍
%LC蛍
「わたし？　わたしは――」%K%P
「わたし？　わたしは――」%K%P
%LC清佳
%LC清佳
「えっ！？　すぐじゃない……！！\n　どうして教えてくれなかったの……！？」%K%P
「えっ！？　すぐじゃない……！！\n　どうして教えてくれなかったの……！？」%K%P
%LC蛍
%LC蛍
「あ、えと。わざわざ言うほどのことじゃないかなって」%K%P
「あ、えと。わざわざ言うほどのことじゃないかなって」%K%P
%LC清佳
%LC清佳
「言うほどのことよ……！　……うぅ、どうしよう。\n　いったい何をプレゼントしてあげたら……」%K%P
「言うほどのことよ……！　……うぅ、どうしよう。\n　いったい何をプレゼントしてあげたら……」%K%P
%LC蛍
%LC蛍
「？？？」%K%P
「？？？」%K%P
%LC清佳
%LC清佳
「――結局、プレゼントは渡せなかったんだけどね。\n　そのあと、蛍と大喧嘩しちゃって……。\n　タイミングを逃しちゃって……」%K%P
「――結局、プレゼントは渡せなかったんだけどね。\n　そのあと、蛍と大喧嘩しちゃって……。\n　タイミングを逃しちゃって……」%K%P
%LC清佳
%LC清佳
「でもだからこそ、今度はちゃんとお祝いしたいの。\n　蛍への感謝と、私の心を込めて……」%K%P
「でもだからこそ、今度はちゃんとお祝いしたいの。\n　蛍への感謝と、私の心を込めて……」%K%P
%LC春樹
%LC春樹
「清佳さん……」%K%P
「清佳さん……」%K%P
僕ですら忘れていた話をずっと覚えていてくれて……。\nそのために慣れない料理を始めようとまでしてくれて。%K%P
僕ですら忘れていた話をずっと覚えていてくれて……。\nそのために慣れない料理を始めようとまでしてくれて。%K%P
……嬉しい。本当に清佳ちゃんは一途にずっと僕を、\nううん、蛍を想い続けてくれていたんだ。%K%P
……嬉しい。本当に清佳ちゃんは一途にずっと僕を、\nううん、蛍を想い続けてくれていたんだ。%K%P
%LC清佳
%LC清佳
「そして、いつか蛍と一緒に台所へ立てるような\n　立派な花嫁になるの……！　いいえ、蛍の胃袋を\n　がっしり掴んでみせるわ……！」%K%P
「そして、いつか蛍と一緒に台所へ立てるような\n　立派な花嫁になるの……！　いいえ、蛍の胃袋を\n　がっしり掴んでみせるわ……！」%K%P
%LC清佳
%LC清佳
「『清佳ちゃんって、本当になんでもできるんだね。\n　　清佳ちゃんがわたしの恋人さんで良かった』\n　――って思ってもらいたいし……！」%K%P
「『清佳ちゃんって、本当になんでもできるんだね。\n　　清佳ちゃんがわたしの恋人さんで良かった』\n　――って思ってもらいたいし……！」%K%P
%LC清佳
%LC清佳
「そのためにも夜の勉強も……ごにょごにょ」%K%P
「そのためにも夜の勉強も……ごにょごにょ」%K%P
蛍との恋人生活でも妄想しているのか、\n清佳ちゃんが目に見えて顔を赤くする。%K%P
蛍との恋人生活でも妄想しているのか、\n清佳ちゃんが目に見えて顔を赤くする。%K%P
僕への態度とは大違いだ。\nその姿を見ているだけで蛍への愛の大きさがわかる。%K%P
僕への態度とは大違いだ。\nその姿を見ているだけで蛍への愛の大きさがわかる。%K%P
やっぱり……{春樹:ぼく}じゃ力不足だよね。%K%P
やっぱり……{春樹:ぼく}じゃ力不足だよね。%K%P
清佳ちゃんを幸せにできるのは、\n{春樹:ぼく}じゃなくて、蛍なんだ。%K%P
清佳ちゃんを幸せにできるのは、\n{春樹:ぼく}じゃなくて、蛍なんだ。%K%P
だったら――うん。決めた……！%K%P
だったら――うん。決めた……！%K%P
%LC春樹
%LC春樹
「よーし！　そういうことなら任せて！\n　清佳さんをプロ顔負けの料理人に仕上げてあげるよ！」%K%P
「よーし！　そういうことなら任せて！\n　清佳さんをプロ顔負けの料理人に仕上げてあげるよ！」%K%P
%LC清佳
%LC清佳
「わわっ。どうしたのよ、急にやる気出しちゃって」%K%P
「わわっ。どうしたのよ、急にやる気出しちゃって」%K%P
%LC春樹
%LC春樹
「ふふ、なんでもないよ。\n　清佳さんのおかげで悩みが解決しただけ」%K%P
「ふふ、なんでもないよ。\n　清佳さんのおかげで悩みが解決しただけ」%K%P
%LC清佳
%LC清佳
「私のおかげで……？　何かしたかしら……」%K%P
「私のおかげで……？　何かしたかしら……」%K%P
首を傾げる清佳ちゃんを尻目に、自分の決意を確かめる。%K%P
首を傾げる清佳ちゃんを尻目に、自分の決意を確かめる。%K%P
僕はもう――決して清佳ちゃんに正体を明かさない。\n春樹としての自分を好きになってもらおうともしない。%K%P
僕はもう――決して清佳ちゃんに正体を明かさない。\n春樹としての自分を好きになってもらおうともしない。%K%P
%LC春樹
%LC春樹
「（きっと、それが一番清佳ちゃんにとって幸せなことだ）」%K%P
「（きっと、それが一番清佳ちゃんにとって幸せなことだ）」%K%P
蛍としてエッチまでしてしまった上に、\n男の僕を好きになって貰おうとするのも虫が良すぎる。%K%P
蛍としてエッチまでしてしまった上に、\n男の僕を好きになって貰おうとするのも虫が良すぎる。%K%P
彼女を騙したまま身体を求めた責任を取りたい。%K%P
彼女を騙したまま身体を求めた責任を取りたい。%K%P
――吹っ切れると、なんだか世界が色づいて見えた。%K%P
――吹っ切れると、なんだか世界が色づいて見えた。%K%P
今までずっと春樹と蛍の間で揺れていた心が、\n明確にそれぞれ形を為して別個になった気がする。%K%P
今までずっと春樹と蛍の間で揺れていた心が、\n明確にそれぞれ形を為して別個になった気がする。%K%P
%LC春樹
%LC春樹
「それじゃあ本格的に指導を始めていくね。\n　かなり厳しめにいくけど大丈夫かな？」%K%P
「それじゃあ本格的に指導を始めていくね。\n　かなり厳しめにいくけど大丈夫かな？」%K%P
%LC清佳
%LC清佳
「……む。中々挑戦的な物言いね。もちろん\n　受けて立つわ。口うるさい姑を唸らせてあげる！」%K%P
「……む。中々挑戦的な物言いね。もちろん\n　受けて立つわ。口うるさい姑を唸らせてあげる！」%K%P
それはそれとして、口うるさい姑扱いはあんまりだから。%K%P
それはそれとして、口うるさい姑扱いはあんまりだから。%K%P
