%LC清佳
%LC清佳
「ん〜！　夜風が涼しいわね」%K%P
「ん〜！　夜風が涼しいわね」%K%P
清佳ちゃんが足取り軽く先へ先へと歩いて行く。%K%P
清佳ちゃんが足取り軽く先へ先へと歩いて行く。%K%P
気づけば住宅街を通り抜けて、\nいつもの公園にまで辿り着いてしまっていた。%K%P
気づけば住宅街を通り抜けて、\nいつもの公園にまで辿り着いてしまっていた。%K%P
%LC春樹
%LC春樹
「この辺りでいいよ？\n　そろそろ戻った方が良くない？」%K%P
「この辺りでいいよ？\n　そろそろ戻った方が良くない？」%K%P
%LC清佳
%LC清佳
「……む。さっきからずっと帰れ帰れってうるさいわね。\n　そんなに私と散歩するのが嫌なの？」%K%P
「……む。さっきからずっと帰れ帰れってうるさいわね。\n　そんなに私と散歩するのが嫌なの？」%K%P
%LC春樹
%LC春樹
「そ、そういうわけじゃないけど」%K%P
「そ、そういうわけじゃないけど」%K%P
%LC清佳
%LC清佳
「ならいいじゃない。もう少し送って行かせて？\n　この時間に出歩かせてもらえることなんて滅多にないし」%K%P
「ならいいじゃない。もう少し送って行かせて？\n　この時間に出歩かせてもらえることなんて滅多にないし」%K%P
%LC清佳
%LC清佳
「あなたにとってもご褒美だと思うけれど。\n　なんといっても好きな女の子が隣にいるわけだし」%K%P
「あなたにとってもご褒美だと思うけれど。\n　なんといっても好きな女の子が隣にいるわけだし」%K%P
もちろん、それは嬉しい。\nでも、僕はもう蛍として生きるって決めたんだ。%K%P
もちろん、それは嬉しい。\nでも、僕はもう蛍として生きるって決めたんだ。%K%P
今更あまり好意的な振る舞いをされたくない。\nそれよりも早く着替えてお屋敷に戻りたい。%K%P
今更あまり好意的な振る舞いをされたくない。\nそれよりも早く着替えてお屋敷に戻りたい。%K%P
こうしてあまり好意的な振る舞いをされちゃうと……\nせっかくの決意が鈍っちゃいそうになるし。%K%P
こうしてあまり好意的な振る舞いをされちゃうと……\nせっかくの決意が鈍っちゃいそうになるし。%K%P
%LC清佳
%LC清佳
「わぁ……。見て春樹くん。\n　星がとても綺麗よ」%K%P
「わぁ……。見て春樹くん。\n　星がとても綺麗よ」%K%P
そんな僕の気持ちなんて露も知らずに、\n清佳ちゃんは無邪気に空を指さしてはしゃぐ。%K%P
そんな僕の気持ちなんて露も知らずに、\n清佳ちゃんは無邪気に空を指さしてはしゃぐ。%K%P
%LC清佳
%LC清佳
「満天の空って、きっとこういう景色のことを言うのね。\n　あ。あれが夏の大三角形ってヤツかしら」%K%P
「満天の空って、きっとこういう景色のことを言うのね。\n　あ。あれが夏の大三角形ってヤツかしら」%K%P
%LC春樹
%LC春樹
「あんまり空ばかり見て歩いてたら危ないよ？\n　つまずいちゃうかもしれないし」%K%P
「あんまり空ばかり見て歩いてたら危ないよ？\n　つまずいちゃうかもしれないし」%K%P
%LC清佳
%LC清佳
「あはは。私を誰だと思ってるのよ。\n　そんなドジは踏まな――ひゃっ！？」%K%P
「あはは。私を誰だと思ってるのよ。\n　そんなドジは踏まな――ひゃっ！？」%K%P
%LC春樹
%LC春樹
「わっ――ととっ。言わんこっちゃない」%K%P
「わっ――ととっ。言わんこっちゃない」%K%P
%LC清佳
%LC清佳
「あ……ありがと」%K%P
「あ……ありがと」%K%P
%LC春樹
%LC春樹
「眺めるなら眺めるでいいけど、\n　立ち止まって見た方が安全だよ？」%K%P
「眺めるなら眺めるでいいけど、\n　立ち止まって見た方が安全だよ？」%K%P
%LC清佳
%LC清佳
「わ、わかってるわよ。うるさいわね」%K%P
「わ、わかってるわよ。うるさいわね」%K%P
ばつが悪そうに顔を背ける彼女が可愛かった。\nその姿をつい見つめてしまう。%K%P
ばつが悪そうに顔を背ける彼女が可愛かった。\nその姿をつい見つめてしまう。%K%P
もしも僕がいま蛍の姿だったら、\n彼女はどう反応したんだろう。%K%P
もしも僕がいま蛍の姿だったら、\n彼女はどう反応したんだろう。%K%P
幸せそうに「ありがとう」と言ってくれたのかな。\n彼女を抱きとめる僕を抱きしめ返してくれたのだろうか。%K%P
幸せそうに「ありがとう」と言ってくれたのかな。\n彼女を抱きとめる僕を抱きしめ返してくれたのだろうか。%K%P
%LC清佳
%LC清佳
「その……」%K%P
「その……」%K%P
%LC春樹
%LC春樹
「うん？」%K%P
「うん？」%K%P
%LC清佳
%LC清佳
「いつまで抱きしめてるのよ……」%K%P
「いつまで抱きしめてるのよ……」%K%P
%LC春樹
%LC春樹
「あ――ごめんっ」%K%P
「あ――ごめんっ」%K%P
%LC清佳
%LC清佳
「きゃっ」%K%P
「きゃっ」%K%P
すぐさま彼女から手を離して距離を取る。%K%P
すぐさま彼女から手を離して距離を取る。%K%P
%LC清佳
%LC清佳
「べ、別にそこまで慌てて離れろとは言ってないけど。\n　転びそうになったのは私だし」%K%P
「べ、別にそこまで慌てて離れろとは言ってないけど。\n　転びそうになったのは私だし」%K%P
%LC清佳
%LC清佳
「不思議と……嫌な気持ちはしないから」%K%P
「不思議と……嫌な気持ちはしないから」%K%P
%LC春樹
%LC春樹
「え……？」%K%P
「え……？」%K%P
%LC清佳
%LC清佳
「あ――今のは違っ……！\n　変な意味じゃなくて……！」%K%P
「あ――今のは違っ……！\n　変な意味じゃなくて……！」%K%P
%LC清佳
%LC清佳
「上手く説明はできないけど……！\n　ただ感覚として――ひゃっ！？」%K%P
「上手く説明はできないけど……！\n　ただ感覚として――ひゃっ！？」%K%P
%LC春樹
%LC春樹
「ちょっ――危ないっ……！」%K%P
「ちょっ――危ないっ……！」%K%P
慌てた拍子に清佳ちゃんがまた転びかけて、\nもう一度抱きしめてしまう羽目になる。%K%P
慌てた拍子に清佳ちゃんがまた転びかけて、\nもう一度抱きしめてしまう羽目になる。%K%P
%LC春樹
%LC春樹
「ご、ごめん。転ぶよりマシだと思って。\n　とりあえずほら。立てる？」%K%P
「ご、ごめん。転ぶよりマシだと思って。\n　とりあえずほら。立てる？」%K%P
%LC清佳
%LC清佳
「…………」%K%P
「…………」%K%P
%LC春樹
%LC春樹
「清佳さん？」%K%P
「清佳さん？」%K%P
%LC清佳
%LC清佳
「……やっぱり不思議。\n　どうして嫌じゃないのかしら……」%K%P
「……やっぱり不思議。\n　どうして嫌じゃないのかしら……」%K%P
清佳ちゃんが真っ直ぐ僕の顔を見つめてくる。%K%P
清佳ちゃんが真っ直ぐ僕の顔を見つめてくる。%K%P
%LC清佳
%LC清佳
「全然緊張しないの。\n　あなたに抱きしめられても……」%K%P
「全然緊張しないの。\n　あなたに抱きしめられても……」%K%P
%LC清佳
%LC清佳
「もっと身体が強ばってもいいはずなのに。\n　むしろ、安心しちゃってる自分がいる」%K%P
「もっと身体が強ばってもいいはずなのに。\n　むしろ、安心しちゃってる自分がいる」%K%P
%LC清佳
%LC清佳
「まるで……蛍に抱きしめられてる時みたいに」%K%P
「まるで……蛍に抱きしめられてる時みたいに」%K%P
%LC春樹
%LC春樹
「っっ」%K%P
「っっ」%K%P
%LC清佳
%LC清佳
「きゃふっ」%K%P
「きゃふっ」%K%P
清佳ちゃんの言葉を聞いて\n僕は思わず彼女の身体を突き飛ばしてしまう。%K%P
清佳ちゃんの言葉を聞いて\n僕は思わず彼女の身体を突き飛ばしてしまう。%K%P
%LC清佳
%LC清佳
「な、何よ、いきなり。痛いじゃない」%K%P
「な、何よ、いきなり。痛いじゃない」%K%P
%LC春樹
%LC春樹
「き、清佳さんが変なコト言うからだよ。\n　そんなこと言って、僕が妙なこと考えたらどうするの？」%K%P
「き、清佳さんが変なコト言うからだよ。\n　そんなこと言って、僕が妙なこと考えたらどうするの？」%K%P
%LC清佳
%LC清佳
「そんなことする人間だとは思ってないわ。\n　それくらいの信用はしてるわよ」%K%P
「そんなことする人間だとは思ってないわ。\n　それくらいの信用はしてるわよ」%K%P
%LC春樹
%LC春樹
「お、男は狼なんだよ。\n　無防備すぎるってば」%K%P
「お、男は狼なんだよ。\n　無防備すぎるってば」%K%P
%LC清佳
%LC清佳
「ふふ。にしては親切な狼さんだこと。\n　イチイチ忠告してくれるなんて」%K%P
「ふふ。にしては親切な狼さんだこと。\n　イチイチ忠告してくれるなんて」%K%P
冗談めかしに笑いながら返事してくる。%K%P
冗談めかしに笑いながら返事してくる。%K%P
清佳ちゃんはわかってない。\nそういう言動が僕にどれだけ後ろ髪を引かせるのか。%K%P
清佳ちゃんはわかってない。\nそういう言動が僕にどれだけ後ろ髪を引かせるのか。%K%P
%LC清佳
%LC清佳
「でも、ごめんなさい。変なコトを言ったのは確かだわ。\n　あなたを蛍みたいだなんて思うなんて」%K%P
「でも、ごめんなさい。変なコトを言ったのは確かだわ。\n　あなたを蛍みたいだなんて思うなんて」%K%P
%LC清佳
%LC清佳
「けど……うん。最近なんだか被っちゃうのよね。\n　あなたと蛍が……」%K%P
「けど……うん。最近なんだか被っちゃうのよね。\n　あなたと蛍が……」%K%P
%LC清佳
%LC清佳
「すごく……似てる気がするの。\n　どこが、とはハッキリ言えないけど。\n　雰囲気や仕草や、一緒にいる時の心地がすごく……」%K%P
「すごく……似てる気がするの。\n　どこが、とはハッキリ言えないけど。\n　雰囲気や仕草や、一緒にいる時の心地がすごく……」%K%P
%LC春樹
%LC春樹
「へ、へぇ。嬉しいな。\n　清佳さんにそう言ってもらえるなんて」%K%P
「へ、へぇ。嬉しいな。\n　清佳さんにそう言ってもらえるなんて」%K%P
誤魔化そうと思っておどけてみるけれど、\n清佳ちゃんはちっとも反応してくれない。%K%P
誤魔化そうと思っておどけてみるけれど、\n清佳ちゃんはちっとも反応してくれない。%K%P
僕の言葉を無視して、続けて尋ねてくる。%K%P
僕の言葉を無視して、続けて尋ねてくる。%K%P
%LC清佳
%LC清佳
「ね……。あなたこそ、変なコト言おうとしてない？」%K%P
「ね……。あなたこそ、変なコト言おうとしてない？」%K%P
%LC春樹
%LC春樹
「え？　変な、コト？」%K%P
「え？　変な、コト？」%K%P
%LC清佳
%LC清佳
「ここ最近のあなた……やっぱり蛍に似てるの」%K%P
「ここ最近のあなた……やっぱり蛍に似てるの」%K%P
%LC清佳
%LC清佳
「再会した後、あの夏祭りで\n　キスをしてくれる前までの蛍と……」%K%P
「再会した後、あの夏祭りで\n　キスをしてくれる前までの蛍と……」%K%P
%LC清佳
%LC清佳
「小さい頃、私にフランスへ引っ越すって\n　告げようとしていた時の蛍と……」%K%P
「小さい頃、私にフランスへ引っ越すって\n　告げようとしていた時の蛍と……」%K%P
%LC春樹
%LC春樹
「っっ」%K%P
「っっ」%K%P
その言葉を聞いてドキリとした。%K%P
その言葉を聞いてドキリとした。%K%P
もしかしたら、それを尋ねるために\n彼女はここまでついてきたのかもしれない。%K%P
もしかしたら、それを尋ねるために\n彼女はここまでついてきたのかもしれない。%K%P
そう考えている間にも、\n清佳ちゃんは恐る恐る問いかけてくる。%K%P
そう考えている間にも、\n清佳ちゃんは恐る恐る問いかけてくる。%K%P
%LC清佳
%LC清佳
「どこにも……行かないわよね？」%K%P
「どこにも……行かないわよね？」%K%P
%LC春樹
%LC春樹
「…………」%K%P
「…………」%K%P
%LC清佳
%LC清佳
「引っ越すだとか、もう会えないだとか、\n　あなたは言わないわよね？」%K%P
「引っ越すだとか、もう会えないだとか、\n　あなたは言わないわよね？」%K%P
%LC春樹
%LC春樹
「…………」%K%P
「…………」%K%P
%LC清佳
%LC清佳
「答えてよ。どうして……何も言ってくれないの？」%K%P
「答えてよ。どうして……何も言ってくれないの？」%K%P
薄暗い夜の闇の中、清佳ちゃんが尋ねてくる。\n心なしか瞳をうるうると揺らして。波打たせて。%K%P
薄暗い夜の闇の中、清佳ちゃんが尋ねてくる。\n心なしか瞳をうるうると揺らして。波打たせて。%K%P
幼い頃――海外へ引っ越すと告げた日も、\n清佳ちゃんは泣きじゃくっていた。%K%P
幼い頃――海外へ引っ越すと告げた日も、\n清佳ちゃんは泣きじゃくっていた。%K%P
嫌だ。嫌だ。と駄々っ子のようにわめいて、\n初めての大喧嘩にまで発展した。%K%P
嫌だ。嫌だ。と駄々っ子のようにわめいて、\n初めての大喧嘩にまで発展した。%K%P
……考えればわかることだったのに。\n友達との別れがどれだけ清佳ちゃんにとって辛いのか。%K%P
……考えればわかることだったのに。\n友達との別れがどれだけ清佳ちゃんにとって辛いのか。%K%P
僕はきっとわかってなかった。清佳ちゃんの中で、\nどれほど{春樹:ぼく}の存在が大きくなっていたのかを。%K%P
僕はきっとわかってなかった。清佳ちゃんの中で、\nどれほど{春樹:ぼく}の存在が大きくなっていたのかを。%K%P
ああ……嬉しいなぁ。本当に嬉しい。\nそこまで清佳ちゃんに想われていたなんて。%K%P
ああ……嬉しいなぁ。本当に嬉しい。\nそこまで清佳ちゃんに想われていたなんて。%K%P
でも、だからこそ――%K%P
でも、だからこそ――%K%P
%LC春樹
%LC春樹
「聞いて欲しいことがあるんだ」%K%P
「聞いて欲しいことがあるんだ」%K%P
%LC清佳
%LC清佳
「え……」%K%P
「え……」%K%P
%LC春樹
%LC春樹
「昨日、言いかけてたことだよ。\n　ほら。学園の調理室で。\n　清佳さんにちゃんと聞いてもらいたい」%K%P
「昨日、言いかけてたことだよ。\n　ほら。学園の調理室で。\n　清佳さんにちゃんと聞いてもらいたい」%K%P
%LC清佳
%LC清佳
「ま、待って。やっぱりあなた、\n　変なコト話そうとしてるわ。\n　そういう答えを訊いてるわけじゃないの」%K%P
「ま、待って。やっぱりあなた、\n　変なコト話そうとしてるわ。\n　そういう答えを訊いてるわけじゃないの」%K%P
%LC清佳
%LC清佳
「その話は別の日にしない？　あ、そうだ。\n　せっかく公園にいるわけだし、遊びましょうよ。\n　見て、滑り台もブランコも私たちの貸し切りよ？」%K%P
「その話は別の日にしない？　あ、そうだ。\n　せっかく公園にいるわけだし、遊びましょうよ。\n　見て、滑り台もブランコも私たちの貸し切りよ？」%K%P
先程とは真逆に、\n清佳ちゃんがおどけて誤魔化そうとしてくる。%K%P
先程とは真逆に、\n清佳ちゃんがおどけて誤魔化そうとしてくる。%K%P
けれど、ここで流されるわけにはいかなかった。%K%P
けれど、ここで流されるわけにはいかなかった。%K%P
結局今まで男らしい姿なんて何一つ\n見せることができなかった僕だけど。%K%P
結局今まで男らしい姿なんて何一つ\n見せることができなかった僕だけど。%K%P
だからこそ、最後の最後くらい\n逃げずに男らしく終わらせたい。%K%P
だからこそ、最後の最後くらい\n逃げずに男らしく終わらせたい。%K%P
%LC春樹
%LC春樹
「実は俺、またフランスに戻ることになったんだ。\n　向こうで父さんたちの仕事の手伝いをしなきゃいけない」%K%P
「実は俺、またフランスに戻ることになったんだ。\n　向こうで父さんたちの仕事の手伝いをしなきゃいけない」%K%P
%LC清佳
%LC清佳
「っっ」%K%P
「っっ」%K%P
%LC春樹
%LC春樹
「たぶんもう会えない。\n　清佳さんとは、今日でお別れだ」%K%P
「たぶんもう会えない。\n　清佳さんとは、今日でお別れだ」%K%P
%LC清佳
%LC清佳
「う、嘘……」%K%P
「う、嘘……」%K%P
そう、嘘だ。\n今まで僕は彼女に幾つも嘘を重ね続けてきた。%K%P
そう、嘘だ。\n今まで僕は彼女に幾つも嘘を重ね続けてきた。%K%P
けれど、これが最後の嘘になる。\n最後の嘘にしなくちゃいけない。%K%P
けれど、これが最後の嘘になる。\n最後の嘘にしなくちゃいけない。%K%P
%LC春樹
%LC春樹
「今日はありがとう。良い思い出ができたよ。\n　プレゼントも……うん。一応ありがとう」%K%P
「今日はありがとう。良い思い出ができたよ。\n　プレゼントも……うん。一応ありがとう」%K%P
%LC清佳
%LC清佳
「や、やめてよ。改まってお礼なんか言わないで。\n　それじゃまるで本当に……」%K%P
「や、やめてよ。改まってお礼なんか言わないで。\n　それじゃまるで本当に……」%K%P
%LC春樹
%LC春樹
「僕のことなんか気にしなくていいからさ。\n　残りの夏休みは蛍と楽しく過ごして？」%K%P
「僕のことなんか気にしなくていいからさ。\n　残りの夏休みは蛍と楽しく過ごして？」%K%P
%LC春樹
%LC春樹
「蛍も、清佳さんと楽しい思い出を\n　たくさん作りたいって思ってるだろうから」%K%P
「蛍も、清佳さんと楽しい思い出を\n　たくさん作りたいって思ってるだろうから」%K%P
%LC春樹
%LC春樹
「僕なんかに時間を使うよりも、\n　清佳さんの恋人に時間を使ってあげて欲しいな。\n　清佳さんもそうしたいはずだよね？」%K%P
「僕なんかに時間を使うよりも、\n　清佳さんの恋人に時間を使ってあげて欲しいな。\n　清佳さんもそうしたいはずだよね？」%K%P
%LC清佳
%LC清佳
「そ、それは……」%K%P
「そ、それは……」%K%P
言い淀む清佳ちゃんの姿を見て、\nやっぱり彼女は僕より蛍が大切なんだと確信する。%K%P
言い淀む清佳ちゃんの姿を見て、\nやっぱり彼女は僕より蛍が大切なんだと確信する。%K%P
なら、この選択は正しかったんだ。%K%P
なら、この選択は正しかったんだ。%K%P
確かに今は彼女を悲しませてしまっているかも\nしれないけれど、それもこれから癒やしていける。%K%P
確かに今は彼女を悲しませてしまっているかも\nしれないけれど、それもこれから癒やしていける。%K%P
蛍として彼女の傍にいることで癒やしていけるはずだ。%K%P
蛍として彼女の傍にいることで癒やしていけるはずだ。%K%P
%LC春樹
%LC春樹
「それじゃあ、僕は行くね」%K%P
「それじゃあ、僕は行くね」%K%P
%LC春樹
%LC春樹
「蛍と、末永くお幸せに――」%K%P
「蛍と、末永くお幸せに――」%K%P
と、踵を返して歩き出そうとした――その時だった。%K%P
と、踵を返して歩き出そうとした――その時だった。%K%P
%LC清佳
%LC清佳
%XS20「待ってってばっ……！！」%XE%K%P
%XS20「待ってってばっ……！！」%XE%K%P
%LC春樹
%LC春樹
「っっ」%K%P
「っっ」%K%P
ぐっと清佳ちゃんに掴みかかられる。\nその綺麗な瞳には大粒の涙が浮かんでいた。%K%P
ぐっと清佳ちゃんに掴みかかられる。\nその綺麗な瞳には大粒の涙が浮かんでいた。%K%P
%LC清佳
%LC清佳
「嫌よ、行かないで……！！\n　どこにも行かないでよ……！！」%K%P
「嫌よ、行かないで……！！\n　どこにも行かないでよ……！！」%K%P
%LC清佳
%LC清佳
「どうして突然いなくなっちゃうの……！？\n　せっかく――せっかく友達になれたのに……！！」%K%P
「どうして突然いなくなっちゃうの……！？\n　せっかく――せっかく友達になれたのに……！！」%K%P
%LC春樹
%LC春樹
「清佳さん……」%K%P
「清佳さん……」%K%P
%LC清佳
%LC清佳
「お金の問題なら私が幾らでも出してあげる……！！\n　だから思い直してっ？　ここにいてよ……！！」%K%P
「お金の問題なら私が幾らでも出してあげる……！！\n　だから思い直してっ？　ここにいてよ……！！」%K%P
%LC清佳
%LC清佳
「もう嫌なの……！\n　大切な人にいなくなられるのは……！」%K%P
「もう嫌なの……！\n　大切な人にいなくなられるのは……！」%K%P
%LC清佳
%LC清佳
「離れ離れになるのは……！！」%K%P
「離れ離れになるのは……！！」%K%P
涙ながらに清佳ちゃんが訴えてくれる。%K%P
涙ながらに清佳ちゃんが訴えてくれる。%K%P
彼女が最も嫌っているはずの、お金で友情を\n買うような真似までして引き止めようとしてくれる。%K%P
彼女が最も嫌っているはずの、お金で友情を\n買うような真似までして引き止めようとしてくれる。%K%P
その心からの叫びが嬉しかった。%K%P
その心からの叫びが嬉しかった。%K%P
できることなら、このまま抱きしめ返したい。\nあの日のようにキスの一つや二つしてあげたい。%K%P
できることなら、このまま抱きしめ返したい。\nあの日のようにキスの一つや二つしてあげたい。%K%P
でも――……%K%P
でも――……%K%P
%LC春樹
%LC春樹
「ごめん……」%K%P
「ごめん……」%K%P
%LC清佳
%LC清佳
「っっ」%K%P
「っっ」%K%P
僕にはそう答えることしかできなかった。%K%P
僕にはそう答えることしかできなかった。%K%P
あるいは彼女の気持ちを知らなければ、\n僕は今までのように二重生活を続けていたかもしれない。%K%P
あるいは彼女の気持ちを知らなければ、\n僕は今までのように二重生活を続けていたかもしれない。%K%P
けれど彼女の想いを知った今、\n僕は自分の気持ちを止められる自信がない。%K%P
けれど彼女の想いを知った今、\n僕は自分の気持ちを止められる自信がない。%K%P
蛍ではなく春樹として、\n彼女と恋人になりたいと思ってしまう。%K%P
蛍ではなく春樹として、\n彼女と恋人になりたいと思ってしまう。%K%P
そうなれば今度は蛍を彼女から失わせる羽目になる。\nそれはできない。%K%P
そうなれば今度は蛍を彼女から失わせる羽目になる。\nそれはできない。%K%P
%LC春樹
%LC春樹
「清佳さんには蛍がいるじゃない。\n　こんな風に僕を引き止めちゃダメだよ」%K%P
「清佳さんには蛍がいるじゃない。\n　こんな風に僕を引き止めちゃダメだよ」%K%P
%LC清佳
%LC清佳
「わかってる……！　わかってるわよ、そんなこと……！」%K%P
「わかってる……！　わかってるわよ、そんなこと……！」%K%P
%LC清佳
%LC清佳
「でも、それでも嫌なの……！！\n　春樹くんにだけはいなくなって欲しくないの……！！」%K%P
「でも、それでも嫌なの……！！\n　春樹くんにだけはいなくなって欲しくないの……！！」%K%P
%LC清佳
%LC清佳
「他の誰でもない、あなたにだけは……！！\n　これからもずっと一緒に、私と、一緒に……！！」%K%P
「他の誰でもない、あなたにだけは……！！\n　これからもずっと一緒に、私と、一緒に……！！」%K%P
僕の襟首を握り締めた彼女の拳にいっそう力がこもる。\nギリギリと音が立つほど強く握り締められる。%K%P
僕の襟首を握り締めた彼女の拳にいっそう力がこもる。\nギリギリと音が立つほど強く握り締められる。%K%P
%LC清佳
%LC清佳
「自分でも最低なこと言ってるってわかってる……！！\n　蛍に嫌われてもおかしくないことしてるってわかってる」%K%P
「自分でも最低なこと言ってるってわかってる……！！\n　蛍に嫌われてもおかしくないことしてるってわかってる」%K%P
%LC清佳
%LC清佳
「だけど、私……！　私は……！！」%K%P
「だけど、私……！　私は……！！」%K%P
――これ以上はダメだ。\n彼女の言葉を聞くわけにはいけない。%K%P
――これ以上はダメだ。\n彼女の言葉を聞くわけにはいけない。%K%P
聞けば、僕は自分を止められなくなる。%K%P
聞けば、僕は自分を止められなくなる。%K%P
%LC清佳
%LC清佳
「私はあなたのことも、好――」%K%P
「私はあなたのことも、好――」%K%P
%LC春樹
%LC春樹
%XS21「――やめてっっ！！」%XE%K%P
%XS21「――やめてっっ！！」%XE%K%P
%LC清佳
%LC清佳
「きゃっ……！！」%K%P
「きゃっ……！！」%K%P
ブチン――と服のボタンが弾けた。\nそれほどまでに強く、彼女の言葉と身体を突き返す。%K%P
ブチン――と服のボタンが弾けた。\nそれほどまでに強く、彼女の言葉と身体を突き返す。%K%P
%LC春樹
%LC春樹
「その言葉だけは言わないで清佳ちゃん……。\n　それだけは、僕も聞きたくないんだ」%K%P
「その言葉だけは言わないで清佳ちゃん……。\n　それだけは、僕も聞きたくないんだ」%K%P
%LC清佳
%LC清佳
「春樹、くん……」%K%P
「春樹、くん……」%K%P
驚いた顔で清佳ちゃんが僕を見つめてくる。\nボタンが取れた弾みで襟首からも手を下ろして。%K%P
驚いた顔で清佳ちゃんが僕を見つめてくる。\nボタンが取れた弾みで襟首からも手を下ろして。%K%P
咄嗟のことに、僕は格好を付けるのも忘れていた。\nだけど、その言葉だけは聞くわけにはいかなかった。%K%P
咄嗟のことに、僕は格好を付けるのも忘れていた。\nだけど、その言葉だけは聞くわけにはいかなかった。%K%P
%LC春樹
%LC春樹
「もう……行くね。今までありがとう。さようなら」%K%P
「もう……行くね。今までありがとう。さようなら」%K%P
そして、今度こそ清佳ちゃんの前から\n立ち去ろうとした――その時だった。%K%P
そして、今度こそ清佳ちゃんの前から\n立ち去ろうとした――その時だった。%K%P
%LC清佳
%LC清佳
「ま、待って。そ、それ……。\n　首筋、もっとよく見せて……！」%K%P
「ま、待って。そ、それ……。\n　首筋、もっとよく見せて……！」%K%P
%LC春樹
%LC春樹
「え？」%K%P
「え？」%K%P
今までとは違うトーンで\n清佳ちゃんが引き止めてくる。%K%P
今までとは違うトーンで\n清佳ちゃんが引き止めてくる。%K%P
さっきまで僕の顔に向けられていた\n彼女の視線は何故か僕の首筋へ向けられていて――%K%P
さっきまで僕の顔に向けられていた\n彼女の視線は何故か僕の首筋へ向けられていて――%K%P
%LC清佳
%LC清佳
「ちょっと失礼してもいいかしら……」%K%P
「ちょっと失礼してもいいかしら……」%K%P
%LC春樹
%LC春樹
「ちょ、な、何を――」%K%P
「ちょ、な、何を――」%K%P
そっと清佳ちゃんが僕のシャツをはだけてくる。%K%P
そっと清佳ちゃんが僕のシャツをはだけてくる。%K%P
そして――%K%P
そして――%K%P
%LC清佳
%LC清佳
「や、やっぱり、このキスマーク、このサイン……！」%K%P
「や、やっぱり、このキスマーク、このサイン……！」%K%P
%LC春樹
%LC春樹
「え……？　キスマーク？　サイン……？」%K%P
「え……？　キスマーク？　サイン……？」%K%P
驚愕の表情を浮かべて、清佳ちゃんが\n僕の首筋と僕の顔に視線を行ったり来たりさせる。%K%P
驚愕の表情を浮かべて、清佳ちゃんが\n僕の首筋と僕の顔に視線を行ったり来たりさせる。%K%P
%LC清佳
%LC清佳
「そ、そういうことなの……？\n　もしかして、あなたが……」%K%P
「そ、そういうことなの……？\n　もしかして、あなたが……」%K%P
何かに気づいたように清佳ちゃんが呆然と呟く。\nどういうこと？　一体、彼女は何を見て？%K%P
何かに気づいたように清佳ちゃんが呆然と呟く。\nどういうこと？　一体、彼女は何を見て？%K%P
……首筋と言えば、\n今朝清佳ちゃんに何かされてたような――%K%P
……首筋と言えば、\n今朝清佳ちゃんに何かされてたような――%K%P
%LC清佳
%LC清佳
「うふふ。『Ｉ　ＬＯＶＥ　蛍』と……」%K%P
「うふふ。『Ｉ　ＬＯＶＥ　蛍』と……」%K%P
%LC蛍
%LC蛍
「ん、んん……」%K%P
「ん、んん……」%K%P
%LC清佳
%LC清佳
「ん〜……ちゅぅぅ……」%K%P
「ん〜……ちゅぅぅ……」%K%P
っっ。まさか、あの痕が――！？\n思えばずっと首筋に違和感があって……！！%K%P
っっ。まさか、あの痕が――！？\n思えばずっと首筋に違和感があって……！！%K%P
%LC清佳
%LC清佳
「そうだった、のね……。\n　信じられないけど、そうとしか思えない……」%K%P
「そうだった、のね……。\n　信じられないけど、そうとしか思えない……」%K%P
清佳ちゃんが目を見開いたまま僕を見つめてくる。%K%P
清佳ちゃんが目を見開いたまま僕を見つめてくる。%K%P
%LC清佳
%LC清佳
「あなたは――蛍なのね？」%K%P
「あなたは――蛍なのね？」%K%P
