幼い頃からずっと、\n僕は罪悪感を抱え続けていた。%K%P
幼い頃からずっと、\n僕は罪悪感を抱え続けていた。%K%P
彼女と出会ったあの日から。%K%P
彼女と出会ったあの日から。%K%P
彼女と友達になったあの日から。%K%P
彼女と友達になったあの日から。%K%P
清佳ちゃんと仲良くなればなるほど、\n罪悪感は強くなった。%K%P
清佳ちゃんと仲良くなればなるほど、\n罪悪感は強くなった。%K%P
彼女は僕を女の子だと思ってくれているのに、\n親友だと、大好きな人だと言ってくれているのに。%K%P
彼女は僕を女の子だと思ってくれているのに、\n親友だと、大好きな人だと言ってくれているのに。%K%P
そんな彼女を騙している自分が、\n性別を偽って親友面している自分が、%K%P
そんな彼女を騙している自分が、\n性別を偽って親友面している自分が、%K%P
嫌で嫌で仕方がなかった。%K%P
嫌で嫌で仕方がなかった。%K%P
だからこそ僕は、いいや、俺は決めたんだ。%K%P
だからこそ僕は、いいや、俺は決めたんだ。%K%P
男らしくなるって。\n彼女と釣り合うような格好良い男になるって。%K%P
男らしくなるって。\n彼女と釣り合うような格好良い男になるって。%K%P
このままだと恋が叶わないという焦りもあったんだろう。%K%P
このままだと恋が叶わないという焦りもあったんだろう。%K%P
俺は昔から「女の子みたい」と言われ続けてきたから。%K%P
俺は昔から「女の子みたい」と言われ続けてきたから。%K%P
もし正体を明かした時に「女の子みたい」だと\n彼女に思われることも恥ずかしくて。%K%P
もし正体を明かした時に「女の子みたい」だと\n彼女に思われることも恥ずかしくて。%K%P
『わたし』でもなく『僕』でもなく、\n『俺』を見てもらいたい。%K%P
『わたし』でもなく『僕』でもなく、\n『俺』を見てもらいたい。%K%P
男の自分を好きになってもらいたい。%K%P
男の自分を好きになってもらいたい。%K%P
それこそが俺の望みだったはずなのに――%K%P
それこそが俺の望みだったはずなのに――%K%P
