………………%K%P
………………%K%P
…………%K%P
…………%K%P
……%K%P
……%K%P
%LC清佳
%LC清佳
「――ということで私たち、付き合うことになったから」%K%P
「――ということで私たち、付き合うことになったから」%K%P
%LC千鶴・愛
%LC千鶴・愛
「…………」%K%P
「…………」%K%P
%LC清佳
%LC清佳
「何よ、その反応……。\n　もっと祝いなさいよ、おめでたい話なんだから」%K%P
「何よ、その反応……。\n　もっと祝いなさいよ、おめでたい話なんだから」%K%P
%LC愛
%LC愛
「いえ……その。清佳様はショックをお受けに\n　なっていないのですか？　蛍様が男で……」%K%P
「いえ……その。清佳様はショックをお受けに\n　なっていないのですか？　蛍様が男で……」%K%P
%LC清佳
%LC清佳
「知った時は驚いたけど。\n　それ以上に私、この人の心を愛してるから」%K%P
「知った時は驚いたけど。\n　それ以上に私、この人の心を愛してるから」%K%P
%LC春樹
%LC春樹
「愛し――〜〜っっ。は、恥ずかしいよ、清佳さん」%K%P
「愛し――〜〜っっ。は、恥ずかしいよ、清佳さん」%K%P
%LC清佳
%LC清佳
「ふふ、いいじゃない。本当のことなんだし」%K%P
「ふふ、いいじゃない。本当のことなんだし」%K%P
%LC千鶴
%LC千鶴
「やー……。清佳ちゃんの反応を見てると、\n　悩んでたのがバカらしくなってくるねー……」%K%P
「やー……。清佳ちゃんの反応を見てると、\n　悩んでたのがバカらしくなってくるねー……」%K%P
%LC愛
%LC愛
「……同感です。あれだけ蛍様を好きだなんだと\n　言っておられた割に、なんとまぁ股の緩い……」%K%P
「……同感です。あれだけ蛍様を好きだなんだと\n　言っておられた割に、なんとまぁ股の緩い……」%K%P
%LC清佳
%LC清佳
「誰の股が緩いのよ、誰の。\n　愛も本気で恋をすればわかるわ。\n　性別や姿形なんて何も関係ないってことが、ね」%K%P
「誰の股が緩いのよ、誰の。\n　愛も本気で恋をすればわかるわ。\n　性別や姿形なんて何も関係ないってことが、ね」%K%P
%LC愛
%LC愛
「はぁ……。今までの愛の努力は一体……。\n　お医者様の準備も整えておりましたのに」%K%P
「はぁ……。今までの愛の努力は一体……。\n　お医者様の準備も整えておりましたのに」%K%P
%LC春樹
%LC春樹
「あ、あはは……。ずっと気を揉ませちゃって、\n　ごめんね、二人とも。それと、ありがとう」%K%P
「あ、あはは……。ずっと気を揉ませちゃって、\n　ごめんね、二人とも。それと、ありがとう」%K%P
%LC千鶴
%LC千鶴
「いやいや良かったよ。春樹がようやく結ばれて。\n　蛍として再会しちゃったばっかりに話が拗れたからねー」%K%P
「いやいや良かったよ。春樹がようやく結ばれて。\n　蛍として再会しちゃったばっかりに話が拗れたからねー」%K%P
%LC春樹
%LC春樹
「その原因を作ったのは姉さんだけどね……」%K%P
「その原因を作ったのは姉さんだけどね……」%K%P
思い返してみれば色々あった。%K%P
思い返してみれば色々あった。%K%P
でも、今までがあったからこそ、\nこうして清佳ちゃんと結ばれることができたんだ。%K%P
でも、今までがあったからこそ、\nこうして清佳ちゃんと結ばれることができたんだ。%K%P
きっと最初から全てを告白していたら、\nこの結果にはならなかったと思う。%K%P
きっと最初から全てを告白していたら、\nこの結果にはならなかったと思う。%K%P
%LC千鶴
%LC千鶴
「でも蛍と会えなくなるのは寂しいなぁ〜。\n　ねね、たまには蛍になってくれるんしょ？」%K%P
「でも蛍と会えなくなるのは寂しいなぁ〜。\n　ねね、たまには蛍になってくれるんしょ？」%K%P
%LC春樹
%LC春樹
「えっと。たまになら――」%K%P
「えっと。たまになら――」%K%P
%LC清佳
%LC清佳
「――ならなくていいわ。これからはずっと\n　春樹くんのままでいい」%K%P
「――ならなくていいわ。これからはずっと\n　春樹くんのままでいい」%K%P
%LC春樹
%LC春樹
「え？　でも」%K%P
「え？　でも」%K%P
%LC清佳
%LC清佳
「言ったでしょ？　姿形なんて関係ないって。\n　あなたはあなたのままでいいの」%K%P
「言ったでしょ？　姿形なんて関係ないって。\n　あなたはあなたのままでいいの」%K%P
%LC清佳
%LC清佳
「春樹くんとして私と付き合うことが、\n　あなたの夢だったんでしょ？」%K%P
「春樹くんとして私と付き合うことが、\n　あなたの夢だったんでしょ？」%K%P
%LC清佳
%LC清佳
「なのにあなたは私のために\n　蛍になろうとしてくれてたわけだし。\n　その気持ちに私も応えたいの」%K%P
「なのにあなたは私のために\n　蛍になろうとしてくれてたわけだし。\n　その気持ちに私も応えたいの」%K%P
%LC春樹
%LC春樹
「清佳さん……」%K%P
「清佳さん……」%K%P
%LC清佳
%LC清佳
「ふふ。好きよ、春樹くん」%K%P
「ふふ。好きよ、春樹くん」%K%P
清佳ちゃんが笑顔で伝えてくれる。%K%P
清佳ちゃんが笑顔で伝えてくれる。%K%P
彼女がそう言ってくれるなら――うん。\nもう無理はしまい。元々女装なんてしたくなかったし。%K%P
彼女がそう言ってくれるなら――うん。\nもう無理はしまい。元々女装なんてしたくなかったし。%K%P
その代わり、うんと男らしくなろう。%K%P
その代わり、うんと男らしくなろう。%K%P
恋人になれたと言っても、\nまだまだ僕は彼女に釣り合うような男になれてないから。%K%P
恋人になれたと言っても、\nまだまだ僕は彼女に釣り合うような男になれてないから。%K%P
%LC千鶴
%LC千鶴
「で……ずっと気になってたんだけどさ」%K%P
「で……ずっと気になってたんだけどさ」%K%P
%LC春樹
%LC春樹
「うん？」%K%P
「うん？」%K%P
%LC千鶴
%LC千鶴
「こんな時間まで二人とも何してたの……？\n　も、もしかしなくてもナニしてたの……！？」%K%P
「こんな時間まで二人とも何してたの……？\n　も、もしかしなくてもナニしてたの……！？」%K%P
%LC春樹
%LC春樹
「台無しになるようなコト言わないでってばぁ！？」%K%P
「台無しになるようなコト言わないでってばぁ！？」%K%P
%LC愛
%LC愛
「……まさか本当に股が緩かったとは……」%K%P
「……まさか本当に股が緩かったとは……」%K%P
%LC清佳
%LC清佳
「う、うるさいわね。愛を確かめ合っただけよ……！」%K%P
「う、うるさいわね。愛を確かめ合っただけよ……！」%K%P
お姉ちゃんたちが囃し立ててくる中、\nふと清佳ちゃんの手が僕の手に触れる。%K%P
お姉ちゃんたちが囃し立ててくる中、\nふと清佳ちゃんの手が僕の手に触れる。%K%P
%LC春樹
%LC春樹
「…………」%K%P
「…………」%K%P
%LC清佳
%LC清佳
「…………」%K%P
「…………」%K%P
そして僕たちは二人に気づかれないように、\nどちらともなく手を強く強く握り合った。%K%P
そして僕たちは二人に気づかれないように、\nどちらともなく手を強く強く握り合った。%K%P
