%LC清佳
%LC清佳
「ほーら蛍。笑顔、笑顔。色気ももっと出して！」%K%P
「ほーら蛍。笑顔、笑顔。色気ももっと出して！」%K%P
%LC蛍
%LC蛍
「むー…………」%K%P
「むー…………」%K%P
その日、僕は一度遊びに来たことがある\nレジャープールにいた。%K%P
その日、僕は一度遊びに来たことがある\nレジャープールにいた。%K%P
……ファッション雑誌用の写真撮影のために。%K%P
……ファッション雑誌用の写真撮影のために。%K%P
%LC千鶴
%LC千鶴
「はぁー……。おいおい蛍さんよぉ。\n　ちったあ楽しそうに撮影に臨んでもらえませんかねぇ？」%K%P
「はぁー……。おいおい蛍さんよぉ。\n　ちったあ楽しそうに撮影に臨んでもらえませんかねぇ？」%K%P
%LC愛
%LC愛
「そうです。何故しかめっ面をされているのですか」%K%P
「そうです。何故しかめっ面をされているのですか」%K%P
%LC蛍
%LC蛍
%XS20「この撮影が嫌だからに決まってるじゃない！」%XE%K%P
%XS20「この撮影が嫌だからに決まってるじゃない！」%XE%K%P
%LC千鶴
%LC千鶴
「そんなに悪いことでもないじゃん。\n　清佳ちゃんと雑誌の表紙飾れるわけだし」%K%P
「そんなに悪いことでもないじゃん。\n　清佳ちゃんと雑誌の表紙飾れるわけだし」%K%P
%LC清佳
%LC清佳
「そうよ蛍。何がそんなに不服なの？」%K%P
「そうよ蛍。何がそんなに不服なの？」%K%P
%LC蛍
%LC蛍
「み・ず・ぎ！　なんでよりにもよって水着なの！？」%K%P
「み・ず・ぎ！　なんでよりにもよって水着なの！？」%K%P
%LC愛
%LC愛
「この間のウェディングが相当話題になりましたからね。\n　今や同性カップルにとって清佳様と蛍様は期待の星。\n　お二人の様々なお姿を拝見したいと思うのは当然かと」%K%P
「この間のウェディングが相当話題になりましたからね。\n　今や同性カップルにとって清佳様と蛍様は期待の星。\n　お二人の様々なお姿を拝見したいと思うのは当然かと」%K%P
%LC蛍
%LC蛍
「だ、だとしても水着はマズいってば……！\n　男だってバレたらどうするの……！\n　そもそも僕にも男としてのプライドが……！」%K%P
「だ、だとしても水着はマズいってば……！\n　男だってバレたらどうするの……！\n　そもそも僕にも男としてのプライドが……！」%K%P
%LC千鶴
%LC千鶴
「だから諸々守るために身内だけで撮影してるんしょ？\n　無理言って営業が休みの日にプールまで貸し切ってさー」%K%P
「だから諸々守るために身内だけで撮影してるんしょ？\n　無理言って営業が休みの日にプールまで貸し切ってさー」%K%P
%LC蛍
%LC蛍
「そもそも受けたくなかったの！\n　引き受ける前になんで相談してくれなかったのさ！？」%K%P
「そもそも受けたくなかったの！\n　引き受ける前になんで相談してくれなかったのさ！？」%K%P
%LC清佳
%LC清佳
「蛍と一緒に雑誌の表紙を飾れるのよ？\n　引き受けないわけないじゃない♪」%K%P
「蛍と一緒に雑誌の表紙を飾れるのよ？\n　引き受けないわけないじゃない♪」%K%P
%LC蛍
%LC蛍
「ないじゃない♪　――じゃなくて！」%K%P
「ないじゃない♪　――じゃなくて！」%K%P
うぅ、みんな僕の男心をちっともわかってない。%K%P
うぅ、みんな僕の男心をちっともわかってない。%K%P
結婚式の時は清佳ちゃんに喜んで欲しくて、\nウェディングドレスを着ただけだもん……！%K%P
結婚式の時は清佳ちゃんに喜んで欲しくて、\nウェディングドレスを着ただけだもん……！%K%P
好き好んで女装してるわけじゃないもん……！%K%P
好き好んで女装してるわけじゃないもん……！%K%P
%LC千鶴
%LC千鶴
「はぁ……こりゃダメだね。\n　蛍の機嫌が良くなるまで一旦休憩にしよっか」%K%P
「はぁ……こりゃダメだね。\n　蛍の機嫌が良くなるまで一旦休憩にしよっか」%K%P
%LC愛
%LC愛
「相変わらず女々しいお方です。\n　さっさと撮影されれば然程時間はかかりませんのに」%K%P
「相変わらず女々しいお方です。\n　さっさと撮影されれば然程時間はかかりませんのに」%K%P
ため息をつきながら、二人が去って行く。\nふんだ。勝手に決める方が悪いんだもん。%K%P
ため息をつきながら、二人が去って行く。\nふんだ。勝手に決める方が悪いんだもん。%K%P
%LC蛍
%LC蛍
「僕、絶対に水着撮影なんてごめんだから。\n　清佳ちゃんだけで十分じゃない」%K%P
「僕、絶対に水着撮影なんてごめんだから。\n　清佳ちゃんだけで十分じゃない」%K%P
%LC清佳
%LC清佳
「蛍と一緒に映りたいの。私たちのイチャイチャっぷりと\n　蛍の可愛さをたくさんの人に見てもらいたいし♪」%K%P
「蛍と一緒に映りたいの。私たちのイチャイチャっぷりと\n　蛍の可愛さをたくさんの人に見てもらいたいし♪」%K%P
%LC清佳
%LC清佳
「それに早く撮影を終わらせればプールでめいっぱい\n　遊べるわよ？　スタッフさんがいないからウォーター\n　スライダーは流石に乗れないけど」%K%P
「それに早く撮影を終わらせればプールでめいっぱい\n　遊べるわよ？　スタッフさんがいないからウォーター\n　スライダーは流石に乗れないけど」%K%P
%LC蛍
%LC蛍
「遊び目的なら最初からデートで来たかったもん。\n　この間はずーっと冷や冷やしてただけだったし」%K%P
「遊び目的なら最初からデートで来たかったもん。\n　この間はずーっと冷や冷やしてただけだったし」%K%P
%LC清佳
%LC清佳
「あら嬉しい。だけど蛍の女装が\n　バレちゃう危険があるじゃない。\n　遊び目的だけでプールを貸し切るのもアレだし」%K%P
「あら嬉しい。だけど蛍の女装が\n　バレちゃう危険があるじゃない。\n　遊び目的だけでプールを貸し切るのもアレだし」%K%P
%LC蛍
%LC蛍
%XS20「どうして女装して来てる前提なのさ！？」%XE%K%P
%XS20「どうして女装して来てる前提なのさ！？」%XE%K%P
%LC清佳
%LC清佳
「私が蛍の水着姿を見たいからに決まってるじゃない」%K%P
「私が蛍の水着姿を見たいからに決まってるじゃない」%K%P
うぅ、清佳ちゃんはわかってないよ。\n男が女性用水着を着ることがどれだけ恥ずかしいのか。%K%P
うぅ、清佳ちゃんはわかってないよ。\n男が女性用水着を着ることがどれだけ恥ずかしいのか。%K%P
それに――%K%P
それに――%K%P
%LC清佳
%LC清佳
「ま、せっかくの休憩だし遊びましょ？\n　蛍も遊んでる間に楽しくなってくるかもしれないし！」%K%P
「ま、せっかくの休憩だし遊びましょ？\n　蛍も遊んでる間に楽しくなってくるかもしれないし！」%K%P
%LC蛍
%LC蛍
「う、うん」%K%P
「う、うん」%K%P
はにかんでくる清佳ちゃんから\n思わず視線を逸らしてしまう。%K%P
はにかんでくる清佳ちゃんから\n思わず視線を逸らしてしまう。%K%P
や、やっぱり水着で撮影なんて無理……！！\n清佳ちゃんの水着姿を見るだけで勃起しちゃうもんっ！%K%P
や、やっぱり水着で撮影なんて無理……！！\n清佳ちゃんの水着姿を見るだけで勃起しちゃうもんっ！%K%P
%LC清佳
%LC清佳
「実は前から気になってたものがあったの！\n　えっと……あっちだったかしら！」%K%P
「実は前から気になってたものがあったの！\n　えっと……あっちだったかしら！」%K%P
%LC蛍
%LC蛍
「ふぇっ……！　ちょ、ちょっと……！\n　そんなにくっつかないでもいいから……！」%K%P
「ふぇっ……！　ちょ、ちょっと……！\n　そんなにくっつかないでもいいから……！」%K%P
%LC清佳
%LC清佳
「案内しようと思ってるだけよ。\n　ほら行きましょ？」%K%P
「案内しようと思ってるだけよ。\n　ほら行きましょ？」%K%P
しかも本人は全く気づいてないし……！\nどれだけ大胆な水着を着てるのか自覚して欲しいよ……！%K%P
しかも本人は全く気づいてないし……！\nどれだけ大胆な水着を着てるのか自覚して欲しいよ……！%K%P
%LC清佳
%LC清佳
「わぁ、まるで滝の内側にいるみたい……！」%K%P
「わぁ、まるで滝の内側にいるみたい……！」%K%P
清佳ちゃんに連れてこられたのは、\n子供用のプールに設置された傘型の噴水の中だった。%K%P
清佳ちゃんに連れてこられたのは、\n子供用のプールに設置された傘型の噴水の中だった。%K%P
広げられた大きな丸い傘を模した噴水で、\n頂点から絶え間なく大量の水が勢いよく流れ落ちてくる。%K%P
広げられた大きな丸い傘を模した噴水で、\n頂点から絶え間なく大量の水が勢いよく流れ落ちてくる。%K%P
四方八方を水の壁に囲まれていて――\nなんというか幻想的な気分になっちゃうかも……。%K%P
四方八方を水の壁に囲まれていて――\nなんというか幻想的な気分になっちゃうかも……。%K%P
%LC蛍
%LC蛍
「キラキラしててすごく綺麗……。\n　それにとっても涼しい」%K%P
「キラキラしててすごく綺麗……。\n　それにとっても涼しい」%K%P
%LC清佳
%LC清佳
「えっ！？　何か言ったっ！？」%K%P
「えっ！？　何か言ったっ！？」%K%P
%LC蛍
%LC蛍
「ひゃっ……！？」%K%P
「ひゃっ……！？」%K%P
清佳ちゃんがぐっと身を寄せて聞き返してくる。\n水の音が大きすぎて声が聞こえていないみたいだ。%K%P
清佳ちゃんがぐっと身を寄せて聞き返してくる。\n水の音が大きすぎて声が聞こえていないみたいだ。%K%P
%LC蛍
%LC蛍
「き、綺麗だねって言ったのっ！\n　それと、す、涼しいねってっ！」%K%P
「き、綺麗だねって言ったのっ！\n　それと、す、涼しいねってっ！」%K%P
%LC清佳
%LC清佳
「ごめんなさいっ！　もっと大きな声で喋ってっ？\n　全然聞こえないわ……！！」%K%P
「ごめんなさいっ！　もっと大きな声で喋ってっ？\n　全然聞こえないわ……！！」%K%P
言いながら清佳ちゃんが\nより身体をくっつけてくる。%K%P
言いながら清佳ちゃんが\nより身体をくっつけてくる。%K%P
む、胸の谷間がありありと見えて……！%K%P
む、胸の谷間がありありと見えて……！%K%P
%LC清佳
%LC清佳
「……あら？　ふふふ、そういうこと……」%K%P
「……あら？　ふふふ、そういうこと……」%K%P
%LC蛍
%LC蛍
「えっ？　――ひぃあんっ！？」%K%P
「えっ？　――ひぃあんっ！？」%K%P
不意に股間をまさぐられて\n変な声を出してしまう。%K%P
不意に股間をまさぐられて\n変な声を出してしまう。%K%P
%LC蛍
%LC蛍
「い、いきなりどこ触ってるの！？」%K%P
「い、いきなりどこ触ってるの！？」%K%P
%LC清佳
%LC清佳
「え？　触って欲しいって言ったんじゃなかったの？\n　おちんちん大きくしてるからてっきりそうかと思って」%K%P
「え？　触って欲しいって言ったんじゃなかったの？\n　おちんちん大きくしてるからてっきりそうかと思って」%K%P
%LC蛍
%LC蛍
「〜〜っっ！　ち、違うよ……！\n　そんなこと言うわけないじゃない……！」%K%P
「〜〜っっ！　ち、違うよ……！\n　そんなこと言うわけないじゃない……！」%K%P
%LC清佳
%LC清佳
「でも……んふ、触られるのは嫌じゃないんでしょ？\n　シコシコ〜。シコシコ〜」%K%P
「でも……んふ、触られるのは嫌じゃないんでしょ？\n　シコシコ〜。シコシコ〜」%K%P
%LC蛍
%LC蛍
「あっ……！　んっ……！　や、やめっ……！」%K%P
「あっ……！　んっ……！　や、やめっ……！」%K%P
%LC清佳
%LC清佳
「蛍の姿なのに春樹くんをこんなに強調しちゃうなんて。\n　私の水着姿を見て、そんなにドキドキするんだ？」%K%P
「蛍の姿なのに春樹くんをこんなに強調しちゃうなんて。\n　私の水着姿を見て、そんなにドキドキするんだ？」%K%P
%LC清佳
%LC清佳
「もしかして……ふふふ。だから撮影嫌がってたの？\n　私と一緒にいると大きくなっちゃうから」%K%P
「もしかして……ふふふ。だから撮影嫌がってたの？\n　私と一緒にいると大きくなっちゃうから」%K%P
%LC蛍
%LC蛍
「そ、それは、えと……！」%K%P
「そ、それは、えと……！」%K%P
%LC清佳
%LC清佳
「嬉しい……。何度も裸見せてるのに、\n　水着姿でこんなに興奮してくれるなんて……」%K%P
「嬉しい……。何度も裸見せてるのに、\n　水着姿でこんなに興奮してくれるなんて……」%K%P
%LC清佳
%LC清佳
「私まで、ムラムラしてきちゃうかも……」%K%P
「私まで、ムラムラしてきちゃうかも……」%K%P
%LC蛍
%LC蛍
「ムラムラって……！」%K%P
「ムラムラって……！」%K%P
清佳ちゃんが火照った顔で上目遣いに見つめてくる。\n物欲しげにおちんちんを扱きながら。%K%P
清佳ちゃんが火照った顔で上目遣いに見つめてくる。\n物欲しげにおちんちんを扱きながら。%K%P
%LC清佳
%LC清佳
「ね……。こっそり、しちゃう……？」%K%P
「ね……。こっそり、しちゃう……？」%K%P
%LC蛍
%LC蛍
「〜〜っっ。しちゃうって？」%K%P
「〜〜っっ。しちゃうって？」%K%P
%LC清佳
%LC清佳
「だから……その。エッチよ……。\n　こんなに大きくしてたら撮影もできないし……」%K%P
「だから……その。エッチよ……。\n　こんなに大きくしてたら撮影もできないし……」%K%P
%LC清佳
%LC清佳
「ここで発散しておいた方がいいかなって……」%K%P
「ここで発散しておいた方がいいかなって……」%K%P
流石に恥ずかしいのか、\n清佳ちゃんが蚊の鳴くような声で問いかけてくる。%K%P
流石に恥ずかしいのか、\n清佳ちゃんが蚊の鳴くような声で問いかけてくる。%K%P
%LC蛍
%LC蛍
「い、いいの……？」%K%P
「い、いいの……？」%K%P
%LC清佳
%LC清佳
「……よくなかったら訊かないわよ。\n　して欲しいから言ってるの」%K%P
「……よくなかったら訊かないわよ。\n　して欲しいから言ってるの」%K%P
%LC清佳
%LC清佳
「私だって……あなたの水着姿を見ているだけで、\n　ずーっとドキドキしてたんだから……」%K%P
「私だって……あなたの水着姿を見ているだけで、\n　ずーっとドキドキしてたんだから……」%K%P
あえて『蛍』と言わずに『あなた』と――\n『春樹』でも『蛍』でもある僕を意識して言ってくれる。%K%P
あえて『蛍』と言わずに『あなた』と――\n『春樹』でも『蛍』でもある僕を意識して言ってくれる。%K%P
――我慢できるはずがなかった。%K%P
――我慢できるはずがなかった。%K%P
