%LC蛍
%LC蛍
「あっ、はぁぁぁん……」%K%P
「あっ、はぁぁぁん……」%K%P
ずぷぷぷぅとおちんちんが煮えたぎった肉壺に\n沈んでいく感触に嬌声が漏れてしまう。%K%P
ずぷぷぷぅとおちんちんが煮えたぎった肉壺に\n沈んでいく感触に嬌声が漏れてしまう。%K%P
%LC清佳
%LC清佳
「蛍ったら、そんなに甘い声出して……。\n　まるで蛍におちんちん挿れてるみたい……」%K%P
「蛍ったら、そんなに甘い声出して……。\n　まるで蛍におちんちん挿れてるみたい……」%K%P
%LC蛍
%LC蛍
「じ、実際、ふぁ、清佳ちゃんのおまんこに\n　咥え込まれていってるみたいで、あぁ……」%K%P
「じ、実際、ふぁ、清佳ちゃんのおまんこに\n　咥え込まれていってるみたいで、あぁ……」%K%P
たっぷりと愛撫されちゃったせいか、\n身体中が敏感になっちゃってる。%K%P
たっぷりと愛撫されちゃったせいか、\n身体中が敏感になっちゃってる。%K%P
ちょっとした膣内の動きも、\nんんっ、過敏に反応しちゃって……。%K%P
ちょっとした膣内の動きも、\nんんっ、過敏に反応しちゃって……。%K%P
%LC清佳
%LC清佳
「んはぁ、はぁ……。夢みたい……。\n　こうして蛍と初夜を迎えられるなんて……」%K%P
「んはぁ、はぁ……。夢みたい……。\n　こうして蛍と初夜を迎えられるなんて……」%K%P
%LC清佳
%LC清佳
「二人でウェディングドレスを着て……。\n　こうして愛し合うことができるなんて……」%K%P
「二人でウェディングドレスを着て……。\n　こうして愛し合うことができるなんて……」%K%P
%LC蛍
%LC蛍
「はぁはぁ、清佳ちゃん……ふぁぁっ」%K%P
「はぁはぁ、清佳ちゃん……ふぁぁっ」%K%P
幸せそうに微笑むお嫁さんに応えようと思うけれど、\n愛し合ってる場所が気持ち良すぎて上手く返事できない。%K%P
幸せそうに微笑むお嫁さんに応えようと思うけれど、\n愛し合ってる場所が気持ち良すぎて上手く返事できない。%K%P
こうして繋がっているだけでも、\n頭も身体もフワフワしてしまって。%K%P
こうして繋がっているだけでも、\n頭も身体もフワフワしてしまって。%K%P
ただひたすらに大好きなお嫁さんと\n一つになっていることが嬉しくて、幸せで。%K%P
ただひたすらに大好きなお嫁さんと\n一つになっていることが嬉しくて、幸せで。%K%P
%LC清佳
%LC清佳
「ありがとう、蛍……。\n　私の夢を、ううん、あの日の約束を叶えてくれて」%K%P
「ありがとう、蛍……。\n　私の夢を、ううん、あの日の約束を叶えてくれて」%K%P
%LC清佳
%LC清佳
「好き……。愛してる……。\n　この世の誰よりも、あなたのことが大好き……」%K%P
「好き……。愛してる……。\n　この世の誰よりも、あなたのことが大好き……」%K%P
%LC蛍
%LC蛍
「わ、わたしも――……んぁ、あ……！」%K%P
「わ、わたしも――……んぁ、あ……！」%K%P
繋いだ手に力を入れられただけで、\nおちんちんが擦れて嬌声が漏れてしまう。%K%P
繋いだ手に力を入れられただけで、\nおちんちんが擦れて嬌声が漏れてしまう。%K%P
恥ずかしい。でも清佳ちゃんの感触が、\n体温が、愛が、わたしに抱きついてくれるのが嬉しくて。%K%P
恥ずかしい。でも清佳ちゃんの感触が、\n体温が、愛が、わたしに抱きついてくれるのが嬉しくて。%K%P
%LC清佳
%LC清佳
「大丈夫よ。言葉にしなくても伝わってるから」%K%P
「大丈夫よ。言葉にしなくても伝わってるから」%K%P
%LC清佳
%LC清佳
「蛍の気持ち……。私を愛してくれてる気持ち……。\n　はっきりと伝わってきてるから……」%K%P
「蛍の気持ち……。私を愛してくれてる気持ち……。\n　はっきりと伝わってきてるから……」%K%P
清佳ちゃんがぎゅぅと繋いだ手に力をより込めてくる。\nわたしもそんなお嫁さんの手をぎゅっと握り返した。%K%P
清佳ちゃんがぎゅぅと繋いだ手に力をより込めてくる。\nわたしもそんなお嫁さんの手をぎゅっと握り返した。%K%P
%LC清佳
%LC清佳
「今夜は寝かせないからね？\n　一晩中、愛し合いましょ？」%K%P
「今夜は寝かせないからね？\n　一晩中、愛し合いましょ？」%K%P
%LC蛍
%LC蛍
「う……うん……」%K%P
「う……うん……」%K%P
%LC蛍
%LC蛍
「わたしも愛し合いたい……。\n　清佳ちゃんと、一晩中……」%K%P
「わたしも愛し合いたい……。\n　清佳ちゃんと、一晩中……」%K%P
至近距離で見つめあいながら囁きあう。%K%P
至近距離で見つめあいながら囁きあう。%K%P
そして言葉にするまでもなく、\nわたしたちはお顔を近づけ合って――%K%P
そして言葉にするまでもなく、\nわたしたちはお顔を近づけ合って――%K%P
%LC清佳
%LC清佳
「んちゅぁ……んはぁむ、んちゅ……れろ、ぺろぉ……」%K%P
「んちゅぁ……んはぁむ、んちゅ……れろ、ぺろぉ……」%K%P
%LC蛍
%LC蛍
「んふぅんっ……！　ちゅぁ……んっ！\n　れろろぉ……んふっ、んんんっ……！」%K%P
「んふぅんっ……！　ちゅぁ……んっ！\n　れろろぉ……んふっ、んんんっ……！」%K%P
時間をかけてたっぷりと唇を重ねる。%K%P
時間をかけてたっぷりと唇を重ねる。%K%P
清佳ちゃんがおもむろに舌を伸ばしてくれて、\nわたしの舌に優しく絡ませてきてくれた。%K%P
清佳ちゃんがおもむろに舌を伸ばしてくれて、\nわたしの舌に優しく絡ませてきてくれた。%K%P
わたしは口の中もベロもすっかり敏感になっていて、\nキスの快感にビクビクと身体を震わせてしまう。%K%P
わたしは口の中もベロもすっかり敏感になっていて、\nキスの快感にビクビクと身体を震わせてしまう。%K%P
%LC蛍
%LC蛍
「んふぁ……！　あふぅ……！」%K%P
「んふぁ……！　あふぅ……！」%K%P
%LC清佳
%LC清佳
「れろぉ、ぺろろぉ……。蛍ったら、んちゅ。\n　ブルブルしちゃって可愛い……」%K%P
「れろぉ、ぺろろぉ……。蛍ったら、んちゅ。\n　ブルブルしちゃって可愛い……」%K%P
%LC蛍
%LC蛍
「き、清佳ちゃんの舌遣いが、あ、あふっ、\n　上手すぎへ、ん、んふっ……！」%K%P
「き、清佳ちゃんの舌遣いが、あ、あふっ、\n　上手すぎへ、ん、んふっ……！」%K%P
%LC清佳
%LC清佳
「嬉しい……んちゅぅ。もっひょ、ちゅ、れろぉ。\n　感じさせてあげりゅ……」%K%P
「嬉しい……んちゅぅ。もっひょ、ちゅ、れろぉ。\n　感じさせてあげりゅ……」%K%P
%LC蛍
%LC蛍
「ん゛んっ……！！」%K%P
「ん゛んっ……！！」%K%P
舌がグっと口内に入ってきて……！\nふぁぁぁ……！　口蓋をこちょこちょって……！%K%P
舌がグっと口内に入ってきて……！\nふぁぁぁ……！　口蓋をこちょこちょって……！%K%P
%LC清佳
%LC清佳
「れろれろぉ……！　んはぁむっ……ぢゅ、ぢゅぅ……！」%K%P
「れろれろぉ……！　んはぁむっ……ぢゅ、ぢゅぅ……！」%K%P
%LC蛍
%LC蛍
「んふぅんんっっ〜〜！！　んっ、んんっっ〜！！」%K%P
「んふぅんんっっ〜〜！！　んっ、んんっっ〜！！」%K%P
ベロをチュウチュウ吸われてっ……！！\nあふぅ、と、蕩けそうなくらい気持ちいい……！！%K%P
ベロをチュウチュウ吸われてっ……！！\nあふぅ、と、蕩けそうなくらい気持ちいい……！！%K%P
%LC清佳
%LC清佳
「んぺろろぉ……！　んふぅん、ん、ちゅぅ……！」%K%P
「んぺろろぉ……！　んふぅん、ん、ちゅぅ……！」%K%P
%LC清佳
%LC清佳
「んはぁむっ、んふっ、れろれろれろぉ……！」%K%P
「んはぁむっ、んふっ、れろれろれろぉ……！」%K%P
清佳ちゃんが大口を開けて、\nわたしの唇を丸ごと咥え込んでくれる。%K%P
清佳ちゃんが大口を開けて、\nわたしの唇を丸ごと咥え込んでくれる。%K%P
上唇と下唇をそれぞれハムハムと甘噛みしてくれて、\nくすぐったく思ったところで舌を絡ませてくれて。%K%P
上唇と下唇をそれぞれハムハムと甘噛みしてくれて、\nくすぐったく思ったところで舌を絡ませてくれて。%K%P
き、気持ちいい、ドキドキしちゃう……。\nアソコも、ふぁ、ジンジンしちゃって……！%K%P
き、気持ちいい、ドキドキしちゃう……。\nアソコも、ふぁ、ジンジンしちゃって……！%K%P
%LC清佳
%LC清佳
「ちゅぁぁ……ん、れろぉー……れろろぉ……」%K%P
「ちゅぁぁ……ん、れろぉー……れろろぉ……」%K%P
%LC蛍
%LC蛍
「んふぅんっ……！！　ん゛んっ……！！\n　ん゛ふぅぅんんんっっ……！！」%K%P
「んふぅんっ……！！　ん゛んっ……！！\n　ん゛ふぅぅんんんっっ……！！」%K%P
恥ずかしいくらい鼻息荒く呼吸してしまう。\n口の中を清佳ちゃんに支配されて、息ができなくて。%K%P
恥ずかしいくらい鼻息荒く呼吸してしまう。\n口の中を清佳ちゃんに支配されて、息ができなくて。%K%P
%LC清佳
%LC清佳
「……ぷはぁ、はぁはぁ。可愛い……。\n　キスだけでこんなに感じちゃって……」%K%P
「……ぷはぁ、はぁはぁ。可愛い……。\n　キスだけでこんなに感じちゃって……」%K%P
%LC清佳
%LC清佳
「今の蛍、はぁはぁ、本当に女の子みたい……。\n　おちんちんは、んふぅん、すごく主張してきてるけど」%K%P
「今の蛍、はぁはぁ、本当に女の子みたい……。\n　おちんちんは、んふぅん、すごく主張してきてるけど」%K%P
%LC蛍
%LC蛍
「ふぁ、あぁ……！　身体揺らしちゃ――あぁんっ！」%K%P
「ふぁ、あぁ……！　身体揺らしちゃ――あぁんっ！」%K%P
ユサユサと動かれるだけで\nおちんちんがビクンビクンと震えてしまう。%K%P
ユサユサと動かれるだけで\nおちんちんがビクンビクンと震えてしまう。%K%P
清佳ちゃんの奥に、んぁ、敏感な先っぽが\nスリスリ擦れちゃって……！%K%P
清佳ちゃんの奥に、んぁ、敏感な先っぽが\nスリスリ擦れちゃって……！%K%P
%LC清佳
%LC清佳
「我慢汁ビュービュー出ちゃってるの、んふぅんっ。\n　すっごくわかる……」%K%P
「我慢汁ビュービュー出ちゃってるの、んふぅんっ。\n　すっごくわかる……」%K%P
%LC清佳
%LC清佳
「蛍のスケベなおつゆが、あっ、んぁ……。\n　私のおまんこを、どんどん熱くしてくれて……」%K%P
「蛍のスケベなおつゆが、あっ、んぁ……。\n　私のおまんこを、どんどん熱くしてくれて……」%K%P
%LC蛍
%LC蛍
「ふぁぁ……！　き、清佳ちゃん……！\n　あぁん、は、激し、あっ……！！」%K%P
「ふぁぁ……！　き、清佳ちゃん……！\n　あぁん、は、激し、あっ……！！」%K%P
%LC清佳
%LC清佳
「そう？　ゆっくり、ゆーっくり動いてるんだけど。\n　ふふふ。身体中すっかり性感帯になっちゃったのね？」%K%P
「そう？　ゆっくり、ゆーっくり動いてるんだけど。\n　ふふふ。身体中すっかり性感帯になっちゃったのね？」%K%P
%LC蛍
%LC蛍
「あぁっ……！　んぁぁ……！！」%K%P
「あぁっ……！　んぁぁ……！！」%K%P
清佳ちゃんが身体を上下させる度に、\nわたしの乳首が清佳ちゃんの乳首に擦れる。%K%P
清佳ちゃんが身体を上下させる度に、\nわたしの乳首が清佳ちゃんの乳首に擦れる。%K%P
おちんちんをトロトロのおまんこで扱かれてるだけでも\n気持ちいいのに、おっぱいまで気持ち良くなって……！%K%P
おちんちんをトロトロのおまんこで扱かれてるだけでも\n気持ちいいのに、おっぱいまで気持ち良くなって……！%K%P
%LC清佳
%LC清佳
「蛍のおっぱい、んふ、気持ちいい……。\n　おちんちんと同じくらい乳首が硬くなってて……」%K%P
「蛍のおっぱい、んふ、気持ちいい……。\n　おちんちんと同じくらい乳首が硬くなってて……」%K%P
%LC清佳
%LC清佳
「私の乳首、んんっ、苛められちゃってる。\n　グリグリ擦りつけられちゃって……」%K%P
「私の乳首、んんっ、苛められちゃってる。\n　グリグリ擦りつけられちゃって……」%K%P
%LC蛍
%LC蛍
「い、苛められてるのはわたしの方だよぉ……！\n　清佳ちゃんのおっぱいに、あふ、\n　乳首ピンピン弾かれて……！」%K%P
「い、苛められてるのはわたしの方だよぉ……！\n　清佳ちゃんのおっぱいに、あふ、\n　乳首ピンピン弾かれて……！」%K%P
感じる度に、腰がビクンと震えてしまう。\nすると、おちんちんがおまんこをズンと突いちゃって。%K%P
感じる度に、腰がビクンと震えてしまう。\nすると、おちんちんがおまんこをズンと突いちゃって。%K%P
それが快感でまた身体がビクっとして乳首が弾かれて。\nその気持ちよさでまたおまんこを突いちゃって――%K%P
それが快感でまた身体がビクっとして乳首が弾かれて。\nその気持ちよさでまたおまんこを突いちゃって――%K%P
%LC蛍
%LC蛍
「あっ……！　あぁんっ……！\n　き、気持ちいい……！　ずっと、あぁ、感じちゃ……！」%K%P
「あっ……！　あぁんっ……！\n　き、気持ちいい……！　ずっと、あぁ、感じちゃ……！」%K%P
気づけば清佳ちゃんはピクリとも動いていなかった。\nだけど、わたしはずーっと一人でブルブルと感じていて。%K%P
気づけば清佳ちゃんはピクリとも動いていなかった。\nだけど、わたしはずーっと一人でブルブルと感じていて。%K%P
%LC清佳
%LC清佳
「はぁはぁ……。本当に可愛い……。\n　それしか言えないくらい可愛いわ、蛍……」%K%P
「はぁはぁ……。本当に可愛い……。\n　それしか言えないくらい可愛いわ、蛍……」%K%P
%LC清佳
%LC清佳
「興奮、しちゃう……！\n　蛍が愛しくて愛しくてたまらない……！」%K%P
「興奮、しちゃう……！\n　蛍が愛しくて愛しくてたまらない……！」%K%P
%LC蛍
%LC蛍
「はぁ、はぁ、清佳ちゃ――ん゛んっ！？」%K%P
「はぁ、はぁ、清佳ちゃ――ん゛んっ！？」%K%P
火照りきった清佳ちゃんの声が聞こえてきたかと思うと、\nわたしは再び唇を奪われていて――%K%P
火照りきった清佳ちゃんの声が聞こえてきたかと思うと、\nわたしは再び唇を奪われていて――%K%P
%LC清佳
%LC清佳
「んちゅぁっ、れろっ、れろろぉっ……！！\n　はぁむんっ！　んふっ、んっ、ちゅぅぅっっ！！」%K%P
「んちゅぁっ、れろっ、れろろぉっ……！！\n　はぁむんっ！　んふっ、んっ、ちゅぅぅっっ！！」%K%P
%LC蛍
%LC蛍
「あふぁぁっっ……！！　ん゛ふっ、ん゛んっ〜〜！！」%K%P
「あふぁぁっっ……！！　ん゛ふっ、ん゛んっ〜〜！！」%K%P
まるで狼さんに食べられているかと思うくらい、\n口の中を激しく蹂躙されてしまう。%K%P
まるで狼さんに食べられているかと思うくらい、\n口の中を激しく蹂躙されてしまう。%K%P
唾液たっぷりのドロドロの舌が、\nわたしの口腔で暴れ回っていて……！%K%P
唾液たっぷりのドロドロの舌が、\nわたしの口腔で暴れ回っていて……！%K%P
%LC清佳
%LC清佳
「蛍もっ、んちゅぁっ、もっひょ絡ませへっ？\n　私のベロっ、れろろぉ、ペロペロしへきへっ？」%K%P
「蛍もっ、んちゅぁっ、もっひょ絡ませへっ？\n　私のベロっ、れろろぉ、ペロペロしへきへっ？」%K%P
%LC蛍
%LC蛍
「ふ、ふぁいっ……！！　れ、れろろぉっ……！！\n　ぺ、ぺろっ、ぺろぺろぉっっ……！！」%K%P
「ふ、ふぁいっ……！！　れ、れろろぉっ……！！\n　ぺ、ぺろっ、ぺろぺろぉっっ……！！」%K%P
全身悶えながらも必死に舌を絡ませに行く。%K%P
全身悶えながらも必死に舌を絡ませに行く。%K%P
溢れかえった二人分の唾液がボタボタを垂れて、\nわたしたちの胸の谷間をトロトロに濡らして……！%K%P
溢れかえった二人分の唾液がボタボタを垂れて、\nわたしたちの胸の谷間をトロトロに濡らして……！%K%P
%LC蛍
%LC蛍
「あふっ、んはぁ……！！　れ、れろぉっ……！！\n　きもひい、あふぅぅっっ……！！」%K%P
「あふっ、んはぁ……！！　れ、れろぉっ……！！\n　きもひい、あふぅぅっっ……！！」%K%P
ニュルンニュルンっと濡れた乳首が擦れる快感を覚えて、\n二人揃って腰を振っていることに気づいた。%K%P
ニュルンニュルンっと濡れた乳首が擦れる快感を覚えて、\n二人揃って腰を振っていることに気づいた。%K%P
グチュグチュと淫乱な水音を響かせながら、\n二人してぎゅっと手を握り合って激しく上下して……！%K%P
グチュグチュと淫乱な水音を響かせながら、\n二人してぎゅっと手を握り合って激しく上下して……！%K%P
%LC清佳
%LC清佳
「ん゛ふっ、ん゛んっっ……！！\n　蛍のおひんひんがっ、ん゛んっ、奥にズンズンきへっ」%K%P
「ん゛ふっ、ん゛んっっ……！！\n　蛍のおひんひんがっ、ん゛んっ、奥にズンズンきへっ」%K%P
%LC清佳
%LC清佳
「きもひいいっ、んちゅぁっ、れろろぉっ……！！\n　ほたりゅっ、はぁむっ、ぺるぅっ、ほたりゅぅ……！！」%K%P
「きもひいいっ、んちゅぁっ、れろろぉっ……！！\n　ほたりゅっ、はぁむっ、ぺるぅっ、ほたりゅぅ……！！」%K%P
%LC蛍
%LC蛍
「んはぁぁ……！！　清佳ちゃぁん、ちゅぁ、れろぉっ！」%K%P
「んはぁぁ……！！　清佳ちゃぁん、ちゅぁ、れろぉっ！」%K%P
清佳ちゃんのおっぱいがわたしの胸板に\nよりいっそう潰れていく――%K%P
清佳ちゃんのおっぱいがわたしの胸板に\nよりいっそう潰れていく――%K%P
お互いに前のめりになって腰を上下させながら、\n熱に浮かされるままにお互いのベロを貪り合う――%K%P
お互いに前のめりになって腰を上下させながら、\n熱に浮かされるままにお互いのベロを貪り合う――%K%P
%LC清佳
%LC清佳
「ちゅぁっ、れろろぉっ！！　んちゅぅっっ……！！\n　んふっ、ぺろっ、ぺろぺろぺろぉっっ……！！」%K%P
「ちゅぁっ、れろろぉっ！！　んちゅぅっっ……！！\n　んふっ、ぺろっ、ぺろぺろぺろぉっっ……！！」%K%P
%LC蛍
%LC蛍
「んふぅんっ、んちゅっ……！！\n　ちゅぱっ、ぺろぉっ、れろろろぉっ……！！」%K%P
「んふぅんっ、んちゅっ……！！\n　ちゅぱっ、ぺろぉっ、れろろろぉっ……！！」%K%P
愛情が性欲に変換されて、\nその性欲が愛情にまた変換されて。%K%P
愛情が性欲に変換されて、\nその性欲が愛情にまた変換されて。%K%P
際限なく愛情と性欲が膨れあがっていく。\n本能が大好きなお嫁さんを求めてやまなくて――%K%P
際限なく愛情と性欲が膨れあがっていく。\n本能が大好きなお嫁さんを求めてやまなくて――%K%P
%LC清佳
%LC清佳
「んちゅぁっ、しゅきっ……！\n　んれろろぉっ、だいしゅきっ……！」%K%P
「んちゅぁっ、しゅきっ……！\n　んれろろぉっ、だいしゅきっ……！」%K%P
%LC蛍
%LC蛍
「わたひもっ、ちゅぁっ、しゅきぃっ……！！\n　だいしゅきっっ……！！」%K%P
「わたひもっ、ちゅぁっ、しゅきぃっ……！！\n　だいしゅきっっ……！！」%K%P
想いを溶け合わせていく。%K%P
想いを溶け合わせていく。%K%P
言葉で、身体で、セックスで。%K%P
言葉で、身体で、セックスで。%K%P
愛を確かめ合っていく――%K%P
愛を確かめ合っていく――%K%P
%LC清佳
%LC清佳
「――ぷはぁっ、あぁんっ、あっ、はぁんっ、ああんっ！\n　ダ、ダメっ、あぁ、もうキスしてられないっ……！！」%K%P
「――ぷはぁっ、あぁんっ、あっ、はぁんっ、ああんっ！\n　ダ、ダメっ、あぁ、もうキスしてられないっ……！！」%K%P
%LC蛍
%LC蛍
「わたしもっ、あっ、はぁっ、あぁあぁっ……！！\n　気持ち良くてっ、幸せでっ、我慢できなくて……！！」%K%P
「わたしもっ、あっ、はぁっ、あぁあぁっ……！！\n　気持ち良くてっ、幸せでっ、我慢できなくて……！！」%K%P
もうどっちが動いてるのかわからない。\nただ気持ち良くて。この快感が幸せで……！！%K%P
もうどっちが動いてるのかわからない。\nただ気持ち良くて。この快感が幸せで……！！%K%P
%LC清佳
%LC清佳
「蛍っ、はぁはぁっ、蛍っ……！！\n　好きよっ、大好きっ、愛してるっ……！！」%K%P
「蛍っ、はぁはぁっ、蛍っ……！！\n　好きよっ、大好きっ、愛してるっ……！！」%K%P
%LC蛍
%LC蛍
「わたしもっ、あぁんっ、愛してるっ……！！\n　清佳ちゃんのことっ、はぁはぁっ、愛してるっ……！！」%K%P
「わたしもっ、あぁんっ、愛してるっ……！！\n　清佳ちゃんのことっ、はぁはぁっ、愛してるっ……！！」%K%P
今まで何度も何度も言っているのに、\nそれでもなお言い足りない。口にしてしまう。%K%P
今まで何度も何度も言っているのに、\nそれでもなお言い足りない。口にしてしまう。%K%P
嬉しくて。『愛してる』って言われるのも言うのも、\nその言葉だけでイっちゃいそうなほど嬉しくて。%K%P
嬉しくて。『愛してる』って言われるのも言うのも、\nその言葉だけでイっちゃいそうなほど嬉しくて。%K%P
%LC清佳
%LC清佳
「あっ、はぁっ、んぁっ、ああああっっ！！\n　おちんちっ、あぁあっ、おっきくなってっ……！！」%K%P
「あっ、はぁっ、んぁっ、ああああっっ！！\n　おちんちっ、あぁあっ、おっきくなってっ……！！」%K%P
%LC蛍
%LC蛍
「んぁぁあっっ！！　清佳ちゃんもっ、あああっ！！\n　おまんこギュウギュウしすぎっ、あぁ、しゅごいっ！！」%K%P
「んぁぁあっっ！！　清佳ちゃんもっ、あああっ！！\n　おまんこギュウギュウしすぎっ、あぁ、しゅごいっ！！」%K%P
呼吸すらままならないくらい喘いでしまう。\n顔の筋肉が緩んで、スケベな顔を浮かべちゃって……！！%K%P
呼吸すらままならないくらい喘いでしまう。\n顔の筋肉が緩んで、スケベな顔を浮かべちゃって……！！%K%P
%LC清佳
%LC清佳
「あっ、あっ、あっ、あっ！！　とまらないっ……！！\n　あぁああんっ、腰っ、あぁ、勝手にぃっ……！！」%K%P
「あっ、あっ、あっ、あっ！！　とまらないっ……！！\n　あぁああんっ、腰っ、あぁ、勝手にぃっ……！！」%K%P
%LC蛍
%LC蛍
「わたしもっ、あっ、はぁっ、とめられないっ……！！\n　清佳ちゃんのおまんこっ、突きたくて突きたくてぇっ！」%K%P
「わたしもっ、あっ、はぁっ、とめられないっ……！！\n　清佳ちゃんのおまんこっ、突きたくて突きたくてぇっ！」%K%P
%LC清佳
%LC清佳
「突いっ、突いてぇっ、いっぱい突いてぇっ……！！」%K%P
「突いっ、突いてぇっ、いっぱい突いてぇっ……！！」%K%P
%LC清佳
%LC清佳
「私もズリズリしたいっ、あっ、んぁっっ……！！\n　蛍のおちんちんっ、もっと、もっとぉっ……！！」%K%P
「私もズリズリしたいっ、あっ、んぁっっ……！！\n　蛍のおちんちんっ、もっと、もっとぉっ……！！」%K%P
お互いの手の甲に爪が食い込んでしまうほど、\n強く強く手を握りしめ合う。%K%P
お互いの手の甲に爪が食い込んでしまうほど、\n強く強く手を握りしめ合う。%K%P
それ以上に激しくがむしゃらに\n二人でまぐわいあう――%K%P
それ以上に激しくがむしゃらに\n二人でまぐわいあう――%K%P
%LC清佳
%LC清佳
「ふぁっ、あっ、あっ、あっ、あっ……！！\n　イ、イきそっ、ああぁっ、イくっ、んぁあっ、イくっ！」%K%P
「ふぁっ、あっ、あっ、あっ、あっ……！！\n　イ、イきそっ、ああぁっ、イくっ、んぁあっ、イくっ！」%K%P
%LC蛍
%LC蛍
「わたしもっ、あああああっ、イっちゃっ……！！\n　ビュービューしちゃぁっっ……！！」%K%P
「わたしもっ、あああああっ、イっちゃっ……！！\n　ビュービューしちゃぁっっ……！！」%K%P
子宮にチュッチュするの気持ちいいっ……！！\nイきそうなのにっ、いっぱいチュッチュしちゃってっ！！%K%P
子宮にチュッチュするの気持ちいいっ……！！\nイきそうなのにっ、いっぱいチュッチュしちゃってっ！！%K%P
%LC清佳
%LC清佳
「あはぁあんっ！！　あぁああっっ！！\n　おちんちんズンズンするの気持ちいいっ……！！」%K%P
「あはぁあんっ！！　あぁああっっ！！\n　おちんちんズンズンするの気持ちいいっ……！！」%K%P
%LC清佳
%LC清佳
「奥にっ、ああぁあっ！！　赤ちゃんの部屋にっ、\n　あっ、ああっ、もっと、あぁ、もっとぉっ……！！」%K%P
「奥にっ、ああぁあっ！！　赤ちゃんの部屋にっ、\n　あっ、ああっ、もっと、あぁ、もっとぉっ……！！」%K%P
エッチな顔した清佳ちゃんが見つめてくる。\n清佳ちゃんもわたしのエッチな顔を見つめてくる。%K%P
エッチな顔した清佳ちゃんが見つめてくる。\n清佳ちゃんもわたしのエッチな顔を見つめてくる。%K%P
頭の中が真っ白になっても、\n大好きな人の顔だけはお互いに見つめ続けて――%K%P
頭の中が真っ白になっても、\n大好きな人の顔だけはお互いに見つめ続けて――%K%P
%LC清佳
%LC清佳
「も、もうダメぇっ……！！　あぁ、イくっ！！\n　あああああっっ、イくぅぅっっ……！！」%K%P
「も、もうダメぇっ……！！　あぁ、イくっ！！\n　あああああっっ、イくぅぅっっ……！！」%K%P
%LC蛍
%LC蛍
「わたしも出ちゃっ、ああああっっ……！！\n　精子でちゃうっっ……！！」%K%P
「わたしも出ちゃっ、ああああっっ……！！\n　精子でちゃうっっ……！！」%K%P
%LC清佳
%LC清佳
「一緒にっ、蛍っ、あっ、あっ、一緒にっ……！！」%K%P
「一緒にっ、蛍っ、あっ、あっ、一緒にっ……！！」%K%P
%LC蛍
%LC蛍
「うんっ……！！　うんっっ……！！\n　わたしも一緒に、あああっ、一緒にイきたぃ……！！」%K%P
「うんっ……！！　うんっっ……！！\n　わたしも一緒に、あああっ、一緒にイきたぃ……！！」%K%P
今にも壊れそうなほどベッドを軋ませながら\n二人揃ってめいっぱいピストンしあう。%K%P
今にも壊れそうなほどベッドを軋ませながら\n二人揃ってめいっぱいピストンしあう。%K%P
シーツはもう二人分の愛液でびしょ濡れで。\nドレスも二人分のスケベ汁でドロドロで。%K%P
シーツはもう二人分の愛液でびしょ濡れで。\nドレスも二人分のスケベ汁でドロドロで。%K%P
でも、そんなの関係ないくらいに幸せで――%K%P
でも、そんなの関係ないくらいに幸せで――%K%P
%LC蛍・清佳
%LC蛍・清佳
「あっ、あっ、あっ、あっ、あっ、あっ！！！」%K%P
「あっ、あっ、あっ、あっ、あっ、あっ！！！」%K%P
%LC蛍
%LC蛍
「清佳ちゃっ、清佳ちゃんっ……！！」%K%P
「清佳ちゃっ、清佳ちゃんっ……！！」%K%P
%LC清佳
%LC清佳
「蛍っ、蛍ぅぅぅっっ……！！」%K%P
「蛍っ、蛍ぅぅぅっっ……！！」%K%P
%LC蛍・清佳
%LC蛍・清佳
「はぁぁああんっ！！　あはぁっ！！　あぁあんっ！！」%K%P
「はぁぁああんっ！！　あはぁっ！！　あぁあんっ！！」%K%P
%LC蛍・清佳
%LC蛍・清佳
「あっ！　あっ！　あっ！　あっ！　あああああっっ！！」%K%P
「あっ！　あっ！　あっ！　あっ！　あああああっっ！！」%K%P
%LC蛍・清佳
%LC蛍・清佳
「イくっ、ふぁああっっ、イくイくイくイくぅぅっっ！！」%K%P
「イくっ、ふぁああっっ、イくイくイくイくぅぅっっ！！」%K%P
%LC蛍・清佳
%LC蛍・清佳
「イっ――くぅぅぅんんんんんんんっっ〜〜！！！」%K%P
「イっ――くぅぅぅんんんんんんんっっ〜〜！！！」%K%P
%LC蛍・清佳
%LC蛍・清佳
「ふぁっ――あっ！！　ああぁあああああっっ〜〜！！！」%K%P
「ふぁっ――あっ！！　ああぁあああああっっ〜〜！！！」%K%P
%LC清佳
%LC清佳
「あっ、あああああっっ！！\n　熱いっ、ああっ、精子きてぇ、あああ、ああああっ！」%K%P
「あっ、あああああっっ！！\n　熱いっ、ああっ、精子きてぇ、あああ、ああああっ！」%K%P
%LC蛍
%LC蛍
「ふぁぁぁああっ、あふぁぁぁ！！\n　と、とまらなっ、射精っ、あっ、あふぁぁあ……！！」%K%P
「ふぁぁぁああっ、あふぁぁぁ！！\n　と、とまらなっ、射精っ、あっ、あふぁぁあ……！！」%K%P
%LC清佳
%LC清佳
「きもひよしゅぎっ――あああああっっ！！\n　イくっ、ああああ、またイっっ――〜〜っっ！！」%K%P
「きもひよしゅぎっ――あああああっっ！！\n　イくっ、ああああ、またイっっ――〜〜っっ！！」%K%P
二人一緒に痙攣しながら絶頂の快感に喘ぐ。\n二人分の喘ぎ声が溶け合って木霊する。%K%P
二人一緒に痙攣しながら絶頂の快感に喘ぐ。\n二人分の喘ぎ声が溶け合って木霊する。%K%P
イった先からまたイって、\n二人揃ってイき続けて――%K%P
イった先からまたイって、\n二人揃ってイき続けて――%K%P
%LC清佳
%LC清佳
「はぁーっ……！　はぁーっ……！！\n　んぁ、はぁはぁはぁ、はぁーっ……！！」%K%P
「はぁーっ……！　はぁーっ……！！\n　んぁ、はぁはぁはぁ、はぁーっ……！！」%K%P
%LC蛍
%LC蛍
「はぁ、はぁ、はぁっ……！！\n　ふぁぁ、あはぁぁっっ……！！」%K%P
「はぁ、はぁ、はぁっ……！！\n　ふぁぁ、あはぁぁっっ……！！」%K%P
お互いに熱くて荒い吐息を浴びせながら、\n緩みきった顔で見つめ合う。%K%P
お互いに熱くて荒い吐息を浴びせながら、\n緩みきった顔で見つめ合う。%K%P
その顔を見ているだけでも、\nもう一度イってしまいそうだった。%K%P
その顔を見ているだけでも、\nもう一度イってしまいそうだった。%K%P
%LC清佳
%LC清佳
「も、ものすごく、ふぁぁ、イっちゃったぁ……」%K%P
「も、ものすごく、ふぁぁ、イっちゃったぁ……」%K%P
%LC蛍
%LC蛍
「わたしも、はぁ、はぁ、頭クラクラしちゃってる……」%K%P
「わたしも、はぁ、はぁ、頭クラクラしちゃってる……」%K%P
お互いの身体に寄りかかりながら、\nセックスの余韻に身を委ねる。%K%P
お互いの身体に寄りかかりながら、\nセックスの余韻に身を委ねる。%K%P
幸せな倦怠感が身体と心を包み込んできてくれて、\n穏やかな心地よさが広がっていく。%K%P
幸せな倦怠感が身体と心を包み込んできてくれて、\n穏やかな心地よさが広がっていく。%K%P
%LC清佳
%LC清佳
「えへへ……。しばらくこのままでいい……？\n　蛍と繋がったままでいたい……」%K%P
「えへへ……。しばらくこのままでいい……？\n　蛍と繋がったままでいたい……」%K%P
%LC蛍
%LC蛍
「えへへ……。わたしもそう言おうと思ってた……」%K%P
「えへへ……。わたしもそう言おうと思ってた……」%K%P
自然と笑顔が零れてしまう。\n今はただ、愛するお嫁さんと繋がっていたい。%K%P
自然と笑顔が零れてしまう。\n今はただ、愛するお嫁さんと繋がっていたい。%K%P
%LC清佳
%LC清佳
「本当にありがとう、蛍……春樹くん……。\n　私の……お嫁さんになってくれて」%K%P
「本当にありがとう、蛍……春樹くん……。\n　私の……お嫁さんになってくれて」%K%P
%LC蛍
%LC蛍
「お礼を言うのはわたしの、僕の方だよ……。\n　ありがとう。こんな僕を好きって言ってくれて」%K%P
「お礼を言うのはわたしの、僕の方だよ……。\n　ありがとう。こんな僕を好きって言ってくれて」%K%P
%LC清佳
%LC清佳
「ふふ、もう。相変わらず自己評価が低いんだから。\n　こんな僕だなんて言わないで？」%K%P
「ふふ、もう。相変わらず自己評価が低いんだから。\n　こんな僕だなんて言わないで？」%K%P
%LC清佳
%LC清佳
「あなただから、好きなの。\n　あなただから、愛してるの」%K%P
「あなただから、好きなの。\n　あなただから、愛してるの」%K%P
%LC清佳
%LC清佳
「私を真っ直ぐ見てくれて……。\n　私の幸せを想ってくれる、あなただから」%K%P
「私を真っ直ぐ見てくれて……。\n　私の幸せを想ってくれる、あなただから」%K%P
%LC蛍
%LC蛍
「清佳ちゃん……」%K%P
「清佳ちゃん……」%K%P
胸が熱くなる。清佳ちゃんの愛が\n繋がった場所以上に伝わってきて。%K%P
胸が熱くなる。清佳ちゃんの愛が\n繋がった場所以上に伝わってきて。%K%P
%LC清佳
%LC清佳
「二人で幸せいっぱいの人生を歩いていきましょ？\n　私のお嫁さん兼お婿さん？」%K%P
「二人で幸せいっぱいの人生を歩いていきましょ？\n　私のお嫁さん兼お婿さん？」%K%P
にっこりと微笑んで、\n清佳ちゃんが小指をそっと差し出してくれる。%K%P
にっこりと微笑んで、\n清佳ちゃんが小指をそっと差し出してくれる。%K%P
%LC蛍
%LC蛍
「ふふふ。うんっ、もちろんっ」%K%P
「ふふふ。うんっ、もちろんっ」%K%P
これから始まる幸せな未来を想像しながら、\n強く強く彼女の小指に自分の小指を絡ませた――%K%P
これから始まる幸せな未来を想像しながら、\n強く強く彼女の小指に自分の小指を絡ませた――%K%P
