%LC清佳
%LC清佳
「いよいよね。心の準備はいい？」%K%P
「いよいよね。心の準備はいい？」%K%P
%LC春樹
%LC春樹
「うん」%K%P
「うん」%K%P
迎えたブライダルコンテスト当日。%K%P
迎えたブライダルコンテスト当日。%K%P
婚礼服に着替えた僕たちは、\n自分たちの出番を待っていた。%K%P
婚礼服に着替えた僕たちは、\n自分たちの出番を待っていた。%K%P
%LC清佳
%LC清佳
「いい結婚式にしましょうね？\n　私、ふふ、本番だと思って臨むから」%K%P
「いい結婚式にしましょうね？\n　私、ふふ、本番だと思って臨むから」%K%P
%LC春樹
%LC春樹
「もちろん。僕だってそのつもりで臨むよ」%K%P
「もちろん。僕だってそのつもりで臨むよ」%K%P
不思議と緊張はしていない。\nこの間のような焦燥感もない。%K%P
不思議と緊張はしていない。\nこの間のような焦燥感もない。%K%P
隣にいる清佳ちゃんを幸せにしたい。\n――その気持ちだけが胸を熱くしていた。%K%P
隣にいる清佳ちゃんを幸せにしたい。\n――その気持ちだけが胸を熱くしていた。%K%P
%LCスタッフ
%LCスタッフ
「それではそろそろご準備をお願いします」%K%P
「それではそろそろご準備をお願いします」%K%P
%LC清佳
%LC清佳
「はい。わかりました。さ、行きましょ」%K%P
「はい。わかりました。さ、行きましょ」%K%P
%LC清佳
%LC清佳
「会場の人たちみんなが嫉妬しちゃうほど、\n　幸せいっぱいの結婚式にしてあげるんだから」%K%P
「会場の人たちみんなが嫉妬しちゃうほど、\n　幸せいっぱいの結婚式にしてあげるんだから」%K%P
と意気揚々に清佳ちゃんが式場に向かおうとする。%K%P
と意気揚々に清佳ちゃんが式場に向かおうとする。%K%P
%LC春樹
%LC春樹
「あ、ごめん、先に行っててもらえる？」%K%P
「あ、ごめん、先に行っててもらえる？」%K%P
%LC清佳
%LC清佳
「え？　どうして？」%K%P
「え？　どうして？」%K%P
%LC春樹
%LC春樹
「ちょっと、その。撮影前にトイレに……」%K%P
「ちょっと、その。撮影前にトイレに……」%K%P
%LC清佳
%LC清佳
「はぁ？　どうして済ませておかなかったのよ。\n　時間も限られてるっていうのに」%K%P
「はぁ？　どうして済ませておかなかったのよ。\n　時間も限られてるっていうのに」%K%P
%LC愛
%LC愛
「文句を言っても仕方ありませんよ。\n　尿意を我慢しながら撮影されるよりはマシですし」%K%P
「文句を言っても仕方ありませんよ。\n　尿意を我慢しながら撮影されるよりはマシですし」%K%P
%LC清佳
%LC清佳
「そうだけど。なら先に中で待ってるから。\n　すぐに出して、すぐに来なさい」%K%P
「そうだけど。なら先に中で待ってるから。\n　すぐに出して、すぐに来なさい」%K%P
%LC愛
%LC愛
「顔も言葉も下品ですよ、清佳様。\n　今から婚礼の儀を執り行うというのに」%K%P
「顔も言葉も下品ですよ、清佳様。\n　今から婚礼の儀を執り行うというのに」%K%P
%LC清佳
%LC清佳
「顔は余計よ！？」%K%P
「顔は余計よ！？」%K%P
愛さんに連れられて清佳ちゃんが\n先に礼拝堂へと入っていく。%K%P
愛さんに連れられて清佳ちゃんが\n先に礼拝堂へと入っていく。%K%P
二人が立ち去ったところで、\nお姉ちゃんが声をかけてきた。%K%P
二人が立ち去ったところで、\nお姉ちゃんが声をかけてきた。%K%P
%LC千鶴
%LC千鶴
「で、ホントにやるの？　例のヤツ」%K%P
「で、ホントにやるの？　例のヤツ」%K%P
%LC春樹
%LC春樹
「うん。お願い」%K%P
「うん。お願い」%K%P
%LC千鶴
%LC千鶴
「ま、あたしは構わないけどね〜。\n　んじゃ時間もないし、ちゃっちゃと準備しちゃおっか」%K%P
「ま、あたしは構わないけどね〜。\n　んじゃ時間もないし、ちゃっちゃと準備しちゃおっか」%K%P
%LC春樹
%LC春樹
「うんっ！」%K%P
「うんっ！」%K%P
計画については愛さんにも話してある。\n何も知らない清佳ちゃんを引き止めてくれるだろう。%K%P
計画については愛さんにも話してある。\n何も知らない清佳ちゃんを引き止めてくれるだろう。%K%P
驚いてくれるといいな。\nそれ以上に喜んでくれると嬉しい。%K%P
驚いてくれるといいな。\nそれ以上に喜んでくれると嬉しい。%K%P
今こそあの日の約束を果たしたい――%K%P
今こそあの日の約束を果たしたい――%K%P
%LC清佳
%LC清佳
「遅いわね、春樹くん……。\n　何をモタモタしてるのかしら」%K%P
「遅いわね、春樹くん……。\n　何をモタモタしてるのかしら」%K%P
%LC愛
%LC愛
「お腹でも壊しているのではないですか。\n　きっと緊張されているのですよ」%K%P
「お腹でも壊しているのではないですか。\n　きっと緊張されているのですよ」%K%P
%LC清佳
%LC清佳
「そんな風には見えなかったけど」%K%P
「そんな風には見えなかったけど」%K%P
会場には他の参加者やスタッフたちも集まっていた。\nブライダルハウスの関係者たちもいるみたい。%K%P
会場には他の参加者やスタッフたちも集まっていた。\nブライダルハウスの関係者たちもいるみたい。%K%P
彼らは遠巻きに私を眺めながら、\n眉間に皺を寄せて皆ひそひそと話していた。%K%P
彼らは遠巻きに私を眺めながら、\n眉間に皺を寄せて皆ひそひそと話していた。%K%P
きっと私が楠グループの令嬢だと知ったのでしょうね。\nこのコンテストが出来レースだということにも。%K%P
きっと私が楠グループの令嬢だと知ったのでしょうね。\nこのコンテストが出来レースだということにも。%K%P
彼らからしてみれば面白い話じゃない。\n申し訳なさが胸の内に込み上がってくる。%K%P
彼らからしてみれば面白い話じゃない。\n申し訳なさが胸の内に込み上がってくる。%K%P
しかし私の視線に気づくと彼らは途端に会話をやめて、\n笑顔で会釈をしてきた。私も姿勢を整えて会釈を返す。%K%P
しかし私の視線に気づくと彼らは途端に会話をやめて、\n笑顔で会釈をしてきた。私も姿勢を整えて会釈を返す。%K%P
気持ちとは裏腹に品位を保とうとしてしまう自分が憎い。\n無意識に楠家の娘としての自分を演じてしまう。%K%P
気持ちとは裏腹に品位を保とうとしてしまう自分が憎い。\n無意識に楠家の娘としての自分を演じてしまう。%K%P
%LC愛
%LC愛
「清佳様は大丈夫ですか？　純白のドレスに\n　下痢などされては式以前に女として終わりますよ」%K%P
「清佳様は大丈夫ですか？　純白のドレスに\n　下痢などされては式以前に女として終わりますよ」%K%P
%LC清佳
%LC清佳
「あなた……さっき私に品がないとか\n　のたまってたわよね？」%K%P
「あなた……さっき私に品がないとか\n　のたまってたわよね？」%K%P
愛がいつも通りなのが救いね。\n独りだったらもっと暗い気分になっていたと思う。%K%P
愛がいつも通りなのが救いね。\n独りだったらもっと暗い気分になっていたと思う。%K%P
%LC女性
%LC女性
「いやー、本日はありがとうございます。\n　流石は清佳様、お綺麗でございますね！」%K%P
「いやー、本日はありがとうございます。\n　流石は清佳様、お綺麗でございますね！」%K%P
暇を持て余していると責任者の関口さんが\n手揉みをしながらニヤついた笑みを浮かべてやってきた。%K%P
暇を持て余していると責任者の関口さんが\n手揉みをしながらニヤついた笑みを浮かべてやってきた。%K%P
%LC清佳
%LC清佳
「すみません、中々撮影が始められなくて」%K%P
「すみません、中々撮影が始められなくて」%K%P
%LC女性
%LC女性
「いえいえいえ、とんでもない！\n　お好きなだけ時間を取って頂いて構いませんから」%K%P
「いえいえいえ、とんでもない！\n　お好きなだけ時間を取って頂いて構いませんから」%K%P
%LC女性
%LC女性
「それにしても本当にお美しい。\n　同じ女性として憧れてしまいます」%K%P
「それにしても本当にお美しい。\n　同じ女性として憧れてしまいます」%K%P
%LC女性
%LC女性
「立っているだけで絵になると言いますか。\n　まるで天使が地上に舞い降りたようで――」%K%P
「立っているだけで絵になると言いますか。\n　まるで天使が地上に舞い降りたようで――」%K%P
ご機嫌取りの美辞麗句を並べられて辟易する。%K%P
ご機嫌取りの美辞麗句を並べられて辟易する。%K%P
気分が悪い。憂鬱だ。\n幸福に満たされていたはずの心に陰りが差してくる。%K%P
気分が悪い。憂鬱だ。\n幸福に満たされていたはずの心に陰りが差してくる。%K%P
この煌びやかな空間もどんどん空虚なものに思えてきて。\n欲と嫉妬と虚飾にまみれたどす黒い空間に思えてきて。%K%P
この煌びやかな空間もどんどん空虚なものに思えてきて。\n欲と嫉妬と虚飾にまみれたどす黒い空間に思えてきて。%K%P
良家の娘という立場を否が応にも自覚させられる。%K%P
良家の娘という立場を否が応にも自覚させられる。%K%P
みんなが私じゃなくて、\n私の背後にあるものばかりを見ているんだ。%K%P
みんなが私じゃなくて、\n私の背後にあるものばかりを見ているんだ。%K%P
私に向けられるものは嘘ばかり。\n裸の心で向かい合ってくれる人は誰もいない。%K%P
私に向けられるものは嘘ばかり。\n裸の心で向かい合ってくれる人は誰もいない。%K%P
孤独感が襲ってくる。\n世界でただ独りになったような感覚。%K%P
孤独感が襲ってくる。\n世界でただ独りになったような感覚。%K%P
寂しい。%K%P
寂しい。%K%P
愛を知ってしまった今、\n今まで以上に寂しさを感じてしまう。%K%P
愛を知ってしまった今、\n今まで以上に寂しさを感じてしまう。%K%P
ああ。やっぱり参加しなければ良かったかもしれない。%K%P
ああ。やっぱり参加しなければ良かったかもしれない。%K%P
たとえ愛する人が隣にいても、\nこの会場で私が生きた笑顔を浮かべられたとは思えない。%K%P
たとえ愛する人が隣にいても、\nこの会場で私が生きた笑顔を浮かべられたとは思えない。%K%P
せっかくの結婚式を台無しにしてしまう。%K%P
せっかくの結婚式を台無しにしてしまう。%K%P
誰も私の幸せなんかを祈っていない。%K%P
誰も私の幸せなんかを祈っていない。%K%P
誰も私を見てくれない。%K%P
誰も私を見てくれない。%K%P
私だって、ただの女の子なのに。%K%P
私だって、ただの女の子なのに。%K%P
幸せな結婚式に憧れるような、\nどこにでもいる普通の女の子なのに――%K%P
幸せな結婚式に憧れるような、\nどこにでもいる普通の女の子なのに――%K%P
%LC？？？
%LC？？？
「――お待たせっ、清佳ちゃん」%P
「――お待たせっ、清佳ちゃん」%P
%LC清佳
%LC清佳
「え――」%K%P
「え――」%K%P
%LC蛍
%LC蛍
「お待たせ」%K%P
「お待たせ」%K%P
%LC清佳
%LC清佳
「春樹、くん……？　その格好……」%K%P
「春樹、くん……？　その格好……」%K%P
%LC蛍
%LC蛍
「えへへ、驚いた？」%K%P
「えへへ、驚いた？」%K%P
つい先程までタキシードを着ていたはずの最愛の人は、\n純白のドレスを着て、私の初恋の人の姿で現れた。%K%P
つい先程までタキシードを着ていたはずの最愛の人は、\n純白のドレスを着て、私の初恋の人の姿で現れた。%K%P
%LC蛍
%LC蛍
「わたしと清佳ちゃんの約束だったでしょ？\n　戻ってきたら、結婚するって」%K%P
「わたしと清佳ちゃんの約束だったでしょ？\n　戻ってきたら、結婚するって」%K%P
%LC清佳
%LC清佳
「でもあなた……男の自分を好きになって欲しいって」%K%P
「でもあなた……男の自分を好きになって欲しいって」%K%P
%LC蛍
%LC蛍
「清佳ちゃんが言ってくれたんじゃない」%K%P
「清佳ちゃんが言ってくれたんじゃない」%K%P
%LC蛍
%LC蛍
「わたしにはわたしなりの男らしいところがあるって。\n　大切なのは性別でも、姿形でもなく、心なんだって」%K%P
「わたしにはわたしなりの男らしいところがあるって。\n　大切なのは性別でも、姿形でもなく、心なんだって」%K%P
%LC蛍
%LC蛍
「だから蛍の姿で結婚式に出ようって思ったの。\n　清佳ちゃんに何か幸せなサプライズをしたくって」%K%P
「だから蛍の姿で結婚式に出ようって思ったの。\n　清佳ちゃんに何か幸せなサプライズをしたくって」%K%P
%LC清佳
%LC清佳
「蛍……」%K%P
「蛍……」%K%P
ちょっとした悪戯心だったのかもしれない。\nきっと昨日、思い出話をした時に思いついたんだ。%K%P
ちょっとした悪戯心だったのかもしれない。\nきっと昨日、思い出話をした時に思いついたんだ。%K%P
でも、涙が溢れてしまうほど嬉しかった。%K%P
でも、涙が溢れてしまうほど嬉しかった。%K%P
目の前の大好きな人は私を真っ直ぐ見てくれていた。%K%P
目の前の大好きな人は私を真っ直ぐ見てくれていた。%K%P
私を普通の女の子として扱ってくれて。\nただただ私の幸せを祈ってくれていて。%K%P
私を普通の女の子として扱ってくれて。\nただただ私の幸せを祈ってくれていて。%K%P
%LC蛍
%LC蛍
「それと、これも」%K%P
「それと、これも」%K%P
蛍が何かを私の頭に被せてきてくれる。\n同じように自分の頭にも被せて微笑みかけてくれて――%K%P
蛍が何かを私の頭に被せてきてくれる。\n同じように自分の頭にも被せて微笑みかけてくれて――%K%P
%LC清佳
%LC清佳
「これって……」%K%P
「これって……」%K%P
触れれば崩れてしまいそうな色あせた花の冠。%K%P
触れれば崩れてしまいそうな色あせた花の冠。%K%P
けれど花弁はあの頃と同じ美しさを保ち続けていて、\n枯れてもなお綺麗に咲き誇っていた。%K%P
けれど花弁はあの頃と同じ美しさを保ち続けていて、\n枯れてもなお綺麗に咲き誇っていた。%K%P
%LC蛍
%LC蛍
「実はわたしもずっと大切に残してあったの。\n　清佳ちゃんとわたしの友情の証」%K%P
「実はわたしもずっと大切に残してあったの。\n　清佳ちゃんとわたしの友情の証」%K%P
%LC蛍
%LC蛍
「離れ離れになった後もこれを見て、\n　清佳ちゃんのことをいつも思い出してた」%K%P
「離れ離れになった後もこれを見て、\n　清佳ちゃんのことをいつも思い出してた」%K%P
%LC蛍
%LC蛍
「清佳ちゃんとの指切りを思い出して。\n　一緒に遊んだ日々を思い出して」%K%P
「清佳ちゃんとの指切りを思い出して。\n　一緒に遊んだ日々を思い出して」%K%P
%LC蛍
%LC蛍
「いつも清佳ちゃんのことを考えてた」%K%P
「いつも清佳ちゃんのことを考えてた」%K%P
%LC清佳
%LC清佳
「蛍……」%K%P
「蛍……」%K%P
言葉が出てこない。\nこんなに幸せなサプライズは初めてだったから。%K%P
言葉が出てこない。\nこんなに幸せなサプライズは初めてだったから。%K%P
だけど蛍はそんな胸の内を知ってか知らずか、\nさらに私の心を波立たせてくる。%K%P
だけど蛍はそんな胸の内を知ってか知らずか、\nさらに私の心を波立たせてくる。%K%P
%LC蛍
%LC蛍
「受け取ってくれる？\n　今度は友情じゃなくて、愛の誓いとして」%K%P
「受け取ってくれる？\n　今度は友情じゃなくて、愛の誓いとして」%K%P
%LC蛍
%LC蛍
「指輪代わりじゃないけど……。\n　わたしの気持ち、清佳ちゃんに受け取って欲しいな？」%K%P
「指輪代わりじゃないけど……。\n　わたしの気持ち、清佳ちゃんに受け取って欲しいな？」%K%P
%LC清佳
%LC清佳
「受け取って欲しいって……。\n　もう被せちゃってるじゃない」%K%P
「受け取って欲しいって……。\n　もう被せちゃってるじゃない」%K%P
%LC蛍
%LC蛍
「えへへ。断られると思ってないもん」%K%P
「えへへ。断られると思ってないもん」%K%P
%LC清佳
%LC清佳
「もう……」%K%P
「もう……」%K%P
嬉しいってそのまま言いたいのに、\n気恥ずかしくなってつい悪態をついてしまう。%K%P
嬉しいってそのまま言いたいのに、\n気恥ずかしくなってつい悪態をついてしまう。%K%P
けれど、きっと私はいま笑顔を浮かべていた。\n幸せいっぱいの笑顔を。大好きな人に向けて。%K%P
けれど、きっと私はいま笑顔を浮かべていた。\n幸せいっぱいの笑顔を。大好きな人に向けて。%K%P
今にも目尻から涙を溢れさせそうになりながら、\n清佳ちゃんが幸せそうに笑ってくれる。%K%P
今にも目尻から涙を溢れさせそうになりながら、\n清佳ちゃんが幸せそうに笑ってくれる。%K%P
ドレス姿はちょっぴり恥ずかしいけれどやって良かった。%K%P
ドレス姿はちょっぴり恥ずかしいけれどやって良かった。%K%P
%LC清佳
%LC清佳
「ありがとう、蛍。春樹くん。\n　こんなにも私を愛してくれて」%K%P
「ありがとう、蛍。春樹くん。\n　こんなにも私を愛してくれて」%K%P
%LC蛍
%LC蛍
「そんなにしみじみと言われちゃうと照れるってば。\n　喜んでくれたのは、えへへ、嬉しいけど」%K%P
「そんなにしみじみと言われちゃうと照れるってば。\n　喜んでくれたのは、えへへ、嬉しいけど」%K%P
%LC蛍
%LC蛍
「少しは格好いいところ見せられたかな？」%K%P
「少しは格好いいところ見せられたかな？」%K%P
%LC清佳
%LC清佳
「うん、とっても格好良いわ。\n　それにとっても、ふふ、可愛い」%K%P
「うん、とっても格好良いわ。\n　それにとっても、ふふ、可愛い」%K%P
%LC蛍
%LC蛍
「か、可愛いは余計だもん」%K%P
「か、可愛いは余計だもん」%K%P
%LC清佳
%LC清佳
「どうして？　物凄く似合ってるわよ、蛍のドレス姿。\n　この会場にいるどの花嫁よりも可愛いくらい」%K%P
「どうして？　物凄く似合ってるわよ、蛍のドレス姿。\n　この会場にいるどの花嫁よりも可愛いくらい」%K%P
%LC蛍
%LC蛍
「も、もう。あんまり言うと\n　もう一度着替えてきちゃうからね」%K%P
「も、もう。あんまり言うと\n　もう一度着替えてきちゃうからね」%K%P
%LC清佳
%LC清佳
「ダーメ。たった今プロポーズしたクセに、\n　また花嫁を一人にしちゃうつもり？」%K%P
「ダーメ。たった今プロポーズしたクセに、\n　また花嫁を一人にしちゃうつもり？」%K%P
%LC清佳
%LC清佳
「もう片時も離しちゃダメだから。\n　私と……ずっと、末永くずっと一緒にいて？」%K%P
「もう片時も離しちゃダメだから。\n　私と……ずっと、末永くずっと一緒にいて？」%K%P
%LC清佳
%LC清佳
「病める時も健やかなる時も……\n　ずっとずっとあなたと一緒にいたい」%K%P
「病める時も健やかなる時も……\n　ずっとずっとあなたと一緒にいたい」%K%P
%LC蛍
%LC蛍
「清佳ちゃん……」%K%P
「清佳ちゃん……」%K%P
そっと清佳ちゃんが小指を伸ばしてきてくれる。%K%P
そっと清佳ちゃんが小指を伸ばしてきてくれる。%K%P
彼女が何を求めているのかは、すぐにわかった。%K%P
彼女が何を求めているのかは、すぐにわかった。%K%P
%LC蛍
%LC蛍
「もちろん。約束する。\n　わたしも清佳ちゃんとずーっと一緒にいたいもん」%K%P
「もちろん。約束する。\n　わたしも清佳ちゃんとずーっと一緒にいたいもん」%K%P
小指を絡め合って、彼女の瞳を見据えて、頷き返す。%K%P
小指を絡め合って、彼女の瞳を見据えて、頷き返す。%K%P
%LC清佳
%LC清佳
「ふふ。なら、せーので言いましょっか」%K%P
「ふふ。なら、せーので言いましょっか」%K%P
%LC蛍
%LC蛍
「うんっ」%K%P
「うんっ」%K%P
撮影のことなんて頭からすっぽり抜けていた。%K%P
撮影のことなんて頭からすっぽり抜けていた。%K%P
今はただ幸せで。%K%P
今はただ幸せで。%K%P
まるで本当に結婚式を挙げているような心地がして。%K%P
まるで本当に結婚式を挙げているような心地がして。%K%P
大好きな人と永遠の愛を早く誓いたくてウズウズして。%K%P
大好きな人と永遠の愛を早く誓いたくてウズウズして。%K%P
%LC蛍・清佳
%LC蛍・清佳
「せーの」%K%P
「せーの」%K%P
%LC蛍・清佳
%LC蛍・清佳
「ゆーびきりげーんまん、\n　うそついたら、はりせーんぼんのーますっ」%K%P
「ゆーびきりげーんまん、\n　うそついたら、はりせーんぼんのーますっ」%K%P
%LC清佳・蛍
%LC清佳・蛍
「ゆーびきったっ！」%K%P
「ゆーびきったっ！」%K%P
めいっぱい強く指をきる。%K%P
めいっぱい強く指をきる。%K%P
子供の頃と同じように互いの小指に運命の糸を結んで、\n永遠の愛を誓い合う。%K%P
子供の頃と同じように互いの小指に運命の糸を結んで、\n永遠の愛を誓い合う。%K%P
%LC清佳
%LC清佳
「わかってると思うけど、\n　嘘をついたら本当に針千本飲ますからね？」%K%P
「わかってると思うけど、\n　嘘をついたら本当に針千本飲ますからね？」%K%P
%LC蛍
%LC蛍
「えへへ、清佳ちゃんこそ」%K%P
「えへへ、清佳ちゃんこそ」%K%P
気づけばそこかしこから\n温かい拍手の音が聞こえてきた。%K%P
気づけばそこかしこから\n温かい拍手の音が聞こえてきた。%K%P
お姉ちゃんも愛さんも他のカップルさんたちも、\n皆が皆わたしたちを祝福してくれていた。%K%P
お姉ちゃんも愛さんも他のカップルさんたちも、\n皆が皆わたしたちを祝福してくれていた。%K%P
ひだまりの中にいるような、ぬくもりを感じる。%K%P
ひだまりの中にいるような、ぬくもりを感じる。%K%P
目の前にいる大好きな人が\n愛しくて愛しくてたまらない。%K%P
目の前にいる大好きな人が\n愛しくて愛しくてたまらない。%K%P
%LC清佳
%LC清佳
「ん……ちゅっ」%K%P
「ん……ちゅっ」%K%P
衆人環視の中、口づけを交わす。\nわたしたちのラブラブっぷりをみんなに見せつける。%K%P
衆人環視の中、口づけを交わす。\nわたしたちのラブラブっぷりをみんなに見せつける。%K%P
そんなわたしたちを、みんながさらに祝福してくれる。%K%P
そんなわたしたちを、みんながさらに祝福してくれる。%K%P
%LC清佳
%LC清佳
「……人に一番嘘をついていたのは私だったのかも」%K%P
「……人に一番嘘をついていたのは私だったのかも」%K%P
%LC蛍
%LC蛍
「え？」%K%P
「え？」%K%P
%LC清佳
%LC清佳
「ううん、なんでもない。\n　私たちのラブラブパワーは本物だったと思っただーけ」%K%P
「ううん、なんでもない。\n　私たちのラブラブパワーは本物だったと思っただーけ」%K%P
%LC蛍
%LC蛍
「もう……清佳ちゃんったら」%K%P
「もう……清佳ちゃんったら」%K%P
古くさいよ。と言おうとしたところで\n不意打ち気味に唇を奪われた。%K%P
古くさいよ。と言おうとしたところで\n不意打ち気味に唇を奪われた。%K%P
ぎゅっと抱きしめられて、より深く唇を重ねてくれる。%K%P
ぎゅっと抱きしめられて、より深く唇を重ねてくれる。%K%P
%LC愛
%LC愛
「おめでとうございます。清佳様、蛍様」%K%P
「おめでとうございます。清佳様、蛍様」%K%P
%LC千鶴
%LC千鶴
「おめでとう。清佳ちゃん、蛍」%K%P
「おめでとう。清佳ちゃん、蛍」%K%P
公然とイチャつくわたしたちを本物の結婚式さながらに\nみんなが幸せそうな笑顔を浮かべて見つめてきてくれる。%K%P
公然とイチャつくわたしたちを本物の結婚式さながらに\nみんなが幸せそうな笑顔を浮かべて見つめてきてくれる。%K%P
%LC清佳
%LC清佳
「えへへ……幸せね？」%K%P
「えへへ……幸せね？」%K%P
%LC蛍
%LC蛍
「うん。すっごく幸せ」%K%P
「うん。すっごく幸せ」%K%P
そんな愛と祝福に満ちた空間で、\nわたしたちはいつまでもいつまでも唇を重ね続けた――%K%P
そんな愛と祝福に満ちた空間で、\nわたしたちはいつまでもいつまでも唇を重ね続けた――%K%P
