%LC清佳
%LC清佳
「せっかくの、ふふふ、結婚初夜なのに」%K%P
「せっかくの、ふふふ、結婚初夜なのに」%K%P
%LC蛍
%LC蛍
「ひぃあっ……！　ちょ、ちょっと、ふぁ……！\n　ダメぇ、清佳ちゃぁん……！」%K%P
「ひぃあっ……！　ちょ、ちょっと、ふぁ……！\n　ダメぇ、清佳ちゃぁん……！」%K%P
清佳ちゃんがやらしい手付きで\nわたしのおっぱいを揉んでくる。%K%P
清佳ちゃんがやらしい手付きで\nわたしのおっぱいを揉んでくる。%K%P
%LC蛍
%LC蛍
「ダ、ダメだよぉ。こんなことしちゃぁ……。\n　ドレスに皺ができちゃ、あん、借り物なのに」%K%P
「ダ、ダメだよぉ。こんなことしちゃぁ……。\n　ドレスに皺ができちゃ、あん、借り物なのに」%K%P
%LC清佳
%LC清佳
「大丈夫、買い取ってあるわ。蛍のも私のも。\n　大切な式で着た思い出の品だもの」%K%P
「大丈夫、買い取ってあるわ。蛍のも私のも。\n　大切な式で着た思い出の品だもの」%K%P
%LC清佳
%LC清佳
「だから、ふふふ、遠慮なく汚しちゃっていいわ」%K%P
「だから、ふふふ、遠慮なく汚しちゃっていいわ」%K%P
%LC蛍
%LC蛍
「だ、だとしても、あっ、んっ……！\n　帰ってきて早々、ふぁ、こんなこと……！」%K%P
「だ、だとしても、あっ、んっ……！\n　帰ってきて早々、ふぁ、こんなこと……！」%K%P
%LC清佳
%LC清佳
「あら。初夜にしとねを共にするのは\n　ごく普通のことじゃない」%K%P
「あら。初夜にしとねを共にするのは\n　ごく普通のことじゃない」%K%P
%LC清佳
%LC清佳
「私としても、んふ、愛するお嫁さんに\n　甲斐性を見せたいし」%K%P
「私としても、んふ、愛するお嫁さんに\n　甲斐性を見せたいし」%K%P
%LC蛍
%LC蛍
「お嫁さんって――ひぃあっ、あぁんっ……！」%K%P
「お嫁さんって――ひぃあっ、あぁんっ……！」%K%P
おっぱいを下側から押し上げるように、\nむぎゅぅと揉まれてしまう。%K%P
おっぱいを下側から押し上げるように、\nむぎゅぅと揉まれてしまう。%K%P
甘い声が漏れてしまって恥ずかしい……。\n清佳ちゃんの手、スベスベでヌクヌクで気持ち良くて。%K%P
甘い声が漏れてしまって恥ずかしい……。\n清佳ちゃんの手、スベスベでヌクヌクで気持ち良くて。%K%P
%LC清佳
%LC清佳
「前から思ってたけど、蛍ってパッドなしでも\n　そこそこおっぱいあるわよね……？」%K%P
「前から思ってたけど、蛍ってパッドなしでも\n　そこそこおっぱいあるわよね……？」%K%P
%LC清佳
%LC清佳
「おっぱいだけ揉んでると、ん、はぁ……。\n　本当に女の子とエッチしてるように思えちゃう……」%K%P
「おっぱいだけ揉んでると、ん、はぁ……。\n　本当に女の子とエッチしてるように思えちゃう……」%K%P
%LC蛍
%LC蛍
「や、やめてよぉ……！\n　膨らんでるの、コンプレックスなんだからぁ……！」%K%P
「や、やめてよぉ……！\n　膨らんでるの、コンプレックスなんだからぁ……！」%K%P
%LC清佳
%LC清佳
「なら今夜でそのコンプレックスも解消してあげる。\n　ふふふ、たっぷり可愛がってあげるから」%K%P
「なら今夜でそのコンプレックスも解消してあげる。\n　ふふふ、たっぷり可愛がってあげるから」%K%P
%LC蛍
%LC蛍
「そういう意味じゃ――ひぃあぁんっ……！」%K%P
「そういう意味じゃ――ひぃあぁんっ……！」%K%P
おっぱい全体を撫でるように揉まれて、\n身体がビクンビクンしてしまう。%K%P
おっぱい全体を撫でるように揉まれて、\n身体がビクンビクンしてしまう。%K%P
顔から火が出ちゃいそう……！\nこれじゃホントに女の子だよぉ……！%K%P
顔から火が出ちゃいそう……！\nこれじゃホントに女の子だよぉ……！%K%P
%LC清佳
%LC清佳
「いいのよ？　今日は蛍として、\n　女の子として私に襲われちゃって？」%K%P
「いいのよ？　今日は蛍として、\n　女の子として私に襲われちゃって？」%K%P
%LC清佳
%LC清佳
「私と結婚してくれたのは、えへへ。蛍なんだし」%K%P
「私と結婚してくれたのは、えへへ。蛍なんだし」%K%P
%LC清佳
%LC清佳
「もちろん春樹くんのことも愛してるけど、\n　今日は蛍と、んふ、エッチしたい気分なの」%K%P
「もちろん春樹くんのことも愛してるけど、\n　今日は蛍と、んふ、エッチしたい気分なの」%K%P
%LC蛍
%LC蛍
「その気持ちは、ふぁ、う、嬉しいけど……！」%K%P
「その気持ちは、ふぁ、う、嬉しいけど……！」%K%P
恥ずかしすぎて死にそう……！\n普通ならわたしの方が襲う立場だし……！%K%P
恥ずかしすぎて死にそう……！\n普通ならわたしの方が襲う立場だし……！%K%P
でも――%K%P
でも――%K%P
%LC清佳
%LC清佳
「素直になって？　興奮……してくれてるんでしょ？」%K%P
「素直になって？　興奮……してくれてるんでしょ？」%K%P
%LC清佳
%LC清佳
「おちんちんも、ふふふ、こーんなにおっきくなってるし」%K%P
「おちんちんも、ふふふ、こーんなにおっきくなってるし」%K%P
%LC蛍
%LC蛍
「〜〜っっ！！」%K%P
「〜〜っっ！！」%K%P
清佳ちゃんがゆさゆさと身体を揺らして、\n膨張しきったおちんちんを股間で擦ってくる。%K%P
清佳ちゃんがゆさゆさと身体を揺らして、\n膨張しきったおちんちんを股間で擦ってくる。%K%P
%LC清佳
%LC清佳
「心配しなくても、こっちの――春樹くんの部分も、\n　一緒に愛してあげるから」%K%P
「心配しなくても、こっちの――春樹くんの部分も、\n　一緒に愛してあげるから」%K%P
%LC清佳
%LC清佳
「力を抜いて……私にあなたの全部を委ねて？」%K%P
「力を抜いて……私にあなたの全部を委ねて？」%K%P
%LC蛍
%LC蛍
「はぁはぁ、清佳ちゃ――ふぁあ……」%K%P
「はぁはぁ、清佳ちゃ――ふぁあ……」%K%P
耳元で囁かれながら、やらしくおっぱいを揉まれる。\n同時に、お股でズリズリとおちんちんも摩られて……！%K%P
耳元で囁かれながら、やらしくおっぱいを揉まれる。\n同時に、お股でズリズリとおちんちんも摩られて……！%K%P
か、勝手に力が抜けちゃ……。%K%P
か、勝手に力が抜けちゃ……。%K%P
本能が清佳ちゃんを、女の子側の自分を、\n受け入れちゃってるみたいに……。%K%P
本能が清佳ちゃんを、女の子側の自分を、\n受け入れちゃってるみたいに……。%K%P
%LC清佳
%LC清佳
「可愛い……。大好き……。\n　ふふ、たっぷり愛してあげるから……」%K%P
「可愛い……。大好き……。\n　ふふ、たっぷり愛してあげるから……」%K%P
そんなわたしの心情を感じ取ったのか、\n清佳ちゃんはより大胆になって――%K%P
そんなわたしの心情を感じ取ったのか、\n清佳ちゃんはより大胆になって――%K%P
%LC清佳
%LC清佳
「ぺろ……ぺろろぉ……」%K%P
「ぺろ……ぺろろぉ……」%K%P
%LC蛍
%LC蛍
「はふぅ……！！　あっ、あぁあんっ……！！」%K%P
「はふぅ……！！　あっ、あぁあんっ……！！」%K%P
ち、乳首が舐められ――はひぃんっ！%K%P
ち、乳首が舐められ――はひぃんっ！%K%P
%LC清佳
%LC清佳
「ぺろろ、れろぉ……えへへ、敏感なのね？\n　気持ちよさそうに喘いでくれて嬉しい……」%K%P
「ぺろろ、れろぉ……えへへ、敏感なのね？\n　気持ちよさそうに喘いでくれて嬉しい……」%K%P
%LC清佳
%LC清佳
「ならもっと、ぺろろっ、れろろぉぉ……。\n　おっぱい気持ち良くしてあげる……」%K%P
「ならもっと、ぺろろっ、れろろぉぉ……。\n　おっぱい気持ち良くしてあげる……」%K%P
%LC蛍
%LC蛍
「あふぁ……！　あぁ……！」%K%P
「あふぁ……！　あぁ……！」%K%P
トロトロの舌がわたしの小さな乳首を\nねっとりと舐め回してくる。%K%P
トロトロの舌がわたしの小さな乳首を\nねっとりと舐め回してくる。%K%P
き、気持ちいい……！\nおっぱいも、ふぁ、一緒にモミモミされて……！%K%P
き、気持ちいい……！\nおっぱいも、ふぁ、一緒にモミモミされて……！%K%P
%LC清佳
%LC清佳
「ん……ちゅぅっ、ちゅぱっ……れろろぉ……」%K%P
「ん……ちゅぅっ、ちゅぱっ……れろろぉ……」%K%P
%LC清佳
%LC清佳
「ふふふ、すごい……。蛍の乳首、\n　みるみる硬くなってきた……」%K%P
「ふふふ、すごい……。蛍の乳首、\n　みるみる硬くなってきた……」%K%P
%LC清佳
%LC清佳
「花のつぼみみたいに、んれろぉ、膨らんで……。\n　コリコリしてて美味しい……」%K%P
「花のつぼみみたいに、んれろぉ、膨らんで……。\n　コリコリしてて美味しい……」%K%P
%LC蛍
%LC蛍
「やぁ……！　ダ、ダメ、あぁあんっ……！！\n　乳首ばっかり、ふぁぁぁ、い、苛めちゃ……！！」%K%P
「やぁ……！　ダ、ダメ、あぁあんっ……！！\n　乳首ばっかり、ふぁぁぁ、い、苛めちゃ……！！」%K%P
勃起した乳首を舌先でチロチロと擦られてしまう。\nピンポイントで快感が襲ってきて……！%K%P
勃起した乳首を舌先でチロチロと擦られてしまう。\nピンポイントで快感が襲ってきて……！%K%P
ふぁぁあ、ビクビクがとまらない……！\nせ、背中が勝手に海老反ってっ……！！%K%P
ふぁぁあ、ビクビクがとまらない……！\nせ、背中が勝手に海老反ってっ……！！%K%P
%LC清佳
%LC清佳
「悶える蛍、はぁはぁ、可愛い……。\n　乳首、そんなに気持ちいいんだ……？」%K%P
「悶える蛍、はぁはぁ、可愛い……。\n　乳首、そんなに気持ちいいんだ……？」%K%P
%LC蛍
%LC蛍
「ひぃあっ、引っ張っちゃダメっ、あっ……！\n　クリクリ擦っちゃダメぇ……！」%K%P
「ひぃあっ、引っ張っちゃダメっ、あっ……！\n　クリクリ擦っちゃダメぇ……！」%K%P
%LC清佳
%LC清佳
「ちゅぱっ、ちゅぱっ！　ちゅぅぅっっ……！」%K%P
「ちゅぱっ、ちゅぱっ！　ちゅぅぅっっ……！」%K%P
%LC蛍
%LC蛍
「あぁぁぁ……！！　吸うのもダメぇぇ……！！」%K%P
「あぁぁぁ……！！　吸うのもダメぇぇ……！！」%K%P
両乳首をベロで指で責められて、\n頭の中がビリビリと痺れてしまう。%K%P
両乳首をベロで指で責められて、\n頭の中がビリビリと痺れてしまう。%K%P
%LC清佳
%LC清佳
「んふ。恥ずかしがり屋さんね？\n　どれもこれもダメって言っちゃって……」%K%P
「んふ。恥ずかしがり屋さんね？\n　どれもこれもダメって言っちゃって……」%K%P
%LC清佳
%LC清佳
「でも、照れる蛍もエッチで可愛い……。\n　すごく濡れてきちゃう……」%K%P
「でも、照れる蛍もエッチで可愛い……。\n　すごく濡れてきちゃう……」%K%P
%LC蛍
%LC蛍
「あふっ……あんっ……！」%K%P
「あふっ……あんっ……！」%K%P
モゾモゾと清佳ちゃんが腰を揺らせる。\nド、ドロドロのおまんこの熱さが伝わってきて……！%K%P
モゾモゾと清佳ちゃんが腰を揺らせる。\nド、ドロドロのおまんこの熱さが伝わってきて……！%K%P
%LC清佳
%LC清佳
「はぁ、はぁ、んちゅぅ、れろろぉ……！\n　私も、んふ、勝手に腰が動いちゃう……」%K%P
「はぁ、はぁ、んちゅぅ、れろろぉ……！\n　私も、んふ、勝手に腰が動いちゃう……」%K%P
%LC清佳
%LC清佳
「おちんちんの上で、んっ、あぁ、\n　おまんこズリズリするの気持ちいい……」%K%P
「おちんちんの上で、んっ、あぁ、\n　おまんこズリズリするの気持ちいい……」%K%P
%LC蛍
%LC蛍
「あぁ、やめ、あっ、おちんちんまで擦られたら……！」%K%P
「あぁ、やめ、あっ、おちんちんまで擦られたら……！」%K%P
グチョグチョの割れ目が\nわたしのおちんちんをヌチョヌチョと扱いてくる。%K%P
グチョグチョの割れ目が\nわたしのおちんちんをヌチョヌチョと扱いてくる。%K%P
ふぁぁぁ、おっぱいもおちんちんも気持ちいい……！！\n恥ずかしい声が我慢できなくて……！！%K%P
ふぁぁぁ、おっぱいもおちんちんも気持ちいい……！！\n恥ずかしい声が我慢できなくて……！！%K%P
%LC蛍
%LC蛍
「あぁ、ダ、ダメぇぇ……！！\n　変に、あぁ、わたし、変になっちゃっ……！」%K%P
「あぁ、ダ、ダメぇぇ……！！\n　変に、あぁ、わたし、変になっちゃっ……！」%K%P
%LC清佳
%LC清佳
「んふ、いいのよ？　れろぉ、れろろぉ……！\n　もっともっと変になって……？」%K%P
「んふ、いいのよ？　れろぉ、れろろぉ……！\n　もっともっと変になって……？」%K%P
%LC清佳
%LC清佳
「夜はこれからなんだから……ちゅぅぅっ。\n　二人だけのラブラブ初夜を楽しみましょ？」%K%P
「夜はこれからなんだから……ちゅぅぅっ。\n　二人だけのラブラブ初夜を楽しみましょ？」%K%P
%LC蛍
%LC蛍
「んぁっ、あっ、き、清佳ちゃぁん……」%K%P
「んぁっ、あっ、き、清佳ちゃぁん……」%K%P
完全に主導権を握られて――でも、\n女の子みたいに襲われている自分にも興奮してしまう。%K%P
完全に主導権を握られて――でも、\n女の子みたいに襲われている自分にも興奮してしまう。%K%P
乳首もおちんちんもパンパンに膨らみ上がって。\n甘い快感が心も身体も蕩けさせてくる。%K%P
乳首もおちんちんもパンパンに膨らみ上がって。\n甘い快感が心も身体も蕩けさせてくる。%K%P
%LC清佳
%LC清佳
「れろぉっ……！　チロチロチロぉ……！\n　んっちゅぅぅっ……！　ぢゅるるるっっ……！！」%K%P
「れろぉっ……！　チロチロチロぉ……！\n　んっちゅぅぅっ……！　ぢゅるるるっっ……！！」%K%P
%LC蛍
%LC蛍
「はふぁぁぁ……！！　そ、それぇっ……！！」%K%P
「はふぁぁぁ……！！　そ、それぇっ……！！」%K%P
%LC清佳
%LC清佳
「吸い付かれるの、ぢゅぅっ、気持ちいいの？\n　ぢゅっ、ぢゅぢゅっ、ぢゅぅぅぅっっ〜！！」%K%P
「吸い付かれるの、ぢゅぅっ、気持ちいいの？\n　ぢゅっ、ぢゅぢゅっ、ぢゅぅぅぅっっ〜！！」%K%P
%LC蛍
%LC蛍
「ふぁぁぁぁあぁぁぁっっ……！！」%K%P
「ふぁぁぁぁあぁぁぁっっ……！！」%K%P
女の子みたいに喘ぎ散らしてしまう。\nけど、ふぁ、ホントに気持ちいい……！！%K%P
女の子みたいに喘ぎ散らしてしまう。\nけど、ふぁ、ホントに気持ちいい……！！%K%P
乳首がフェラチオされてるみたいでっ……！！\nあっ、あぁ、もっとして欲しいっ……！！%K%P
乳首がフェラチオされてるみたいでっ……！！\nあっ、あぁ、もっとして欲しいっ……！！%K%P
%LC清佳
%LC清佳
「こっちの乳首も……んちゅぷ。吸ってあげる……。\n　ぢゅっ、ぢゅぅぅぅっっ〜〜！！　れろろぉ……！！」%K%P
「こっちの乳首も……んちゅぷ。吸ってあげる……。\n　ぢゅっ、ぢゅぅぅぅっっ〜〜！！　れろろぉ……！！」%K%P
%LC蛍
%LC蛍
「ふぁっ――気持ちいっ、ああっ、あああっ……！！」%K%P
「ふぁっ――気持ちいっ、ああっ、あああっ……！！」%K%P
ついに本音まで口から溢れてしまう。\nクネクネと身体を悶えさせるのすら快感で……！！%K%P
ついに本音まで口から溢れてしまう。\nクネクネと身体を悶えさせるのすら快感で……！！%K%P
%LC清佳
%LC清佳
「ふふふ。教えて？　蛍は、ぺろ、ぺろぺろぉ、\n　私にどうして欲しい……？」%K%P
「ふふふ。教えて？　蛍は、ぺろ、ぺろぺろぉ、\n　私にどうして欲しい……？」%K%P
%LC清佳
%LC清佳
「リクエストがあれば、んふ、\n　お望み通りにしてあげるわよ？」%K%P
「リクエストがあれば、んふ、\n　お望み通りにしてあげるわよ？」%K%P
%LC蛍
%LC蛍
「はぁ、はぁ……！　リ、リクエスト……」%K%P
「はぁ、はぁ……！　リ、リクエスト……」%K%P
%LC清佳
%LC清佳
「こんな風に、チロチロチロぉ、乳首の先っぽ、\n　舐めてもらいたい？」%K%P
「こんな風に、チロチロチロぉ、乳首の先っぽ、\n　舐めてもらいたい？」%K%P
%LC蛍
%LC蛍
「ふぁぁぁぁぁ……！！」%K%P
「ふぁぁぁぁぁ……！！」%K%P
%LC清佳
%LC清佳
「それとも……んちゅぅっ。ちゅぱちゅぱぁ。\n　ビンビンの乳首、ねぶって欲しい？」%K%P
「それとも……んちゅぅっ。ちゅぱちゅぱぁ。\n　ビンビンの乳首、ねぶって欲しい？」%K%P
%LC蛍
%LC蛍
「あっ、あぁっ！」%K%P
「あっ、あぁっ！」%K%P
%LC清佳
%LC清佳
「指先で、んふ、クリクリしてあげてもいいわよ？」%K%P
「指先で、んふ、クリクリしてあげてもいいわよ？」%K%P
%LC蛍
%LC蛍
「あひっ、んぁぁっ……！！」%K%P
「あひっ、んぁぁっ……！！」%K%P
%LC清佳
%LC清佳
「もちろんおちんちんも、んっ、はぁ……。\n　おまんこでズリズリしてあげるわ」%K%P
「もちろんおちんちんも、んっ、はぁ……。\n　おまんこでズリズリしてあげるわ」%K%P
%LC蛍
%LC蛍
「あ……あふぁ、あぁぁ……」%K%P
「あ……あふぁ、あぁぁ……」%K%P
%LC清佳
%LC清佳
「もう……喘ぐだけじゃなくて教えて？\n　私、もっと蛍を気持ち良くしてあげたいの」%K%P
「もう……喘ぐだけじゃなくて教えて？\n　私、もっと蛍を気持ち良くしてあげたいの」%K%P
%LC蛍
%LC蛍
「え、選べないよぉ……。全部、ふぁ、全部、\n　気持ち良くてっ、あぁ、ビクビクしてぇ……！！」%K%P
「え、選べないよぉ……。全部、ふぁ、全部、\n　気持ち良くてっ、あぁ、ビクビクしてぇ……！！」%K%P
%LC蛍
%LC蛍
「するなら全部、んぁ、全部して欲しい……！！\n　おっぱいも、モミモミしてぇ……！！」%K%P
「するなら全部、んぁ、全部して欲しい……！！\n　おっぱいも、モミモミしてぇ……！！」%K%P
喘ぎながら訴えてしまう。\nもっと、あぁ、もっとして欲しい……！%K%P
喘ぎながら訴えてしまう。\nもっと、あぁ、もっとして欲しい……！%K%P
%LC清佳
%LC清佳
「ふふ、おっぱいも。ね？　わかったわ」%K%P
「ふふ、おっぱいも。ね？　わかったわ」%K%P
もはや羞恥心よりも快楽に溺れているのがわかった。\nでも、いいや。初夜だもんっ……！！%K%P
もはや羞恥心よりも快楽に溺れているのがわかった。\nでも、いいや。初夜だもんっ……！！%K%P
%LC清佳
%LC清佳
「んっ……れろっ、れろろぉ。ちゅぅぅっ……！！\n　んふぅん……」%K%P
「んっ……れろっ、れろろぉ。ちゅぅぅっ……！！\n　んふぅん……」%K%P
%LC蛍
%LC蛍
「あっ、あっ、あっ……！！　気持ちいい……！！\n　ふぁぁ、乳首もおっぱいもおちんちんもっ……！！」%K%P
「あっ、あっ、あっ……！！　気持ちいい……！！\n　ふぁぁ、乳首もおっぱいもおちんちんもっ……！！」%K%P
決して大きくはないわたしのおっぱいが\n手の平でムニュンムニュンと揉まれているのがわかる。%K%P
決して大きくはないわたしのおっぱいが\n手の平でムニュンムニュンと揉まれているのがわかる。%K%P
同時に乳首もトロトロのベロで舐め吸われて、\nおちんちんも熱々おまんこでズリズリしてもらって……！%K%P
同時に乳首もトロトロのベロで舐め吸われて、\nおちんちんも熱々おまんこでズリズリしてもらって……！%K%P
%LC蛍
%LC蛍
「ふぁ、気持ちいいっ……！！\n　もっと強く、あぁ、ぎゅっとしてぇ……！！」%K%P
「ふぁ、気持ちいいっ……！！\n　もっと強く、あぁ、ぎゅっとしてぇ……！！」%K%P
%LC清佳
%LC清佳
「んふ、おっぱいを？　それとも乳首？\n　おちんちんに体重かけたらいーい？」%K%P
「んふ、おっぱいを？　それとも乳首？\n　おちんちんに体重かけたらいーい？」%K%P
%LC蛍
%LC蛍
「ぜ、全部ぅっ……！！」%K%P
「ぜ、全部ぅっ……！！」%K%P
%LC清佳
%LC清佳
「ふふふ、りょーかい」%K%P
「ふふふ、りょーかい」%K%P
熱っぽい声で清佳ちゃんは頷くと、\nわたしのリクエスト通りに刺激を強めにしてくれる。%K%P
熱っぽい声で清佳ちゃんは頷くと、\nわたしのリクエスト通りに刺激を強めにしてくれる。%K%P
%LC清佳
%LC清佳
「れろぉっ……！！　ぢゅぅぅっ！！　ぢゅっぢゅっ！！\n　んふっ、んっ、んっ、んんっ……！！」%K%P
「れろぉっ……！！　ぢゅぅぅっ！！　ぢゅっぢゅっ！！\n　んふっ、んっ、んっ、んんっ……！！」%K%P
%LC蛍
%LC蛍
「はふぁぁぁっっ……！！　しゅ、しゅごいぃ……！！\n　か、身体中、あぁぁぁ、トロトロになるぅぅっ……！！」%K%P
「はふぁぁぁっっ……！！　しゅ、しゅごいぃ……！！\n　か、身体中、あぁぁぁ、トロトロになるぅぅっ……！！」%K%P
気持ち良すぎて口が閉じられないっ……！！\nイきそうっ、う、ううん、もうイってるかもぉ……！！%K%P
気持ち良すぎて口が閉じられないっ……！！\nイきそうっ、う、ううん、もうイってるかもぉ……！！%K%P
射精してないだけで、ああぁぁぁ……！！\n何度もおっぱいでイかされちゃってるっ……！！%K%P
射精してないだけで、ああぁぁぁ……！！\n何度もおっぱいでイかされちゃってるっ……！！%K%P
%LC清佳
%LC清佳
「蛍の蕩け顔、はぁはぁ、相変わらずえっちぃ……。\n　たくさんイってくれてるの私にもわかる……」%K%P
「蛍の蕩け顔、はぁはぁ、相変わらずえっちぃ……。\n　たくさんイってくれてるの私にもわかる……」%K%P
%LC清佳
%LC清佳
「身体中ブルブルしてるわよ……？\n　乳首は特に震えちゃってる……」%K%P
「身体中ブルブルしてるわよ……？\n　乳首は特に震えちゃってる……」%K%P
%LC清佳
%LC清佳
「咥えると、ちゅぷぷっ、もっとはっきりわかる……。\n　こんなに震えるんだってくらいピクピクしちゃって」%K%P
「咥えると、ちゅぷぷっ、もっとはっきりわかる……。\n　こんなに震えるんだってくらいピクピクしちゃって」%K%P
%LC蛍
%LC蛍
「そ、そんなの知らないっ……！！\n　自分じゃ、あぁ、わからないもんっ……！！」%K%P
「そ、そんなの知らないっ……！！\n　自分じゃ、あぁ、わからないもんっ……！！」%K%P
わかるのは、あぁ、気持ちいいことだけ……！\n身体中が熱くて熱くて堪らない……！！%K%P
わかるのは、あぁ、気持ちいいことだけ……！\n身体中が熱くて熱くて堪らない……！！%K%P
%LC清佳
%LC清佳
「はぁはぁ、んぁっ、おちんちんもすごい。\n　今にも射精しちゃいそうなくらいカチコチ……」%K%P
「はぁはぁ、んぁっ、おちんちんもすごい。\n　今にも射精しちゃいそうなくらいカチコチ……」%K%P
%LC清佳
%LC清佳
「こっちも、んっ、ふっ、イかせてあげる。\n　一度ビュービューして、スッキリして？」%K%P
「こっちも、んっ、ふっ、イかせてあげる。\n　一度ビュービューして、スッキリして？」%K%P
%LC蛍
%LC蛍
「ふぁっ！　あっ！　あっ！　あっ！　あぁっ！！」%K%P
「ふぁっ！　あっ！　あっ！　あっ！　あぁっ！！」%K%P
清佳ちゃんが体重をより乗せて\nゴシゴシとおちんちんを激しく擦ってくれる。%K%P
清佳ちゃんが体重をより乗せて\nゴシゴシとおちんちんを激しく擦ってくれる。%K%P
きっと清佳ちゃんも興奮してるんだ……！\nおまんこがぱっくりと広がってるのがわかる……！%K%P
きっと清佳ちゃんも興奮してるんだ……！\nおまんこがぱっくりと広がってるのがわかる……！%K%P
愛液たっぷりの淫肉が、あっ、あぁ……！！\nグチュングチュンとおちんちんをズリズリしてきて……！%K%P
愛液たっぷりの淫肉が、あっ、あぁ……！！\nグチュングチュンとおちんちんをズリズリしてきて……！%K%P
%LC蛍
%LC蛍
「あっ、あぁあっ、これ気持ちいいっ……！！\n　イくっ、あぁ、わたし、あぁ、出ちゃ、出ちゃう……！」%K%P
「あっ、あぁあっ、これ気持ちいいっ……！！\n　イくっ、あぁ、わたし、あぁ、出ちゃ、出ちゃう……！」%K%P
%LC蛍
%LC蛍
「乳首もぉ……！！　乳首も吸ってぇっ……！！\n　あぁぁんっ、おっぱいでも一緒にイきたいっ……！！」%K%P
「乳首もぉ……！！　乳首も吸ってぇっ……！！\n　あぁぁんっ、おっぱいでも一緒にイきたいっ……！！」%K%P
%LC清佳
%LC清佳
「はぁはぁ、スケベなお嫁さんねっ……！\n　でも、れろぉっ、ぢゅぅぅっ、すごく可愛いっ……！！」%K%P
「はぁはぁ、スケベなお嫁さんねっ……！\n　でも、れろぉっ、ぢゅぅぅっ、すごく可愛いっ……！！」%K%P
%LC蛍
%LC蛍
「あふぁっ、あああっ、ああぁぁあっっ……！！」%K%P
「あふぁっ、あああっ、ああぁぁあっっ……！！」%K%P
快感で身体が強ばっていく。\n全身が、ふぁ、張り詰めていって……！！%K%P
快感で身体が強ばっていく。\n全身が、ふぁ、張り詰めていって……！！%K%P
この瞬間が、最高に興奮しちゃうっ……！！\nぜ、絶頂へ向かって駆け上がってるこの瞬間が……！！%K%P
この瞬間が、最高に興奮しちゃうっ……！！\nぜ、絶頂へ向かって駆け上がってるこの瞬間が……！！%K%P
%LC清佳
%LC清佳
「れろぉっ、れろろぉっ……！！\n　んぢゅっ、ぢゅぅっっ……！！」%K%P
「れろぉっ、れろろぉっ……！！\n　んぢゅっ、ぢゅぅっっ……！！」%K%P
%LC蛍
%LC蛍
「ふぁああっっ！！　気持ちいいっっ！！\n　気持ちいいよぉっ、あぁ、気持ちいいっっ……！！！」%K%P
「ふぁああっっ！！　気持ちいいっっ！！\n　気持ちいいよぉっ、あぁ、気持ちいいっっ……！！！」%K%P
%LC蛍
%LC蛍
「もっとぉっ……！！　もっとしてぇっ……！！\n　清佳ちゃんっ、あぁ、清佳ちゃぁぁんっっ……！！」%K%P
「もっとぉっ……！！　もっとしてぇっ……！！\n　清佳ちゃんっ、あぁ、清佳ちゃぁぁんっっ……！！」%K%P
%LC清佳
%LC清佳
「はぁはぁっ、本当にスケベっ……！！\n　最高に可愛いっっ……！！」%K%P
「はぁはぁっ、本当にスケベっ……！！\n　最高に可愛いっっ……！！」%K%P
%LC清佳
%LC清佳
「お望み通りにしてあげる。\n　幾らでも気持ち良くしてあげるっ……！！」%K%P
「お望み通りにしてあげる。\n　幾らでも気持ち良くしてあげるっ……！！」%K%P
%LC蛍
%LC蛍
「はふぁあっ！！　あはぁあんっっ！！\n　あっ、あっ、あっ、あぁぁぁ……！！」%K%P
「はふぁあっ！！　あはぁあんっっ！！\n　あっ、あっ、あっ、あぁぁぁ……！！」%K%P
もうダメ、あぁ、げ、限界っ……！！\n弾けるっ、わたしの中の火照りが、興奮が……！！%K%P
もうダメ、あぁ、げ、限界っ……！！\n弾けるっ、わたしの中の火照りが、興奮が……！！%K%P
%LC清佳
%LC清佳
「いいわっ、イってっ？\n　そのまま思いっきりイっちゃってっ？」%K%P
「いいわっ、イってっ？\n　そのまま思いっきりイっちゃってっ？」%K%P
%LC清佳
%LC清佳
「蛍の一番スケベな顔っ、はぁはぁっ……！！\n　特等席で見せてっ？」%K%P
「蛍の一番スケベな顔っ、はぁはぁっ……！！\n　特等席で見せてっ？」%K%P
%LC蛍
%LC蛍
「清佳ちゃ――あぁっ！！　あああああっっ……！！」%K%P
「清佳ちゃ――あぁっ！！　あああああっっ……！！」%K%P
%LC蛍
%LC蛍
「イくっ、んぁぁあっっ！！\n　イくっ、イくイくイくっっ……！！」%K%P
「イくっ、んぁぁあっっ！！\n　イくっ、イくイくイくっっ……！！」%K%P
%LC蛍
%LC蛍
「乳首もっ、おちんちんもっ、ふぁああっっ！！\n　イっちゃうっ、イきたいっ、ああっ、イきたいっっ！！」%K%P
「乳首もっ、おちんちんもっ、ふぁああっっ！！\n　イっちゃうっ、イきたいっ、ああっ、イきたいっっ！！」%K%P
%LC蛍
%LC蛍
「あぁっ、イくぅっっ！！！\n　イくっ！！　イくっ！！　イくぅぅぅっっ！！！」%K%P
「あぁっ、イくぅっっ！！！\n　イくっ！！　イくっ！！　イくぅぅぅっっ！！！」%K%P
そしてギンギンに張り詰めたものが、\n一気に解放されたその瞬間――%K%P
そしてギンギンに張り詰めたものが、\n一気に解放されたその瞬間――%K%P
%LC蛍
%LC蛍
「んぁっ――あぁあああああああっっ〜〜！！！」%K%P
「んぁっ――あぁあああああああっっ〜〜！！！」%K%P
ドビュルルルルルルルルル――！！！\nと噴き出した白濁と共にとんでもない快感に包まれる。%K%P
ドビュルルルルルルルルル――！！！\nと噴き出した白濁と共にとんでもない快感に包まれる。%K%P
頭の中が快楽でゆであがって、\n全身の力が一気に抜ける。%K%P
頭の中が快楽でゆであがって、\n全身の力が一気に抜ける。%K%P
噴き出した精は、そのままわたしの身体に降り注いで――%K%P
噴き出した精は、そのままわたしの身体に降り注いで――%K%P
%LC蛍
%LC蛍
「ふぁ、はぁ、はぁ、はぁ……！」%K%P
「ふぁ、はぁ、はぁ、はぁ……！」%K%P
あ、熱い……。わたし、いつも、\nこんなの清佳ちゃんに出したりかけたりしてたんだ……。%K%P
あ、熱い……。わたし、いつも、\nこんなの清佳ちゃんに出したりかけたりしてたんだ……。%K%P
%LC清佳
%LC清佳
「はぁはぁ、精子でドロドロになってる蛍の姿、\n　すっごくえっちいわ……」%K%P
「はぁはぁ、精子でドロドロになってる蛍の姿、\n　すっごくえっちいわ……」%K%P
%LC清佳
%LC清佳
「まるで私が蛍に射精したような気分……。\n　えへへ……興奮しちゃう……」%K%P
「まるで私が蛍に射精したような気分……。\n　えへへ……興奮しちゃう……」%K%P
%LC蛍
%LC蛍
「き、清佳ちゃんに射精されて……」%K%P
「き、清佳ちゃんに射精されて……」%K%P
そう考えると、わたしも――%K%P
そう考えると、わたしも――%K%P
%LC清佳
%LC清佳
「んんっ……！　蛍も興奮しちゃう？\n　おちんちん、また勃起してきたけど」%K%P
「んんっ……！　蛍も興奮しちゃう？\n　おちんちん、また勃起してきたけど」%K%P
%LC蛍
%LC蛍
「〜〜っっ！　は、はしたなくてごめんなさい……！」%K%P
「〜〜っっ！　は、はしたなくてごめんなさい……！」%K%P
%LC清佳
%LC清佳
「謝る必要なんてないわ。\n　むしろ勃起してくれないと困るもの」%K%P
「謝る必要なんてないわ。\n　むしろ勃起してくれないと困るもの」%K%P
%LC清佳
%LC清佳
「本番は……これからなんだから」%K%P
「本番は……これからなんだから」%K%P
%LC蛍
%LC蛍
「そ、それって……」%K%P
「そ、それって……」%K%P
想像して、途端にまた息が荒くなってしまう。%K%P
想像して、途端にまた息が荒くなってしまう。%K%P
%LC清佳
%LC清佳
「おちんちん、ビクビクしてる。\n　本当にスケベなお嫁さんね？」%K%P
「おちんちん、ビクビクしてる。\n　本当にスケベなお嫁さんね？」%K%P
%LC蛍
%LC蛍
「あ、あう……。ごめんなさい……」%K%P
「あ、あう……。ごめんなさい……」%K%P
%LC清佳
%LC清佳
「だから謝らなくていいの。褒めてるんだから」%K%P
「だから謝らなくていいの。褒めてるんだから」%K%P
火照った顔で微笑みかけてくると、\n清佳ちゃんは私の背中に手を回してきた。%K%P
火照った顔で微笑みかけてくると、\n清佳ちゃんは私の背中に手を回してきた。%K%P
それだけで、いっそう身体が熱くなった。\nアソコがじゅわぁと濡れるような心地がする。%K%P
それだけで、いっそう身体が熱くなった。\nアソコがじゅわぁと濡れるような心地がする。%K%P
%LC清佳
%LC清佳
「セックス……しましょ？\n　蛍と、もっともっと愛し合いたいわ」%K%P
「セックス……しましょ？\n　蛍と、もっともっと愛し合いたいわ」%K%P
%LC蛍
%LC蛍
「はぁ、はぁ……。清佳ちゃん……」%K%P
「はぁ、はぁ……。清佳ちゃん……」%K%P
真っ直ぐ告げられて、アソコがさらに熱くなった。\n絶頂の余韻以上に、興奮で吐息が漏れてしまう。%K%P
真っ直ぐ告げられて、アソコがさらに熱くなった。\n絶頂の余韻以上に、興奮で吐息が漏れてしまう。%K%P
%LC蛍
%LC蛍
「わ……わたしも……」%K%P
「わ……わたしも……」%K%P
%LC蛍
%LC蛍
「わたしも……清佳ちゃんともっと愛し合いたい……」%K%P
「わたしも……清佳ちゃんともっと愛し合いたい……」%K%P
%LC清佳
%LC清佳
「ふふ」%K%P
「ふふ」%K%P
%LC蛍
%LC蛍
「あっ……！」%K%P
「あっ……！」%K%P
身体についた精子を拭いてくれながら、\nそっとわたしを起こしてくれる。%K%P
身体についた精子を拭いてくれながら、\nそっとわたしを起こしてくれる。%K%P
ドキドキが止まらない。\nほ、本番前の女の子ってこんな気持ちなのかも……。%K%P
ドキドキが止まらない。\nほ、本番前の女の子ってこんな気持ちなのかも……。%K%P
%LC清佳
%LC清佳
「ん……、挿れるわね？」%K%P
「ん……、挿れるわね？」%K%P
%LC蛍
%LC蛍
「う……うん……」%K%P
「う……うん……」%K%P
そして清佳ちゃんは、\nゆっくりとわたしの身体に腰を下ろしてきてくれて――%K%P
そして清佳ちゃんは、\nゆっくりとわたしの身体に腰を下ろしてきてくれて――%K%P
