………………%K%P
………………%K%P
…………%K%P
…………%K%P
……%K%P
……%K%P
そして迎えた、誕生日前日――%K%P
そして迎えた、誕生日前日――%K%P
%LC清佳
%LC清佳
「これでどう……かしら」%K%P
「これでどう……かしら」%K%P
%LC春樹
%LC春樹
「…………」%K%P
「…………」%K%P
不安げに差し出されたショートケーキを\nじっくりと味見する。%K%P
不安げに差し出されたショートケーキを\nじっくりと味見する。%K%P
甘さはもちろん口当たりの良さや\nフォークの入りやすさまでを事細かにみていって――%K%P
甘さはもちろん口当たりの良さや\nフォークの入りやすさまでを事細かにみていって――%K%P
%LC春樹
%LC春樹
「――うん。合格だね」%K%P
「――うん。合格だね」%K%P
%LC清佳
%LC清佳
「うおっしゃああっっ〜〜！！\n　ようやく小姑に認められたわっ！！」%K%P
「うおっしゃああっっ〜〜！！\n　ようやく小姑に認められたわっ！！」%K%P
%LC春樹
%LC春樹
「小姑じゃないから」%K%P
「小姑じゃないから」%K%P
ガッツポーズを決めて喜ぶ清佳ちゃんを\n微笑ましげに眺めながらもう一口ケーキをほおばる。%K%P
ガッツポーズを決めて喜ぶ清佳ちゃんを\n微笑ましげに眺めながらもう一口ケーキをほおばる。%K%P
うん。すごく美味しい。%K%P
うん。すごく美味しい。%K%P
%LC春樹
%LC春樹
「本当によく頑張ったね。最初は包丁の使い方すら\n　全然知らなかったのにここまでできるようになって」%K%P
「本当によく頑張ったね。最初は包丁の使い方すら\n　全然知らなかったのにここまでできるようになって」%K%P
%LC清佳
%LC清佳
「春樹くんの教え方が良かったのよ。\n　私がちょっと包丁の入れ方を失敗しただけでも、\n　それはもうチクチク口撃してくれたから」%K%P
「春樹くんの教え方が良かったのよ。\n　私がちょっと包丁の入れ方を失敗しただけでも、\n　それはもうチクチク口撃してくれたから」%K%P
%LC春樹
%LC春樹
「褒められてる気がしないんだけど……。\n　ごめんね、チクチク言っちゃって……」%K%P
「褒められてる気がしないんだけど……。\n　ごめんね、チクチク言っちゃって……」%K%P
%LC清佳
%LC清佳
「いいえ。おかげでここまで上達できたわ。\n　あなた、きっと良い姑になれるわよ」%K%P
「いいえ。おかげでここまで上達できたわ。\n　あなた、きっと良い姑になれるわよ」%K%P
%LC春樹
%LC春樹
「わざと言ってるよね？\n　僕の心をナイフでザクザク刺してきてるよね？」%K%P
「わざと言ってるよね？\n　僕の心をナイフでザクザク刺してきてるよね？」%K%P
軽口を叩き合いつつも、\nなんだかんだ健闘を讃え合う。%K%P
軽口を叩き合いつつも、\nなんだかんだ健闘を讃え合う。%K%P
僕も相当口うるさく言っちゃった自覚はあるけど\nよくついてきてくれたものだ。%K%P
僕も相当口うるさく言っちゃった自覚はあるけど\nよくついてきてくれたものだ。%K%P
%LC清佳
%LC清佳
「でも本当に良かったわ。ギリギリ間に合って。\n　これで明日の誕生日パーティーも上手くいきそう」%K%P
「でも本当に良かったわ。ギリギリ間に合って。\n　これで明日の誕生日パーティーも上手くいきそう」%K%P
%LC春樹
%LC春樹
「あくまで俺の主観も入ってるからね？\n　愛さんや姉さんにも味見してもらったらいいよ」%K%P
「あくまで俺の主観も入ってるからね？\n　愛さんや姉さんにも味見してもらったらいいよ」%K%P
%LC清佳
%LC清佳
「それはできないわね。二人にも驚いてもらいたいから。\n　春樹くんに太鼓判を押してもらえたのなら十分よ」%K%P
「それはできないわね。二人にも驚いてもらいたいから。\n　春樹くんに太鼓判を押してもらえたのなら十分よ」%K%P
%LC清佳
%LC清佳
「ありがとう、春樹くん。\n　夏休みなのに長い間、付き合ってもらっちゃって」%K%P
「ありがとう、春樹くん。\n　夏休みなのに長い間、付き合ってもらっちゃって」%K%P
%LC春樹
%LC春樹
「ううん。気にしないで。俺も楽しかったから」%K%P
「ううん。気にしないで。俺も楽しかったから」%K%P
笑顔でお礼を言ってきてくれる清佳ちゃんに\n僕もまた笑顔で頷き返す。%K%P
笑顔でお礼を言ってきてくれる清佳ちゃんに\n僕もまた笑顔で頷き返す。%K%P
傍目から見れば、好意を知られる前と同じような関係だ。\nだけど――%K%P
傍目から見れば、好意を知られる前と同じような関係だ。\nだけど――%K%P
%LC清佳
%LC清佳
「ひゃっ……！？」%K%P
「ひゃっ……！？」%K%P
片付けをしていた拍子にふと手が触れ合う。\nすると清佳ちゃんはバっと腕を引いた。%K%P
片付けをしていた拍子にふと手が触れ合う。\nすると清佳ちゃんはバっと腕を引いた。%K%P
%LC春樹
%LC春樹
「ご、ごめん」%K%P
「ご、ごめん」%K%P
%LC清佳
%LC清佳
「い、いえ。私こそちょっと手が当たっただけで\n　驚き過ぎちゃったわ」%K%P
「い、いえ。私こそちょっと手が当たっただけで\n　驚き過ぎちゃったわ」%K%P
言いながら、それとなく清佳ちゃんが距離を取ってくる。\n……やっぱり意識はされちゃってるみたいだ。%K%P
言いながら、それとなく清佳ちゃんが距離を取ってくる。\n……やっぱり意識はされちゃってるみたいだ。%K%P
でもこうして清佳ちゃんに気を揉ませちゃうのも、\n今日で最後だ。もう覚悟は決めた。%K%P
でもこうして清佳ちゃんに気を揉ませちゃうのも、\n今日で最後だ。もう覚悟は決めた。%K%P
明日から{春樹:ぼく}は、フランスにいる\nお父さんたちのところへ帰る、ということにする。%K%P
明日から{春樹:ぼく}は、フランスにいる\nお父さんたちのところへ帰る、ということにする。%K%P
そうすれば清佳ちゃんは僕に意識を割くことなく、\n蛍との夏休みを存分に楽しめるだろうし。%K%P
そうすれば清佳ちゃんは僕に意識を割くことなく、\n蛍との夏休みを存分に楽しめるだろうし。%K%P
僕としても清佳ちゃんへの恋心をすっぱり諦められる。%K%P
僕としても清佳ちゃんへの恋心をすっぱり諦められる。%K%P
ここ数日で芽生えかけた後ろ髪を引かれる想いを\n今度こそ断ち切るんだ。%K%P
ここ数日で芽生えかけた後ろ髪を引かれる想いを\n今度こそ断ち切るんだ。%K%P
%LC春樹
%LC春樹
「（よ、よし！）」%K%P
「（よ、よし！）」%K%P
心の中で話を切り出す覚悟を決める。%K%P
心の中で話を切り出す覚悟を決める。%K%P
これが蛍として清佳ちゃんの\n恋人になることを選んだ僕なりの決意だ。%K%P
これが蛍として清佳ちゃんの\n恋人になることを選んだ僕なりの決意だ。%K%P
%LC春樹・清佳
%LC春樹・清佳
「ね、清佳さん。少し話が――」\n「ね、春樹くん。少し話が――」%K%P
「ね、清佳さん。少し話が――」\n「ね、春樹くん。少し話が――」%K%P
%LC春樹・清佳
%LC春樹・清佳
「へ？」%K%P
「へ？」%K%P
話をしようとしたところで\n清佳ちゃんからも声をかけられてしまう。%K%P
話をしようとしたところで\n清佳ちゃんからも声をかけられてしまう。%K%P
%LC清佳
%LC清佳
「ど、どうしたの？　話って？」%K%P
「ど、どうしたの？　話って？」%K%P
%LC春樹
%LC春樹
「き、清佳さんこそ」%K%P
「き、清佳さんこそ」%K%P
%LC清佳
%LC清佳
「あ、えと……。そのね……？\n　明日、なんだけど……」%K%P
「あ、えと……。そのね……？\n　明日、なんだけど……」%K%P
チラチラとこちらを窺いながら、\n清佳ちゃんがぽつりぽつりと話し始める。%K%P
チラチラとこちらを窺いながら、\n清佳ちゃんがぽつりぽつりと話し始める。%K%P
%LC清佳
%LC清佳
「良ければ、春樹くんも来てくれないかなと思って……」%K%P
「良ければ、春樹くんも来てくれないかなと思って……」%K%P
%LC春樹
%LC春樹
「えっ！？　どうしてっ！？」%K%P
「えっ！？　どうしてっ！？」%K%P
%LC清佳
%LC清佳
「か、勘違いしないで。お礼代わりよ、お礼代わり……！\n　料理を教えてくれたことはもちろん、\n　火傷から庇ってくれたお礼もできてないし……」%K%P
「か、勘違いしないで。お礼代わりよ、お礼代わり……！\n　料理を教えてくれたことはもちろん、\n　火傷から庇ってくれたお礼もできてないし……」%K%P
%LC清佳
%LC清佳
「誕生日パーティーが終われば\n　中々会うこともできないだろうし。\n　あなたにもちゃんとお礼がしたくって」%K%P
「誕生日パーティーが終われば\n　中々会うこともできないだろうし。\n　あなたにもちゃんとお礼がしたくって」%K%P
%LC春樹
%LC春樹
「き、気持ちは嬉しいけど」%K%P
「き、気持ちは嬉しいけど」%K%P
その場合、僕は誕生日パーティーに\n春樹と蛍の一人二役で参加することになる。%K%P
その場合、僕は誕生日パーティーに\n春樹と蛍の一人二役で参加することになる。%K%P
それは流石にヤバいんじゃ……！%K%P
それは流石にヤバいんじゃ……！%K%P
%LC清佳
%LC清佳
「それに……あなたも誕生日なんでしょ？」%K%P
「それに……あなたも誕生日なんでしょ？」%K%P
%LC春樹
%LC春樹
「へっ！？　なんで知ってるのっ？」%K%P
「へっ！？　なんで知ってるのっ？」%K%P
%LC清佳
%LC清佳
「あ。やっぱりそうだったのね。\n　ちょっとした話の流れで千鶴さんから聞いたの」%K%P
「あ。やっぱりそうだったのね。\n　ちょっとした話の流れで千鶴さんから聞いたの」%K%P
%LC清佳
%LC清佳
「水くさいじゃない。蛍と同じ日だって言ってくれれば、\n　私もお祝いの一つくらいしてあげるっていうのに」%K%P
「水くさいじゃない。蛍と同じ日だって言ってくれれば、\n　私もお祝いの一つくらいしてあげるっていうのに」%K%P
%LC春樹
%LC春樹
「あ、あはは……。邪魔しちゃ悪いかと思って……」%K%P
「あ、あはは……。邪魔しちゃ悪いかと思って……」%K%P
お姉ちゃんめ、余計なことを……！\n話がこじれちゃうってわかるじゃない……！%K%P
お姉ちゃんめ、余計なことを……！\n話がこじれちゃうってわかるじゃない……！%K%P
%LC清佳
%LC清佳
「とにかく明日、春樹くんも参加して？\n　蛍の誕生日をお祝いするついでに祝ってあげるから」%K%P
「とにかく明日、春樹くんも参加して？\n　蛍の誕生日をお祝いするついでに祝ってあげるから」%K%P
%LC春樹
%LC春樹
「俺のことはいいって。蛍を祝ってあげてよ……！」%K%P
「俺のことはいいって。蛍を祝ってあげてよ……！」%K%P
%LC清佳
%LC清佳
「む。私の誘いがそんなに嫌だって言うの？\n　あなた、私が好きなんでしょうに。嬉しくないの？」%K%P
「む。私の誘いがそんなに嫌だって言うの？\n　あなた、私が好きなんでしょうに。嬉しくないの？」%K%P
%LC春樹
%LC春樹
「そんなハッキリと訊かれても……」%K%P
「そんなハッキリと訊かれても……」%K%P
%LC清佳
%LC清佳
「私、ああだこうだ悩むの嫌いなの。……そりゃ\n　露骨に好意を向けられるのは恥ずかしいけれど」%K%P
「私、ああだこうだ悩むの嫌いなの。……そりゃ\n　露骨に好意を向けられるのは恥ずかしいけれど」%K%P
%LC清佳
%LC清佳
「恋人にはなってあげられないけれど、\n　蛍の次くらいには、えと。私もあなたを信頼してるわ。\n　本当に良い友達だと思ってる」%K%P
「恋人にはなってあげられないけれど、\n　蛍の次くらいには、えと。私もあなたを信頼してるわ。\n　本当に良い友達だと思ってる」%K%P
%LC春樹
%LC春樹
「清佳さん……」%K%P
「清佳さん……」%K%P
%LC清佳
%LC清佳
「確かにここ数日はあなたの気持ちに戸惑って\n　ぎこちなくなってしまっていたけれど……」%K%P
「確かにここ数日はあなたの気持ちに戸惑って\n　ぎこちなくなってしまっていたけれど……」%K%P
%LC清佳
%LC清佳
「でも、いつまでもこのままではいたくないの。\n　前と同じ――いいえ。前と少し違っていてもいいから\n　これからもあなたとは仲良く付き合っていきたい」%K%P
「でも、いつまでもこのままではいたくないの。\n　前と同じ――いいえ。前と少し違っていてもいいから\n　これからもあなたとは仲良く付き合っていきたい」%K%P
%LC清佳
%LC清佳
「少なくとも私は、そう思ってるわ」%K%P
「少なくとも私は、そう思ってるわ」%K%P
清佳ちゃんが曇りのない眼差しでそう伝えてきてくれる。%K%P
清佳ちゃんが曇りのない眼差しでそう伝えてきてくれる。%K%P
こういうところなんだよね。\n僕が清佳ちゃんを好きになったところは。%K%P
こういうところなんだよね。\n僕が清佳ちゃんを好きになったところは。%K%P
僕みたいに、いつまでも悩んだりしないで、\nはっきりと自分の意志を相手に伝えて――%K%P
僕みたいに、いつまでも悩んだりしないで、\nはっきりと自分の意志を相手に伝えて――%K%P
%LC春樹
%LC春樹
「中々酷なことを言ってくれるね。\n　恋人にはなってくれないのに仲良くしたい、なんて」%K%P
「中々酷なことを言ってくれるね。\n　恋人にはなってくれないのに仲良くしたい、なんて」%K%P
%LC清佳
%LC清佳
「勝手に好意を寄せてきたのは春樹くんの方でしょ？\n　私はずーっと蛍が好きだって明言してるんだから」%K%P
「勝手に好意を寄せてきたのは春樹くんの方でしょ？\n　私はずーっと蛍が好きだって明言してるんだから」%K%P
%LC清佳
%LC清佳
「むしろ感謝して欲しいくらいよ。\n　その上で、これからも仲良くしようって\n　言ってあげてるんだから」%K%P
「むしろ感謝して欲しいくらいよ。\n　その上で、これからも仲良くしようって\n　言ってあげてるんだから」%K%P
ニヤリと清佳ちゃんが微笑みかけてくる。\nなんだかこんなやり取りも懐かしい。%K%P
ニヤリと清佳ちゃんが微笑みかけてくる。\nなんだかこんなやり取りも懐かしい。%K%P
%LC清佳
%LC清佳
「で、どうするの？　参加するの、しないの？」%K%P
「で、どうするの？　参加するの、しないの？」%K%P
%LC清佳
%LC清佳
「できれば……まぁ。私は参加して欲しいんだけど。\n　春樹くんがいれば料理の味見もしてもらえるし……」%K%P
「できれば……まぁ。私は参加して欲しいんだけど。\n　春樹くんがいれば料理の味見もしてもらえるし……」%K%P
%LC春樹
%LC春樹
「ふふ、そっちが本音だったりして」%K%P
「ふふ、そっちが本音だったりして」%K%P
%LC清佳
%LC清佳
「う、うるさいわね。\n　本番で失敗したら元も子もないもの……！」%K%P
「う、うるさいわね。\n　本番で失敗したら元も子もないもの……！」%K%P
正直、参加するのはリスキーだ。\n一人二役で過ごさなきゃいけなくなるし。%K%P
正直、参加するのはリスキーだ。\n一人二役で過ごさなきゃいけなくなるし。%K%P
でも……もう一日だけ、\n春樹として清佳ちゃんと接したい。%K%P
でも……もう一日だけ、\n春樹として清佳ちゃんと接したい。%K%P
大好きな人が僕の誕生日を祝いたいと\n言ってくれているんだ。ものすごく幸せなことだもん。%K%P
大好きな人が僕の誕生日を祝いたいと\n言ってくれているんだ。ものすごく幸せなことだもん。%K%P
%LC春樹
%LC春樹
「わかった。参加させてもらうね？\n　料理が失敗しないようにしっかり見せてもらうよ」%K%P
「わかった。参加させてもらうね？\n　料理が失敗しないようにしっかり見せてもらうよ」%K%P
%LC清佳
%LC清佳
「ふふ、任せなさい。口うるさい姑を唸らせる\n　美味しい料理を振る舞ってあげるから」%K%P
「ふふ、任せなさい。口うるさい姑を唸らせる\n　美味しい料理を振る舞ってあげるから」%K%P
%LC春樹
%LC春樹
「いつまでその扱いするのさ……」%K%P
「いつまでその扱いするのさ……」%K%P
やれやれと肩を竦めつつ清佳ちゃんに応える。%K%P
やれやれと肩を竦めつつ清佳ちゃんに応える。%K%P
ここ数日感じていたぎこちなさは、\nすっかりなくなっていた。%K%P
ここ数日感じていたぎこちなさは、\nすっかりなくなっていた。%K%P
%LC清佳
%LC清佳
「あ。そういえば春樹くんの話はなんだったの？」%K%P
「あ。そういえば春樹くんの話はなんだったの？」%K%P
%LC春樹
%LC春樹
「ああ、うん。いいよ、また今度話すから」%K%P
「ああ、うん。いいよ、また今度話すから」%K%P
%LC清佳
%LC清佳
「そう？」%K%P
「そう？」%K%P
首を傾げる清佳ちゃんに頷く。%K%P
首を傾げる清佳ちゃんに頷く。%K%P
とりあえず、お姉ちゃんと愛さんに\n事情を説明しておいた方が良さそうだ。%K%P
とりあえず、お姉ちゃんと愛さんに\n事情を説明しておいた方が良さそうだ。%K%P
%LC愛
%LC愛
「いや、アホですか？」%K%P
「いや、アホですか？」%K%P
%LC蛍
%LC蛍
「はう……！」%K%P
「はう……！」%K%P
夜――清佳ちゃんがお風呂に入っている間に\n話をすると愛さんがグサリと切りつけてきた。%K%P
夜――清佳ちゃんがお風呂に入っている間に\n話をすると愛さんがグサリと切りつけてきた。%K%P
%LC愛
%LC愛
「普通に考えて断るべきでしょう？\n　一人二役なんて今まで一番悪い状況じゃないですか」%K%P
「普通に考えて断るべきでしょう？\n　一人二役なんて今まで一番悪い状況じゃないですか」%K%P
%LC蛍
%LC蛍
「うぅっ……！！」%K%P
「うぅっ……！！」%K%P
%LC千鶴
%LC千鶴
「やめたげなって愛ちゃん。\n　好きな女の子に誕生日祝われたいって言われたら、\n　そりゃ頷きたくもなっちゃうだろうし」%K%P
「やめたげなって愛ちゃん。\n　好きな女の子に誕生日祝われたいって言われたら、\n　そりゃ頷きたくもなっちゃうだろうし」%K%P
%LC愛
%LC愛
「そもそも千鶴様がいけませんよね？\n　どうして清佳様に春樹様の誕生日を教えているのですか」%K%P
「そもそも千鶴様がいけませんよね？\n　どうして清佳様に春樹様の誕生日を教えているのですか」%K%P
%LC千鶴
%LC千鶴
「やー……。あたしも言うつもりなかったんだよ？\n　でも清佳ちゃんがどーしても春樹にお礼がしたい\n　って頭下げてくるもんだからさー……」%K%P
「やー……。あたしも言うつもりなかったんだよ？\n　でも清佳ちゃんがどーしても春樹にお礼がしたい\n　って頭下げてくるもんだからさー……」%K%P
%LC蛍
%LC蛍
「そ、そんなに必死になってくれてたの……？」%K%P
「そ、そんなに必死になってくれてたの……？」%K%P
%LC愛
%LC愛
「……何を嬉しそうな顔をしているのですか。\n　未練タラタラですね。男らしくない」%K%P
「……何を嬉しそうな顔をしているのですか。\n　未練タラタラですね。男らしくない」%K%P
%LC蛍
%LC蛍
「うぐっ！」%K%P
「うぐっ！」%K%P
%LC千鶴
%LC千鶴
「まぁまぁ。とりま明日はあたしらも\n　なるたけフォローはするからさ。\n　くれぐれもバレないようにすんだよ？」%K%P
「まぁまぁ。とりま明日はあたしらも\n　なるたけフォローはするからさ。\n　くれぐれもバレないようにすんだよ？」%K%P
%LC愛
%LC愛
「はぁ……面倒臭いことになりましたね」%K%P
「はぁ……面倒臭いことになりましたね」%K%P
%LC清佳
%LC清佳
「――なになに？　なんの話をしてるの？」%K%P
「――なになに？　なんの話をしてるの？」%K%P
%LC蛍
%LC蛍
「ふぇっ。き、清佳ちゃん……！\n　もう出て来たんだ？」%K%P
「ふぇっ。き、清佳ちゃん……！\n　もう出て来たんだ？」%K%P
%LC清佳
%LC清佳
「明日に備えて今日は早く寝ようと思って。\n　それよりどうしたの？」%K%P
「明日に備えて今日は早く寝ようと思って。\n　それよりどうしたの？」%K%P
%LC愛
%LC愛
「清佳様には関係のないことですよ」%K%P
「清佳様には関係のないことですよ」%K%P
%LC千鶴
%LC千鶴
「そーそー。気にしない気にしない」%K%P
「そーそー。気にしない気にしない」%K%P
%LC清佳
%LC清佳
「む。なんだかここ最近、\n　私をのけものにしてること多くないかしら？\n　何をこそこそ話してるのよ」%K%P
「む。なんだかここ最近、\n　私をのけものにしてること多くないかしら？\n　何をこそこそ話してるのよ」%K%P
%LC蛍
%LC蛍
「あ、明日が楽しみだなぁって話してたの。\n　どんな料理を振る舞ってくれるのかなぁって」%K%P
「あ、明日が楽しみだなぁって話してたの。\n　どんな料理を振る舞ってくれるのかなぁって」%K%P
%LC清佳
%LC清佳
「そうだったの？　ふふ、でもそれは秘密よ。\n　誕生日パーティーのことがバレちゃった今、\n　そこだけは明かすわけにはいかないから」%K%P
「そうだったの？　ふふ、でもそれは秘密よ。\n　誕生日パーティーのことがバレちゃった今、\n　そこだけは明かすわけにはいかないから」%K%P
%LC愛
%LC愛
「……よくさらっと嘘がつけますね」%K%P
「……よくさらっと嘘がつけますね」%K%P
%LC千鶴
%LC千鶴
「まぁその一本槍でこれまで過ごしてきたから……」%K%P
「まぁその一本槍でこれまで過ごしてきたから……」%K%P
うるさいよ、二人とも。仕方ないじゃないか。\n明日が楽しみなのは本当だし。%K%P
うるさいよ、二人とも。仕方ないじゃないか。\n明日が楽しみなのは本当だし。%K%P
%LC清佳
%LC清佳
「楽しみにしておいてね、蛍。\n　うんと美味しい料理をごちそうするわ！」%K%P
「楽しみにしておいてね、蛍。\n　うんと美味しい料理をごちそうするわ！」%K%P
清佳ちゃんが幸せそうに微笑みかけてきてくれる。%K%P
清佳ちゃんが幸せそうに微笑みかけてきてくれる。%K%P
一人二役に関して一抹の不安はあるけれど、\nやっぱり明日が楽しみだ。%K%P
一人二役に関して一抹の不安はあるけれど、\nやっぱり明日が楽しみだ。%K%P
