………………%K%P
………………%K%P
…………%K%P
…………%K%P
……%K%P
……%K%P
%LC蛍
%LC蛍
「ふぅ…………」%K%P
「ふぅ…………」%K%P
お布団に入って、ゆっくり深呼吸する。%K%P
お布団に入って、ゆっくり深呼吸する。%K%P
なんだかいつもよりも癒やされる気がするのは、\n覚悟を決めたからかな……。%K%P
なんだかいつもよりも癒やされる気がするのは、\n覚悟を決めたからかな……。%K%P
お姉ちゃんと愛さんにも決意は伝えた。%K%P
お姉ちゃんと愛さんにも決意は伝えた。%K%P
二人とも、それぞれ違った反応を見せてくれたけど――%K%P
二人とも、それぞれ違った反応を見せてくれたけど――%K%P
%LC千鶴
%LC千鶴
「えっ！？　マジで！？\n　んじゃチンポ取るってこと！？」%K%P
「えっ！？　マジで！？\n　んじゃチンポ取るってこと！？」%K%P
%LC愛
%LC愛
「ふふふ。ようやく覚悟を決めてくれましたか。\n　では手術日の擦り合わせを致しましょう」%K%P
「ふふふ。ようやく覚悟を決めてくれましたか。\n　では手術日の擦り合わせを致しましょう」%K%P
%LC蛍
%LC蛍
「ふぇ！？　手術は待って……！！\n　少なくとも今は入院できないから……！！」%K%P
「ふぇ！？　手術は待って……！！\n　少なくとも今は入院できないから……！！」%K%P
%LC愛
%LC愛
「ああ……清佳様に料理指導をしているのでしたっけ。\n　くれぐれもお怪我をさせぬよう気を付けて下さいね？」%K%P
「ああ……清佳様に料理指導をしているのでしたっけ。\n　くれぐれもお怪我をさせぬよう気を付けて下さいね？」%K%P
%LC千鶴
%LC千鶴
「しっかし正体を明かさない決意をするなんてねー……。\n　茨の道を選んだもんだ。まぁ応援はするけどさ」%K%P
「しっかし正体を明かさない決意をするなんてねー……。\n　茨の道を選んだもんだ。まぁ応援はするけどさ」%K%P
%LC愛
%LC愛
「愛はむしろ正当な道を選ばれたと思います。\n　お互いに想い合っていたのは間違いありませんから」%K%P
「愛はむしろ正当な道を選ばれたと思います。\n　お互いに想い合っていたのは間違いありませんから」%K%P
二人とも、僕の決意を受け止めてくれた。\nわざわざ明言したのは誓いを立てる意味もある。%K%P
二人とも、僕の決意を受け止めてくれた。\nわざわざ明言したのは誓いを立てる意味もある。%K%P
これでもう僕は引き返せない。引き返す気もない。%K%P
これでもう僕は引き返せない。引き返す気もない。%K%P
僕は、ううん、わたしは、\n蛍として清佳ちゃんと恋人になるんだ。%K%P
僕は、ううん、わたしは、\n蛍として清佳ちゃんと恋人になるんだ。%K%P
%LC蛍
%LC蛍
「ふぇ！？　は、はい？」%K%P
「ふぇ！？　は、はい？」%K%P
不意にノック音が聞こえて返事をする。\nすると、申し訳なさげに扉がゆっくり開いた。%K%P
不意にノック音が聞こえて返事をする。\nすると、申し訳なさげに扉がゆっくり開いた。%K%P
%LC清佳
%LC清佳
「ごめんね、蛍。もしかして眠ってた？」%K%P
「ごめんね、蛍。もしかして眠ってた？」%K%P
%LC蛍
%LC蛍
「ううん、ちょうど電気消したところ。\n　どうしたの？」%K%P
「ううん、ちょうど電気消したところ。\n　どうしたの？」%K%P
%LC清佳
%LC清佳
「い、いえ、その……。用事はないの……！\n　ただ、えと……」%K%P
「い、いえ、その……。用事はないの……！\n　ただ、えと……」%K%P
%LC清佳
%LC清佳
「眠る前に……おやすみって言いたくて…………」%K%P
「眠る前に……おやすみって言いたくて…………」%K%P
恥ずかしそうに呟く清佳ちゃんが可愛い。\n「おやすみ」を言うだけで、こんなに照れてくれて。%K%P
恥ずかしそうに呟く清佳ちゃんが可愛い。\n「おやすみ」を言うだけで、こんなに照れてくれて。%K%P
%LC蛍
%LC蛍
「ふふ、うん。おやすみなさい。\n　なんなら今日も一緒に寝る？」%K%P
「ふふ、うん。おやすみなさい。\n　なんなら今日も一緒に寝る？」%K%P
%LC清佳
%LC清佳
「ほげっ！？　いいい、一緒にって……！！\n　嬉しいけどっ、でもでも、そのっ……！！」%K%P
「ほげっ！？　いいい、一緒にって……！！\n　嬉しいけどっ、でもでも、そのっ……！！」%K%P
%LC蛍
%LC蛍
「あれ……。てっきりそのつもりなのかと思ったけど……」%K%P
「あれ……。てっきりそのつもりなのかと思ったけど……」%K%P
%LC清佳
%LC清佳
「〜〜っっ！　ど、どうしたの蛍っ？\n　昨日までは一緒に寝るのはって言ってたのに……！」%K%P
「〜〜っっ！　ど、どうしたの蛍っ？\n　昨日までは一緒に寝るのはって言ってたのに……！」%K%P
%LC蛍
%LC蛍
「清佳ちゃんに喜んでもらえるかなって思って」%K%P
「清佳ちゃんに喜んでもらえるかなって思って」%K%P
%LC清佳
%LC清佳
「嬉しいけど……！　そこはかとなく嬉しいけど！\n　でもでも一緒に寝たりしたら、また――」%K%P
「嬉しいけど……！　そこはかとなく嬉しいけど！\n　でもでも一緒に寝たりしたら、また――」%K%P
%LC蛍
%LC蛍
「……うん。そうだね。\n　清佳ちゃんが嫌じゃなければ、だけど……」%K%P
「……うん。そうだね。\n　清佳ちゃんが嫌じゃなければ、だけど……」%K%P
%LC清佳
%LC清佳
「私が嫌じゃなければって――ええ！？\n　ええええええっっ……！！？」%K%P
「私が嫌じゃなければって――ええ！？\n　ええええええっっ……！！？」%K%P
もう一人寝られる分のスペースを空けて誘う。\nすると清佳ちゃんは――%K%P
もう一人寝られる分のスペースを空けて誘う。\nすると清佳ちゃんは――%K%P
%LC清佳
%LC清佳
「ままま、待って……！　今日は心の準備が……！！\n　絶対に眠れなくなっちゃうから……！」%K%P
「ままま、待って……！　今日は心の準備が……！！\n　絶対に眠れなくなっちゃうから……！」%K%P
%LC蛍
%LC蛍
「そう……？」%K%P
「そう……？」%K%P
%LC清佳
%LC清佳
「ええっ……！　ええっ！！」%K%P
「ええっ……！　ええっ！！」%K%P
これもわたしなりの決意を込めた誘いだったけれど、\n断られちゃった。確かにいきなりすぎたかも……。%K%P
これもわたしなりの決意を込めた誘いだったけれど、\n断られちゃった。確かにいきなりすぎたかも……。%K%P
%LC清佳
%LC清佳
「ご、ごめんね、蛍……。明日は……！\n　明日は心を決めておくから……！」%K%P
「ご、ごめんね、蛍……。明日は……！\n　明日は心を決めておくから……！」%K%P
%LC蛍
%LC蛍
「う、ううん。わたしこそごめんね？\n　いきなりこんなこと言って……」%K%P
「う、ううん。わたしこそごめんね？\n　いきなりこんなこと言って……」%K%P
%LC清佳
%LC清佳
「いえっ！　嬉しい……！！\n　本当に嬉しいわ……！！」%K%P
「いえっ！　嬉しい……！！\n　本当に嬉しいわ……！！」%K%P
%LC清佳
%LC清佳
「でも今日はお暇させて……！！\n　こ、これ以上は蛍のお顔を見ていられない……！！」%K%P
「でも今日はお暇させて……！！\n　こ、これ以上は蛍のお顔を見ていられない……！！」%K%P
%LC清佳
%LC清佳
「おやすみなさい、蛍……！\n　あ、あい、あいし、愛してるわ……」%K%P
「おやすみなさい、蛍……！\n　あ、あい、あいし、愛してるわ……」%K%P
%LC蛍
%LC蛍
「うん。おやすみなさい。\n　わたしも、愛してるよ？」%K%P
「うん。おやすみなさい。\n　わたしも、愛してるよ？」%K%P
%LC清佳
%LC清佳
%XS20「ほわっ、ほわわわっっ――！！？」%XE%K%P
%XS20「ほわっ、ほわわわっっ――！！？」%XE%K%P
清佳ちゃんが勢いよく扉を閉めて、\nどたどたと走り去って行く。%K%P
清佳ちゃんが勢いよく扉を閉めて、\nどたどたと走り去って行く。%K%P
どうしよう……。めちゃくちゃ可愛かった……。\nわたしの方が眠れなくなっちゃいそう……。%K%P
どうしよう……。めちゃくちゃ可愛かった……。\nわたしの方が眠れなくなっちゃいそう……。%K%P
でも、ふふ。素直な気持ちを言えるって幸せだなぁ。%K%P
でも、ふふ。素直な気持ちを言えるって幸せだなぁ。%K%P
清佳ちゃんのお顔を思い浮かべながら、\nまぶたを閉じて眠りにつこうとする。%K%P
清佳ちゃんのお顔を思い浮かべながら、\nまぶたを閉じて眠りにつこうとする。%K%P
すると思っていたよりも早く眠気がやってきて――%K%P
すると思っていたよりも早く眠気がやってきて――%K%P
%LC蛍
%LC蛍
「ん……？」%K%P
「ん……？」%K%P
ふとスマホが振動して目を開ける。\nあれ……？　清佳ちゃんから電話だ……。%K%P
ふとスマホが振動して目を開ける。\nあれ……？　清佳ちゃんから電話だ……。%K%P
%LC蛍
%LC蛍
「はい？　どうしたの、清佳ちゃん？」%K%P
「はい？　どうしたの、清佳ちゃん？」%K%P
%LC清佳
%LC清佳
『……は？　「清佳ちゃん」っていきなりなんなの、\n　春樹くん？』%K%P
『……は？　「清佳ちゃん」っていきなりなんなの、\n　春樹くん？』%K%P
%LC蛍
%LC蛍
「へ……？」%K%P
「へ……？」%K%P
……春樹？%K%P
……春樹？%K%P
――っっ！？　し、しまった！！\nこれ春樹用スマホの方だ……！！？%K%P
――っっ！？　し、しまった！！\nこれ春樹用スマホの方だ……！！？%K%P
%LC清佳
%LC清佳
『というか今の声……。\n　な、なんとなく蛍に似ていたような――』%K%P
『というか今の声……。\n　な、なんとなく蛍に似ていたような――』%K%P
%LC春樹
%LC春樹
「ききき、気のせいだよ！！\n　わた――ぼ――俺だよ、俺！　俺俺！！」%K%P
「ききき、気のせいだよ！！\n　わた――ぼ――俺だよ、俺！　俺俺！！」%K%P
%LC清佳
%LC清佳
『いつの時代の詐欺よ』%K%P
『いつの時代の詐欺よ』%K%P
%LC春樹
%LC春樹
「そ、それよりどうしたの！？\n　こんな夜遅くに……！！」%K%P
「そ、それよりどうしたの！？\n　こんな夜遅くに……！！」%K%P
%LC清佳
%LC清佳
『それは、えと……！\n　色々あって寝付けなくなっちゃったから、\n　料理の練習でもしようかと思って……』%K%P
『それは、えと……！\n　色々あって寝付けなくなっちゃったから、\n　料理の練習でもしようかと思って……』%K%P
%LC清佳
%LC清佳
『いえ、最初からみんなが寝静まった後で、\n　自主練をしようとは思ってたのよっ？\n　た、ただ落ち着かないことがあったものだから……！』%K%P
『いえ、最初からみんなが寝静まった後で、\n　自主練をしようとは思ってたのよっ？\n　た、ただ落ち着かないことがあったものだから……！』%K%P
あ……。もしかしてさっき、おやすみの挨拶に来たのは\n自主練のためだったのかも……。%K%P
あ……。もしかしてさっき、おやすみの挨拶に来たのは\n自主練のためだったのかも……。%K%P
わたしが起き出してこないか確かめに来たんだ……。%K%P
わたしが起き出してこないか確かめに来たんだ……。%K%P
%LC清佳
%LC清佳
『とにかく何か話して……！\n　どうでもいいことでもいいから話して……！\n　平静を取り戻したいの……！！』%K%P
『とにかく何か話して……！\n　どうでもいいことでもいいから話して……！\n　平静を取り戻したいの……！！』%K%P
%LC春樹
%LC春樹
「う、うん。なら――」%K%P
「う、うん。なら――」%K%P
そうして、清佳ちゃんが落ち着きを取り戻すまで\nとりとめのない話をしてあげる。%K%P
そうして、清佳ちゃんが落ち着きを取り戻すまで\nとりとめのない話をしてあげる。%K%P
そのあとは料理の練習をする清佳ちゃんに\nアドバイスをしたりして夜遅くまで話し続けた。%K%P
そのあとは料理の練習をする清佳ちゃんに\nアドバイスをしたりして夜遅くまで話し続けた。%K%P
%LC清佳
%LC清佳
『ふぅ……。やっぱり一人じゃ中々難しいわね――痛っ！』%K%P
『ふぅ……。やっぱり一人じゃ中々難しいわね――痛っ！』%K%P
%LC春樹
%LC春樹
「大丈夫っ！？　いま悲鳴が聞こえたけど……！」%K%P
「大丈夫っ！？　いま悲鳴が聞こえたけど……！」%K%P
%LC清佳
%LC清佳
『だ、大丈夫よ。少し指を切っちゃっただけ』%K%P
『だ、大丈夫よ。少し指を切っちゃっただけ』%K%P
%LC春樹
%LC春樹
「指を切ったって……！」%K%P
「指を切ったって……！」%K%P
今すぐにでも台所へ向かいたいけど、\n女装しているせいで向かえない。%K%P
今すぐにでも台所へ向かいたいけど、\n女装しているせいで向かえない。%K%P
蛍には絶対秘密にしたいだろうし、間違っても\n自主練しているところを見られたくないはずだ。%K%P
蛍には絶対秘密にしたいだろうし、間違っても\n自主練しているところを見られたくないはずだ。%K%P
%LC清佳
%LC清佳
『心配しすぎよ。ホントに大丈夫。\n　それより、ごめんなさいね？\n　こんな夜遅くまで付き合わせちゃって……』%K%P
『心配しすぎよ。ホントに大丈夫。\n　それより、ごめんなさいね？\n　こんな夜遅くまで付き合わせちゃって……』%K%P
%LC春樹
%LC春樹
「う、ううん。それはいいけど……」%K%P
「う、ううん。それはいいけど……」%K%P
%LC清佳
%LC清佳
『ありがとう。この借りはいつか必ず何かで返すから。\n　あ、何か欲しいものでもない？　あったら贈るわよ』%K%P
『ありがとう。この借りはいつか必ず何かで返すから。\n　あ、何か欲しいものでもない？　あったら贈るわよ』%K%P
%LC春樹
%LC春樹
「そんなこといいから、ちゃんと止血して。\n　無理しちゃダメだってば」%K%P
「そんなこといいから、ちゃんと止血して。\n　無理しちゃダメだってば」%K%P
%LC清佳
%LC清佳
『無理なんてしないわよ。\n　でもそうね……今日はこの辺りでやめておくわ』%K%P
『無理なんてしないわよ。\n　でもそうね……今日はこの辺りでやめておくわ』%K%P
%LC清佳
%LC清佳
『その代わり、明日もみっちり付き合ってちょうだいね？\n　頼むわよ？』%K%P
『その代わり、明日もみっちり付き合ってちょうだいね？\n　頼むわよ？』%K%P
%LC春樹
%LC春樹
「それはもちろん」%K%P
「それはもちろん」%K%P
そうして電話が切れる。%K%P
そうして電話が切れる。%K%P
清佳ちゃん、すっごく頑張ってくれてるなぁ……。\n蛍のために、昼も夜も努力してくれて……。%K%P
清佳ちゃん、すっごく頑張ってくれてるなぁ……。\n蛍のために、昼も夜も努力してくれて……。%K%P
俄然、やる気が出てきた。%K%P
俄然、やる気が出てきた。%K%P
春樹として料理を教えることも、\n蛍として接することにも。%K%P
春樹として料理を教えることも、\n蛍として接することにも。%K%P
春樹であっても蛍であっても、\n清佳ちゃんが喜んでくれることをしてあげたい。%K%P
春樹であっても蛍であっても、\n清佳ちゃんが喜んでくれることをしてあげたい。%K%P
%LC春樹
%LC春樹
「――うんうん。包丁づかいもかなり上達してきたね」%K%P
「――うんうん。包丁づかいもかなり上達してきたね」%K%P
%LC清佳
%LC清佳
「ホントっ？」%K%P
「ホントっ？」%K%P
清佳ちゃんに初めて料理を教えてから早数日。%K%P
清佳ちゃんに初めて料理を教えてから早数日。%K%P
今では昼間にこうして学園に集まって、\n料理指導をすることが当たり前になっていた。%K%P
今では昼間にこうして学園に集まって、\n料理指導をすることが当たり前になっていた。%K%P
正直、清佳ちゃんの成長はめざましい。\n初日に包丁で一刀両断していた人とは思えないほどだ。%K%P
正直、清佳ちゃんの成長はめざましい。\n初日に包丁で一刀両断していた人とは思えないほどだ。%K%P
%LC清佳
%LC清佳
「味はどうかしら……？\n　蛍に美味しいって言ってもらえそう？」%K%P
「味はどうかしら……？\n　蛍に美味しいって言ってもらえそう？」%K%P
%LC春樹
%LC春樹
「ばっちりだよ。そもそもどんなものを作っても\n　蛍は喜んでくれると思うけど」%K%P
「ばっちりだよ。そもそもどんなものを作っても\n　蛍は喜んでくれると思うけど」%K%P
%LC清佳
%LC清佳
「む。何度も言ってるでしょ。\n　蛍を唸らせるようなものを作ってあげたいの」%K%P
「む。何度も言ってるでしょ。\n　蛍を唸らせるようなものを作ってあげたいの」%K%P
%LC春樹
%LC春樹
「十分喜んでくれる出来だと思うけどなぁ」%K%P
「十分喜んでくれる出来だと思うけどなぁ」%K%P
実際どんどん美味しくなってきてる。%K%P
実際どんどん美味しくなってきてる。%K%P
むしろ毎日のように清佳ちゃんの手料理を食べられて、\n嬉しいくらいだもん。%K%P
むしろ毎日のように清佳ちゃんの手料理を食べられて、\n嬉しいくらいだもん。%K%P
%LC清佳
%LC清佳
「強いて言えば、で構わないから。\n　味が濃いとか薄いとか」%K%P
「強いて言えば、で構わないから。\n　味が濃いとか薄いとか」%K%P
%LC春樹
%LC春樹
「うーん。それなら……もう少し薄い方が好みかなぁ」%K%P
「うーん。それなら……もう少し薄い方が好みかなぁ」%K%P
%LC清佳
%LC清佳
「薄い方ね！　じゃあもう一度作ってみるわ！」%K%P
「薄い方ね！　じゃあもう一度作ってみるわ！」%K%P
そうして意気揚々と清佳ちゃんがコンロへ向かっていく。%K%P
そうして意気揚々と清佳ちゃんがコンロへ向かっていく。%K%P
%LC清佳
%LC清佳
「――っと」%K%P
「――っと」%K%P
%LC春樹
%LC春樹
「わっ！　大丈夫っ？」%K%P
「わっ！　大丈夫っ？」%K%P
ふとした拍子に清佳ちゃんがフラつく。\n僕はそんな彼女を抱きとめた。%K%P
ふとした拍子に清佳ちゃんがフラつく。\n僕はそんな彼女を抱きとめた。%K%P
%LC清佳
%LC清佳
「あ、ありがと。心配しないで」%K%P
「あ、ありがと。心配しないで」%K%P
%LC春樹
%LC春樹
「フラフラじゃない。もしかして夜の自主練、\n　続けたりしてないよね？　ダメって言ったじゃない」%K%P
「フラフラじゃない。もしかして夜の自主練、\n　続けたりしてないよね？　ダメって言ったじゃない」%K%P
%LC清佳
%LC清佳
「し、してないってば。\n　ちょっと疲れちゃっただけよ。もう大丈夫だから」%K%P
「し、してないってば。\n　ちょっと疲れちゃっただけよ。もう大丈夫だから」%K%P
清佳ちゃんが軽く身体を跳ねさせて、\n快調アピールをしてくる。%K%P
清佳ちゃんが軽く身体を跳ねさせて、\n快調アピールをしてくる。%K%P
――ここ数日でわかったことは、\n清佳ちゃんが思っていた以上に努力家だということだ。%K%P
――ここ数日でわかったことは、\n清佳ちゃんが思っていた以上に努力家だということだ。%K%P
初日以来、夜の自主練にも電話越しに協力していたけど、\nこれがもう日の出間際まで毎日のように続いていた。%K%P
初日以来、夜の自主練にも電話越しに協力していたけど、\nこれがもう日の出間際まで毎日のように続いていた。%K%P
流石に清佳ちゃんの体調が気になって、\n夜の自主練は禁止ということにしたんだけど――%K%P
流石に清佳ちゃんの体調が気になって、\n夜の自主練は禁止ということにしたんだけど――%K%P
この様子だと、こっそりやっていたみたいだ。\nあれほど念押ししておいたのに……。%K%P
この様子だと、こっそりやっていたみたいだ。\nあれほど念押ししておいたのに……。%K%P
%LC春樹
%LC春樹
「今日はもう切り上げよう？\n　明日からはケーキ作りにも挑戦する予定なんだし」%K%P
「今日はもう切り上げよう？\n　明日からはケーキ作りにも挑戦する予定なんだし」%K%P
%LC清佳
%LC清佳
「だから大丈夫だってば。\n　春樹くんは心配しすぎよ」%K%P
「だから大丈夫だってば。\n　春樹くんは心配しすぎよ」%K%P
%LC清佳
%LC清佳
「むしろケーキ作りのことを考えると、\n　ここで休むわけにはいかないわ。\n　蛍に美味しいものを振る舞うためにも頑張らないと」%K%P
「むしろケーキ作りのことを考えると、\n　ここで休むわけにはいかないわ。\n　蛍に美味しいものを振る舞うためにも頑張らないと」%K%P
%LC春樹
%LC春樹
「ちょっと清佳さん……！」%K%P
「ちょっと清佳さん……！」%K%P
止める僕を尻目に、清佳ちゃんが\n火にかけてあったお鍋を持ち上げようとする。%K%P
止める僕を尻目に、清佳ちゃんが\n火にかけてあったお鍋を持ち上げようとする。%K%P
しかし、そのお鍋が疲れで手に力が入らなかったのか――%K%P
しかし、そのお鍋が疲れで手に力が入らなかったのか――%K%P
%LC清佳
%LC清佳
「――きゃっ！？」%K%P
「――きゃっ！？」%K%P
%LC春樹
%LC春樹
%XS20「危ないっ！！」%XE%K%P
%XS20「危ないっ！！」%XE%K%P
%LC春樹
%LC春樹
「熱っ……！！　だ、大丈夫？」%K%P
「熱っ……！！　だ、大丈夫？」%K%P
すんでのところで清佳ちゃんを突き飛ばして、\nどうにかお鍋の中身を彼女へぶちまけずに済む。%K%P
すんでのところで清佳ちゃんを突き飛ばして、\nどうにかお鍋の中身を彼女へぶちまけずに済む。%K%P
%LC清佳
%LC清佳
「大丈夫って――こっちの台詞よ！！\n　早く脱いでっ！！　み、水っ！！　冷やさないと！！」%K%P
「大丈夫って――こっちの台詞よ！！\n　早く脱いでっ！！　み、水っ！！　冷やさないと！！」%K%P
%LC春樹
%LC春樹
「ちょ、ちょっとかかっただけだから。\n　たぶん火傷もしてないだろうし」%K%P
「ちょ、ちょっとかかっただけだから。\n　たぶん火傷もしてないだろうし」%K%P
%LC清佳
%LC清佳
「嘘つきなさい……！！\n　とにかくほら水を……！！」%K%P
「嘘つきなさい……！！\n　とにかくほら水を……！！」%K%P
清佳ちゃんに流し台へ連れて行かれて、\n床が水浸しになることも厭わずに蛇口の水をかけられる。%K%P
清佳ちゃんに流し台へ連れて行かれて、\n床が水浸しになることも厭わずに蛇口の水をかけられる。%K%P
%LC春樹
%LC春樹
「痛っ……！！　も、もう少し優しくかけて欲しいかも」%K%P
「痛っ……！！　も、もう少し優しくかけて欲しいかも」%K%P
%LC清佳
%LC清佳
「っっ。やっぱり痛いんじゃない……！！\n　ごめんなさい、私のせいで……！！\n　本当にごめんなさい……！！」%K%P
「っっ。やっぱり痛いんじゃない……！！\n　ごめんなさい、私のせいで……！！\n　本当にごめんなさい……！！」%K%P
%LC春樹
%LC春樹
「大袈裟だってば……。俺は大丈夫だから」%K%P
「大袈裟だってば……。俺は大丈夫だから」%K%P
熱湯がかかった背中は確かにズキズキ痛むけれど、\nまだ「俺」と言えるくらいには余裕がある。%K%P
熱湯がかかった背中は確かにズキズキ痛むけれど、\nまだ「俺」と言えるくらいには余裕がある。%K%P
%LC春樹
%LC春樹
「それよりわかったでしょ？　お料理を舐めたらダメ。\n　些細なミスが事故に繋がるんだから」%K%P
「それよりわかったでしょ？　お料理を舐めたらダメ。\n　些細なミスが事故に繋がるんだから」%K%P
%LC清佳
%LC清佳
「こんな時まで姑ぶらなくていいから……！！\n　――ああ、愛！？　今すぐ医療班を連れて学園に来て！\n　すぐよ、すぐ！！　春樹くんが大変なの！！」%K%P
「こんな時まで姑ぶらなくていいから……！！\n　――ああ、愛！？　今すぐ医療班を連れて学園に来て！\n　すぐよ、すぐ！！　春樹くんが大変なの！！」%K%P
慌てた様子で清佳ちゃんが愛さんに連絡を取る。\n大丈夫だってこんなにも言ってるのに……。%K%P
慌てた様子で清佳ちゃんが愛さんに連絡を取る。\n大丈夫だってこんなにも言ってるのに……。%K%P
ああでも、ようやく少しは男らしい姿を見せられたかな。%K%P
ああでも、ようやく少しは男らしい姿を見せられたかな。%K%P
ここのところ、口うるさい姑としか\n思われてなかっただろうし。%K%P
ここのところ、口うるさい姑としか\n思われてなかっただろうし。%K%P
だとしたら満足だ。夢も叶った。\n清佳ちゃんに男らしいところを見せるという夢が。%K%P
だとしたら満足だ。夢も叶った。\n清佳ちゃんに男らしいところを見せるという夢が。%K%P
――って。なんだかこれ死亡フラグみたいだよね……。\nたかが熱湯が背中にかかっただけなんだけど……。%K%P
――って。なんだかこれ死亡フラグみたいだよね……。\nたかが熱湯が背中にかかっただけなんだけど……。%K%P
だけど、なんでだろう。\n目の前がどんどん暗くなってきて――%K%P
だけど、なんでだろう。\n目の前がどんどん暗くなってきて――%K%P
%LC春樹
%LC春樹
「っっ」%K%P
「っっ」%K%P
冷水をかけているはずなのに背中が焼けるように熱い。\n皮膚ごと水に流れていっているような鈍痛が走って――%K%P
冷水をかけているはずなのに背中が焼けるように熱い。\n皮膚ごと水に流れていっているような鈍痛が走って――%K%P
%LC清佳
%LC清佳
「春樹くん……？　ちょ、ちょっと！？\n　しっかりして、春樹くんっ……！」%K%P
「春樹くん……？　ちょ、ちょっと！？\n　しっかりして、春樹くんっ……！」%K%P
%LC春樹
%LC春樹
「大丈夫、だから……」%K%P
「大丈夫、だから……」%K%P
清佳ちゃんの焦った大声が聞こえる。%K%P
清佳ちゃんの焦った大声が聞こえる。%K%P
そんな彼女を安心させたくて笑顔を作ったけれど、\n清佳ちゃんの声の勢いを衰えさせることはできなかった。%K%P
そんな彼女を安心させたくて笑顔を作ったけれど、\n清佳ちゃんの声の勢いを衰えさせることはできなかった。%K%P
………………%K%P
………………%K%P
…………%K%P
…………%K%P
……%K%P
……%K%P
%LC蛍
%LC蛍
「あいたたた……。し、染みる……」%K%P
「あいたたた……。し、染みる……」%K%P
湯船にゆっくりと浸かって、\n背中の具合を確かめる。%K%P
湯船にゆっくりと浸かって、\n背中の具合を確かめる。%K%P
ヒリヒリするのは間違いないけど、\n思っていたより酷くはない。%K%P
ヒリヒリするのは間違いないけど、\n思っていたより酷くはない。%K%P
あの後、僕は駆けつけてくれた愛さんたちに\n楠家が保有する病院へと連れて行ってもらった。%K%P
あの後、僕は駆けつけてくれた愛さんたちに\n楠家が保有する病院へと連れて行ってもらった。%K%P
お医者さんの話によると、軽い火傷とのことだ。\nすぐに水や氷で冷やしたことが功を奏したらしい。%K%P
お医者さんの話によると、軽い火傷とのことだ。\nすぐに水や氷で冷やしたことが功を奏したらしい。%K%P
しばらくはジンジンと痛んだりはするかもしれないけど\n痕が残ったりすることもないそうだ。%K%P
しばらくはジンジンと痛んだりはするかもしれないけど\n痕が残ったりすることもないそうだ。%K%P
お医者さんに痕が残る残らないの話をされた時は驚いた。\nそんなに大事になっているとは思わなくて。%K%P
お医者さんに痕が残る残らないの話をされた時は驚いた。\nそんなに大事になっているとは思わなくて。%K%P
だからこそ――%K%P
だからこそ――%K%P
%LC蛍
%LC蛍
「清佳ちゃん……あまり気にしすぎてないといいけど」%K%P
「清佳ちゃん……あまり気にしすぎてないといいけど」%K%P
愛さんによれば僕が治療を受けている間も、\n清佳ちゃんは意気消沈して佇んでいたらしい。%K%P
愛さんによれば僕が治療を受けている間も、\n清佳ちゃんは意気消沈して佇んでいたらしい。%K%P
「心配しなくても大丈夫」と連絡も入れておいたけど、\n「本当にごめんなさい」と謝られてしまったし……。%K%P
「心配しなくても大丈夫」と連絡も入れておいたけど、\n「本当にごめんなさい」と謝られてしまったし……。%K%P
治療が終わって蛍姿でお屋敷に帰ってきた後も、\n清佳ちゃんとは一度も顔を合わせていない。%K%P
治療が終わって蛍姿でお屋敷に帰ってきた後も、\n清佳ちゃんとは一度も顔を合わせていない。%K%P
お部屋にずっとこもっているみたいで、\n夕食の場にも現れなかった。%K%P
お部屋にずっとこもっているみたいで、\n夕食の場にも現れなかった。%K%P
お風呂から出たら……お部屋を訪ねようかな。\nもし落ち込んでいるようなら励ましてあげたい。%K%P
お風呂から出たら……お部屋を訪ねようかな。\nもし落ち込んでいるようなら励ましてあげたい。%K%P
僕は何も気にしてないんだから。%K%P
僕は何も気にしてないんだから。%K%P
%LC蛍
%LC蛍
「ふぇ？」%K%P
「ふぇ？」%K%P
%LC清佳
%LC清佳
「……え？　蛍……？」%K%P
「……え？　蛍……？」%K%P
%LC蛍
%LC蛍
「清佳ちゃんっ！？」%K%P
「清佳ちゃんっ！？」%K%P
不意にお風呂場の扉が開いたかと思うと、\n清佳ちゃんが入ってきた。慌ててタオルで股間を隠す。%K%P
不意にお風呂場の扉が開いたかと思うと、\n清佳ちゃんが入ってきた。慌ててタオルで股間を隠す。%K%P
%LC清佳
%LC清佳
「ごめんなさい……！\n　誰も入ってないものだと思って……！！」%K%P
「ごめんなさい……！\n　誰も入ってないものだと思って……！！」%K%P
どうやら本当に間違って入ってきたらしい。\nそれだけボーッとしちゃってたの、かな……。%K%P
どうやら本当に間違って入ってきたらしい。\nそれだけボーッとしちゃってたの、かな……。%K%P
%LC清佳
%LC清佳
「すぐに出て行くから……！\n　蛍はゆっくり入ってて……！　ご、ごめんねっ！」%K%P
「すぐに出て行くから……！\n　蛍はゆっくり入ってて……！　ご、ごめんねっ！」%K%P
%LC蛍
%LC蛍
「あっ……！　待って清佳ちゃん……！！」%K%P
「あっ……！　待って清佳ちゃん……！！」%K%P
%LC清佳
%LC清佳
「ど……どうしたの？」%K%P
「ど……どうしたの？」%K%P
落ち込んだ様子の清佳ちゃんを見て、\n考えるよりも先に引き止めてしまう。%K%P
落ち込んだ様子の清佳ちゃんを見て、\n考えるよりも先に引き止めてしまう。%K%P
こうなったらもう――破れかぶれだ。%K%P
こうなったらもう――破れかぶれだ。%K%P
%LC蛍
%LC蛍
「良かったら……一緒に入らない？」%K%P
「良かったら……一緒に入らない？」%K%P
%LC蛍
%LC蛍
「で、でね？　そのとき千鶴様が――」%K%P
「で、でね？　そのとき千鶴様が――」%K%P
%LC清佳
%LC清佳
「…………」%K%P
「…………」%K%P
沈んでいる清佳ちゃんを励ましたくて、\n笑い話をするけれど一向に笑顔を向けてもらえない。%K%P
沈んでいる清佳ちゃんを励ましたくて、\n笑い話をするけれど一向に笑顔を向けてもらえない。%K%P
やっぱり今日のこと相当、気にしちゃってるみたいだ。%K%P
やっぱり今日のこと相当、気にしちゃってるみたいだ。%K%P
%LC清佳
%LC清佳
「ありがとう、蛍……。\n　それと、ごめんね。気を遣わせちゃって……」%K%P
「ありがとう、蛍……。\n　それと、ごめんね。気を遣わせちゃって……」%K%P
%LC蛍
%LC蛍
「謝られるようなことじゃないよ……！\n　そんなに気に病むことじゃないと思うし……！」%K%P
「謝られるようなことじゃないよ……！\n　そんなに気に病むことじゃないと思うし……！」%K%P
%LC蛍
%LC蛍
「春樹様も、えと。言ってたよ？\n　自分はピンピンしてるから大丈夫だって」%K%P
「春樹様も、えと。言ってたよ？\n　自分はピンピンしてるから大丈夫だって」%K%P
%LC清佳
%LC清佳
「え？　春樹くんが……？」%K%P
「え？　春樹くんが……？」%K%P
%LC蛍
%LC蛍
「う、うん。気にしないでって伝えて欲しい。\n　って連絡をもらって」%K%P
「う、うん。気にしないでって伝えて欲しい。\n　って連絡をもらって」%K%P
%LC蛍
%LC蛍
「そもそもわたしがきっかけでもあるし……。\n　春樹様から聞いたよ？　わたしの誕生日に\n　手料理を振る舞おうとしてくれたんでしょ？」%K%P
「そもそもわたしがきっかけでもあるし……。\n　春樹様から聞いたよ？　わたしの誕生日に\n　手料理を振る舞おうとしてくれたんでしょ？」%K%P
%LC清佳
%LC清佳
「ほ、蛍のせいじゃないわ……！\n　蛍は何一つ悪くないわよ……！\n　私が全部勝手にやったことで……！」%K%P
「ほ、蛍のせいじゃないわ……！\n　蛍は何一つ悪くないわよ……！\n　私が全部勝手にやったことで……！」%K%P
%LC蛍
%LC蛍
「あ……！　ご、ごめんね？\n　責めてるわけじゃなくて……」%K%P
「あ……！　ご、ごめんね？\n　責めてるわけじゃなくて……」%K%P
%LC清佳
%LC清佳
「い……いえ。私こそごめんなさい……。\n　心配させちゃって……。大変なのは春樹くんなのに……」%K%P
「い……いえ。私こそごめんなさい……。\n　心配させちゃって……。大変なのは春樹くんなのに……」%K%P
清佳ちゃんが気持ちを切り替えるように、\n頭をブンブンと横に振る。%K%P
清佳ちゃんが気持ちを切り替えるように、\n頭をブンブンと横に振る。%K%P
%LC清佳
%LC清佳
「あまり落ち込んじゃいけないわね……。\n　余計に気を遣われちゃう……。\n　春樹くんだけじゃなくて、他のみんなにも……」%K%P
「あまり落ち込んじゃいけないわね……。\n　余計に気を遣われちゃう……。\n　春樹くんだけじゃなくて、他のみんなにも……」%K%P
%LC清佳
%LC清佳
「私は、その。きちんと反省したいだけなの。\n　大変なことをしてしまったから。一歩間違えれば、\n　一生残る傷を彼に付けてしまうところだった」%K%P
「私は、その。きちんと反省したいだけなの。\n　大変なことをしてしまったから。一歩間違えれば、\n　一生残る傷を彼に付けてしまうところだった」%K%P
%LC清佳
%LC清佳
「偶然、軽傷で済んだけど……それは結果論だもの。\n　謝っても謝り足りないもの……」%K%P
「偶然、軽傷で済んだけど……それは結果論だもの。\n　謝っても謝り足りないもの……」%K%P
%LC蛍
%LC蛍
「清佳ちゃん……」%K%P
「清佳ちゃん……」%K%P
%LC蛍
%LC蛍
「大丈夫だよ。春樹様は本当に気にしてないと思うよ？\n　むしろ清佳ちゃんに怪我がなくて良かったと思ってるよ」%K%P
「大丈夫だよ。春樹様は本当に気にしてないと思うよ？\n　むしろ清佳ちゃんに怪我がなくて良かったと思ってるよ」%K%P
%LC清佳
%LC清佳
「蛍……」%K%P
「蛍……」%K%P
%LC蛍
%LC蛍
「春樹様は、うん。格好付けだから。女の子を\n　男の子らしく庇えて、逆に喜んでるんじゃないかな？」%K%P
「春樹様は、うん。格好付けだから。女の子を\n　男の子らしく庇えて、逆に喜んでるんじゃないかな？」%K%P
%LC蛍
%LC蛍
「だから、今度会った時は笑い話にしてあげて？\n　その方が春樹様も嬉しいと思うから」%K%P
「だから、今度会った時は笑い話にしてあげて？\n　その方が春樹様も嬉しいと思うから」%K%P
遠回しに自分の気持ちを伝えてみる。%K%P
遠回しに自分の気持ちを伝えてみる。%K%P
すると清佳ちゃんはしばらく何かを考えるように\n押し黙って、そして、ゆっくりと口を開いた。%K%P
すると清佳ちゃんはしばらく何かを考えるように\n押し黙って、そして、ゆっくりと口を開いた。%K%P
%LC清佳
%LC清佳
「そうね……。蛍の言う通りよね……。\n　クヨクヨ思い悩んでもただの自己満足だものね」%K%P
「そうね……。蛍の言う通りよね……。\n　クヨクヨ思い悩んでもただの自己満足だものね」%K%P
%LC清佳
%LC清佳
「私、顔を曇らせて謝罪をするよりも、\n　笑顔でありがとうって言いたいわ」%K%P
「私、顔を曇らせて謝罪をするよりも、\n　笑顔でありがとうって言いたいわ」%K%P
%LC清佳
%LC清佳
「迷惑をかけた分、\n　うんと彼に喜んでもらえることをしてあげたい」%K%P
「迷惑をかけた分、\n　うんと彼に喜んでもらえることをしてあげたい」%K%P
%LC蛍
%LC蛍
「ふふ、その意気だよ清佳ちゃん」%K%P
「ふふ、その意気だよ清佳ちゃん」%K%P
少しは前向きになってもらえたのか、\n清佳ちゃんが笑顔を浮かべてくれる。%K%P
少しは前向きになってもらえたのか、\n清佳ちゃんが笑顔を浮かべてくれる。%K%P
%LC清佳
%LC清佳
「でも……何をしてあげたらいいのかしら。\n　よく考えたら、私、彼のこと何も知らないわ」%K%P
「でも……何をしてあげたらいいのかしら。\n　よく考えたら、私、彼のこと何も知らないわ」%K%P
%LC清佳
%LC清佳
「ねぇ蛍。春樹くんって何が好きなの？\n　どうしたら喜んでくれるかしら……」%K%P
「ねぇ蛍。春樹くんって何が好きなの？\n　どうしたら喜んでくれるかしら……」%K%P
%LC蛍
%LC蛍
「ありがとう、って言葉だけで十分だよ。\n　仰々しくする必要もないんじゃない？」%K%P
「ありがとう、って言葉だけで十分だよ。\n　仰々しくする必要もないんじゃない？」%K%P
%LC清佳
%LC清佳
「それはダメよ！　迷惑をかけたのは間違いないし……！\n　春樹くんも私をずっと気にかけてくれてたみたいだしっ」%K%P
「それはダメよ！　迷惑をかけたのは間違いないし……！\n　春樹くんも私をずっと気にかけてくれてたみたいだしっ」%K%P
%LC清佳
%LC清佳
「熱湯を被った時だってそうだったわ。火傷の痛みを\n　我慢して『大丈夫大丈夫』って何度も言ってきて……」%K%P
「熱湯を被った時だってそうだったわ。火傷の痛みを\n　我慢して『大丈夫大丈夫』って何度も言ってきて……」%K%P
%LC清佳
%LC清佳
「私のせいであんなことになったのに……。\n　恨み言の一つも言わないで、ずっと笑ってて……。\n　あんなの逆に焦っちゃうわよ……」%K%P
「私のせいであんなことになったのに……。\n　恨み言の一つも言わないで、ずっと笑ってて……。\n　あんなの逆に焦っちゃうわよ……」%K%P
%LC蛍
%LC蛍
「あ、あはは。さっきも言ったけど、\n　春樹様は格好付けだから……」%K%P
「あ、あはは。さっきも言ったけど、\n　春樹様は格好付けだから……」%K%P
こうしてまじまじ言われるとなんだかむず痒い。\n気恥ずかしくて、つい誤魔化したくなってしまう。%K%P
こうしてまじまじ言われるとなんだかむず痒い。\n気恥ずかしくて、つい誤魔化したくなってしまう。%K%P
%LC蛍
%LC蛍
「まぁ笑って応えられるほど余裕があったってことだよ。\n　だから必要以上に清佳ちゃんも気にしないでいいってば」%K%P
「まぁ笑って応えられるほど余裕があったってことだよ。\n　だから必要以上に清佳ちゃんも気にしないでいいってば」%K%P
%LC蛍
%LC蛍
「むしろ春樹様が軟弱すぎるところもあるし。\n　たかが熱湯を被ったくらいで大事にしちゃって――」%K%P
「むしろ春樹様が軟弱すぎるところもあるし。\n　たかが熱湯を被ったくらいで大事にしちゃって――」%K%P
%LC清佳
%LC清佳
「――たかが熱湯じゃないわっ！！」%K%P
「――たかが熱湯じゃないわっ！！」%K%P
%LC蛍
%LC蛍
「ひゃっ！？」%K%P
「ひゃっ！？」%K%P
%LC清佳
%LC清佳
「ホントに大火傷するところだったのよっ！？\n　なのに春樹くんは身を挺して庇ってくれて……！」%K%P
「ホントに大火傷するところだったのよっ！？\n　なのに春樹くんは身を挺して庇ってくれて……！」%K%P
%LC清佳
%LC清佳
「すごく痛かったはずなのに、私を傷つけまいと\n　ずっと笑顔を浮かべてくれて、耐えてくれて……！」%K%P
「すごく痛かったはずなのに、私を傷つけまいと\n　ずっと笑顔を浮かべてくれて、耐えてくれて……！」%K%P
%LC清佳
%LC清佳
「軟弱すぎるなんて、とんでもないわよ……！\n　たとえ蛍だろうと、その言い方は怒るわよ……！」%K%P
「軟弱すぎるなんて、とんでもないわよ……！\n　たとえ蛍だろうと、その言い方は怒るわよ……！」%K%P
湯船のお湯を激しく波打たせて\n清佳ちゃんが肩を揺らしてくる。%K%P
湯船のお湯を激しく波打たせて\n清佳ちゃんが肩を揺らしてくる。%K%P
僕のためにここまで怒ってくれるなんて――%K%P
僕のためにここまで怒ってくれるなんて――%K%P
%LC蛍
%LC蛍
「痛っ……！！」%K%P
「痛っ……！！」%K%P
%LC清佳
%LC清佳
「あ……！　ごめんなさい、\n　つい掴みかかっちゃって……！」%K%P
「あ……！　ごめんなさい、\n　つい掴みかかっちゃって……！」%K%P
%LC蛍
%LC蛍
「う、ううん。違うの、これは――痛っ」%K%P
「う、ううん。違うの、これは――痛っ」%K%P
%LC清佳
%LC清佳
「ほ、蛍？」%K%P
「ほ、蛍？」%K%P
湯船のお湯が火傷にしみる。\n背中が焼けちゃいそう……！%K%P
湯船のお湯が火傷にしみる。\n背中が焼けちゃいそう……！%K%P
%LC清佳
%LC清佳
「っっ！？　どうしたの、それ……！\n　背中、真っ赤じゃない……！」%K%P
「っっ！？　どうしたの、それ……！\n　背中、真っ赤じゃない……！」%K%P
%LC蛍
%LC蛍
「あはは……。わたしも、えと。\n　ちょっとドジしちゃって火傷を……」%K%P
「あはは……。わたしも、えと。\n　ちょっとドジしちゃって火傷を……」%K%P
%LC清佳
%LC清佳
「蛍も背中に火傷を……？\n　春樹くんと同じように……？」%K%P
「蛍も背中に火傷を……？\n　春樹くんと同じように……？」%K%P
流石に不自然だよね……！\nどうにか誤魔化さないと……。%K%P
流石に不自然だよね……！\nどうにか誤魔化さないと……。%K%P
%LC蛍
%LC蛍
「りょ、料理してると意外とよくあるんだよ……！\n　だから火傷くらいでって思っちゃって……！」%K%P
「りょ、料理してると意外とよくあるんだよ……！\n　だから火傷くらいでって思っちゃって……！」%K%P
%LC蛍
%LC蛍
「わたしなんかちょっとした火傷くらい日常茶飯事だし。\n　き、清佳ちゃんもお料理続けてたらわかると思うよ？」%K%P
「わたしなんかちょっとした火傷くらい日常茶飯事だし。\n　き、清佳ちゃんもお料理続けてたらわかると思うよ？」%K%P
%LC清佳
%LC清佳
「そうなの……？　ずっとお料理してる蛍が言うなら、\n　そうかもしれないけれど……」%K%P
「そうなの……？　ずっとお料理してる蛍が言うなら、\n　そうかもしれないけれど……」%K%P
%LC蛍
%LC蛍
「うんっ。背中の火傷はシェフの誇りって\n　言葉もあるくらいだし……！　マイナーな名言だけど！」%K%P
「うんっ。背中の火傷はシェフの誇りって\n　言葉もあるくらいだし……！　マイナーな名言だけど！」%K%P
%LC清佳
%LC清佳
「知らなかった……。やっぱりまだまだ私、\n　お料理初心者なのね……」%K%P
「知らなかった……。やっぱりまだまだ私、\n　お料理初心者なのね……」%K%P
%LC蛍
%LC蛍
「……ホっ……」%K%P
「……ホっ……」%K%P
一応、信じてもらえたみたいだ。\n……また嘘に嘘を重ねちゃってるけど。%K%P
一応、信じてもらえたみたいだ。\n……また嘘に嘘を重ねちゃってるけど。%K%P
%LC清佳
%LC清佳
「でも、その。だからといって春樹くんを\n　軟弱者扱いするのは、たとえ蛍でも……」%K%P
「でも、その。だからといって春樹くんを\n　軟弱者扱いするのは、たとえ蛍でも……」%K%P
%LC蛍
%LC蛍
「う、うん、ごめんね？」%K%P
「う、うん、ごめんね？」%K%P
%LC清佳
%LC清佳
「い、いえ、私も熱くなりすぎちゃったというか……。\n　どうして私、彼のことで声なんて荒げちゃって……」%K%P
「い、いえ、私も熱くなりすぎちゃったというか……。\n　どうして私、彼のことで声なんて荒げちゃって……」%K%P
喋っている間に冷静になってきたのか、\n清佳ちゃんがモジモジと再び湯船に浸かる。%K%P
喋っている間に冷静になってきたのか、\n清佳ちゃんがモジモジと再び湯船に浸かる。%K%P
%LC清佳
%LC清佳
「とにかく、その。春樹くんはいい人よ。\n　かつて蛍が惚れていただけのことはあったわ」%K%P
「とにかく、その。春樹くんはいい人よ。\n　かつて蛍が惚れていただけのことはあったわ」%K%P
%LC蛍
%LC蛍
「そ、そう？」%K%P
「そ、そう？」%K%P
%LC清佳
%LC清佳
「え、ええ。思えば私の頼みもいつでも聞いてくれるし。\n　初対面でぶったり、拉致したりもしたのに、\n　それについても怒ったりしてこなかったし……」%K%P
「え、ええ。思えば私の頼みもいつでも聞いてくれるし。\n　初対面でぶったり、拉致したりもしたのに、\n　それについても怒ったりしてこなかったし……」%K%P
%LC清佳
%LC清佳
「……考えれば考えるほど迷惑かけてるわね、私。\n　というか彼、人間ができすぎてないかしら……」%K%P
「……考えれば考えるほど迷惑かけてるわね、私。\n　というか彼、人間ができすぎてないかしら……」%K%P
どこか照れた様子でブツブツと清佳ちゃんが呟く。%K%P
どこか照れた様子でブツブツと清佳ちゃんが呟く。%K%P
にしても……。さっきから話を聞いていると――%K%P
にしても……。さっきから話を聞いていると――%K%P
%LC蛍
%LC蛍
「まさかとは思うけど……」%K%P
「まさかとは思うけど……」%K%P
%LC清佳
%LC清佳
「……うん？」%K%P
「……うん？」%K%P
%LC蛍
%LC蛍
「春樹様に惹かれてたりしない、よね……？」%K%P
「春樹様に惹かれてたりしない、よね……？」%K%P
%LC清佳
%LC清佳
「へ……？　〜〜っっ！！」%K%P
「へ……？　〜〜っっ！！」%K%P
%LC清佳
%LC清佳
「そんなことあるわけないわ……！！\n　勘違いしちゃダメよ、蛍……！！」%K%P
「そんなことあるわけないわ……！！\n　勘違いしちゃダメよ、蛍……！！」%K%P
%LC清佳
%LC清佳
「安心してっ？　私は蛍一筋だから……！！\n　他の人に靡いたりなんて絶対にしないわ……！！\n　あくまで春樹くんは、えと、友達よ……！！」%K%P
「安心してっ？　私は蛍一筋だから……！！\n　他の人に靡いたりなんて絶対にしないわ……！！\n　あくまで春樹くんは、えと、友達よ……！！」%K%P
%LC蛍
%LC蛍
「だったらいいんだけど……」%K%P
「だったらいいんだけど……」%K%P
蛍として清佳ちゃんの恋人として付き合うと決めた以上、\n春樹の好感度が上がってしまうと逆に困っちゃう。%K%P
蛍として清佳ちゃんの恋人として付き合うと決めた以上、\n春樹の好感度が上がってしまうと逆に困っちゃう。%K%P
僕はもう友達として付き合っていくと決めたんだ。\nその決意を今更、揺らがせたくない。%K%P
僕はもう友達として付き合っていくと決めたんだ。\nその決意を今更、揺らがせたくない。%K%P
だけど――%K%P
だけど――%K%P
%LC清佳
%LC清佳
「それよりも何か良い案はないかしらっ？\n　何をしたら春樹くんは喜んでくれると思うっ？」%K%P
「それよりも何か良い案はないかしらっ？\n　何をしたら春樹くんは喜んでくれると思うっ？」%K%P
%LC清佳
%LC清佳
「あ……！　彼に惹かれてるから喜ばせたいわけじゃ\n　ないわよっ！？　純粋にお礼がしたいのっ……！\n　よく考えれば私、今まで散々迷惑かけてきたから……！」%K%P
「あ……！　彼に惹かれてるから喜ばせたいわけじゃ\n　ないわよっ！？　純粋にお礼がしたいのっ……！\n　よく考えれば私、今まで散々迷惑かけてきたから……！」%K%P
%LC蛍
%LC蛍
「わわっ。わかったから落ち着いて……！\n　私も何か、えと……！　考えてみるから……！」%K%P
「わわっ。わかったから落ち着いて……！\n　私も何か、えと……！　考えてみるから……！」%K%P
%LC清佳
%LC清佳
「え、ええ。お願い……。\n　私、彼のことあまり知らないから……。\n　あ、火傷が痛むなら上がってからでもいいし……！」%K%P
「え、ええ。お願い……。\n　私、彼のことあまり知らないから……。\n　あ、火傷が痛むなら上がってからでもいいし……！」%K%P
僕の思いとは裏腹に、清佳ちゃんが{春樹:ぼく}のことを\n根掘り葉掘り聞いてくる。%K%P
僕の思いとは裏腹に、清佳ちゃんが{春樹:ぼく}のことを\n根掘り葉掘り聞いてくる。%K%P
……妙なことにならないといいけど。%K%P
……妙なことにならないといいけど。%K%P
