%LC清佳
%LC清佳
「あんのスケベ男めぇぇぇっっ〜〜！！！」%K%P
「あんのスケベ男めぇぇぇっっ〜〜！！！」%K%P
%LC清佳
%LC清佳
「めちゃくちゃいやらしい目で私を見てたの……！\n　下品に鼻の下を伸ばして私の透けたブラをじーっと！」%K%P
「めちゃくちゃいやらしい目で私を見てたの……！\n　下品に鼻の下を伸ばして私の透けたブラをじーっと！」%K%P
%LC清佳
%LC清佳
「思いがけず振っちゃう形になっちゃったから、\n　こっちも気を遣って振る舞ってたっていうのに――\n　あの男、脳までエロスでできてるのかしら！」%K%P
「思いがけず振っちゃう形になっちゃったから、\n　こっちも気を遣って振る舞ってたっていうのに――\n　あの男、脳までエロスでできてるのかしら！」%K%P
%LC清佳
%LC清佳
「今思い出しても――っっ！　許せないわ……！\n　明らかに視姦してたのに誤魔化そうとするし……！！」%K%P
「今思い出しても――っっ！　許せないわ……！\n　明らかに視姦してたのに誤魔化そうとするし……！！」%K%P
%LC蛍
%LC蛍
「お、落ち着いて、清佳ちゃん……！\n　春樹様も、えと。つ、つい見ちゃっただけだと思うし」%K%P
「お、落ち着いて、清佳ちゃん……！\n　春樹様も、えと。つ、つい見ちゃっただけだと思うし」%K%P
%LC蛍
%LC蛍
「好きな女の子の服が透けたりしてたら、その。\n　見ちゃったりすると思うよ……？」%K%P
「好きな女の子の服が透けたりしてたら、その。\n　見ちゃったりすると思うよ……？」%K%P
その日の夜――明らかに入浴中を狙ってやってきた\n清佳ちゃんから僕は思いきり愚痴を聞かされていた。%K%P
その日の夜――明らかに入浴中を狙ってやってきた\n清佳ちゃんから僕は思いきり愚痴を聞かされていた。%K%P
僕も僕で話を聞きながら自己弁護に走ってしまう。\nこの会話自体、めちゃくちゃ恥ずかしい……。%K%P
僕も僕で話を聞きながら自己弁護に走ってしまう。\nこの会話自体、めちゃくちゃ恥ずかしい……。%K%P
%LC清佳
%LC清佳
「好――〜〜っっ！　それがそもそも\n　わからないのよ……！　どうして私なんかを……！」%K%P
「好――〜〜っっ！　それがそもそも\n　わからないのよ……！　どうして私なんかを……！」%K%P
%LC清佳
%LC清佳
「彼に好意を向けられるようなことしたを覚えないし……！\n　むしろ嫌われるようなコトばかりしていたと思うわ」%K%P
「彼に好意を向けられるようなことしたを覚えないし……！\n　むしろ嫌われるようなコトばかりしていたと思うわ」%K%P
%LC蛍
%LC蛍
「そ、そういうのって自分では気づけないものだから」%K%P
「そ、そういうのって自分では気づけないものだから」%K%P
%LC清佳
%LC清佳
「だとしても私は蛍を好きだってずーっと\n　言ってたのに……！　靡かない女に好意を\n　寄せ続けるなんて……」%K%P
「だとしても私は蛍を好きだってずーっと\n　言ってたのに……！　靡かない女に好意を\n　寄せ続けるなんて……」%K%P
%LC清佳
%LC清佳
「思えば夏祭りの時も様子がおかしかったものね……。\n　蛍が待ち合わせ場所に来なかったら、\n　自分と一緒に花火を見て欲しい――とか頼まれたし」%K%P
「思えば夏祭りの時も様子がおかしかったものね……。\n　蛍が待ち合わせ場所に来なかったら、\n　自分と一緒に花火を見て欲しい――とか頼まれたし」%K%P
%LC清佳
%LC清佳
「も、もしかしてアレ、\n　デートに誘われてたのかしら……！？\n　そもそも夏祭りに一緒に行こうって言うのも――」%K%P
「も、もしかしてアレ、\n　デートに誘われてたのかしら……！？\n　そもそも夏祭りに一緒に行こうって言うのも――」%K%P
にしても清佳ちゃんの話が止まらない。\nさっきからずっと{春樹:ぼく}のことばかり話して……。%K%P
にしても清佳ちゃんの話が止まらない。\nさっきからずっと{春樹:ぼく}のことばかり話して……。%K%P
図らずも僕の好意を知ったことで、\n逆にこんなに意識してくれるようになるなんて。%K%P
図らずも僕の好意を知ったことで、\n逆にこんなに意識してくれるようになるなんて。%K%P
%LC清佳
%LC清佳
「あ……！　ごめんなさいっ。\n　蛍と一緒にいるのに他の人の話ばかりして……！」%K%P
「あ……！　ごめんなさいっ。\n　蛍と一緒にいるのに他の人の話ばかりして……！」%K%P
%LC清佳
%LC清佳
「でも安心して？　私は蛍一筋だから……！\n　利害なしに好意を向けられたことが初めてで、\n　その相手が春樹くんだったから戸惑ってるだけで……！」%K%P
「でも安心して？　私は蛍一筋だから……！\n　利害なしに好意を向けられたことが初めてで、\n　その相手が春樹くんだったから戸惑ってるだけで……！」%K%P
%LC蛍
%LC蛍
「う、ううん。気持ちは、えと、わかるよ？」%K%P
「う、ううん。気持ちは、えと、わかるよ？」%K%P
愛想笑いで誤魔化す。\n正直どう反応すればいいかわからないし……。%K%P
愛想笑いで誤魔化す。\n正直どう反応すればいいかわからないし……。%K%P
%LC清佳
%LC清佳
「彼……傷ついてないかしら。\n　つい怒鳴り散らしちゃったけど……」%K%P
「彼……傷ついてないかしら。\n　つい怒鳴り散らしちゃったけど……」%K%P
%LC清佳
%LC清佳
「何もあそこまで怒らなくて良かったわよね……。\n　あんなことになったのは私のせいだし……」%K%P
「何もあそこまで怒らなくて良かったわよね……。\n　あんなことになったのは私のせいだし……」%K%P
%LC清佳
%LC清佳
「明日また……調理室に来てくれるかしら。\n　振ったり、怒鳴ったりしたし、気まずく思って\n　私を避け始めたりしたら……」%K%P
「明日また……調理室に来てくれるかしら。\n　振ったり、怒鳴ったりしたし、気まずく思って\n　私を避け始めたりしたら……」%K%P
不安そうに清佳ちゃんが呟く。\nその言葉には僕もはっきりと答えられた。%K%P
不安そうに清佳ちゃんが呟く。\nその言葉には僕もはっきりと答えられた。%K%P
%LC蛍
%LC蛍
「大丈夫だよ、清佳ちゃん。\n　春樹様は清佳ちゃんを避けたりしないよ」%K%P
「大丈夫だよ、清佳ちゃん。\n　春樹様は清佳ちゃんを避けたりしないよ」%K%P
%LC清佳
%LC清佳
「蛍……」%K%P
「蛍……」%K%P
%LC蛍
%LC蛍
「それに、えと。春樹様も振られる覚悟は\n　してたと思うし……。わたしのことが好きだって、\n　清佳ちゃん、ずーっと言い続けてくれてたし……」%K%P
「それに、えと。春樹様も振られる覚悟は\n　してたと思うし……。わたしのことが好きだって、\n　清佳ちゃん、ずーっと言い続けてくれてたし……」%K%P
%LC蛍
%LC蛍
「だからこれからも今まで通り\n　接してくれるんじゃないかな。\n　その。友達として」%K%P
「だからこれからも今まで通り\n　接してくれるんじゃないかな。\n　その。友達として」%K%P
%LC清佳
%LC清佳
「だと良いけれど……」%K%P
「だと良いけれど……」%K%P
清佳ちゃんが心配そうに頷く。少なくとも僕と友達で\n居続けたいと思ってくれてるみたいだ。%K%P
清佳ちゃんが心配そうに頷く。少なくとも僕と友達で\n居続けたいと思ってくれてるみたいだ。%K%P
それ自体はすごく嬉しいけれど、こうして清佳ちゃんの\n心を掻き乱してしまっているのは忍びない。%K%P
それ自体はすごく嬉しいけれど、こうして清佳ちゃんの\n心を掻き乱してしまっているのは忍びない。%K%P
清佳ちゃんとしては、春樹よりも蛍と\n一緒に過ごしたいだろうし、イチャイチャしたいはずだ。%K%P
清佳ちゃんとしては、春樹よりも蛍と\n一緒に過ごしたいだろうし、イチャイチャしたいはずだ。%K%P
%LC蛍
%LC蛍
「あ――そうだ」%K%P
「あ――そうだ」%K%P
%LC清佳
%LC清佳
「？？？　どうしたの、蛍？」%K%P
「？？？　どうしたの、蛍？」%K%P
%LC蛍
%LC蛍
「ふふ、ううん。ちょっと良いこと思いついちゃって」%K%P
「ふふ、ううん。ちょっと良いこと思いついちゃって」%K%P
%LC清佳
%LC清佳
「いいことって……どんなこと？」%K%P
「いいことって……どんなこと？」%K%P
%LC蛍
%LC蛍
「それは秘密」%K%P
「それは秘密」%K%P
首を傾げる清佳ちゃんに僕は微笑み返す。%K%P
首を傾げる清佳ちゃんに僕は微笑み返す。%K%P
%LC蛍
%LC蛍
「清佳ちゃん。夏休みはうんと遊ぼうね？」%K%P
「清佳ちゃん。夏休みはうんと遊ぼうね？」%K%P
%LC清佳
%LC清佳
「えっ！？　え、ええ、もちろん……！」%K%P
「えっ！？　え、ええ、もちろん……！」%K%P
%LC蛍
%LC蛍
「うんと、イチャイチャもしようね？」%K%P
「うんと、イチャイチャもしようね？」%K%P
%LC清佳
%LC清佳
「ほげっ！？　イイイ、イチャイチャって……！！」%K%P
「ほげっ！？　イイイ、イチャイチャって……！！」%K%P
微笑みかけると、清佳ちゃんはかーっと顔を赤くして\n今にものぼせちゃいそうな様子で照れた。%K%P
微笑みかけると、清佳ちゃんはかーっと顔を赤くして\n今にものぼせちゃいそうな様子で照れた。%K%P
{蛍:ほたる}の一言でそんなにも喜んでくれることが\nとてつもなく嬉しい。%K%P
{蛍:ほたる}の一言でそんなにも喜んでくれることが\nとてつもなく嬉しい。%K%P
となると、やっぱりこれは良い考えだ。\nお姉ちゃんや愛さんに相談して協力してもらおう。%K%P
となると、やっぱりこれは良い考えだ。\nお姉ちゃんや愛さんに相談して協力してもらおう。%K%P
あの料理教室を、春樹として清佳ちゃんと接する\n最後の時間にするんだ――%K%P
あの料理教室を、春樹として清佳ちゃんと接する\n最後の時間にするんだ――%K%P
