%LC春樹
%LC春樹
「……とんでもないことをしてしまった……」%K%P
「……とんでもないことをしてしまった……」%K%P
%LC清佳
%LC清佳
「……羽目を外しすぎたわね……」%K%P
「……羽目を外しすぎたわね……」%K%P
観覧車から降りたところで猛省する。%K%P
観覧車から降りたところで猛省する。%K%P
ゴンドラ内でエッチしていたことはキャストさんには\nバレてなかったみたいでお咎めはなかった。%K%P
ゴンドラ内でエッチしていたことはキャストさんには\nバレてなかったみたいでお咎めはなかった。%K%P
快感で上の空になっていた僕を\n清佳ちゃんが着替えさせてくれたのも一因かもしれない。%K%P
快感で上の空になっていた僕を\n清佳ちゃんが着替えさせてくれたのも一因かもしれない。%K%P
%LC清佳
%LC清佳
「時と場所は考えるべきね……。\n　流石にモラルがなってなかったわ……」%K%P
「時と場所は考えるべきね……。\n　流石にモラルがなってなかったわ……」%K%P
%LC春樹
%LC春樹
「そうだね……。今度から気を付けよう」%K%P
「そうだね……。今度から気を付けよう」%K%P
罪滅ぼしじゃないけどゴンドラは綺麗に掃除したし、\n窓を開けて空気の入れ換えもしっかりした。%K%P
罪滅ぼしじゃないけどゴンドラは綺麗に掃除したし、\n窓を開けて空気の入れ換えもしっかりした。%K%P
迷惑をかけていないと信じたい。%K%P
迷惑をかけていないと信じたい。%K%P
%LC清佳
%LC清佳
「それより愛と千鶴さんはどこへ行ったのかしら……。\n　この辺りで待ってるって言ってたはずだけど」%K%P
「それより愛と千鶴さんはどこへ行ったのかしら……。\n　この辺りで待ってるって言ってたはずだけど」%K%P
%LC春樹
%LC春樹
「あっ。あそこじゃない？」%K%P
「あっ。あそこじゃない？」%K%P
待ち合わせ場所近くのフードコートに\n座っている二人を見つけて指さす。%K%P
待ち合わせ場所近くのフードコートに\n座っている二人を見つけて指さす。%K%P
%LC清佳
%LC清佳
「本当だ。まったくもう。\n　待つ場所変えたなら連絡寄越しなさいってば」%K%P
「本当だ。まったくもう。\n　待つ場所変えたなら連絡寄越しなさいってば」%K%P
%LC愛
%LC愛
「……なるほど。手違いだった、と」%K%P
「……なるほど。手違いだった、と」%K%P
%LC女性
%LC女性
「ええ。ですからお嬢様にも――」%K%P
「ええ。ですからお嬢様にも――」%K%P
%LC清佳
%LC清佳
「愛。こんなところにいたの――って。\n　そちらはどなたかしら？」%K%P
「愛。こんなところにいたの――って。\n　そちらはどなたかしら？」%K%P
%LC千鶴
%LC千鶴
「あ。清佳ちゃん。やー、実はさー……」%K%P
「あ。清佳ちゃん。やー、実はさー……」%K%P
二人と話していた女性を見やる。\n彼女は清佳ちゃんを見ると慌てて立ち上がった。%K%P
二人と話していた女性を見やる。\n彼女は清佳ちゃんを見ると慌てて立ち上がった。%K%P
%LC女性
%LC女性
「お世話になっております……！\n　私、責任者の関口と申しまして。この度は私どもの\n　企画にご参加頂きまして、ありがとうございます」%K%P
「お世話になっております……！\n　私、責任者の関口と申しまして。この度は私どもの\n　企画にご参加頂きまして、ありがとうございます」%K%P
%LC清佳
%LC清佳
「ああ。こちらこそありがとうございます。\n　仕事だとは思えないほど楽しませて頂きました」%K%P
「ああ。こちらこそありがとうございます。\n　仕事だとは思えないほど楽しませて頂きました」%K%P
%LC女性
%LC女性
「いえいえ……！　ご挨拶が遅れてしまい、\n　申し訳ございません……！　まさか楠家の\n　お嬢様にご参加頂けていたとは……！」%K%P
「いえいえ……！　ご挨拶が遅れてしまい、\n　申し訳ございません……！　まさか楠家の\n　お嬢様にご参加頂けていたとは……！」%K%P
あからさまにへりくだった様子で、\n責任者を名乗る女性が柔和な笑みを清佳ちゃんへ向ける。%K%P
あからさまにへりくだった様子で、\n責任者を名乗る女性が柔和な笑みを清佳ちゃんへ向ける。%K%P
%LC清佳
%LC清佳
「そうかしこまらないで下さい。\n　今日は単なる学生として参加させて頂いただけですから」%K%P
「そうかしこまらないで下さい。\n　今日は単なる学生として参加させて頂いただけですから」%K%P
%LC清佳
%LC清佳
「恥ずかしながら予選も落ちてしまいましたし」%K%P
「恥ずかしながら予選も落ちてしまいましたし」%K%P
%LC女性
%LC女性
「そちらのお話なのですけどね？\n　実は手違いがありまして……！\n　お嬢様にも本戦へ出場して頂きたいのです！」%K%P
「そちらのお話なのですけどね？\n　実は手違いがありまして……！\n　お嬢様にも本戦へ出場して頂きたいのです！」%K%P
%LC清佳
%LC清佳
「……は？」%K%P
「……は？」%K%P
%LC女性
%LC女性
「お嬢様の撮られたＰＲ動画を改めて拝見したんです。\n　素晴らしいものでした！　断トツの一位ですよ！\n　どうやらスタッフがお嬢様の動画を見逃していたようで」%K%P
「お嬢様の撮られたＰＲ動画を改めて拝見したんです。\n　素晴らしいものでした！　断トツの一位ですよ！\n　どうやらスタッフがお嬢様の動画を見逃していたようで」%K%P
%LC清佳
%LC清佳
「…………」%K%P
「…………」%K%P
明らかな忖度だった。\nそれを聞いた清佳ちゃんが笑顔を硬くする。%K%P
明らかな忖度だった。\nそれを聞いた清佳ちゃんが笑顔を硬くする。%K%P
しかし女性はそんな彼女の変化に気づいていないのか、\n太鼓持ちと手揉みをさらに続けた。%K%P
しかし女性はそんな彼女の変化に気づいていないのか、\n太鼓持ちと手揉みをさらに続けた。%K%P
%LC女性
%LC女性
「いやー、しかし楠グループのご令嬢様に\n　ＰＲして頂けるなんて本当に光栄です！\n　明後日のチャペルでの撮影が楽しみですよ！」%K%P
「いやー、しかし楠グループのご令嬢様に\n　ＰＲして頂けるなんて本当に光栄です！\n　明後日のチャペルでの撮影が楽しみですよ！」%K%P
%LC清佳
%LC清佳
「……ふふ。ありがとうございます。\n　ご期待に添えるよう全力で取り組みますね」%K%P
「……ふふ。ありがとうございます。\n　ご期待に添えるよう全力で取り組みますね」%K%P
%LC春樹
%LC春樹
「清佳ちゃん……」%K%P
「清佳ちゃん……」%K%P
いいの？　と暗に尋ねる。%K%P
いいの？　と暗に尋ねる。%K%P
%LC清佳
%LC清佳
「……仕方ないわ。ここで断れば彼女も上から\n　叱責を受けるだろうし。受けるしかないわ」%K%P
「……仕方ないわ。ここで断れば彼女も上から\n　叱責を受けるだろうし。受けるしかないわ」%K%P
清佳ちゃんが大きくため息をついて肩を竦める。%K%P
清佳ちゃんが大きくため息をついて肩を竦める。%K%P
その悲しげな笑みは幼い頃の\n寂しそうにしていた彼女を思い出させた。%K%P
その悲しげな笑みは幼い頃の\n寂しそうにしていた彼女を思い出させた。%K%P
