――なんて、あの時は思っていたけれど。%K%P
――なんて、あの時は思っていたけれど。%K%P
%LC清佳
%LC清佳
「ふふ。なんだか緊張しちゃうわね？\n　まるで結婚式の前撮りに来てるみたい」%K%P
「ふふ。なんだか緊張しちゃうわね？\n　まるで結婚式の前撮りに来てるみたい」%K%P
%LC春樹
%LC春樹
「そ、そうだね」%K%P
「そ、そうだね」%K%P
――ドキドキが止まらない。\n清佳ちゃん、本当に綺麗で……。%K%P
――ドキドキが止まらない。\n清佳ちゃん、本当に綺麗で……。%K%P
%LC愛
%LC愛
「馬子にも衣装ですね。\n　お似合いですよ、清佳様」%K%P
「馬子にも衣装ですね。\n　お似合いですよ、清佳様」%K%P
%LC清佳
%LC清佳
「褒めてるのか貶してるのかどっちよ」%K%P
「褒めてるのか貶してるのかどっちよ」%K%P
%LC愛
%LC愛
「褒めてますよ。春樹様もよくお似合いです」%K%P
「褒めてますよ。春樹様もよくお似合いです」%K%P
%LC春樹
%LC春樹
「あ、ありがとう」%K%P
「あ、ありがとう」%K%P
%LC清佳
%LC清佳
「というか愛。春樹くんの前でキャラ作るのやめたのね」%K%P
「というか愛。春樹くんの前でキャラ作るのやめたのね」%K%P
%LC愛
%LC愛
「最早キャラを作る必要もなくなりましたしね。\n　愛が本気を出すと春樹様を寝取ってしまいますから」%K%P
「最早キャラを作る必要もなくなりましたしね。\n　愛が本気を出すと春樹様を寝取ってしまいますから」%K%P
%LC清佳
%LC清佳
「愛なんぞに私の春樹くんは寝取られないわよ！」%K%P
「愛なんぞに私の春樹くんは寝取られないわよ！」%K%P
二人の会話を聞きながら心を落ち着ける。%K%P
二人の会話を聞きながら心を落ち着ける。%K%P
硬くなり過ぎちゃダメ。\n今こそ男らしい姿を見せないと……！%K%P
硬くなり過ぎちゃダメ。\n今こそ男らしい姿を見せないと……！%K%P
%LC千鶴
%LC千鶴
「春樹春樹、怖い顔しすぎだってば。\n　んな顔で幸せいっぱいウェディングすんの？\n　リラーックス、リラーックス」%K%P
「春樹春樹、怖い顔しすぎだってば。\n　んな顔で幸せいっぱいウェディングすんの？\n　リラーックス、リラーックス」%K%P
%LC春樹
%LC春樹
「っっ。そうだね――コホン。\n　ありがとう。お姉ちゃん」%K%P
「っっ。そうだね――コホン。\n　ありがとう。お姉ちゃん」%K%P
%LC春樹
%LC春樹
「とりあえずＰＲコンテストについて確認しよっか。\n　それで、この後どうするか決めよう」%K%P
「とりあえずＰＲコンテストについて確認しよっか。\n　それで、この後どうするか決めよう」%K%P
%LC清佳
%LC清佳
「ええ、そうね。私もそれがいいと思うわ」%K%P
「ええ、そうね。私もそれがいいと思うわ」%K%P
ＰＲコンテストは予選と本選に分かれるらしい。%K%P
ＰＲコンテストは予選と本選に分かれるらしい。%K%P
予選は遊園地内でＰＲ動画を撮り、その動画で評価を得た\n上位３ペアが後日チャペルで行われる本戦に進むとの事だ。%K%P
予選は遊園地内でＰＲ動画を撮り、その動画で評価を得た\n上位３ペアが後日チャペルで行われる本戦に進むとの事だ。%K%P
%LC清佳
%LC清佳
「つまり、チャペルで式を挙げるには、\n　予選を勝ち残らないといけないってわけですよね？」%K%P
「つまり、チャペルで式を挙げるには、\n　予選を勝ち残らないといけないってわけですよね？」%K%P
%LCスタッフ
%LCスタッフ
「そ、そうなります」%K%P
「そ、そうなります」%K%P
改めて説明をしてくれていたスタッフの女性が\n清佳ちゃんにおっかなびっくり頷く。%K%P
改めて説明をしてくれていたスタッフの女性が\n清佳ちゃんにおっかなびっくり頷く。%K%P
%LC清佳
%LC清佳
「なるほど……。これは気を抜けないわよ、春樹くん！\n　私たちの幸せな結婚式を手に入れるためにもね……！」%K%P
「なるほど……。これは気を抜けないわよ、春樹くん！\n　私たちの幸せな結婚式を手に入れるためにもね……！」%K%P
%LC春樹
%LC春樹
「何度も言うけどあくまでＰＲだからね？\n　本当の結婚式じゃないから」%K%P
「何度も言うけどあくまでＰＲだからね？\n　本当の結婚式じゃないから」%K%P
%LC清佳
%LC清佳
「わかってるわよ。でもせっかくの機会なんだし、\n　とことん味わい尽くしたいじゃない」%K%P
「わかってるわよ。でもせっかくの機会なんだし、\n　とことん味わい尽くしたいじゃない」%K%P
%LC清佳
%LC清佳
「それともあなたは……ふふ。\n　私とチャペルの前で愛を誓い合いたくないの？」%K%P
「それともあなたは……ふふ。\n　私とチャペルの前で愛を誓い合いたくないの？」%K%P
%LC春樹
%LC春樹
「そんなことないよ！\n　もちろん誓い合いたいさ……！」%K%P
「そんなことないよ！\n　もちろん誓い合いたいさ……！」%K%P
%LC清佳
%LC清佳
「なら予選を突破するしかないわね。\n　私たちのラブラブな姿、ばっちり撮ってもらいましょ？」%K%P
「なら予選を突破するしかないわね。\n　私たちのラブラブな姿、ばっちり撮ってもらいましょ？」%K%P
%LC春樹
%LC春樹
「う、うんっ」%K%P
「う、うんっ」%K%P
%LCスタッフ
%LCスタッフ
「あ、あの。では私は……」%K%P
「あ、あの。では私は……」%K%P
%LC清佳
%LC清佳
「はい。ありがとうございます。\n　すみません。何度も説明して頂いて」%K%P
「はい。ありがとうございます。\n　すみません。何度も説明して頂いて」%K%P
%LCスタッフ
%LCスタッフ
「いえ！！　それでは失礼します……！」%K%P
「いえ！！　それでは失礼します……！」%K%P
あからさまに畏縮したまま\n逃げるようにスタッフの女性が去って行く。%K%P
あからさまに畏縮したまま\n逃げるようにスタッフの女性が去って行く。%K%P
%LC清佳
%LC清佳
「はぁ……。気を遣わなくていいって言ったのに。\n　上手くいかないものね」%K%P
「はぁ……。気を遣わなくていいって言ったのに。\n　上手くいかないものね」%K%P
%LC愛
%LC愛
「仕方ありませんよ。楠グループの令嬢が\n　飛び入り参加してきたとなればこうなります」%K%P
「仕方ありませんよ。楠グループの令嬢が\n　飛び入り参加してきたとなればこうなります」%K%P
%LC清佳
%LC清佳
「だとしても、あそこまで怯えなくても。\n　私を人食い鬼か何かと勘違いしてるんじゃないかしら」%K%P
「だとしても、あそこまで怯えなくても。\n　私を人食い鬼か何かと勘違いしてるんじゃないかしら」%K%P
%LC愛
%LC愛
「…………。仕方ありませんよ」%K%P
「…………。仕方ありませんよ」%K%P
%LC清佳
%LC清佳
「あ゛？　見えるってか？\n　私が人食い鬼に見えるってか！？」%K%P
「あ゛？　見えるってか？\n　私が人食い鬼に見えるってか！？」%K%P
%LC愛
%LC愛
「お婿様の前でございますよ、清佳様」%K%P
「お婿様の前でございますよ、清佳様」%K%P
%LC春樹
%LC春樹
「あはは……。相変わらず仲がいいね……」%K%P
「あはは……。相変わらず仲がいいね……」%K%P
まぁ清佳ちゃんの機嫌を損ねないようにと怖がる\nスタッフさんの気持ちもわからないではない。%K%P
まぁ清佳ちゃんの機嫌を損ねないようにと怖がる\nスタッフさんの気持ちもわからないではない。%K%P
忘れがちだけど清佳ちゃんは日本有数の資産家の娘だ。\nだからこそ僕も彼女に釣り合うような男にならないと。%K%P
忘れがちだけど清佳ちゃんは日本有数の資産家の娘だ。\nだからこそ僕も彼女に釣り合うような男にならないと。%K%P
%LC春樹
%LC春樹
「ともかく行こっか。撮影映えしそうな場所探そう？」%K%P
「ともかく行こっか。撮影映えしそうな場所探そう？」%K%P
%LC清佳
%LC清佳
「あ……」%K%P
「あ……」%K%P
エスコートするように、\nそっと清佳ちゃんの手を握って歩き始める。%K%P
エスコートするように、\nそっと清佳ちゃんの手を握って歩き始める。%K%P
%LC清佳
%LC清佳
「ふふっ、ええ。どこがいいかしら」%K%P
「ふふっ、ええ。どこがいいかしら」%K%P
%LC春樹
%LC春樹
「わわ。くっつきすぎだよ」%K%P
「わわ。くっつきすぎだよ」%K%P
%LC清佳
%LC清佳
「いいじゃない、花嫁と花婿なんだから。\n　春樹くんと恋人になってからの初デートだし、ね？」%K%P
「いいじゃない、花嫁と花婿なんだから。\n　春樹くんと恋人になってからの初デートだし、ね？」%K%P
%LC清佳
%LC清佳
「だからめいっぱい、ぎゅ〜……！\n　デートも楽しみたいと思ってるの」%K%P
「だからめいっぱい、ぎゅ〜……！\n　デートも楽しみたいと思ってるの」%K%P
嬉しそうに破顔して、清佳ちゃんが腕に抱きついてくる。\nか、可愛い……。嬉しい……。%K%P
嬉しそうに破顔して、清佳ちゃんが腕に抱きついてくる。\nか、可愛い……。嬉しい……。%K%P
%LC清佳
%LC清佳
「あ……も、もう。見つめすぎよ……。\n　そんなに見つめられると……」%K%P
「あ……も、もう。見つめすぎよ……。\n　そんなに見つめられると……」%K%P
%LC春樹
%LC春樹
「見つめられると……？」%K%P
「見つめられると……？」%K%P
%LC清佳
%LC清佳
「ちゅ……ん。……キスしたくなっちゃうじゃない」%K%P
「ちゅ……ん。……キスしたくなっちゃうじゃない」%K%P
%LC春樹
%LC春樹
「〜〜っっ」%K%P
「〜〜っっ」%K%P
これはマズい。幸せすぎてマズい。%K%P
これはマズい。幸せすぎてマズい。%K%P
僕の今日の一番の目標は撮影中、\n勃起せずにいることになりそうだ……！%K%P
僕の今日の一番の目標は撮影中、\n勃起せずにいることになりそうだ……！%K%P
%LC千鶴
%LC千鶴
「……あたしら今日一日\n　このイチャつきっぷりを見せつけられんの？」%K%P
「……あたしら今日一日\n　このイチャつきっぷりを見せつけられんの？」%K%P
%LC愛
%LC愛
「残念ですがそうでしょうね。まぁ、ふふ、\n　色々あった割に幸せそうで何よりでございますが」%K%P
「残念ですがそうでしょうね。まぁ、ふふ、\n　色々あった割に幸せそうで何よりでございますが」%K%P
%LC清佳
%LC清佳
「あ、見て春樹くん。アレなんかいいんじゃない？」%K%P
「あ、見て春樹くん。アレなんかいいんじゃない？」%K%P
%LC春樹
%LC春樹
「コーヒーカップだね。確かに撮影向きだとは思うけど。\n　あれはやめておいた方がいいと思うよ」%K%P
「コーヒーカップだね。確かに撮影向きだとは思うけど。\n　あれはやめておいた方がいいと思うよ」%K%P
%LC清佳
%LC清佳
「あら。どうして？」%K%P
「あら。どうして？」%K%P
%LC春樹
%LC春樹
「ほら清佳さんって乗り物酔いするじゃない。\n　きっと具合悪くしちゃうよ」%K%P
「ほら清佳さんって乗り物酔いするじゃない。\n　きっと具合悪くしちゃうよ」%K%P
%LC清佳
%LC清佳
「春樹くん……！　素敵な気づかいだわ、ありがとう。\n　やっぱり蛍の時の優しさは変わってないわね」%K%P
「春樹くん……！　素敵な気づかいだわ、ありがとう。\n　やっぱり蛍の時の優しさは変わってないわね」%K%P
%LC春樹
%LC春樹
「も、もう。イチイチそういうこと言わなくていいってば」%K%P
「も、もう。イチイチそういうこと言わなくていいってば」%K%P
%LC清佳
%LC清佳
「照れなくたっていいのに。嬉しいんだから」%K%P
「照れなくたっていいのに。嬉しいんだから」%K%P
なんだかもう花嫁姿の清佳ちゃんと\nただただ遊園地デートしている気分になってくる。%K%P
なんだかもう花嫁姿の清佳ちゃんと\nただただ遊園地デートしている気分になってくる。%K%P
これでいいのかな？　でも、うん。\n幸せだからよしとしよう。%K%P
これでいいのかな？　でも、うん。\n幸せだからよしとしよう。%K%P
%LC春樹
%LC春樹
「と……。なんだろ、あのざわつき」%K%P
「と……。なんだろ、あのざわつき」%K%P
撮影場所を探して園内を練り歩いていると、\nやや遠くからキャーと黄色い声が聞こえてきた。%K%P
撮影場所を探して園内を練り歩いていると、\nやや遠くからキャーと黄色い声が聞こえてきた。%K%P
%LC愛
%LC愛
「どうやら別の参加者のようですね。\n　一般客が物珍しがっているのでしょう」%K%P
「どうやら別の参加者のようですね。\n　一般客が物珍しがっているのでしょう」%K%P
%LC千鶴
%LC千鶴
「こんだけ花嫁と花婿が遊園地を歩いてたらねー。\n　想像してたより参加者多かったし」%K%P
「こんだけ花嫁と花婿が遊園地を歩いてたらねー。\n　想像してたより参加者多かったし」%K%P
確かに僕らと同じくドレスやタキシードを着た人が\nざっと見回しただけでも複数組、目に入った。%K%P
確かに僕らと同じくドレスやタキシードを着た人が\nざっと見回しただけでも複数組、目に入った。%K%P
清佳ちゃんとのデートに浮かれちゃってたけど、\nあの人たちと張り合わないといけないんだよね。%K%P
清佳ちゃんとのデートに浮かれちゃってたけど、\nあの人たちと張り合わないといけないんだよね。%K%P
%LC千鶴
%LC千鶴
「ブライダルハウスとしては是が非でも\n　勝ち取りたい話だろうしねー。\n　自社のＰＲにもなるわけだし」%K%P
「ブライダルハウスとしては是が非でも\n　勝ち取りたい話だろうしねー。\n　自社のＰＲにもなるわけだし」%K%P
%LC春樹
%LC春樹
「そうだよね……。仕事なのに浮かれちゃってたや」%K%P
「そうだよね……。仕事なのに浮かれちゃってたや」%K%P
%LC清佳
%LC清佳
「ええ、私も……」%K%P
「ええ、私も……」%K%P
幸せな気分でいるのは大切だけど、\n羽目を外し過ぎちゃダメだよね。%K%P
幸せな気分でいるのは大切だけど、\n羽目を外し過ぎちゃダメだよね。%K%P
にしても……他の花婿さんたち、\nモデルなだけあってすっごく格好いいな。%K%P
にしても……他の花婿さんたち、\nモデルなだけあってすっごく格好いいな。%K%P
身長も高いし、顔も精悍というか男らしいし、\n同性の僕から見ても魅力的に見える。%K%P
身長も高いし、顔も精悍というか男らしいし、\n同性の僕から見ても魅力的に見える。%K%P
それに引き替え僕は身長も低いし、童顔だし――……%K%P
それに引き替え僕は身長も低いし、童顔だし――……%K%P
%LC清佳
%LC清佳
「どうしたの、春樹くん？」%K%P
「どうしたの、春樹くん？」%K%P
%LC春樹
%LC春樹
「あ、いや。なんでもない……！\n　僕、じゃなくて、俺たちも気合い入れていこう！」%K%P
「あ、いや。なんでもない……！\n　僕、じゃなくて、俺たちも気合い入れていこう！」%K%P
%LC清佳
%LC清佳
「ええ、もちろんよ。この機会を与えてくれた\n　ブライダルハウスさんに報いましょ！」%K%P
「ええ、もちろんよ。この機会を与えてくれた\n　ブライダルハウスさんに報いましょ！」%K%P
そうだ、しょぼくれている場合じゃない！%K%P
そうだ、しょぼくれている場合じゃない！%K%P
申し訳ないけど清佳ちゃんより可愛い花嫁さんは\n見当たらないし、後は僕がしっかりすればいいだけだ。%K%P
申し訳ないけど清佳ちゃんより可愛い花嫁さんは\n見当たらないし、後は僕がしっかりすればいいだけだ。%K%P
男らしく清佳ちゃんをエスコートして、\n幸せいっぱいなウェディング動画を撮ろう！%K%P
男らしく清佳ちゃんをエスコートして、\n幸せいっぱいなウェディング動画を撮ろう！%K%P
%LC清佳
%LC清佳
「ふむふむ。他の組を見る限り、場所への拘りは勿論\n　パフォーマンスにも気を遣ってるみたいね」%K%P
「ふむふむ。他の組を見る限り、場所への拘りは勿論\n　パフォーマンスにも気を遣ってるみたいね」%K%P
%LC春樹
%LC春樹
「ホントだ。わっ、すごい」%K%P
「ホントだ。わっ、すごい」%K%P
視線の先では映画のワンシーンのように\n花婿が花嫁を抱っこしながらクルクルと回っていた。%K%P
視線の先では映画のワンシーンのように\n花婿が花嫁を抱っこしながらクルクルと回っていた。%K%P
純白のドレスが動きに合わせてふわっと靡いて、\nまるで花婿が天使を捕まえたように見える。%K%P
純白のドレスが動きに合わせてふわっと靡いて、\nまるで花婿が天使を捕まえたように見える。%K%P
二人とも幸せそうな笑顔を浮かべていて――\n見ているこっちまで結婚したくなっちゃうや。%K%P
二人とも幸せそうな笑顔を浮かべていて――\n見ているこっちまで結婚したくなっちゃうや。%K%P
%LC清佳
%LC清佳
「プロモーションとしては良い線を行ってるわね。\n　相手にとって不足無しだわ」%K%P
「プロモーションとしては良い線を行ってるわね。\n　相手にとって不足無しだわ」%K%P
%LC春樹
%LC春樹
「そ、そうだね」%K%P
「そ、そうだね」%K%P
僕も同じことを――と思ったけれど、\nあれは身長と相応の腕力がないと無理だ。%K%P
僕も同じことを――と思ったけれど、\nあれは身長と相応の腕力がないと無理だ。%K%P
僕も鍛えてはいるつもりだけど、\n果たして清佳ちゃんの全体重を持ち上げられるかどうか。%K%P
僕も鍛えてはいるつもりだけど、\n果たして清佳ちゃんの全体重を持ち上げられるかどうか。%K%P
%LC清佳
%LC清佳
「見て。あっちは花婿が花嫁をバックハグしてる。\n　わぁ、ほっぺにキスまでしちゃって……」%K%P
「見て。あっちは花婿が花嫁をバックハグしてる。\n　わぁ、ほっぺにキスまでしちゃって……」%K%P
うぅ、あれも花婿さんが男性的な顔つきだから\n絵になるんだよね……。僕がしても良く見えないかも。%K%P
うぅ、あれも花婿さんが男性的な顔つきだから\n絵になるんだよね……。僕がしても良く見えないかも。%K%P
――って、ダメダメ。\nしょぼくれても仕方ないってば……！%K%P
――って、ダメダメ。\nしょぼくれても仕方ないってば……！%K%P
%LC春樹
%LC春樹
「俺たちも何かしてみようっ。\n　負けてられないよっ」%K%P
「俺たちも何かしてみようっ。\n　負けてられないよっ」%K%P
%LC清佳
%LC清佳
「ふふ、気合い十分じゃない。\n　私も燃えてきたわ」%K%P
「ふふ、気合い十分じゃない。\n　私も燃えてきたわ」%K%P
%LC清佳
%LC清佳
「そうと決まれば――春樹くん！\n　私に抱きついてきて！」%K%P
「そうと決まれば――春樹くん！\n　私に抱きついてきて！」%K%P
%LC春樹
%LC春樹
「えっ？　俺が？」%K%P
「えっ？　俺が？」%K%P
%LC清佳
%LC清佳
「いいからいいから」%K%P
「いいからいいから」%K%P
%LC春樹
%LC春樹
「う、うん」%K%P
「う、うん」%K%P
言われたとおり、清佳ちゃんに抱きつく。%K%P
言われたとおり、清佳ちゃんに抱きつく。%K%P
すると――%K%P
すると――%K%P
%LC春樹
%LC春樹
「わわっ！？　わわわわわっっ！！？」%K%P
「わわっ！？　わわわわわっっ！！？」%K%P
%LC春樹
%LC春樹
「――って、どうして俺が回される側なのさ！？」%K%P
「――って、どうして俺が回される側なのさ！？」%K%P
%LC清佳
%LC清佳
「ふふ、私もやってみたくなっちゃって。\n　一度でいいから蛍にああいうことしてあげたかったの！」%K%P
「ふふ、私もやってみたくなっちゃって。\n　一度でいいから蛍にああいうことしてあげたかったの！」%K%P
%LC春樹
%LC春樹
「今は春樹だってばぁ〜」%K%P
「今は春樹だってばぁ〜」%K%P
%LC清佳
%LC清佳
「まぁまぁそう言わずに。ぎゅぅぅ……ちゅっ」%K%P
「まぁまぁそう言わずに。ぎゅぅぅ……ちゅっ」%K%P
そう言って今度は僕をバックハグしながら、\n清佳ちゃんがほっぺにキスをしてきてくれる。%K%P
そう言って今度は僕をバックハグしながら、\n清佳ちゃんがほっぺにキスをしてきてくれる。%K%P
嬉しいけど、これじゃ男女があべこべだ。\nちっとも男らしくない……！%K%P
嬉しいけど、これじゃ男女があべこべだ。\nちっとも男らしくない……！%K%P
%LC愛
%LC愛
「悪くない絵ですね。\n　ビデオカメラ、回しておきましょうか？」%K%P
「悪くない絵ですね。\n　ビデオカメラ、回しておきましょうか？」%K%P
%LC千鶴
%LC千鶴
「やっぱ春樹は受けの方が似合うもんね〜。\n　すっごい可愛いじゃん」%K%P
「やっぱ春樹は受けの方が似合うもんね〜。\n　すっごい可愛いじゃん」%K%P
%LC春樹
%LC春樹
「俺に可愛さは求められてないの！」%K%P
「俺に可愛さは求められてないの！」%K%P
%LC清佳
%LC清佳
「あら。私は求めてるけど」%K%P
「あら。私は求めてるけど」%K%P
%LC春樹
%LC春樹
%XS20「求めなくていいから！」%XE%K%P
%XS20「求めなくていいから！」%XE%K%P
みんな、蛍に引っ張られすぎだよ……！\n花婿は格好良くなきゃいけないんだ。%K%P
みんな、蛍に引っ張られすぎだよ……！\n花婿は格好良くなきゃいけないんだ。%K%P
僕だって男として、清佳ちゃんの花婿として、\n格好良い姿を彼女に見せたい。%K%P
僕だって男として、清佳ちゃんの花婿として、\n格好良い姿を彼女に見せたい。%K%P
今まで蛍として、女の子として接してきた分、\n男らしいところを見せて惚れ直してもらいたい。%K%P
今まで蛍として、女の子として接してきた分、\n男らしいところを見せて惚れ直してもらいたい。%K%P
%LC清佳
%LC清佳
「あ……。あれ素敵かも……」%K%P
「あ……。あれ素敵かも……」%K%P
心の中で決意を新たにしていると、\n清佳ちゃんはまた別のカップルに目を奪われていた。%K%P
心の中で決意を新たにしていると、\n清佳ちゃんはまた別のカップルに目を奪われていた。%K%P
視線を追うと、ベンチに座った花婿さんが\n花嫁さんをお姫様抱っこしている姿が見える。%K%P
視線を追うと、ベンチに座った花婿さんが\n花嫁さんをお姫様抱っこしている姿が見える。%K%P
今までの流れからすると、もしかして――%K%P
今までの流れからすると、もしかして――%K%P
%LC清佳
%LC清佳
「ねっ、春樹くんっ。私もあんな風にあなたを――」%K%P
「ねっ、春樹くんっ。私もあんな風にあなたを――」%K%P
%LC春樹
%LC春樹
「――俺がお姫様だっこしてあげてもいいっ？」%K%P
「――俺がお姫様だっこしてあげてもいいっ？」%K%P
%LC清佳
%LC清佳
「え？　春樹くんが？」%K%P
「え？　春樹くんが？」%K%P
%LC春樹
%LC春樹
「う、うんっ！　俺もああいうの憧れてて……！」%K%P
「う、うんっ！　俺もああいうの憧れてて……！」%K%P
清佳ちゃんが僕を「お姫様抱っこしたい」と\n言い出す前にそう切り出す。%K%P
清佳ちゃんが僕を「お姫様抱っこしたい」と\n言い出す前にそう切り出す。%K%P
きょとんとしている顔を見る限り、\nやっぱり僕にしようとしてたみたいだ。%K%P
きょとんとしている顔を見る限り、\nやっぱり僕にしようとしてたみたいだ。%K%P
%LC清佳
%LC清佳
「……ふふ。もちろん、いいわよ？\n　じゃあ抱っこしてもらっちゃおうかしら」%K%P
「……ふふ。もちろん、いいわよ？\n　じゃあ抱っこしてもらっちゃおうかしら」%K%P
%LC春樹
%LC春樹
「任せてよっ」%K%P
「任せてよっ」%K%P
思っていたよりもすんなりと頷いてくれた。\nもしかしたら僕の気持ちを汲んでくれたのかもしれない。%K%P
思っていたよりもすんなりと頷いてくれた。\nもしかしたら僕の気持ちを汲んでくれたのかもしれない。%K%P
やる気も俄然出てくる。\n清佳ちゃんをどうにかもっと喜ばせてあげたい。%K%P
やる気も俄然出てくる。\n清佳ちゃんをどうにかもっと喜ばせてあげたい。%K%P
%LC清佳
%LC清佳
「じゃあ……またエスコートしてくれるかしら。\n　私の王子様？」%K%P
「じゃあ……またエスコートしてくれるかしら。\n　私の王子様？」%K%P
%LC春樹
%LC春樹
「王子さ――うんっ！」%K%P
「王子さ――うんっ！」%K%P
王子様と言ってもらってドキっとしてしまう。%K%P
王子様と言ってもらってドキっとしてしまう。%K%P
僕にできるかな。王子様らしいエスコートが。\n――ううん、ここで弱気になってどうするっ。%K%P
僕にできるかな。王子様らしいエスコートが。\n――ううん、ここで弱気になってどうするっ。%K%P
やってみせるぞ……！\n僕のお姫様をうんと幸せにしてみせる……！%K%P
やってみせるぞ……！\n僕のお姫様をうんと幸せにしてみせる……！%K%P
%LC春樹
%LC春樹
「あっ、そうだ――」%K%P
「あっ、そうだ――」%K%P
%LC清佳
%LC清佳
「どうしたの？」%K%P
「どうしたの？」%K%P
%LC春樹
%LC春樹
「いいこと思いついたよ、清佳さん！\n　王子様とお姫様なら、こういうのはどうかなっ？」%K%P
「いいこと思いついたよ、清佳さん！\n　王子様とお姫様なら、こういうのはどうかなっ？」%K%P
頭に浮かんだ妙案を清佳ちゃんに相談する。%K%P
頭に浮かんだ妙案を清佳ちゃんに相談する。%K%P
%LC清佳
%LC清佳
「……なるほど。確かにいい考えかもしれないわね！」%K%P
「……なるほど。確かにいい考えかもしれないわね！」%K%P
%LC春樹
%LC春樹
「でしょ？　よーし、そうと決まれば行こう！」%K%P
「でしょ？　よーし、そうと決まれば行こう！」%K%P
%LC清佳
%LC清佳
「でも大丈夫？　さっきの案だと春樹くんが辛くない？」%K%P
「でも大丈夫？　さっきの案だと春樹くんが辛くない？」%K%P
%LC春樹
%LC春樹
「心配しないで。これでも一応鍛えてるから」%K%P
「心配しないで。これでも一応鍛えてるから」%K%P
%LC清佳
%LC清佳
「うーん……。でもやっぱり――」%K%P
「うーん……。でもやっぱり――」%K%P
%LC春樹
%LC春樹
「いいからいいから。俺に任せてよ！」%K%P
「いいからいいから。俺に任せてよ！」%K%P
%LC清佳
%LC清佳
「わわっ。そんなに慌てなくてもいいってば。\n　あんまり早く歩かれると裾踏んじゃう……！」%K%P
「わわっ。そんなに慌てなくてもいいってば。\n　あんまり早く歩かれると裾踏んじゃう……！」%K%P
清佳ちゃんの手を引いて、\nとあるアトラクションへと向かう。%K%P
清佳ちゃんの手を引いて、\nとあるアトラクションへと向かう。%K%P
%LC清佳
%LC清佳
「ホントに大丈夫……？　重くない……？」%K%P
「ホントに大丈夫……？　重くない……？」%K%P
%LC春樹
%LC春樹
「だ、大丈夫……！　鍛えてるって、言ったでしょ……！」%K%P
「だ、大丈夫……！　鍛えてるって、言ったでしょ……！」%K%P
%LC清佳
%LC清佳
「でも……腕プルプルしてるわよ？」%K%P
「でも……腕プルプルしてるわよ？」%K%P
%LC春樹
%LC春樹
「大丈夫……！」%K%P
「大丈夫……！」%K%P
メリーゴーランドのお馬の上に乗りながら、\n清佳ちゃんの身体を両手で抱え上げる。%K%P
メリーゴーランドのお馬の上に乗りながら、\n清佳ちゃんの身体を両手で抱え上げる。%K%P
お姫様だっこというヤツだ。\n男らしい人はみんなやってるのを見る。%K%P
お姫様だっこというヤツだ。\n男らしい人はみんなやってるのを見る。%K%P
%LC清佳
%LC清佳
「座ってるとはいえバランスも取りづらいんじゃない？\n　不安定な場所だし……」%K%P
「座ってるとはいえバランスも取りづらいんじゃない？\n　不安定な場所だし……」%K%P
%LC春樹
%LC春樹
「大丈夫……！！」%K%P
「大丈夫……！！」%K%P
%LC清佳
%LC清佳
「気持ちは嬉しいけど、\n　そんな無茶しなくても――」%K%P
「気持ちは嬉しいけど、\n　そんな無茶しなくても――」%K%P
%LC春樹
%LC春樹
%XS20「――してないってば！」%XE%K%P
%XS20「――してないってば！」%XE%K%P
%LC春樹
%LC春樹
「俺にだってできるから……！\n　大好きな人をお姫様だっこするくらい……！」%K%P
「俺にだってできるから……！\n　大好きな人をお姫様だっこするくらい……！」%K%P
%LC清佳
%LC清佳
「春樹くん……」%K%P
「春樹くん……」%K%P
これでも毎日こっそり筋トレはしてきたんだ。\n筋肉が付きづらい体質なのか力こぶもできないけど。%K%P
これでも毎日こっそり筋トレはしてきたんだ。\n筋肉が付きづらい体質なのか力こぶもできないけど。%K%P
それでも、僕だって――……！！%K%P
それでも、僕だって――……！！%K%P
%LC清佳
%LC清佳
「ふふ。なら、せめてもっと笑いなさい」%K%P
「ふふ。なら、せめてもっと笑いなさい」%K%P
清佳ちゃんはおかしそうにクスクス笑うと、\nそう僕に囁いてくれる。%K%P
清佳ちゃんはおかしそうにクスクス笑うと、\nそう僕に囁いてくれる。%K%P
%LC清佳
%LC清佳
「そんな必死な顔でお姫様を\n　だっこする王子様はいないわ。\n　もっと幸せそうに抱えてもらわないと」%K%P
「そんな必死な顔でお姫様を\n　だっこする王子様はいないわ。\n　もっと幸せそうに抱えてもらわないと」%K%P
%LC春樹
%LC春樹
「あ……、清佳さん……」%K%P
「あ……、清佳さん……」%K%P
%LC清佳
%LC清佳
「遠慮せずにもっと抱きしめていいから。\n　その方が力も入るでしょ？」%K%P
「遠慮せずにもっと抱きしめていいから。\n　その方が力も入るでしょ？」%K%P
%LC清佳
%LC清佳
「私も……ん。大好きな人と、\n　もっともっーとくっつきたいし」%K%P
「私も……ん。大好きな人と、\n　もっともっーとくっつきたいし」%K%P
そう言って清佳ちゃんがより強く僕へ抱きついてくれる。%K%P
そう言って清佳ちゃんがより強く僕へ抱きついてくれる。%K%P
手首から先だけで支えていた体重が\n腕ごと抱きしめる形になって確かに負担が軽くなった。%K%P
手首から先だけで支えていた体重が\n腕ごと抱きしめる形になって確かに負担が軽くなった。%K%P
%LC清佳
%LC清佳
「ほーら。笑いなさいってば。\n　ＰＲにならないでしょ？」%K%P
「ほーら。笑いなさいってば。\n　ＰＲにならないでしょ？」%K%P
%LC清佳
%LC清佳
「私なんて、ふふ。大好きな人に格好良く抱きしめられて\n　変なにやけがとまらないんだから」%K%P
「私なんて、ふふ。大好きな人に格好良く抱きしめられて\n　変なにやけがとまらないんだから」%K%P
幸せいっぱいの笑みで清佳ちゃんが笑いかけてくれる。%K%P
幸せいっぱいの笑みで清佳ちゃんが笑いかけてくれる。%K%P
格好付けようとして無茶をした僕を、\nそれでも愛おしそうに見つめてきてくれる。%K%P
格好付けようとして無茶をした僕を、\nそれでも愛おしそうに見つめてきてくれる。%K%P
……ああ。もうホントに敵わないなぁ。%K%P
……ああ。もうホントに敵わないなぁ。%K%P
僕には勿体ないくらい良い女の子過ぎる。%K%P
僕には勿体ないくらい良い女の子過ぎる。%K%P
%LC春樹
%LC春樹
「ありがとう、清佳さん」%K%P
「ありがとう、清佳さん」%K%P
%LC清佳
%LC清佳
「もう。改まったお礼なんかより、\n　違う言葉が欲しいわ」%K%P
「もう。改まったお礼なんかより、\n　違う言葉が欲しいわ」%K%P
%LC清佳
%LC清佳
「花嫁をこうしてだっこしてるのよ？\n　愛の一つや二つ、囁くべきよ」%K%P
「花嫁をこうしてだっこしてるのよ？\n　愛の一つや二つ、囁くべきよ」%K%P
笑顔で悪戯っぽくウインクしてくれる彼女が愛おしい。\n溢れんばかりの愛が込み上げてくる。%K%P
笑顔で悪戯っぽくウインクしてくれる彼女が愛おしい。\n溢れんばかりの愛が込み上げてくる。%K%P
%LC春樹
%LC春樹
「大好きだよ、清佳さん。愛してる」%K%P
「大好きだよ、清佳さん。愛してる」%K%P
%LC清佳
%LC清佳
「えへへ……。私も愛してるわ」%K%P
「えへへ……。私も愛してるわ」%K%P
%LC清佳
%LC清佳
「あなたのことが……大好き」%K%P
「あなたのことが……大好き」%K%P
お互いにお互いの身体を強く抱きしめる。%K%P
お互いにお互いの身体を強く抱きしめる。%K%P
純白のドレス姿が眩しい。\nただでさえ可愛い清佳ちゃんがもっと可愛く見える。%K%P
純白のドレス姿が眩しい。\nただでさえ可愛い清佳ちゃんがもっと可愛く見える。%K%P
%LC春樹
%LC春樹
「ふふ、確かににやけてきちゃうね。\n　ほっぺが勝手に緩んできちゃう」%K%P
「ふふ、確かににやけてきちゃうね。\n　ほっぺが勝手に緩んできちゃう」%K%P
%LC清佳
%LC清佳
「当たり前よ。こんなに幸せなことをしてるんだから」%K%P
「当たり前よ。こんなに幸せなことをしてるんだから」%K%P
%LC清佳
%LC清佳
「むしろ、こうしてイチャイチャしてる時に\n　他事ばっかり考えてたなんて。許せないわ」%K%P
「むしろ、こうしてイチャイチャしてる時に\n　他事ばっかり考えてたなんて。許せないわ」%K%P
%LC春樹
%LC春樹
「ごめんね。でも今はもう\n　清佳さんのことしか考えてないから」%K%P
「ごめんね。でも今はもう\n　清佳さんのことしか考えてないから」%K%P
撮影のことも忘れてじっと清佳さんを見つめる。\nきっとお姉ちゃんたちが上手く撮ってくれるだろう。%K%P
撮影のことも忘れてじっと清佳さんを見つめる。\nきっとお姉ちゃんたちが上手く撮ってくれるだろう。%K%P
それよりも今は清佳ちゃんのお顔が見たい。\n大好きな人から目を離せない。%K%P
それよりも今は清佳ちゃんのお顔が見たい。\n大好きな人から目を離せない。%K%P
%LC春樹
%LC春樹
「本当の結婚式も……こんな感じなのかな？」%K%P
「本当の結婚式も……こんな感じなのかな？」%K%P
%LC清佳
%LC清佳
「いいえ。きっと、もっと幸せよ」%K%P
「いいえ。きっと、もっと幸せよ」%K%P
%LC春樹
%LC春樹
「うん、そうだね。そうしなくちゃ」%K%P
「うん、そうだね。そうしなくちゃ」%K%P
もう重さは感じなかった。%K%P
もう重さは感じなかった。%K%P
ただ愛しい人に見とれ続けていた。%K%P
ただ愛しい人に見とれ続けていた。%K%P
確かに僕は他の男のモデルさんよりも、\n身長も低いし、顔も整ってないけれど。%K%P
確かに僕は他の男のモデルさんよりも、\n身長も低いし、顔も整ってないけれど。%K%P
それでも――%K%P
それでも――%K%P
%LC清佳
%LC清佳
「ん……ちゅ……」%K%P
「ん……ちゅ……」%K%P
それでも、きっと僕たちが一番愛し合ってる。%K%P
それでも、きっと僕たちが一番愛し合ってる。%K%P
どの参加者よりも一番愛し合ってることは確信できる。%K%P
どの参加者よりも一番愛し合ってることは確信できる。%K%P
%LC清佳
%LC清佳
「……ふふ。これも誰かに見られちゃうのかしら。\n　そう考えると、ちょっぴり恥ずかしいかも」%K%P
「……ふふ。これも誰かに見られちゃうのかしら。\n　そう考えると、ちょっぴり恥ずかしいかも」%K%P
%LC春樹
%LC春樹
「じゃあ、もうやめておく？」%K%P
「じゃあ、もうやめておく？」%K%P
%LC清佳
%LC清佳
「いいえ」%K%P
「いいえ」%K%P
%LC清佳
%LC清佳
「ちゅ……ん」%K%P
「ちゅ……ん」%K%P
%LC清佳
%LC清佳
「まだまだし足りないわ」%K%P
「まだまだし足りないわ」%K%P
清佳ちゃんが僕を抱き寄せてくる。\n僕も負けじと彼女の身体を抱き寄せる。%K%P
清佳ちゃんが僕を抱き寄せてくる。\n僕も負けじと彼女の身体を抱き寄せる。%K%P
そして僕たちはゆっくりと回る\nメリーゴーランドの上で幸せに愛し合い続けた。%K%P
そして僕たちはゆっくりと回る\nメリーゴーランドの上で幸せに愛し合い続けた。%K%P
………………%K%P
………………%K%P
…………%K%P
…………%K%P
……%K%P
……%K%P
%LC春樹
%LC春樹
「わ……もう夕方になっちゃってる」%K%P
「わ……もう夕方になっちゃってる」%K%P
あれから他の場所でも撮影をして、\n着替えを終えて戻った頃には日が傾いていた。%K%P
あれから他の場所でも撮影をして、\n着替えを終えて戻った頃には日が傾いていた。%K%P
思っていたより長い時間、撮影してたんだなぁ。\n全然そんな感じしなかったのに。%K%P
思っていたより長い時間、撮影してたんだなぁ。\n全然そんな感じしなかったのに。%K%P
%LC清佳
%LC清佳
「ごめんなさい、待たせちゃったかしら。\n　ドレスを脱ぐのに手間取っちゃって」%K%P
「ごめんなさい、待たせちゃったかしら。\n　ドレスを脱ぐのに手間取っちゃって」%K%P
%LC春樹
%LC春樹
「あ、ううん。俺もいま来たところだから」%K%P
「あ、ううん。俺もいま来たところだから」%K%P
%LC春樹
%LC春樹
「動画の提出も済ませてきたよ。\n　いま姉さんが結果待ちしてくれてる」%K%P
「動画の提出も済ませてきたよ。\n　いま姉さんが結果待ちしてくれてる」%K%P
%LC清佳
%LC清佳
「まぁ私たちのラブパワーなら予選突破は確実だけどね。\n　適当に座って待ってましょうか」%K%P
「まぁ私たちのラブパワーなら予選突破は確実だけどね。\n　適当に座って待ってましょうか」%K%P
%LC愛
%LC愛
「ラブパワー……。いつの時代のワードセンスですか。\n　かび臭すぎて耳が腐ります」%K%P
「ラブパワー……。いつの時代のワードセンスですか。\n　かび臭すぎて耳が腐ります」%K%P
%LC清佳
%LC清佳
%XS20「愛から聞いた言葉なんだけど！？」%XE%K%P
%XS20「愛から聞いた言葉なんだけど！？」%XE%K%P
%LC春樹
%LC春樹
「あはは……ホントに仲がいいね」%K%P
「あはは……ホントに仲がいいね」%K%P
にしても制服姿も可愛いなぁ……。%K%P
にしても制服姿も可愛いなぁ……。%K%P
%LC愛
%LC愛
「……何を下劣な目を向けているのですか、あなたは」%K%P
「……何を下劣な目を向けているのですか、あなたは」%K%P
%LC愛
%LC愛
「清佳様が制服を着ているのは楠家の令嬢としてではなく\n　一組の学生カップルとして企画に参加している旨を\n　伝えるためなのですよ？」%K%P
「清佳様が制服を着ているのは楠家の令嬢としてではなく\n　一組の学生カップルとして企画に参加している旨を\n　伝えるためなのですよ？」%K%P
%LC愛
%LC愛
「決してあなたを悦ばせるためではありません」%K%P
「決してあなたを悦ばせるためではありません」%K%P
%LC春樹
%LC春樹
「わ、わかってるよ。だから俺も制服で来たわけだし」%K%P
「わ、わかってるよ。だから俺も制服で来たわけだし」%K%P
%LC愛
%LC愛
「でしたら邪な視線を向けるのはおやめ下さい。\n　ただでさえ撮影で幾度も清佳様の唇を\n　レイプしていらっしゃいましたし」%K%P
「でしたら邪な視線を向けるのはおやめ下さい。\n　ただでさえ撮影で幾度も清佳様の唇を\n　レイプしていらっしゃいましたし」%K%P
%LC春樹
%LC春樹
「レ、レイプってそんな」%K%P
「レ、レイプってそんな」%K%P
%LC清佳
%LC清佳
「そうよ愛。祝福してくれてるのか、\n　祝福してくれていないのかどっちなのよ」%K%P
「そうよ愛。祝福してくれてるのか、\n　祝福してくれていないのかどっちなのよ」%K%P
%LC愛
%LC愛
「無論、祝福はしておりますよ。\n　ただ節度はわきまえて頂きたいだけです。\n　盛りのついた犬ではありませんし」%K%P
「無論、祝福はしておりますよ。\n　ただ節度はわきまえて頂きたいだけです。\n　盛りのついた犬ではありませんし」%K%P
%LC清佳
%LC清佳
「全くもう。変なところで硬いんだから。\n　……こういう子が案外エッチにはまるって聞くわよね」%K%P
「全くもう。変なところで硬いんだから。\n　……こういう子が案外エッチにはまるって聞くわよね」%K%P
%LC愛
%LC愛
「はまりませんが。{清佳様:ビッチ}と一緒にしないで下さい」%K%P
「はまりませんが。{清佳様:ビッチ}と一緒にしないで下さい」%K%P
%LC清佳
%LC清佳
「あなた、ホントに口が悪いわね……」%K%P
「あなた、ホントに口が悪いわね……」%K%P
%LC千鶴
%LC千鶴
「――大変大変たいへーんっ！」%K%P
「――大変大変たいへーんっ！」%K%P
三人で話していると、\n不意にお姉ちゃんの声が聞こえてきた。%K%P
三人で話していると、\n不意にお姉ちゃんの声が聞こえてきた。%K%P
%LC春樹
%LC春樹
「姉さん？　どうしたの、血相変えて……」%K%P
「姉さん？　どうしたの、血相変えて……」%K%P
%LC千鶴
%LC千鶴
「はぁ、はぁ……。どうしたもこーしたもないよ……！\n　予選の結果が出てさ……！」%K%P
「はぁ、はぁ……。どうしたもこーしたもないよ……！\n　予選の結果が出てさ……！」%K%P
%LC清佳
%LC清佳
「もしかして有名なモデルさんでも勝ち抜いてきました？\n　私たちのライバルになるような」%K%P
「もしかして有名なモデルさんでも勝ち抜いてきました？\n　私たちのライバルになるような」%K%P
%LC千鶴
%LC千鶴
「う、ううん。そういうわけじゃなくて。\n　それ以前の問題というか……」%K%P
「う、ううん。そういうわけじゃなくて。\n　それ以前の問題というか……」%K%P
%LC春樹
%LC春樹
「？？？　どういうこと？」%K%P
「？？？　どういうこと？」%K%P
%LC千鶴
%LC千鶴
「予選――……落ちちゃったっぽい」%K%P
「予選――……落ちちゃったっぽい」%K%P
%LC春樹
%LC春樹
「え…………？」%K%P
「え…………？」%K%P
%LC清佳
%LC清佳
「わぁすごい。こんなに高くまで上がるのね。\n　人や街がジオラマみたいに見えるわ」%K%P
「わぁすごい。こんなに高くまで上がるのね。\n　人や街がジオラマみたいに見えるわ」%K%P
…………。%K%P
…………。%K%P
%LC清佳
%LC清佳
「もう……いつまで落ち込んでるの？\n　観覧車の中で俯いてたりしたら損よ」%K%P
「もう……いつまで落ち込んでるの？\n　観覧車の中で俯いてたりしたら損よ」%K%P
%LC清佳
%LC清佳
「確かに予選落ちは残念だったけど、\n　私は満足してるわ。あなたと楽しい時間も過ごせたし」%K%P
「確かに予選落ちは残念だったけど、\n　私は満足してるわ。あなたと楽しい時間も過ごせたし」%K%P
%LC清佳
%LC清佳
「だから……ほら。顔を上げて？\n　一緒に外の景色でも眺めましょ？」%K%P
「だから……ほら。顔を上げて？\n　一緒に外の景色でも眺めましょ？」%K%P
%LC清佳
%LC清佳
「ね――蛍？」%K%P
「ね――蛍？」%K%P
%LC蛍
%LC蛍
%XS20「いや、どうして着替えさせられてるのさ！？」%XE%K%P
%XS20「いや、どうして着替えさせられてるのさ！？」%XE%K%P
%LC清佳
%LC清佳
「わ。やっとツッコんだわね。着替えさせたのに\n　あまりにも無反応だったから逆に不安だったわ」%K%P
「わ。やっとツッコんだわね。着替えさせたのに\n　あまりにも無反応だったから逆に不安だったわ」%K%P
予選落ちの知らせを聞いた後――\n僕は何故か女装させられて観覧車に連れてこられていた。%K%P
予選落ちの知らせを聞いた後――\n僕は何故か女装させられて観覧車に連れてこられていた。%K%P
%LC蛍
%LC蛍
「でもヒドいよ、清佳さん……。男としての自信を\n　失いかけてる時に女装させるなんて……」%K%P
「でもヒドいよ、清佳さん……。男としての自信を\n　失いかけてる時に女装させるなんて……」%K%P
本戦に進めなかったのは紛れもなく僕のせいだ。%K%P
本戦に進めなかったのは紛れもなく僕のせいだ。%K%P
清佳ちゃんのレベルは容姿や佇まいを考慮しても、\n他のモデルさんよりも高かった。%K%P
清佳ちゃんのレベルは容姿や佇まいを考慮しても、\n他のモデルさんよりも高かった。%K%P
でも僕が足を引っ張った。%K%P
でも僕が足を引っ張った。%K%P
他の男のモデルさんよりも身長も低くて童顔で――\n男女の結婚式のＰＲに使うには男らしさが\n足りなかったんだろう。%K%P
他の男のモデルさんよりも身長も低くて童顔で――\n男女の結婚式のＰＲに使うには男らしさが\n足りなかったんだろう。%K%P
その結果が予選落ちだ。%K%P
その結果が予選落ちだ。%K%P
%LC蛍
%LC蛍
「女装してなくても普段から女子と間違えられるような\n　男だもんね……。やっぱり僕には男らしさなんて……」%K%P
「女装してなくても普段から女子と間違えられるような\n　男だもんね……。やっぱり僕には男らしさなんて……」%K%P
%LC清佳
%LC清佳
「ふて腐れないの。『僕』って呼んじゃってるわよ？\n　格好付ける気力もなくなっちゃってるの？」%K%P
「ふて腐れないの。『僕』って呼んじゃってるわよ？\n　格好付ける気力もなくなっちゃってるの？」%K%P
%LC清佳
%LC清佳
「私もあなたをヘコましたくて\n　蛍になってもらったわけじゃないわ。\n　むしろ、その反対よ」%K%P
「私もあなたをヘコましたくて\n　蛍になってもらったわけじゃないわ。\n　むしろ、その反対よ」%K%P
%LC蛍
%LC蛍
「その反対って……」%K%P
「その反対って……」%K%P
%LC清佳
%LC清佳
「元気を出してもらいたいと思って。\n　私の恋人は、男としても女としても、\n　こんなに可愛いのよって。ね？」%K%P
「元気を出してもらいたいと思って。\n　私の恋人は、男としても女としても、\n　こんなに可愛いのよって。ね？」%K%P
%LC蛍
%LC蛍
「慰めになってないような……」%K%P
「慰めになってないような……」%K%P
%LC清佳
%LC清佳
「いいから蛍モードに入りなさい。\n　その姿で春樹くんの声色で喋られるとくすぐったいわ」%K%P
「いいから蛍モードに入りなさい。\n　その姿で春樹くんの声色で喋られるとくすぐったいわ」%K%P
%LC蛍
%LC蛍
「はう……。そんなこと言われても……」%K%P
「はう……。そんなこと言われても……」%K%P
清佳ちゃんに言われて渋々声色を変える。\nこの声で話すのも久々だ。%K%P
清佳ちゃんに言われて渋々声色を変える。\nこの声で話すのも久々だ。%K%P
%LC清佳
%LC清佳
「えへへ、久しぶりに蛍と会えた気がする……。\n　そういえば蛍と遊園地でデートするのは初めてね？」%K%P
「えへへ、久しぶりに蛍と会えた気がする……。\n　そういえば蛍と遊園地でデートするのは初めてね？」%K%P
%LC蛍
%LC蛍
「う、うん。そうだね。この前も今日も\n　春樹としてデートしてたから……」%K%P
「う、うん。そうだね。この前も今日も\n　春樹としてデートしてたから……」%K%P
%LC清佳
%LC清佳
「なら……例えばそれが春樹くんとしてじゃなく、\n　蛍としてデートしていたらどうだった？」%K%P
「なら……例えばそれが春樹くんとしてじゃなく、\n　蛍としてデートしていたらどうだった？」%K%P
%LC蛍
%LC蛍
「え？　どういうこと？」%K%P
「え？　どういうこと？」%K%P
%LC清佳
%LC清佳
「ほら私……初めて遊園地に来た時、\n　ものすごい醜態を晒していたじゃない」%K%P
「ほら私……初めて遊園地に来た時、\n　ものすごい醜態を晒していたじゃない」%K%P
%LC清佳
%LC清佳
「乗れもしない乗り物に乗って気持ち悪くなったりとか。\n　あの時あなたは私を介抱してくれたわよね……？」%K%P
「乗れもしない乗り物に乗って気持ち悪くなったりとか。\n　あの時あなたは私を介抱してくれたわよね……？」%K%P
%LC清佳
%LC清佳
「もし蛍としてデートしてたら、\n　同じことはしなかったのかしら？\n　乗り物酔いに苦しむ私を看病したりしなかった？」%K%P
「もし蛍としてデートしてたら、\n　同じことはしなかったのかしら？\n　乗り物酔いに苦しむ私を看病したりしなかった？」%K%P
%LC蛍
%LC蛍
「そ、そんなことはないよ。\n　春樹だろうと蛍だろうと関係ないってば」%K%P
「そ、そんなことはないよ。\n　春樹だろうと蛍だろうと関係ないってば」%K%P
%LC清佳
%LC清佳
「……でしょ？　私もそう思うわ。だって私が\n　好きになったのは、あなたのそういうところだもん」%K%P
「……でしょ？　私もそう思うわ。だって私が\n　好きになったのは、あなたのそういうところだもん」%K%P
%LC清佳
%LC清佳
「人の魅力なんて、それこそ人それぞれよ。\n　あなたにはあなたの男らしさがある。\n　一般論に拘る必要なんてないわ」%K%P
「人の魅力なんて、それこそ人それぞれよ。\n　あなたにはあなたの男らしさがある。\n　一般論に拘る必要なんてないわ」%K%P
%LC清佳
%LC清佳
「確かに予選は落ちちゃったけど……\n　だからといってあなたが落ち込む必要なんてない」%K%P
「確かに予選は落ちちゃったけど……\n　だからといってあなたが落ち込む必要なんてない」%K%P
%LC清佳
%LC清佳
「私は、ちゃんと知ってるから。\n　あなたなりの男らしいところを」%K%P
「私は、ちゃんと知ってるから。\n　あなたなりの男らしいところを」%K%P
ほんのりと頬を赤くしながら、\n清佳ちゃんが微笑みかけてくれる。%K%P
ほんのりと頬を赤くしながら、\n清佳ちゃんが微笑みかけてくれる。%K%P
%LC清佳
%LC清佳
「女装していて誰とも関わりたくなかったはずなのに、\n　寂しそうにしていた私へ声をかけてくれた優しさも」%K%P
「女装していて誰とも関わりたくなかったはずなのに、\n　寂しそうにしていた私へ声をかけてくれた優しさも」%K%P
%LC清佳
%LC清佳
「見ず知らずの私にいきなり友達になってなんて\n　言われて、快く受け止めてくれた思いやりも」%K%P
「見ず知らずの私にいきなり友達になってなんて\n　言われて、快く受け止めてくれた思いやりも」%K%P
%LC清佳
%LC清佳
「私のために、ずっと蛍を演じ続けてくれた献身も」%K%P
「私のために、ずっと蛍を演じ続けてくれた献身も」%K%P
%LC清佳
%LC清佳
「全部、全部、好きよ。あなたの秘密を知った今、\n　それまで以上に愛おしく思える」%K%P
「全部、全部、好きよ。あなたの秘密を知った今、\n　それまで以上に愛おしく思える」%K%P
%LC清佳
%LC清佳
「私にとっては、何よりも格好いいことだって思えるわ」%K%P
「私にとっては、何よりも格好いいことだって思えるわ」%K%P
%LC蛍
%LC蛍
「清佳さん……」%K%P
「清佳さん……」%K%P
%LC清佳
%LC清佳
「ふふ。また口調が戻ってる」%K%P
「ふふ。また口調が戻ってる」%K%P
%LC蛍
%LC蛍
「あ……！　ご、ごめんね」%K%P
「あ……！　ご、ごめんね」%K%P
%LC清佳
%LC清佳
「いいえ。そのままでいい。そのままがいい」%K%P
「いいえ。そのままでいい。そのままがいい」%K%P
%LC清佳
%LC清佳
「あなたが蛍の姿で、春樹くんの声で話してくれると、\n　私もより強く確信できるから」%K%P
「あなたが蛍の姿で、春樹くんの声で話してくれると、\n　私もより強く確信できるから」%K%P
%LC清佳
%LC清佳
「私が好きになったのは、あなたの姿形じゃなくて、\n　心なんだって。はっきりとわかるから」%K%P
「私が好きになったのは、あなたの姿形じゃなくて、\n　心なんだって。はっきりとわかるから」%K%P
清佳ちゃんの綺麗な瞳がじっと僕に向けられる。%K%P
清佳ちゃんの綺麗な瞳がじっと僕に向けられる。%K%P
その目は蛍でもなく、春樹でもなく、\n僕の心を見据えてくれていた。%K%P
その目は蛍でもなく、春樹でもなく、\n僕の心を見据えてくれていた。%K%P
%LC清佳
%LC清佳
「だから男らしくないなんて思わなくていいわ」%K%P
「だから男らしくないなんて思わなくていいわ」%K%P
%LC清佳
%LC清佳
「私にとってあなたは、世界で一番男らしくて、\n　その上格好のいい、大好きな大好きな恋人よ？」%K%P
「私にとってあなたは、世界で一番男らしくて、\n　その上格好のいい、大好きな大好きな恋人よ？」%K%P
%LC蛍
%LC蛍
「うん……。うん……！」%K%P
「うん……。うん……！」%K%P
こんな僕を彼女は全肯定してくれる。\n僕のままでいいと訴えてくれる。%K%P
こんな僕を彼女は全肯定してくれる。\n僕のままでいいと訴えてくれる。%K%P
ああ、そうか。\n僕はずっと勘違いしていたのかも知れない。%K%P
ああ、そうか。\n僕はずっと勘違いしていたのかも知れない。%K%P
男らしくなろうとなんてしなくて良かったんだ。\n無理に自分を変えようとする必要なんてなかったんだ。%K%P
男らしくなろうとなんてしなくて良かったんだ。\n無理に自分を変えようとする必要なんてなかったんだ。%K%P
きっと、それは本当の僕ではないから。\nそんなこと、彼女も望んではいないから。%K%P
きっと、それは本当の僕ではないから。\nそんなこと、彼女も望んではいないから。%K%P
%LC蛍
%LC蛍
「今はまだまだ清佳さんに釣り合うような男じゃ\n　ないかもしれないけど……！　でもきっと、\n　彼女と釣り合うような男らしい人間になるから……！」%K%P
「今はまだまだ清佳さんに釣り合うような男じゃ\n　ないかもしれないけど……！　でもきっと、\n　彼女と釣り合うような男らしい人間になるから……！」%K%P
%LC愛
%LC愛
「……本当に、あなたは何もわかっていませんね」%K%P
「……本当に、あなたは何もわかっていませんね」%K%P
%LC蛍
%LC蛍
「え……？」%K%P
「え……？」%K%P
%LC愛
%LC愛
「その考え方では、いつまで経っても\n　清佳様の心は射止められませんよ」%K%P
「その考え方では、いつまで経っても\n　清佳様の心は射止められませんよ」%K%P
いつか愛さんに言われた言葉を思い出す。%K%P
いつか愛さんに言われた言葉を思い出す。%K%P
そうだ。清佳ちゃんに釣り合う人間になろうとする\nだなんて、烏滸がましい考えだった。%K%P
そうだ。清佳ちゃんに釣り合う人間になろうとする\nだなんて、烏滸がましい考えだった。%K%P
本当の自分を隠して接することの空虚さを、\n大好きな彼女を騙すことの苦痛を知っていたはずなのに。%K%P
本当の自分を隠して接することの空虚さを、\n大好きな彼女を騙すことの苦痛を知っていたはずなのに。%K%P
%LC蛍
%LC蛍
「ありがとう、清佳ちゃん。\n　僕、もう迷わないよ」%K%P
「ありがとう、清佳ちゃん。\n　僕、もう迷わないよ」%K%P
%LC清佳
%LC清佳
「あら。ふふ、急に可愛らしい喋り方になっちゃって」%K%P
「あら。ふふ、急に可愛らしい喋り方になっちゃって」%K%P
%LC清佳
%LC清佳
「でも……うん。もっと素敵になった。\n　とってもあなたらしくて魅力的」%K%P
「でも……うん。もっと素敵になった。\n　とってもあなたらしくて魅力的」%K%P
もう僕は何も偽らない。\nありのままの僕で彼女と接する。%K%P
もう僕は何も偽らない。\nありのままの僕で彼女と接する。%K%P
そのままの僕が好きだと言ってくれる彼女を、\nそのままの僕で幸せにしてみせる。%K%P
そのままの僕が好きだと言ってくれる彼女を、\nそのままの僕で幸せにしてみせる。%K%P
%LC蛍
%LC蛍
「結婚式はチャペルで挙げようね。\n　前撮りもここでしよう。リベンジしてみせるから」%K%P
「結婚式はチャペルで挙げようね。\n　前撮りもここでしよう。リベンジしてみせるから」%K%P
%LC清佳
%LC清佳
「ええ。期待してるわ」%K%P
「ええ。期待してるわ」%K%P
ゴンドラがぐんぐんと高度を増していく。\nけれど外の景色を眺めることはなかった。%K%P
ゴンドラがぐんぐんと高度を増していく。\nけれど外の景色を眺めることはなかった。%K%P
大好きな彼女から目を離すことができなかった。%K%P
大好きな彼女から目を離すことができなかった。%K%P
%LC清佳
%LC清佳
「ちゅ……ん……」%K%P
「ちゅ……ん……」%K%P
おもむろに唇を重ねる。\n何も言わずに彼女が応えてくれる。%K%P
おもむろに唇を重ねる。\n何も言わずに彼女が応えてくれる。%K%P
ゴンドラが地上に着くまで、あと何分だろうか。\nちょうど頂上に差し掛かる頃みたいだけれど。%K%P
ゴンドラが地上に着くまで、あと何分だろうか。\nちょうど頂上に差し掛かる頃みたいだけれど。%K%P
想いが溢れて仕方がない。\n愛を伝えてくれた彼女にもっともっと僕の愛も伝えたい。%K%P
想いが溢れて仕方がない。\n愛を伝えてくれた彼女にもっともっと僕の愛も伝えたい。%K%P
とてもじゃないけれど残り数分程度じゃ伝えきれない。%K%P
とてもじゃないけれど残り数分程度じゃ伝えきれない。%K%P
%LC清佳
%LC清佳
「……いい、わよ……？」%K%P
「……いい、わよ……？」%K%P
僕の心情を察したのか、清佳ちゃんが\nすっと手を下ろして全身の力を抜いてくれる。%K%P
僕の心情を察したのか、清佳ちゃんが\nすっと手を下ろして全身の力を抜いてくれる。%K%P
%LC清佳
%LC清佳
「私もあなたに……もっと愛して欲しい」%K%P
「私もあなたに……もっと愛して欲しい」%K%P
そうして僕は、彼女を押し倒そうとして――%K%P
そうして僕は、彼女を押し倒そうとして――%K%P
%LC清佳
%LC清佳
「きゃっ！？」%K%P
「きゃっ！？」%K%P
――突然、ゴンドラが激しく揺れた。\nそしてピクリとも動かなくなる。%K%P
――突然、ゴンドラが激しく揺れた。\nそしてピクリとも動かなくなる。%K%P
すぐさま謝罪のアナウンスが流れた。\nキャストさんが観覧車の故障を伝えてくれる。%K%P
すぐさま謝罪のアナウンスが流れた。\nキャストさんが観覧車の故障を伝えてくれる。%K%P
%LC清佳
%LC清佳
「これも私たちのラブパワーの賜物かしら？」%K%P
「これも私たちのラブパワーの賜物かしら？」%K%P
%LC蛍
%LC蛍
「やっぱりそのワードセンスは古くさいよ」%K%P
「やっぱりそのワードセンスは古くさいよ」%K%P
言いながら、そっと彼女を横たわらせる。%K%P
言いながら、そっと彼女を横たわらせる。%K%P
そして彼女の服をはだけさせながら、\n再び唇を重ねにいった。%K%P
そして彼女の服をはだけさせながら、\n再び唇を重ねにいった。%K%P
