%LC清佳
%LC清佳
「んぁ……！　はぁ、はぁ……！\n　熱くて硬いの、んん、お尻に当たってる……！」%K%P
「んぁ……！　はぁ、はぁ……！\n　熱くて硬いの、んん、お尻に当たってる……！」%K%P
%LC蛍
%LC蛍
「清佳ちゃんのおまんこも、はぁはぁ、\n　こんなにドロドロだったんだ。すごく熱い……」%K%P
「清佳ちゃんのおまんこも、はぁはぁ、\n　こんなにドロドロだったんだ。すごく熱い……」%K%P
噴水の水を浴びて身体が冷えている分、\nお互いの性器の熱さが如実に感じられてしまう。%K%P
噴水の水を浴びて身体が冷えている分、\nお互いの性器の熱さが如実に感じられてしまう。%K%P
%LC蛍
%LC蛍
「本当に、はぁはぁ、いいのかな……。\n　こんな場所で、こんなことしちゃって……」%K%P
「本当に、はぁはぁ、いいのかな……。\n　こんな場所で、こんなことしちゃって……」%K%P
%LC清佳
%LC清佳
「んっ、んふっ……！　そんなこと言って、\n　やる気満々におちんちんズリズリしてるじゃない……」%K%P
「んっ、んふっ……！　そんなこと言って、\n　やる気満々におちんちんズリズリしてるじゃない……」%K%P
%LC蛍
%LC蛍
「っっ。だって、したいんだもん……。\n　清佳ちゃんと、はぁはぁ、セックス……」%K%P
「っっ。だって、したいんだもん……。\n　清佳ちゃんと、はぁはぁ、セックス……」%K%P
%LC清佳
%LC清佳
「私だってしたい……。あなたと、ふぁ、セックス……」%K%P
「私だってしたい……。あなたと、ふぁ、セックス……」%K%P
急かすように二人して\nお互いの大切なところを擦りつけあう。%K%P
急かすように二人して\nお互いの大切なところを擦りつけあう。%K%P
そして――%K%P
そして――%K%P
%LC清佳
%LC清佳
「ふぁっ……！！　あっ、はぁぁぁあんんんっっ〜〜！！」%K%P
「ふぁっ……！！　あっ、はぁぁぁあんんんっっ〜〜！！」%K%P
挿れただけで清佳ちゃんが\n軽く絶頂した様子でビクンビクンと痙攣する。%K%P
挿れただけで清佳ちゃんが\n軽く絶頂した様子でビクンビクンと痙攣する。%K%P
僕もあまりの気持ちよさに身体が悶えた。%K%P
僕もあまりの気持ちよさに身体が悶えた。%K%P
%LC清佳
%LC清佳
「んぁ、んんっ……！　気持ちいい……！\n　おちんちんで身体の内側から火照らされて……！」%K%P
「んぁ、んんっ……！　気持ちいい……！\n　おちんちんで身体の内側から火照らされて……！」%K%P
%LC蛍
%LC蛍
「清佳ちゃんのおまんこの方が、ふぁ……！\n　よっぽど熱いってば……！　汗だくになっちゃ……！」%K%P
「清佳ちゃんのおまんこの方が、ふぁ……！\n　よっぽど熱いってば……！　汗だくになっちゃ……！」%K%P
%LC清佳
%LC清佳
「だって、んっ、んぁ、好きなんだもん……！\n　あなたと、ふぁ、セックスするの……！」%K%P
「だって、んっ、んぁ、好きなんだもん……！\n　あなたと、ふぁ、セックスするの……！」%K%P
%LC清佳
%LC清佳
「特に蛍の格好してるあなたに\n　おちんちん挿れてもらうと、んはぁ……！」%K%P
「特に蛍の格好してるあなたに\n　おちんちん挿れてもらうと、んはぁ……！」%K%P
%LC清佳
%LC清佳
「蛍とも、春樹くんとも、エッチしてる気がして……！\n　いつも以上に、んんっ、興奮しちゃって……！」%K%P
「蛍とも、春樹くんとも、エッチしてる気がして……！\n　いつも以上に、んんっ、興奮しちゃって……！」%K%P
%LC蛍
%LC蛍
「そう言ってくれるの、んふっ、嬉しい……！\n　ちゃんと男の僕も意識してくれてて……！」%K%P
「そう言ってくれるの、んふっ、嬉しい……！\n　ちゃんと男の僕も意識してくれてて……！」%K%P
%LC清佳
%LC清佳
「してるに決まってるじゃない……！\n　じゃなかったら、おちんちん大きくなってること、\n　すぐに気がつかないってば……！」%K%P
「してるに決まってるじゃない……！\n　じゃなかったら、おちんちん大きくなってること、\n　すぐに気がつかないってば……！」%K%P
そうだ。あんなに早く勃起に気づいてくれたということは\n清佳ちゃんも僕のおちんちんばかり気にしていて――%K%P
そうだ。あんなに早く勃起に気づいてくれたということは\n清佳ちゃんも僕のおちんちんばかり気にしていて――%K%P
%LC清佳
%LC清佳
「んふっ、んっ、んっ、んんっっ〜〜……！！\n　最初から激しっ……！」%K%P
「んふっ、んっ、んっ、んんっっ〜〜……！！\n　最初から激しっ……！」%K%P
%LC蛍
%LC蛍
「っっ。清佳ちゃんが想像以上にエッチで、\n　僕のこと大好きだってわかったから……！」%K%P
「っっ。清佳ちゃんが想像以上にエッチで、\n　僕のこと大好きだってわかったから……！」%K%P
%LC清佳
%LC清佳
「今更そんなことっ、んぁ、んんっ……！\n　いっつも大好きだって言ってるじゃない……！」%K%P
「今更そんなことっ、んぁ、んんっ……！\n　いっつも大好きだって言ってるじゃない……！」%K%P
%LC蛍
%LC蛍
「うんっ……！！」%K%P
「うんっ……！！」%K%P
彼女への愛おしさが狂おしいほど膨れあがって、\n最初から全力で腰を打ち出してしまう。%K%P
彼女への愛おしさが狂おしいほど膨れあがって、\n最初から全力で腰を打ち出してしまう。%K%P
%LC清佳
%LC清佳
「んんっ……！　んふ、んっ、んふぅんっ……！\n　ホント激しっ、エッチな声出ちゃいそ……！！」%K%P
「んんっ……！　んふ、んっ、んふぅんっ……！\n　ホント激しっ、エッチな声出ちゃいそ……！！」%K%P
%LC蛍
%LC蛍
「出しちゃってもいいんだよっ？　よほど大きな声\n　出さなければ噴水にかき消されちゃうだろうし……！」%K%P
「出しちゃってもいいんだよっ？　よほど大きな声\n　出さなければ噴水にかき消されちゃうだろうし……！」%K%P
%LC清佳
%LC清佳
「ダ、ダメっ。一度出したら、んんんっっ……！！\n　きっと我慢できなくて喘ぎ散らかしちゃう……！！」%K%P
「ダ、ダメっ。一度出したら、んんんっっ……！！\n　きっと我慢できなくて喘ぎ散らかしちゃう……！！」%K%P
%LC清佳
%LC清佳
「愛や千鶴さんにっ、んっ、んっ、んふぅんっ……！！\n　セックスしてるのバレちゃうもの……！」%K%P
「愛や千鶴さんにっ、んっ、んっ、んふぅんっ……！！\n　セックスしてるのバレちゃうもの……！」%K%P
恥ずかしそうに唇を強く結んで喘ぎ声を噛み殺す\n清佳ちゃんの姿がえっちい……！%K%P
恥ずかしそうに唇を強く結んで喘ぎ声を噛み殺す\n清佳ちゃんの姿がえっちい……！%K%P
でも、そうやって我慢されると――%K%P
でも、そうやって我慢されると――%K%P
%LC清佳
%LC清佳
「ん゛ふぅんんっっ〜〜！！　ん゛ふっ、ん゛んっ！！」%K%P
「ん゛ふぅんんっっ〜〜！！　ん゛ふっ、ん゛んっ！！」%K%P
根元までグっとおちんちんを押し込んでグリグリした後、\nすぐさま激しく膣内を突き上げる。%K%P
根元までグっとおちんちんを押し込んでグリグリした後、\nすぐさま激しく膣内を突き上げる。%K%P
%LC清佳
%LC清佳
「ちょ、ちょっと……！　わざと、んぁ……！！\n　わざとしてるでしょっ……！！」%K%P
「ちょ、ちょっと……！　わざと、んぁ……！！\n　わざとしてるでしょっ……！！」%K%P
%LC清佳
%LC清佳
「声出させようとしてっ――ん゛んっ……！！\n　ダ、ダメっ、恥ずかしっ――んふぅんんっっ！！」%K%P
「声出させようとしてっ――ん゛んっ……！！\n　ダ、ダメっ、恥ずかしっ――んふぅんんっっ！！」%K%P
%LC蛍
%LC蛍
「喘ぐの我慢する清佳ちゃんが、はぁはぁ……！\n　エッチ過ぎるんだもんっ……！！」%K%P
「喘ぐの我慢する清佳ちゃんが、はぁはぁ……！\n　エッチ過ぎるんだもんっ……！！」%K%P
%LC蛍
%LC蛍
「そんな姿見せられたら、\n　むしろ大声で喘がせたくなっちゃうってば……！」%K%P
「そんな姿見せられたら、\n　むしろ大声で喘がせたくなっちゃうってば……！」%K%P
%LC清佳
%LC清佳
「んふっ！　んんっ！　んっ、んっ、んんっ〜〜！！\n　あ、あまのじゃくなんだからぁ……！」%K%P
「んふっ！　んんっ！　んっ、んっ、んんっ〜〜！！\n　あ、あまのじゃくなんだからぁ……！」%K%P
僕から言わせれば清佳ちゃんの方が\nよっぽどあまのじゃくだ……！%K%P
僕から言わせれば清佳ちゃんの方が\nよっぽどあまのじゃくだ……！%K%P
声を必死に我慢しながらも、\nおまんこが尋常じゃなく震えてうねってる……！%K%P
声を必死に我慢しながらも、\nおまんこが尋常じゃなく震えてうねってる……！%K%P
きっと愛さんやお姉ちゃんに隠れてエッチしてるスリルに\n清佳ちゃんも興奮しちゃって……！%K%P
きっと愛さんやお姉ちゃんに隠れてエッチしてるスリルに\n清佳ちゃんも興奮しちゃって……！%K%P
%LC清佳
%LC清佳
「ん゛っ、ん゛っ、ん゛っ、ん゛んっ……！！\n　ん゛ふぅんっ、ん゛んっ、ん゛んんんんんっっ〜〜！！」%K%P
「ん゛っ、ん゛っ、ん゛っ、ん゛んっ……！！\n　ん゛ふぅんっ、ん゛んっ、ん゛んんんんんっっ〜〜！！」%K%P
%LC清佳
%LC清佳
「ダ、ダメっ、我慢しようとすればするほどっ、\n　ん゛ぁっ、あっ、はぁっ……！！\n　感じちゃってっっ……！！」%K%P
「ダ、ダメっ、我慢しようとすればするほどっ、\n　ん゛ぁっ、あっ、はぁっ……！！\n　感じちゃってっっ……！！」%K%P
%LC清佳
%LC清佳
「イ、イっちゃっ、ん゛はぁっ！！」%K%P
「イ、イっちゃっ、ん゛はぁっ！！」%K%P
めいっぱい清佳ちゃんが膣を締めてくる。\nギチギチの感触を感じながらさらに激しく腰を突き出す。%K%P
めいっぱい清佳ちゃんが膣を締めてくる。\nギチギチの感触を感じながらさらに激しく腰を突き出す。%K%P
%LC清佳
%LC清佳
「ん゛っ、ん゛っ、ん゛っ、ん゛っ、ん゛っ！！\n　ん゛ぁっ、ふぁあっ、あふっ、ふあぁ……！！」%K%P
「ん゛っ、ん゛っ、ん゛っ、ん゛っ、ん゛っ！！\n　ん゛ぁっ、ふぁあっ、あふっ、ふあぁ……！！」%K%P
%LC清佳
%LC清佳
「我慢できなっ――ん゛ぁっ！！\n　気持ち良すぎてっ、んはっ、あぁっ、声出ちゃっ……！」%K%P
「我慢できなっ――ん゛ぁっ！！\n　気持ち良すぎてっ、んはっ、あぁっ、声出ちゃっ……！」%K%P
真一文字に結ばれていた\n清佳ちゃんの唇が徐々に開いていく。%K%P
真一文字に結ばれていた\n清佳ちゃんの唇が徐々に開いていく。%K%P
%LC蛍
%LC蛍
「喘いじゃっていいよっ……！\n　ううん、聞かせてっ……！」%K%P
「喘いじゃっていいよっ……！\n　ううん、聞かせてっ……！」%K%P
%LC蛍
%LC蛍
「清佳ちゃんのエッチな声っ、\n　はぁはぁっ、聞きたいっ……！！」%K%P
「清佳ちゃんのエッチな声っ、\n　はぁはぁっ、聞きたいっ……！！」%K%P
%LC清佳
%LC清佳
「ん゛ん゛ん゛っ！！　奥グリグリきてぇっ……！！」%K%P
「ん゛ん゛ん゛っ！！　奥グリグリきてぇっ……！！」%K%P
%LC清佳
%LC清佳
「い、意地悪っ……！！　ん゛ふっ、ん゛ぁっ……！！\n　無理やり、ん゛はぁっ、声出させようとするなんてっ」%K%P
「い、意地悪っ……！！　ん゛ふっ、ん゛ぁっ……！！\n　無理やり、ん゛はぁっ、声出させようとするなんてっ」%K%P
%LC清佳
%LC清佳
「どうするのよっ、ホントに愛や千鶴さんにっ、\n　ん゛ぁっ、バレちゃったらっ……！！」%K%P
「どうするのよっ、ホントに愛や千鶴さんにっ、\n　ん゛ぁっ、バレちゃったらっ……！！」%K%P
%LC清佳
%LC清佳
「セックスしてるところ見られたらっ……！！\n　こんなエッチな顔してるところ見られたらっ……！！」%K%P
「セックスしてるところ見られたらっ……！！\n　こんなエッチな顔してるところ見られたらっ……！！」%K%P
%LC蛍
%LC蛍
「その時はっ、その時だよっ……！！」%K%P
「その時はっ、その時だよっ……！！」%K%P
%LC清佳
%LC清佳
「ん゛ぁっ、ん゛っ、ん゛っ、ん゛っ、ん゛っ、\n　ん゛ん゛ん゛っ〜〜！！」%K%P
「ん゛ぁっ、ん゛っ、ん゛っ、ん゛っ、ん゛っ、\n　ん゛ん゛ん゛っ〜〜！！」%K%P
歯を食いしばって嬌声を堪える清佳ちゃんを\n僕は手加減無しに突き上げていく。%K%P
歯を食いしばって嬌声を堪える清佳ちゃんを\n僕は手加減無しに突き上げていく。%K%P
清佳ちゃんのおまんこが何度も何度も\n絶頂しているのがわかる……！！%K%P
清佳ちゃんのおまんこが何度も何度も\n絶頂しているのがわかる……！！%K%P
イってるとき特有の津波のような\n膣内のうなりがおちんちんを扱き上げてきて――！！%K%P
イってるとき特有の津波のような\n膣内のうなりがおちんちんを扱き上げてきて――！！%K%P
%LC清佳
%LC清佳
「もう無理っ、声っ、ん゛んっ、我慢できな……！！」%K%P
「もう無理っ、声っ、ん゛んっ、我慢できな……！！」%K%P
%LC清佳
%LC清佳
「ん゛はぁっ、イくっ！！　イっちゃっ……！！\n　おまんこ気持ちいいっ、ん゛あぁっ……！！」%K%P
「ん゛はぁっ、イくっ！！　イっちゃっ……！！\n　おまんこ気持ちいいっ、ん゛あぁっ……！！」%K%P
%LC清佳
%LC清佳
「イ゛ぐっ！！　イ゛っちゃっ！！\n　ん゛あっ、あ゛ぁっ、あ゛ぁああっっ――……！！！」%K%P
「イ゛ぐっ！！　イ゛っちゃっ！！\n　ん゛あっ、あ゛ぁっ、あ゛ぁああっっ――……！！！」%K%P
そして清佳ちゃんが堪えきれずに\n大口を開けた瞬間――%K%P
そして清佳ちゃんが堪えきれずに\n大口を開けた瞬間――%K%P
%LC清佳
%LC清佳
「あ゛っ、あ゛っ、あ゛ぁあああああああっっ〜〜！！？」%K%P
「あ゛っ、あ゛っ、あ゛ぁあああああああっっ〜〜！！？」%K%P
ビュルルルルルルっっ！！\nドビュルルルルっっ！！　ビュビュビュっっ〜〜！！！%K%P
ビュルルルルルルっっ！！\nドビュルルルルっっ！！　ビュビュビュっっ〜〜！！！%K%P
%LC清佳
%LC清佳
「ふぁあああああっっ〜〜！！！？\n　しゃせーきへっ――あつっ、熱ひっ！！\n　き、きもひいいっっ……！！！」%K%P
「ふぁあああああっっ〜〜！！！？\n　しゃせーきへっ――あつっ、熱ひっ！！\n　き、きもひいいっっ……！！！」%K%P
彼女の発情に当てられたように、\n僕も我慢できずに射精してしまう。%K%P
彼女の発情に当てられたように、\n僕も我慢できずに射精してしまう。%K%P
だけど全然まだセックスし足りない……！！\n射精してるのに、おちんちんビンビンでっ……！！%K%P
だけど全然まだセックスし足りない……！！\n射精してるのに、おちんちんビンビンでっ……！！%K%P
%LC清佳
%LC清佳
「ひぃあああっっ！！？　あっ、あっ、あっ、あっ！！？\n　で、出てるのにっ、あああっ、ズンズン来てぇ……！？」%K%P
「ひぃあああっっ！！？　あっ、あっ、あっ、あっ！！？\n　で、出てるのにっ、あああっ、ズンズン来てぇ……！？」%K%P
%LC清佳
%LC清佳
「こ、こんにゃの初めてっ……！！　あはぁっ、ああっ！\n　き、きもちよしゅぎっ、あぁ、イくぅぅっっ〜〜！！」%K%P
「こ、こんにゃの初めてっ……！！　あはぁっ、ああっ！\n　き、きもちよしゅぎっ、あぁ、イくぅぅっっ〜〜！！」%K%P
%LC蛍
%LC蛍
「清佳ちゃんのおまんこもっ、気持ち良すぎっ……！！\n　おちんちん千切れそうなくらい締め付けてきて……！！」%K%P
「清佳ちゃんのおまんこもっ、気持ち良すぎっ……！！\n　おちんちん千切れそうなくらい締め付けてきて……！！」%K%P
%LC蛍
%LC蛍
「はぁはぁっ、全然腰止められないっ……！！\n　おまんこ突くのっ、気持ち良すぎるっ……！！」%K%P
「はぁはぁっ、全然腰止められないっ……！！\n　おまんこ突くのっ、気持ち良すぎるっ……！！」%K%P
%LC清佳
%LC清佳
「あっ、あっ、あっ、あっ、あっ！！！\n　ならもっとっ、もっと突いてっ……！！」%K%P
「あっ、あっ、あっ、あっ、あっ！！！\n　ならもっとっ、もっと突いてっ……！！」%K%P
%LC清佳
%LC清佳
「や、やっぱり喘ぐの気持ちいいっ……！！\n　あなたにエッチな声出させられるの、あぁ、\n　バカになっちゃいそうなくらい気持ちいいから……！！」%K%P
「や、やっぱり喘ぐの気持ちいいっ……！！\n　あなたにエッチな声出させられるの、あぁ、\n　バカになっちゃいそうなくらい気持ちいいから……！！」%K%P
%LC清佳
%LC清佳
「また今日も二人でっ、ふぁぁっ、あぁあんっ……！！\n　たくさん気持ち良くなりましょっ……！！」%K%P
「また今日も二人でっ、ふぁぁっ、あぁあんっ……！！\n　たくさん気持ち良くなりましょっ……！！」%K%P
%LC清佳
%LC清佳
「私のおまんこっ、あっ、はぁっ、あぁあっ！！\n　いっぱいいっぱい突いてもらいたいっ……！！」%K%P
「私のおまんこっ、あっ、はぁっ、あぁあっ！！\n　いっぱいいっぱい突いてもらいたいっ……！！」%K%P
%LC蛍
%LC蛍
「〜〜っっ！！　すっかりエッチになっちゃって……！！」%K%P
「〜〜っっ！！　すっかりエッチになっちゃって……！！」%K%P
%LC清佳
%LC清佳
「くはっ――あぁああああんんっっ！！」%K%P
「くはっ――あぁああああんんっっ！！」%K%P
精子と愛液でドロドロになった膣内を\n思いっきりおちんちんでかき回していく。%K%P
精子と愛液でドロドロになった膣内を\n思いっきりおちんちんでかき回していく。%K%P
%LC清佳
%LC清佳
「だ、だってセックス気持ちいいからっ……！！\n　その上最高に幸せでっ、ドキドキしてっ……！！」%K%P
「だ、だってセックス気持ちいいからっ……！！\n　その上最高に幸せでっ、ドキドキしてっ……！！」%K%P
%LC清佳
%LC清佳
「あなただって、あっ、あっ、はまってるクセに……！\n　いっつもおちんちん、すぐ勃起させちゃうクセに……！」%K%P
「あなただって、あっ、あっ、はまってるクセに……！\n　いっつもおちんちん、すぐ勃起させちゃうクセに……！」%K%P
%LC蛍
%LC蛍
「清佳ちゃんのことが大好きなんだもんっ……！！\n　清佳ちゃんを見るとセックスしたくなっちゃってっ」%K%P
「清佳ちゃんのことが大好きなんだもんっ……！！\n　清佳ちゃんを見るとセックスしたくなっちゃってっ」%K%P
%LC清佳
%LC清佳
「なら、あっ、あっ、あっ、私のこと言えない……！！\n　私だって、あぁんっ、そうだもんっ……！！」%K%P
「なら、あっ、あっ、あっ、私のこと言えない……！！\n　私だって、あぁんっ、そうだもんっ……！！」%K%P
%LC清佳
%LC清佳
「あなたと初めてセックスしてからっ、ふぁぁ……！！\n　私、スケベに変えられちゃったっ……！！」%K%P
「あなたと初めてセックスしてからっ、ふぁぁ……！！\n　私、スケベに変えられちゃったっ……！！」%K%P
%LC清佳
%LC清佳
「いつでもあなたとのセックスすることばっかり、\n　あっ、あぁっ、考えちゃってっ……！！」%K%P
「いつでもあなたとのセックスすることばっかり、\n　あっ、あぁっ、考えちゃってっ……！！」%K%P
%LC清佳
%LC清佳
「あなたのおちんちん勃起してるかなって、\n　あはぁんっ、あっ、んぁっ、いつも気になって……！」%K%P
「あなたのおちんちん勃起してるかなって、\n　あはぁんっ、あっ、んぁっ、いつも気になって……！」%K%P
%LC清佳
%LC清佳
「こんな場所でもっ、ふぁっ、ああぁあんっ……！！\n　挿れて欲しくなっちゃってっ……！！」%K%P
「こんな場所でもっ、ふぁっ、ああぁあんっ……！！\n　挿れて欲しくなっちゃってっ……！！」%K%P
自分の赤裸々な性欲を清佳ちゃんが語ってくれる。%K%P
自分の赤裸々な性欲を清佳ちゃんが語ってくれる。%K%P
その告白にすら興奮を覚えているのか、\nただでさえドロドロなおまんこがさらに濡れて……！！%K%P
その告白にすら興奮を覚えているのか、\nただでさえドロドロなおまんこがさらに濡れて……！！%K%P
%LC清佳
%LC清佳
「ふあぁぁぁっっ……！！　ま、まだビュービュー\n　出てるっ……！！　おまんこ焼けちゃ……！！」%K%P
「ふあぁぁぁっっ……！！　ま、まだビュービュー\n　出てるっ……！！　おまんこ焼けちゃ……！！」%K%P
%LC清佳
%LC清佳
「射精しながらズンズンされるのっ、あっ、あぁっ！！\n　とんでもなく気持ちいいっ……！！」%K%P
「射精しながらズンズンされるのっ、あっ、あぁっ！！\n　とんでもなく気持ちいいっ……！！」%K%P
%LC清佳
%LC清佳
「感じすぎてっ、あふぁあっ、ひ、膝が笑っちゃってっ」%K%P
「感じすぎてっ、あふぁあっ、ひ、膝が笑っちゃってっ」%K%P
生まれたばかりの子鹿のように膝を震わせながら、\n清佳ちゃんが快感に悶え続ける。%K%P
生まれたばかりの子鹿のように膝を震わせながら、\n清佳ちゃんが快感に悶え続ける。%K%P
さっきまであれほど我慢していた嬌声も、\n今や噴水の音を逆にかき消す程の勢いで発していた。%K%P
さっきまであれほど我慢していた嬌声も、\n今や噴水の音を逆にかき消す程の勢いで発していた。%K%P
%LC蛍
%LC蛍
「はぁっ、はぁっ、清佳ちゃん、\n　ものすごくエッチな顔してる……！！」%K%P
「はぁっ、はぁっ、清佳ちゃん、\n　ものすごくエッチな顔してる……！！」%K%P
%LC清佳
%LC清佳
「蛍だって、あはぁんっ、蕩けた顔してっ……！！」%K%P
「蛍だって、あはぁんっ、蕩けた顔してっ……！！」%K%P
%LC蛍
%LC蛍
「撮影するなら、はっ、あぁんっ……！\n　今の清佳ちゃんのお顔撮影したいよっ……！」%K%P
「撮影するなら、はっ、あぁんっ……！\n　今の清佳ちゃんのお顔撮影したいよっ……！」%K%P
%LC蛍
%LC蛍
「僕のおちんちんでスケベな顔してる\n　清佳ちゃんのお顔っ、んぁ、撮りたいっ……！」%K%P
「僕のおちんちんでスケベな顔してる\n　清佳ちゃんのお顔っ、んぁ、撮りたいっ……！」%K%P
%LC清佳
%LC清佳
「あっ、あっ、あぁあんっ！！　興奮するようなこと、\n　あぁ、言っちゃダメっ……！！　もっと感じちゃ……！」%K%P
「あっ、あっ、あぁあんっ！！　興奮するようなこと、\n　あぁ、言っちゃダメっ……！！　もっと感じちゃ……！」%K%P
%LC清佳
%LC清佳
「わ、私だって撮りたいっ……！！\n　蛍が私のおまんこで気持ち良くなってる顔……！！\n　トロトロになっちゃってる顔、撮りたいっ……！！」%K%P
「わ、私だって撮りたいっ……！！\n　蛍が私のおまんこで気持ち良くなってる顔……！！\n　トロトロになっちゃってる顔、撮りたいっ……！！」%K%P
お互いのエロ顔を目に焼き付けるように、\n大声で喘ぎながら見つめ合う。%K%P
お互いのエロ顔を目に焼き付けるように、\n大声で喘ぎながら見つめ合う。%K%P
%LC清佳
%LC清佳
「か、帰ったら、あぁあんっ、ハメ撮りしよっ♪\n　二人きりで、あっ、はぁんっ、エッチな撮影会しよっ♪」%K%P
「か、帰ったら、あぁあんっ、ハメ撮りしよっ♪\n　二人きりで、あっ、はぁんっ、エッチな撮影会しよっ♪」%K%P
%LC蛍
%LC蛍
「ハメ撮りっ……！！　エ、エッチな撮影会……！！」%K%P
「ハメ撮りっ……！！　エ、エッチな撮影会……！！」%K%P
想像するだけでおちんちんが昂ぶる……！！%K%P
想像するだけでおちんちんが昂ぶる……！！%K%P
%LC清佳
%LC清佳
「水着でも裸でもっ、ふぁあっ……！！\n　他の服でもっ、あっ、あっ、リクエストがあれば、\n　あぁあんっ、着てあげるからっ……！！」%K%P
「水着でも裸でもっ、ふぁあっ……！！\n　他の服でもっ、あっ、あっ、リクエストがあれば、\n　あぁあんっ、着てあげるからっ……！！」%K%P
%LC清佳
%LC清佳
「私も、あなたに着せたい服っ、あっ、はぁっ、\n　たくさんあるのっ、したいコトたくさんあるのっ♪」%K%P
「私も、あなたに着せたい服っ、あっ、はぁっ、\n　たくさんあるのっ、したいコトたくさんあるのっ♪」%K%P
%LC清佳
%LC清佳
「色々なプレイっ、ふぁ、あぁんっ……！！\n　勉強したからっ！！　いっぱいセックスしよっ……♪」%K%P
「色々なプレイっ、ふぁ、あぁんっ……！！\n　勉強したからっ！！　いっぱいセックスしよっ……♪」%K%P
あんなに初心だった清佳ちゃんが\nこんなにもスケベで淫乱になっちゃって……！！%K%P
あんなに初心だった清佳ちゃんが\nこんなにもスケベで淫乱になっちゃって……！！%K%P
すっかりセックスに溺れちゃってる……！！\nでも清佳ちゃんに限った話じゃない……！！%K%P
すっかりセックスに溺れちゃってる……！！\nでも清佳ちゃんに限った話じゃない……！！%K%P
%LC蛍
%LC蛍
「うんっ……！！　しよっ、セックスしよっ……！！\n　夏休み中、はぁ、はぁっ、ずっとセックスしたい……！」%K%P
「うんっ……！！　しよっ、セックスしよっ……！！\n　夏休み中、はぁ、はぁっ、ずっとセックスしたい……！」%K%P
%LC清佳
%LC清佳
「ふぁああああっっ！！　うんっ、うんっ……！！\n　わ、私、別荘持ってるのっ……！！\n　そこなら誰にも、あぁんっ、邪魔されないから……！！」%K%P
「ふぁああああっっ！！　うんっ、うんっ……！！\n　わ、私、別荘持ってるのっ……！！\n　そこなら誰にも、あぁんっ、邪魔されないから……！！」%K%P
セックスしながら次のセックスの計画を立てる。\n瞬く間に夏休みの予定がセックスで埋まってしまう――%K%P
セックスしながら次のセックスの計画を立てる。\n瞬く間に夏休みの予定がセックスで埋まってしまう――%K%P
それが不純だとは一ミリも思わなかった。\nそれだけ清佳ちゃんと愛し合いたいだけなんだから……！%K%P
それが不純だとは一ミリも思わなかった。\nそれだけ清佳ちゃんと愛し合いたいだけなんだから……！%K%P
%LC清佳
%LC清佳
「あっ、あっ、あっ、あっ、あっ！！\n　気持ちいいっ！！　奥の奥っ、ズンズン叩かれてぇ！」%K%P
「あっ、あっ、あっ、あっ、あっ！！\n　気持ちいいっ！！　奥の奥っ、ズンズン叩かれてぇ！」%K%P
%LC清佳
%LC清佳
「んぁあああっっ、イくっ！！\n　突かれる度にイっちゃっ……！！\n　あっ、あっ、あっ、イくぅぅっっ〜〜！！」%K%P
「んぁあああっっ、イくっ！！\n　突かれる度にイっちゃっ……！！\n　あっ、あっ、あっ、イくぅぅっっ〜〜！！」%K%P
繋がった場所から愛液と精液が滝のように垂れ落ちる。\n膝をガクつかせながら清佳ちゃんが激しく乱れる。%K%P
繋がった場所から愛液と精液が滝のように垂れ落ちる。\n膝をガクつかせながら清佳ちゃんが激しく乱れる。%K%P
%LC千鶴
%LC千鶴
『清佳ちゃーん、蛍ーっ！\n　どこ行ったのっー？』%K%P
『清佳ちゃーん、蛍ーっ！\n　どこ行ったのっー？』%K%P
%LC愛
%LC愛
『そろそろ撮影を再開しますよ。\n　戻ってきて下さい』%K%P
『そろそろ撮影を再開しますよ。\n　戻ってきて下さい』%K%P
%LC清佳
%LC清佳
「ふぁああっっ……！！　探してっ、ああぁ、\n　二人が私たちを探してるわっ……！！」%K%P
「ふぁああっっ……！！　探してっ、ああぁ、\n　二人が私たちを探してるわっ……！！」%K%P
%LC蛍
%LC蛍
「どうするっ？　やめるっ？\n　このままじゃ、はぁはぁ、見られちゃうかも……！」%K%P
「どうするっ？　やめるっ？\n　このままじゃ、はぁはぁ、見られちゃうかも……！」%K%P
%LC清佳
%LC清佳
「そんなのっ、あっ、はぁっ、ふぁぁあっ……！！！\n　答えるまでもないじゃないっっ……！！」%K%P
「そんなのっ、あっ、はぁっ、ふぁぁあっ……！！！\n　答えるまでもないじゃないっっ……！！」%K%P
清佳ちゃんがギュムムと膣を締め付けてくる。\n僕も一切ピストンを緩めるつもりはなかった。%K%P
清佳ちゃんがギュムムと膣を締め付けてくる。\n僕も一切ピストンを緩めるつもりはなかった。%K%P
%LC清佳
%LC清佳
「いいっ、別に見られたっていいっ……！！\n　エッチな声、聞かれたっていいからっ……！！」%K%P
「いいっ、別に見られたっていいっ……！！\n　エッチな声、聞かれたっていいからっ……！！」%K%P
%LC清佳
%LC清佳
「やめられるわけないっ、あぁあっ……！！\n　続けてっ♪　あっ、あっ、おまんこ突いてぇ♪」%K%P
「やめられるわけないっ、あぁあっ……！！\n　続けてっ♪　あっ、あっ、おまんこ突いてぇ♪」%K%P
%LC蛍
%LC蛍
「もちろんっ……！！」%K%P
「もちろんっ……！！」%K%P
%LC清佳
%LC清佳
「はふぁあああっっ〜〜！！　あはぁんっ！！\n　あぁっ！！　あっ、あっ、あぁあああっっ〜〜！！」%K%P
「はふぁあああっっ〜〜！！　あはぁんっ！！\n　あぁっ！！　あっ、あっ、あぁあああっっ〜〜！！」%K%P
そう遠くない場所に二人がいるってわかりながらも、\nセックスの激しさはむしろ増していく。%K%P
そう遠くない場所に二人がいるってわかりながらも、\nセックスの激しさはむしろ増していく。%K%P
僕だけじゃなく、清佳ちゃんも腰を振ってきて……！%K%P
僕だけじゃなく、清佳ちゃんも腰を振ってきて……！%K%P
%LC清佳
%LC清佳
「ふぁっ、あっ、あはぁっ、あああっっ！！\n　イくっ、あああっ、またイくっ、イくぅぅっっ！！」%K%P
「ふぁっ、あっ、あはぁっ、あああっっ！！\n　イくっ、あああっ、またイくっ、イくぅぅっっ！！」%K%P
%LC蛍
%LC蛍
「僕もっ、んぁあああっ、イくっ……！！\n　また出るっ、精子っ、のぼってきてるっ……！！」%K%P
「僕もっ、んぁあああっ、イくっ……！！\n　また出るっ、精子っ、のぼってきてるっ……！！」%K%P
%LC清佳
%LC清佳
「知ってるっ♪　わかるぅっ♪\n　おちんちんパンパンでっ、あぁ、気持ちいいっ……！！」%K%P
「知ってるっ♪　わかるぅっ♪\n　おちんちんパンパンでっ、あぁ、気持ちいいっ……！！」%K%P
%LC清佳
%LC清佳
「イこっ♪　あっ、あっ、あっ、あっ！！\n　いつもみたいに、あぁ、二人で、ふぁ、一緒にっ！！」%K%P
「イこっ♪　あっ、あっ、あっ、あっ！！\n　いつもみたいに、あぁ、二人で、ふぁ、一緒にっ！！」%K%P
%LC蛍
%LC蛍
「うんっ……！　はぁはぁっ、うんっ……！！」%K%P
「うんっ……！　はぁはぁっ、うんっ……！！」%K%P
込み上がってくる昂ぶりに二人揃って身を任せる。\n本能と欲望のままに求め合っていく――%K%P
込み上がってくる昂ぶりに二人揃って身を任せる。\n本能と欲望のままに求め合っていく――%K%P
%LC清佳
%LC清佳
「気持ちいいっ、あぁあっ、イくっ♪\n　えへへっ、くるっ、気持ちいいのくるぅ♪」%K%P
「気持ちいいっ、あぁあっ、イくっ♪\n　えへへっ、くるっ、気持ちいいのくるぅ♪」%K%P
%LC蛍
%LC蛍
「はぁっ、はぁっ、はぁっ、はぁっ！！\n　おまんこキツいっ、あああっ、吸い付いてくるぅっ！！」%K%P
「はぁっ、はぁっ、はぁっ、はぁっ！！\n　おまんこキツいっ、あああっ、吸い付いてくるぅっ！！」%K%P
%LC蛍・清佳
%LC蛍・清佳
「ふぁっ、あっ、あっ、あっ、あっ、あっ、あっ！！」%K%P
「ふぁっ、あっ、あっ、あっ、あっ、あっ、あっ！！」%K%P
%LC蛍・清佳
%LC蛍・清佳
「あぁああっ！！　あぁっ！！　んあああああっっ！！」%K%P
「あぁああっ！！　あぁっ！！　んあああああっっ！！」%K%P
%LC蛍・清佳
%LC蛍・清佳
「ああああああっっ！！　ふぁあああああああっっ――」%K%P
「ああああああっっ！！　ふぁあああああああっっ――」%K%P
そして二人一緒に甲高い声を上げながら、\n最後の瞬間までめちゃくちゃに腰を振り続けて――%K%P
そして二人一緒に甲高い声を上げながら、\n最後の瞬間までめちゃくちゃに腰を振り続けて――%K%P
%LC蛍・清佳
%LC蛍・清佳
「イくううぅぅぅぅぅぅぅっっ〜〜！！！！！！」%K%P
「イくううぅぅぅぅぅぅぅっっ〜〜！！！！！！」%K%P
噴水の水とは違う、淫らで熱いスケベな液体が、\n清佳ちゃんの身体に、僕の身体に降り注いでいく。%K%P
噴水の水とは違う、淫らで熱いスケベな液体が、\n清佳ちゃんの身体に、僕の身体に降り注いでいく。%K%P
一瞬、何が起こったのかわからなかった。\n頭の痺れる快感のことだけしかわからなくて……！！%K%P
一瞬、何が起こったのかわからなかった。\n頭の痺れる快感のことだけしかわからなくて……！！%K%P
清佳ちゃんの綺麗な顔が白濁で汚れていく姿に、\n射精の勢いがより増しちゃって――%K%P
清佳ちゃんの綺麗な顔が白濁で汚れていく姿に、\n射精の勢いがより増しちゃって――%K%P
%LC清佳
%LC清佳
「はぁー……！　はぁー……！　はぁー……！\n　さ、最後の最後で抜けちゃった……」%K%P
「はぁー……！　はぁー……！　はぁー……！\n　さ、最後の最後で抜けちゃった……」%K%P
%LC清佳
%LC清佳
「二人一緒にドロドロにしちゃうなんて……はぁはぁ。\n　ものすごい射精……」%K%P
「二人一緒にドロドロにしちゃうなんて……はぁはぁ。\n　ものすごい射精……」%K%P
%LC蛍
%LC蛍
「はぁ、はぁ……！　盛り上がり過ぎちゃったね……」%K%P
「はぁ、はぁ……！　盛り上がり過ぎちゃったね……」%K%P
精液まみれになったエッチな\n清佳ちゃんの姿から目を離すことができない。%K%P
精液まみれになったエッチな\n清佳ちゃんの姿から目を離すことができない。%K%P
清佳ちゃんもまたスケベ汁で真っ白になった僕を\n欲情した顔で見つめ続けていた。%K%P
清佳ちゃんもまたスケベ汁で真っ白になった僕を\n欲情した顔で見つめ続けていた。%K%P
%LC清佳
%LC清佳
「少しは、はぁはぁ、発散できたかしら……。\n　水着の撮影、はぁはぁ、できそう……？」%K%P
「少しは、はぁはぁ、発散できたかしら……。\n　水着の撮影、はぁはぁ、できそう……？」%K%P
%LC蛍
%LC蛍
「ま、まだするつもりだったんだ……？\n　そんなに撮影したいの……？」%K%P
「ま、まだするつもりだったんだ……？\n　そんなに撮影したいの……？」%K%P
%LC清佳
%LC清佳
「もちろん。そのための休憩だったわけだし……。\n　まぁ、えへへ、休憩は延長しなくちゃだけど……」%K%P
「もちろん。そのための休憩だったわけだし……。\n　まぁ、えへへ、休憩は延長しなくちゃだけど……」%K%P
%LC清佳
%LC清佳
「でも早く撮影したい……。\n　すぐにでも終わらせて帰りたいわ……」%K%P
「でも早く撮影したい……。\n　すぐにでも終わらせて帰りたいわ……」%K%P
%LC蛍
%LC蛍
「うん、そうだね……。まだまだしたいもん……」%K%P
「うん、そうだね……。まだまだしたいもん……」%K%P
きっと清佳ちゃんも僕と同じことを考えてる。\n一刻も早く家に帰ってセックスしたいと思ってる。%K%P
きっと清佳ちゃんも僕と同じことを考えてる。\n一刻も早く家に帰ってセックスしたいと思ってる。%K%P
いつから僕たちはこんなに\nエッチになっちゃったんだろう。%K%P
いつから僕たちはこんなに\nエッチになっちゃったんだろう。%K%P
でも、それが悪いことだとは全然思わない。\nむしろ、すごく幸せなことだと思う。%K%P
でも、それが悪いことだとは全然思わない。\nむしろ、すごく幸せなことだと思う。%K%P
%LC千鶴
%LC千鶴
『清佳ちゃーん、蛍ーっ？\n　返事してってばぁー！』%K%P
『清佳ちゃーん、蛍ーっ？\n　返事してってばぁー！』%K%P
%LC愛
%LC愛
『出てこなければ放って帰りますよ。\n　愛たちも暇ではありませんから』%K%P
『出てこなければ放って帰りますよ。\n　愛たちも暇ではありませんから』%K%P
%LC清佳
%LC清佳
「……あんまり休憩してる時間もなさそう。\n　それはそれで願ったりだけど……」%K%P
「……あんまり休憩してる時間もなさそう。\n　それはそれで願ったりだけど……」%K%P
%LC蛍
%LC蛍
「でも大丈夫かな……。このまま撮影に臨んだら……」%K%P
「でも大丈夫かな……。このまま撮影に臨んだら……」%K%P
%LC清佳
%LC清佳
「ふふ、今の私たちなら色気ムンムンな写真撮れるわ。\n　とっても発情しちゃってるもの」%K%P
「ふふ、今の私たちなら色気ムンムンな写真撮れるわ。\n　とっても発情しちゃってるもの」%K%P
%LC蛍
%LC蛍
「は、恥ずかしいってば」%K%P
「は、恥ずかしいってば」%K%P
そう言いつつも僕たちは\n疲れ切った身体を動かそうとしていた。%K%P
そう言いつつも僕たちは\n疲れ切った身体を動かそうとしていた。%K%P
早くシャワーを浴びて、撮影に戻りたい。%K%P
早くシャワーを浴びて、撮影に戻りたい。%K%P
だって――%K%P
だって――%K%P
%LC清佳
%LC清佳
「お家に帰ってからが本番……だからね？\n　エッチな写真、二人でたくさん撮りましょ……？」%K%P
「お家に帰ってからが本番……だからね？\n　エッチな写真、二人でたくさん撮りましょ……？」%K%P
%LC蛍
%LC蛍
「う、うん……。すごく楽しみ……」%K%P
「う、うん……。すごく楽しみ……」%K%P
バカップル、ううん、バカ夫婦だって思われてもいい。%K%P
バカップル、ううん、バカ夫婦だって思われてもいい。%K%P
でもこれからも清佳ちゃんと\nこうしてたくさんの思い出を作っていきたい。%K%P
でもこれからも清佳ちゃんと\nこうしてたくさんの思い出を作っていきたい。%K%P
楽しいことも、幸せなことも、\nもちろん――エッチなことも。%K%P
楽しいことも、幸せなことも、\nもちろん――エッチなことも。%K%P
%LC清佳
%LC清佳
「えへへ……。愛してるわ……」%K%P
「えへへ……。愛してるわ……」%K%P
%LC清佳
%LC清佳
「あなたのこと、とってもとっても愛してる……」%K%P
「あなたのこと、とってもとっても愛してる……」%K%P
何よりも僕を昂ぶらせる言葉を口にしてくれる彼女に、\n僕も同じ言葉を返した――%K%P
何よりも僕を昂ぶらせる言葉を口にしてくれる彼女に、\n僕も同じ言葉を返した――%K%P
