%LC清佳
%LC清佳
「すっかり暗くなっちゃったわね」%K%P
「すっかり暗くなっちゃったわね」%K%P
%LC春樹
%LC春樹
「うん」%K%P
「うん」%K%P
日が沈むまで愛し合った後、\n僕たちは裸のまま寄り添っていた。%K%P
日が沈むまで愛し合った後、\n僕たちは裸のまま寄り添っていた。%K%P
素肌と素肌を、心と心を触れ合わせて、\n少しでも長くお互いの体温を感じ続けたかったから。%K%P
素肌と素肌を、心と心を触れ合わせて、\n少しでも長くお互いの体温を感じ続けたかったから。%K%P
そうしてゆったりと心地よい時間を過ごしていると、\n清佳ちゃんが不意に尋ねてきた。%K%P
そうしてゆったりと心地よい時間を過ごしていると、\n清佳ちゃんが不意に尋ねてきた。%K%P
%LC清佳
%LC清佳
「ね、明日の結婚式どうしよっか？」%K%P
「ね、明日の結婚式どうしよっか？」%K%P
%LC春樹
%LC春樹
「どうするって何が？」%K%P
「どうするって何が？」%K%P
%LC清佳
%LC清佳
「もちろん演出よ、演出！」%K%P
「もちろん演出よ、演出！」%K%P
ふふんと子供のようにはにかんで、\n清佳ちゃんが得意げに人差し指を立てる。%K%P
ふふんと子供のようにはにかんで、\n清佳ちゃんが得意げに人差し指を立てる。%K%P
%LC清佳
%LC清佳
「如何に私たちがラブラブでも\n　伝わらなければ意味がないわっ」%K%P
「如何に私たちがラブラブでも\n　伝わらなければ意味がないわっ」%K%P
%LC清佳
%LC清佳
「何か盛大に、こう……！\n　パーっと他の組より目立つことをしないと！」%K%P
「何か盛大に、こう……！\n　パーっと他の組より目立つことをしないと！」%K%P
%LC春樹
%LC春樹
「め、目立つことって」%K%P
「め、目立つことって」%K%P
%LC清佳
%LC清佳
「例えば……そうね」%K%P
「例えば……そうね」%K%P
%LC清佳
%LC清佳
「遊園地内のチャペルだから、\n　ジェットコースターで入場してくるとか！」%K%P
「遊園地内のチャペルだから、\n　ジェットコースターで入場してくるとか！」%K%P
%LC春樹
%LC春樹
「レールが敷かれてないよ。もしできたとしても\n　髪がクシャクシャになっちゃうってば」%K%P
「レールが敷かれてないよ。もしできたとしても\n　髪がクシャクシャになっちゃうってば」%K%P
%LC清佳
%LC清佳
「それもそうね……。\n　あ、ならこういうのはどうかしらっ？」%K%P
「それもそうね……。\n　あ、ならこういうのはどうかしらっ？」%K%P
%LC清佳
%LC清佳
「私が許嫁の男と無理やり結婚させられてる想定でね？\n　男に誓いのキスをされそうになった瞬間、\n　あなたが『その結婚待った！』って現れて――」%K%P
「私が許嫁の男と無理やり結婚させられてる想定でね？\n　男に誓いのキスをされそうになった瞬間、\n　あなたが『その結婚待った！』って現れて――」%K%P
%LC春樹
%LC春樹
「ドラマの見過ぎだってば。\n　たとえ嘘でも清佳ちゃんが他の男の人と\n　結婚しようとしてる姿なんて見たくないし」%K%P
「ドラマの見過ぎだってば。\n　たとえ嘘でも清佳ちゃんが他の男の人と\n　結婚しようとしてる姿なんて見たくないし」%K%P
%LC清佳
%LC清佳
「……私も言ってて吐きそうになったわ。\n　というか、もしそんなことになっても\n　私なら自分でその男を押しのけちゃいそう」%K%P
「……私も言ってて吐きそうになったわ。\n　というか、もしそんなことになっても\n　私なら自分でその男を押しのけちゃいそう」%K%P
%LC清佳
%LC清佳
「あ、そうだ！　ミュージカル結婚式なんてどう？\n　今からでも劇団を雇って私たちの式を\n　歌と踊りで盛り上げてもらえば――」%K%P
「あ、そうだ！　ミュージカル結婚式なんてどう？\n　今からでも劇団を雇って私たちの式を\n　歌と踊りで盛り上げてもらえば――」%K%P
%LC春樹
%LC春樹
「お金かけすぎだから！？\n　頑張る方向が明後日を向いちゃってるよっ」%K%P
「お金かけすぎだから！？\n　頑張る方向が明後日を向いちゃってるよっ」%K%P
%LC清佳
%LC清佳
「うっ。そ、そうね。私としたことがついクセで。\n　お金持ちだと思われるのが嫌だって嘆いてたクセに」%K%P
「うっ。そ、そうね。私としたことがついクセで。\n　お金持ちだと思われるのが嫌だって嘆いてたクセに」%K%P
%LC清佳
%LC清佳
「でも、そうなると……うーん」%K%P
「でも、そうなると……うーん」%K%P
ああでもない、こうでもないと清佳ちゃんが悩む。%K%P
ああでもない、こうでもないと清佳ちゃんが悩む。%K%P
でも良かった。\n本当に元気が戻ったみたいだ。%K%P
でも良かった。\n本当に元気が戻ったみたいだ。%K%P
やっぱり清佳ちゃんには笑顔が似合う。%K%P
やっぱり清佳ちゃんには笑顔が似合う。%K%P
%LC清佳
%LC清佳
「もう。何をボーッとしてるの？\n　あなたも考えなさいよ。私たちの結婚式なんだから」%K%P
「もう。何をボーッとしてるの？\n　あなたも考えなさいよ。私たちの結婚式なんだから」%K%P
%LC春樹
%LC春樹
「ふふ、うん。そうだね」%K%P
「ふふ、うん。そうだね」%K%P
%LC清佳
%LC清佳
「む。なんだかあなたに笑われると癪だわ。\n　蛍ならともかく」%K%P
「む。なんだかあなたに笑われると癪だわ。\n　蛍ならともかく」%K%P
%LC春樹
%LC春樹
「あはは……。そこはやっぱり違うんだ……」%K%P
「あはは……。そこはやっぱり違うんだ……」%K%P
きっと清佳ちゃんとの結婚生活は\n僕が尻に敷かれちゃうんだろうな。%K%P
きっと清佳ちゃんとの結婚生活は\n僕が尻に敷かれちゃうんだろうな。%K%P
でも、それもいいかもしれない。%K%P
でも、それもいいかもしれない。%K%P
昨日までの僕なら格好悪く思ったかもしれないけれど、\n今の僕なら受け入れられる。%K%P
昨日までの僕なら格好悪く思ったかもしれないけれど、\n今の僕なら受け入れられる。%K%P
だって――%K%P
だって――%K%P
%LC清佳
%LC清佳
「っっ。さ、流石に冷えてきたわね……」%K%P
「っっ。さ、流石に冷えてきたわね……」%K%P
%LC春樹
%LC春樹
「あ。大丈夫？　もう少しくっつこうか？」%K%P
「あ。大丈夫？　もう少しくっつこうか？」%K%P
%LC清佳
%LC清佳
「ありがとう。……ん、あったかい」%K%P
「ありがとう。……ん、あったかい」%K%P
こんなちょっとしたことでも\n清佳ちゃんは喜んでくれる。%K%P
こんなちょっとしたことでも\n清佳ちゃんは喜んでくれる。%K%P
格好付けなくても、\nそのままの僕を愛してくれている。%K%P
格好付けなくても、\nそのままの僕を愛してくれている。%K%P
だからこそもう自分の在り方に、\n悩むことも、迷うこともない。%K%P
だからこそもう自分の在り方に、\n悩むことも、迷うこともない。%K%P
%LC春樹
%LC春樹
「さ、早く着替えちゃおう？\n　風邪を引いたら大変だし」%K%P
「さ、早く着替えちゃおう？\n　風邪を引いたら大変だし」%K%P
%LC清佳
%LC清佳
「そうね。もう少し、ふふ、抱きしめて\n　もらっていたい気持ちもあるけど」%K%P
「そうね。もう少し、ふふ、抱きしめて\n　もらっていたい気持ちもあるけど」%K%P
そうして脱ぎ捨てた服を拾い上げて着替え始める。%K%P
そうして脱ぎ捨てた服を拾い上げて着替え始める。%K%P
にしても結婚式の演出かぁ。\n確かに何か考えた方がいいのかも――%K%P
にしても結婚式の演出かぁ。\n確かに何か考えた方がいいのかも――%K%P
%LC春樹
%LC春樹
「――わっ」%K%P
「――わっ」%K%P
服を持ち上げた拍子に何かがボトボトと地面に落ちた。%K%P
服を持ち上げた拍子に何かがボトボトと地面に落ちた。%K%P
清佳ちゃんのポーチだ。脱いだ時に紛れ込んだのかも。\n口が開いたのか中身も一緒にぶちまけてしまったみたい。%K%P
清佳ちゃんのポーチだ。脱いだ時に紛れ込んだのかも。\n口が開いたのか中身も一緒にぶちまけてしまったみたい。%K%P
%LC清佳
%LC清佳
「どうしたの？　って、それ――」%K%P
「どうしたの？　って、それ――」%K%P
%LC春樹
%LC春樹
「――ご、ごめん、すぐに拾うね？」%K%P
「――ご、ごめん、すぐに拾うね？」%K%P
%LC清佳
%LC清佳
「あっ。ちょ、ちょっと待って――」%K%P
「あっ。ちょ、ちょっと待って――」%K%P
小さな木箱だった。%K%P
小さな木箱だった。%K%P
落とした時に蓋がズレてしまったのか、\n中に入っている物が見え隠れてしている。%K%P
落とした時に蓋がズレてしまったのか、\n中に入っている物が見え隠れてしている。%K%P
これって――……%K%P
これって――……%K%P
%LC春樹
%LC春樹
「花の、冠……？」%K%P
「花の、冠……？」%K%P
眼下に咲いている瑞々しい花々とは違う、\n乾ききった花々で作られた花の冠。%K%P
眼下に咲いている瑞々しい花々とは違う、\n乾ききった花々で作られた花の冠。%K%P
いいや。大切に保管してあったからこそ、\n水分がすっかり抜けて乾ききっているんだろう。%K%P
いいや。大切に保管してあったからこそ、\n水分がすっかり抜けて乾ききっているんだろう。%K%P
触れてしまえば崩れてしまいそうなほど脆そうなのに、\n冠を形作る花々は綺麗な花弁を備えたままだった。%K%P
触れてしまえば崩れてしまいそうなほど脆そうなのに、\n冠を形作る花々は綺麗な花弁を備えたままだった。%K%P
%LC春樹
%LC春樹
「もしかして、これって――」%K%P
「もしかして、これって――」%K%P
%LC清佳
%LC清佳
「〜〜っっ」%K%P
「〜〜っっ」%K%P
視線を清佳ちゃんへ移すと、\n彼女は恥ずかしそうにモジモジと視線を泳がせていた。%K%P
視線を清佳ちゃんへ移すと、\n彼女は恥ずかしそうにモジモジと視線を泳がせていた。%K%P
その顔を見てピンと来る。%K%P
その顔を見てピンと来る。%K%P
%LC春樹
%LC春樹
「やっぱり……あの時の？」%K%P
「やっぱり……あの時の？」%K%P
%LC清佳
%LC清佳
「……う、うん。たぶん、あなたの想像通りよ……」%K%P
「……う、うん。たぶん、あなたの想像通りよ……」%K%P
%LC清佳
%LC清佳
「あの日……蛍が初めて私をここへ\n　連れてきてくれた時に作ってくれた……」%K%P
「あの日……蛍が初めて私をここへ\n　連れてきてくれた時に作ってくれた……」%K%P
%LC清佳
%LC清佳
「私たちの、友情の証」%K%P
「私たちの、友情の証」%K%P
%LC春樹
%LC春樹
「ずっと……持っててくれたんだ？」%K%P
「ずっと……持っててくれたんだ？」%K%P
%LC清佳
%LC清佳
「だ、だって、その……。私にとっては\n　お友達からの初プレゼントだったから」%K%P
「だ、だって、その……。私にとっては\n　お友達からの初プレゼントだったから」%K%P
%LC清佳
%LC清佳
「それにお守りみたいなもの、というか。\n　蛍と会えなかった時はこれを見て、蛍を思い出して。\n　だからいつでも鞄に入れて持ち歩いてて……」%K%P
「それにお守りみたいなもの、というか。\n　蛍と会えなかった時はこれを見て、蛍を思い出して。\n　だからいつでも鞄に入れて持ち歩いてて……」%K%P
%LC春樹
%LC春樹
「そう、なんだ」%K%P
「そう、なんだ」%K%P
%LC清佳
%LC清佳
「あ――た、他意はないのよ！？\n　別に蛍の方が大切だとかそういう意味じゃなくて……！」%K%P
「あ――た、他意はないのよ！？\n　別に蛍の方が大切だとかそういう意味じゃなくて……！」%K%P
清佳ちゃんが大慌てで誤魔化す。%K%P
清佳ちゃんが大慌てで誤魔化す。%K%P
蛍との思い出を大切にしていることに\n僕がショックを受けているとでも思ったのかな。%K%P
蛍との思い出を大切にしていることに\n僕がショックを受けているとでも思ったのかな。%K%P
%LC春樹
%LC春樹
「嬉しい……。こんなの、ずっと持っててくれたんだ？」%K%P
「嬉しい……。こんなの、ずっと持っててくれたんだ？」%K%P
%LC清佳
%LC清佳
「『こんなの』じゃないってば……！\n　私にとっては本当に大切なものなの……！」%K%P
「『こんなの』じゃないってば……！\n　私にとっては本当に大切なものなの……！」%K%P
%LC清佳
%LC清佳
「それに、その花の冠には\n　たくさんの約束が――」%K%P
「それに、その花の冠には\n　たくさんの約束が――」%K%P
と言いかけて、清佳ちゃんが照れた様子で口ごもる。%K%P
と言いかけて、清佳ちゃんが照れた様子で口ごもる。%K%P
約束。約束か……。%K%P
約束。約束か……。%K%P
%LC清佳・蛍
%LC清佳・蛍
「ゆーびきりげーんまん、\n　うそついたら、はりせーんぼんのーますっ」%K%P
「ゆーびきりげーんまん、\n　うそついたら、はりせーんぼんのーますっ」%K%P
%LC清佳
%LC清佳
「えへへ、約束よ、蛍？\n　絶対のぜーったいにまた会いにきてねっ？」%K%P
「えへへ、約束よ、蛍？\n　絶対のぜーったいにまた会いにきてねっ？」%K%P
%LC蛍
%LC蛍
「うんっ、必ずここへ戻ってくるっ。\n　清佳ちゃんに会いに、戻ってくるからっ」%K%P
「うんっ、必ずここへ戻ってくるっ。\n　清佳ちゃんに会いに、戻ってくるからっ」%K%P
%LC清佳・蛍
%LC清佳・蛍
「ゆーびきったっ！」%K%P
「ゆーびきったっ！」%K%P
%LC清佳
%LC清佳
「ふふ。あまりにも帰ってくるのが遅かったら\n　私から会いに行っちゃうから」%K%P
「ふふ。あまりにも帰ってくるのが遅かったら\n　私から会いに行っちゃうから」%K%P
%LC清佳
%LC清佳
「だから絶対にまた――ひっくっ……！\n　嘘ついたら、ひっく、針千本なんだからねっ……！」%K%P
「だから絶対にまた――ひっくっ……！\n　嘘ついたら、ひっく、針千本なんだからねっ……！」%K%P
%LC蛍
%LC蛍
「っっ。うんっ……！」%K%P
「っっ。うんっ……！」%K%P
%LC清佳
%LC清佳
「約束よっ？　約束だからねっ……？」%K%P
「約束よっ？　約束だからねっ……？」%K%P
%LC蛍
%LC蛍
「うんっ…………！」%K%P
「うんっ…………！」%K%P
%LC清佳
%LC清佳
「戻ってきたら、えへへっ……！\n　絶対に結婚しようねっ？」%K%P
「戻ってきたら、えへへっ……！\n　絶対に結婚しようねっ？」%K%P
%LC蛍
%LC蛍
「うんっ…………！！」%K%P
「うんっ…………！！」%K%P
そうだ。そうだった。\n僕は小さい頃に清佳ちゃんと結婚の約束をして。%K%P
そうだ。そうだった。\n僕は小さい頃に清佳ちゃんと結婚の約束をして。%K%P
再会した後も、一度は思い出していたじゃないか。\n清佳ちゃんとケンカして、仲直りをしたその時に。%K%P
再会した後も、一度は思い出していたじゃないか。\n清佳ちゃんとケンカして、仲直りをしたその時に。%K%P
%LC清佳
%LC清佳
「……まさか、また忘れてたの？\n　いいえ、まさかよね？」%K%P
「……まさか、また忘れてたの？\n　いいえ、まさかよね？」%K%P
%LC春樹
%LC春樹
「あ、えと……」%K%P
「あ、えと……」%K%P
%LC清佳
%LC清佳
「……今度こそ針千本飲ませようかしら」%K%P
「……今度こそ針千本飲ませようかしら」%K%P
%LC春樹
%LC春樹
「あ、あの頃は蛍に向けられた\n　言葉でしかないって思ってたから……！」%K%P
「あ、あの頃は蛍に向けられた\n　言葉でしかないって思ってたから……！」%K%P
%LC清佳
%LC清佳
「ふーん。私、あの日もう一度作ってくれた冠も、\n　枯らさないように大切にしてるくらいなんだけど」%K%P
「ふーん。私、あの日もう一度作ってくれた冠も、\n　枯らさないように大切にしてるくらいなんだけど」%K%P
%LC春樹
%LC春樹
「も、もちろん僕もそうしてるよ？」%K%P
「も、もちろん僕もそうしてるよ？」%K%P
不満そうに清佳ちゃんが口を尖らせる。%K%P
不満そうに清佳ちゃんが口を尖らせる。%K%P
ちょっぴり拗ねさせちゃったかも。\nけど怒った顔も可愛い。%K%P
ちょっぴり拗ねさせちゃったかも。\nけど怒った顔も可愛い。%K%P
%LC春樹
%LC春樹
「それにしても清佳ちゃんも\n　大切に持っていてくれたなんて……」%K%P
「それにしても清佳ちゃんも\n　大切に持っていてくれたなんて……」%K%P
%LC清佳
%LC清佳
「え？　清佳ちゃん『も』？」%K%P
「え？　清佳ちゃん『も』？」%K%P
%LC春樹
%LC春樹
「あっ……！　ううん、なんでもない」%K%P
「あっ……！　ううん、なんでもない」%K%P
%LC清佳
%LC清佳
「そう……？」%K%P
「そう……？」%K%P
漏らしかけた言葉を飲み込む。%K%P
漏らしかけた言葉を飲み込む。%K%P
そうだ。あるじゃないか。\n僕たちに相応しい結婚式が。演出が。%K%P
そうだ。あるじゃないか。\n僕たちに相応しい結婚式が。演出が。%K%P
でも、どうせなら秘密にしておきたい。%K%P
でも、どうせなら秘密にしておきたい。%K%P
今まで僕は彼女を悪い意味で驚かせてばかりだったから、\n一度くらい幸せなサプライズをしてあげたい。%K%P
今まで僕は彼女を悪い意味で驚かせてばかりだったから、\n一度くらい幸せなサプライズをしてあげたい。%K%P
%LC春樹
%LC春樹
「ふふ。明日は必ず優勝しようね？\n　僕たちのラブラブっぷりを見せつけてあげよう」%K%P
「ふふ。明日は必ず優勝しようね？\n　僕たちのラブラブっぷりを見せつけてあげよう」%K%P
%LC清佳
%LC清佳
「う、うん。どうしたの急にやる気出しちゃって……」%K%P
「う、うん。どうしたの急にやる気出しちゃって……」%K%P
%LC春樹
%LC春樹
「いいから。さ、帰ろう？\n　あんまり遅くなるとお姉ちゃんも愛さんも心配するし」%K%P
「いいから。さ、帰ろう？\n　あんまり遅くなるとお姉ちゃんも愛さんも心配するし」%K%P
%LC清佳
%LC清佳
「ええ……。でも……」%K%P
「ええ……。でも……」%K%P
%LC春樹
%LC春樹
「うん？」%K%P
「うん？」%K%P
%LC清佳
%LC清佳
「……ちゃんと着替えてからにしなさいね？」%K%P
「……ちゃんと着替えてからにしなさいね？」%K%P
――ハっ！？　そうだ、まだ着替えの途中だった！！%K%P
――ハっ！？　そうだ、まだ着替えの途中だった！！%K%P
