――あたしが弟を弟として見られなくなったのは、\n春樹が清佳ちゃんに出会う一年前のことだった。%K%P
――あたしが弟を弟として見られなくなったのは、\n春樹が清佳ちゃんに出会う一年前のことだった。%K%P
その頃あたしはファッションデザイン教室に通っていて。\n自慢じゃないけど他の子より頭二つくらい抜き出ていた。%K%P
その頃あたしはファッションデザイン教室に通っていて。\n自慢じゃないけど他の子より頭二つくらい抜き出ていた。%K%P
デザイナーを目指すようになったのは、\n春樹が生まれてすぐのことだったっけ。%K%P
デザイナーを目指すようになったのは、\n春樹が生まれてすぐのことだったっけ。%K%P
お母さんが春樹のために赤ちゃん服を自作していて。\nそれを見ているうちに興味を持って、手伝い始めて。%K%P
お母さんが春樹のために赤ちゃん服を自作していて。\nそれを見ているうちに興味を持って、手伝い始めて。%K%P
いつの間にか、自分一人で作るようになって。\n春樹の服も……たくさん作ってあげたなぁ。%K%P
いつの間にか、自分一人で作るようになって。\n春樹の服も……たくさん作ってあげたなぁ。%K%P
今みたいな女装用の服じゃなくて、\n男の子用のシャツやズボンを作ってあげて。%K%P
今みたいな女装用の服じゃなくて、\n男の子用のシャツやズボンを作ってあげて。%K%P
春樹はいつも嬉しそうに着てくれたっけ。\nいくつになっても、喜んでもらってくれて。%K%P
春樹はいつも嬉しそうに着てくれたっけ。\nいくつになっても、喜んでもらってくれて。%K%P
その笑顔を見るのがあたしは好きだった。%K%P
その笑顔を見るのがあたしは好きだった。%K%P
だから、もっとたくさんの人にあたしの服で\n笑顔になって欲しいと思うようになって。%K%P
だから、もっとたくさんの人にあたしの服で\n笑顔になって欲しいと思うようになって。%K%P
お父さんたちに頼んで、\nデザイン教室にも入れてもらって。%K%P
お父さんたちに頼んで、\nデザイン教室にも入れてもらって。%K%P
――事件が起こったのは、その教室で\n年に一度のファンションショーが行われた時だ。%K%P
――事件が起こったのは、その教室で\n年に一度のファンションショーが行われた時だ。%K%P
そのショーは数ヶ月がかりで一から自分で作った服を\nコレクションさながらに舞台上で見せ合うというもので。%K%P
そのショーは数ヶ月がかりで一から自分で作った服を\nコレクションさながらに舞台上で見せ合うというもので。%K%P
当時のあたしも三年連続の最優秀賞を目指して、\n心血を注いで衣装を作っていたっけ。%K%P
当時のあたしも三年連続の最優秀賞を目指して、\n心血を注いで衣装を作っていたっけ。%K%P
難易度の高いドレス作りに初挑戦して。\nお母さんもお父さんも、そんなあたしを応援してくれて。%K%P
難易度の高いドレス作りに初挑戦して。\nお母さんもお父さんも、そんなあたしを応援してくれて。%K%P
春樹なんか……面白くもない縫製の作業を、\n楽しそうにずっと傍で眺めていてくれて。%K%P
春樹なんか……面白くもない縫製の作業を、\n楽しそうにずっと傍で眺めていてくれて。%K%P
だけど――%K%P
だけど――%K%P
%LC千鶴
%LC千鶴
「なに……これ……」%K%P
「なに……これ……」%K%P
ショーの数日前。教室を訪れると、\nビリビリに破られたドレスが床に投げ出されていた。%K%P
ショーの数日前。教室を訪れると、\nビリビリに破られたドレスが床に投げ出されていた。%K%P
完成したからと言って教室に保管しておいたのが\n悪かったのかもしれない。%K%P
完成したからと言って教室に保管しておいたのが\n悪かったのかもしれない。%K%P
部屋に置いておくと春樹に試着してってせがまれるから。\nこそばゆくて、嬉しくて、でもやっぱりこそばゆくて。%K%P
部屋に置いておくと春樹に試着してってせがまれるから。\nこそばゆくて、嬉しくて、でもやっぱりこそばゆくて。%K%P
――昨日まで、そんな時間を過ごしていたのに。%K%P
――昨日まで、そんな時間を過ごしていたのに。%K%P
膝を突いて呆然とドレスを抱えるあたしの背後から、\nクスクスと下品な嘲笑が聞こえてきたのを覚えている。%K%P
膝を突いて呆然とドレスを抱えるあたしの背後から、\nクスクスと下品な嘲笑が聞こえてきたのを覚えている。%K%P
破られたドレスはもはや衣装とは呼べなくて。\n繕い直そうにも時間も足りなくて。%K%P
破られたドレスはもはや衣装とは呼べなくて。\n繕い直そうにも時間も足りなくて。%K%P
怒りは湧いてこなかった。\nそれよりも悲しくて、惨めで――%K%P
怒りは湧いてこなかった。\nそれよりも悲しくて、惨めで――%K%P
それからあたしは部屋に閉じこもって、\n一人で枕を濡らし続けた。%K%P
それからあたしは部屋に閉じこもって、\n一人で枕を濡らし続けた。%K%P
ドレスを破った子たちは罰せられたと聞いたけど、\n失ったものは戻らない。%K%P
ドレスを破った子たちは罰せられたと聞いたけど、\n失ったものは戻らない。%K%P
何より、誰かに喜んで欲しくて作った衣装が\n悪意に晒されてしまったことが辛かった。%K%P
何より、誰かに喜んで欲しくて作った衣装が\n悪意に晒されてしまったことが辛かった。%K%P
あたしの服は、誰にも喜んでもらえないものなんだって。\n全てを否定されてしまった気がした。%K%P
あたしの服は、誰にも喜んでもらえないものなんだって。\n全てを否定されてしまった気がした。%K%P
春樹が――あたしを救ってくれるまでは。%K%P
春樹が――あたしを救ってくれるまでは。%K%P
%LC春樹
%LC春樹
「おねえちゃんのつくったふくが\n　せかいでいっちばんかわいいんだって、\n　ぼくがしょーめーしてみせるからっ」%P
「おねえちゃんのつくったふくが\n　せかいでいっちばんかわいいんだって、\n　ぼくがしょーめーしてみせるからっ」%P
春樹はそう言って、引きこもっていたあたしを\n無理やり連れ出していった。%K%P
春樹はそう言って、引きこもっていたあたしを\n無理やり連れ出していった。%K%P
嫌がるあたしの手を引いて、\nデザイン教室の方へ向かっていった。%K%P
嫌がるあたしの手を引いて、\nデザイン教室の方へ向かっていった。%K%P
その日は件のファッションショーの日で、\nそれがわかっていたから尚更嫌だった。%K%P
その日は件のファッションショーの日で、\nそれがわかっていたから尚更嫌だった。%K%P
%LC千鶴
%LC千鶴
「…………」%K%P
「…………」%K%P
教室に着くや否や、次々に視線が突き刺さる。%K%P
教室に着くや否や、次々に視線が突き刺さる。%K%P
哀れみの視線。嘲笑の視線。好奇の視線。\n一分一秒だってここにいたくなかった。%K%P
哀れみの視線。嘲笑の視線。好奇の視線。\n一分一秒だってここにいたくなかった。%K%P
春樹は教室に着くなりどこかへ行ってしまって、\n縋れる人もいない。%K%P
春樹は教室に着くなりどこかへ行ってしまって、\n縋れる人もいない。%K%P
なんのために春樹がここへ連れてきたのかもわからない。%K%P
なんのために春樹がここへ連れてきたのかもわからない。%K%P
目の前では、クラスの子たちが自作の衣装に身を包んで\n煌びやかな舞台の上を自慢げに歩いている。%K%P
目の前では、クラスの子たちが自作の衣装に身を包んで\n煌びやかな舞台の上を自慢げに歩いている。%K%P
%LC千鶴
%LC千鶴
「っっ」%K%P
「っっ」%K%P
耐えきれなくなったあたしは、\n春樹が戻るのも待たずに帰ろうとして――%K%P
耐えきれなくなったあたしは、\n春樹が戻るのも待たずに帰ろうとして――%K%P
%LC春樹
%LC春樹
「――えへへ」%K%P
「――えへへ」%K%P
つぎはぎのドレスを着た春樹の姿が目に入った。%K%P
つぎはぎのドレスを着た春樹の姿が目に入った。%K%P
ひと目見て素人が縫い直したとわかる雑な仕立て。\nあれならボロを羽織った方がまだ良く見える。%K%P
ひと目見て素人が縫い直したとわかる雑な仕立て。\nあれならボロを羽織った方がまだ良く見える。%K%P
なのに春樹は、まるで美しいドレスを\n着ているかのように笑顔で立っていて。%K%P
なのに春樹は、まるで美しいドレスを\n着ているかのように笑顔で立っていて。%K%P
周りの人に見せびらかすように両手を広げて、\nくるくると無邪気にはしゃいでいた。%K%P
周りの人に見せびらかすように両手を広げて、\nくるくると無邪気にはしゃいでいた。%K%P
%LC春樹
%LC春樹
「どー？　おねえちゃんのふく、かわいいでしょ！」%K%P
「どー？　おねえちゃんのふく、かわいいでしょ！」%K%P
%LC千鶴
%LC千鶴
「っっ」%K%P
「っっ」%K%P
心の底からそう思っているかのように、\n春樹が見ている人に笑顔で尋ねる。%K%P
心の底からそう思っているかのように、\n春樹が見ている人に笑顔で尋ねる。%K%P
%LC千鶴
%LC千鶴
「どうして……」%K%P
「どうして……」%K%P
どうして、あんな格好をしているのに\n嬉しそうに笑っていられるんだろう。%K%P
どうして、あんな格好をしているのに\n嬉しそうに笑っていられるんだろう。%K%P
自慢げに見せびらかせるんだろう。%K%P
自慢げに見せびらかせるんだろう。%K%P
周りの人たちも苦笑している。\nあざ笑って見ている人までいる。%K%P
周りの人たちも苦笑している。\nあざ笑って見ている人までいる。%K%P
なのにどうして――%K%P
なのにどうして――%K%P
%LC春樹
%LC春樹
「おねえちゃんのつくったふくが\n　せかいでいっちばんかわいいんだって、\n　ぼくがしょーめーしてみせるからっ」%P
「おねえちゃんのつくったふくが\n　せかいでいっちばんかわいいんだって、\n　ぼくがしょーめーしてみせるからっ」%P
――決まっている。あたしのためだ。%K%P
――決まっている。あたしのためだ。%K%P
あたしを励ますために。\n元気づけるために。%K%P
あたしを励ますために。\n元気づけるために。%K%P
きっと慣れない針仕事で怪我をしたんだろう、\n両手に痛々しい包帯まで巻いて。%K%P
きっと慣れない針仕事で怪我をしたんだろう、\n両手に痛々しい包帯まで巻いて。%K%P
ここまで引っ張られてきたのに、\nあたしはそれにすら気づいてなくて。%K%P
ここまで引っ張られてきたのに、\nあたしはそれにすら気づいてなくて。%K%P
%LC千鶴
%LC千鶴
「……春樹……」%K%P
「……春樹……」%K%P
男の子なのに、女の子の格好までして。\n女顔がコンプレックスだっていつも話してるのに。%K%P
男の子なのに、女の子の格好までして。\n女顔がコンプレックスだっていつも話してるのに。%K%P
%LC千鶴
%LC千鶴
「バカ……。ホントにバカ……」%K%P
「バカ……。ホントにバカ……」%K%P
ファッションショーの作法も知らないで。\nモデルが舞台で笑顔を見せてどうするんだよ。%K%P
ファッションショーの作法も知らないで。\nモデルが舞台で笑顔を見せてどうするんだよ。%K%P
観客に呼びかけちゃってどうするんだよ。%K%P
観客に呼びかけちゃってどうするんだよ。%K%P
だけど――嬉しかった。%K%P
だけど――嬉しかった。%K%P
あたしの服を喜んで着てくれる人がいる。\n自慢してくれる人がいる。%K%P
あたしの服を喜んで着てくれる人がいる。\n自慢してくれる人がいる。%K%P
どんなにボロボロになっても、\n可愛いと言ってくれる人がいる。%K%P
どんなにボロボロになっても、\n可愛いと言ってくれる人がいる。%K%P
%LC春樹
%LC春樹
「えへへ」%K%P
「えへへ」%K%P
春樹があたしに笑顔を向けてくれる。%K%P
春樹があたしに笑顔を向けてくれる。%K%P
弟の微笑みにドキドキさせられている自分がいる。%K%P
弟の微笑みにドキドキさせられている自分がいる。%K%P
その日からもう――あたしは弟を、\n単なる弟として見られなくなっていた。%K%P
その日からもう――あたしは弟を、\n単なる弟として見られなくなっていた。%K%P
