%LC蛍
%LC蛍
「はぅ〜……！　こんなの恥ずかしいってばぁ……！\n　離して、離してって……！」%K%P
「はぅ〜……！　こんなの恥ずかしいってばぁ……！\n　離して、離してって……！」%K%P
%LC千鶴
%LC千鶴
「動かない動かない♪\n　大人しく、ご主人様に犯されなさいな♪」%K%P
「動かない動かない♪\n　大人しく、ご主人様に犯されなさいな♪」%K%P
%LC蛍
%LC蛍
「ご、ご主人様って……！\n　ふざけるのも大概に――ひぃあんっ……！？」%K%P
「ご、ご主人様って……！\n　ふざけるのも大概に――ひぃあんっ……！？」%K%P
おちんちんを軽く摩られただけで、\nビクンと身体が跳ね上がりそうになってしまう。%K%P
おちんちんを軽く摩られただけで、\nビクンと身体が跳ね上がりそうになってしまう。%K%P
%LC千鶴
%LC千鶴
「おお〜……。今日は一際敏感じゃん。\n　なんだかんだ蛍もこのプレイに興奮してんじゃない？」%K%P
「おお〜……。今日は一際敏感じゃん。\n　なんだかんだ蛍もこのプレイに興奮してんじゃない？」%K%P
%LC蛍
%LC蛍
「し、してないもん……！\n　それよりドレスがシワになっちゃうってば……！」%K%P
「し、してないもん……！\n　それよりドレスがシワになっちゃうってば……！」%K%P
%LC千鶴
%LC千鶴
「そんなの後で幾らでも直せるって。\n　話を逸らさないの」%K%P
「そんなの後で幾らでも直せるって。\n　話を逸らさないの」%K%P
%LC千鶴
%LC千鶴
「てかマジで可愛い……。チンポ付いてる以外、\n　ホント女の子だよね〜……」%K%P
「てかマジで可愛い……。チンポ付いてる以外、\n　ホント女の子だよね〜……」%K%P
%LC蛍
%LC蛍
「お、俺は男だもん……！　姉さんに\n　可愛いとか言われても嬉しくないから……！」%K%P
「お、俺は男だもん……！　姉さんに\n　可愛いとか言われても嬉しくないから……！」%K%P
%LC千鶴
%LC千鶴
「わ。久しぶりに聞いたよ、『俺』と『姉さん』。\n　ヤダなぁ、無理しちゃって。でもそこも可愛い……」%K%P
「わ。久しぶりに聞いたよ、『俺』と『姉さん』。\n　ヤダなぁ、無理しちゃって。でもそこも可愛い……」%K%P
%LC蛍
%LC蛍
「っっ……！！」%K%P
「っっ……！！」%K%P
口を開けば開くほど、からかわれてしまう。%K%P
口を開けば開くほど、からかわれてしまう。%K%P
どうにかお姉ちゃんを押しのけようとするけれど、\n完全にマウントを取られてしまっていて動けない。%K%P
どうにかお姉ちゃんを押しのけようとするけれど、\n完全にマウントを取られてしまっていて動けない。%K%P
%LC千鶴
%LC千鶴
「でも、その言葉遣いは頂けないなぁ……。\n　今は、『わたし』と『千鶴様』だよ」%K%P
「でも、その言葉遣いは頂けないなぁ……。\n　今は、『わたし』と『千鶴様』だよ」%K%P
%LC千鶴
%LC千鶴
「ちゃんと言えたら……ふふ。\n　気持ち良くしてあげてもいいけど」%K%P
「ちゃんと言えたら……ふふ。\n　気持ち良くしてあげてもいいけど」%K%P
%LC蛍
%LC蛍
「んっ……！　んんっ……！」%K%P
「んっ……！　んんっ……！」%K%P
僕の快感をくすぐるように、\nいじらしくお姉ちゃんが股間を股間で摩ってくる。%K%P
僕の快感をくすぐるように、\nいじらしくお姉ちゃんが股間を股間で摩ってくる。%K%P
湿り気を帯びた生温かい感触が\nすこぶるえっちい……。%K%P
湿り気を帯びた生温かい感触が\nすこぶるえっちい……。%K%P
随分とご無沙汰だったせいもあって、\nおちんちんが否応なしにおまんこの快感を求めてしまう。%K%P
随分とご無沙汰だったせいもあって、\nおちんちんが否応なしにおまんこの快感を求めてしまう。%K%P
%LC千鶴
%LC千鶴
「ん……はぁ……。わかるっしょ……？\n　あたしのおまんこ、超ヌレヌレだよ……？」%K%P
「ん……はぁ……。わかるっしょ……？\n　あたしのおまんこ、超ヌレヌレだよ……？」%K%P
%LC千鶴
%LC千鶴
「きっと挿れたら超気持ちいいだろうなぁ……。\n　ねね？　挿れて欲しくないの？」%K%P
「きっと挿れたら超気持ちいいだろうなぁ……。\n　ねね？　挿れて欲しくないの？」%K%P
%LC蛍
%LC蛍
「んはぁ、はぁ……。そ、それは……んんっ！」%K%P
「んはぁ、はぁ……。そ、それは……んんっ！」%K%P
ふぁ……！　ち、乳首がお姉ちゃんの乳首に\nグリグリ擦りつけられて……！%K%P
ふぁ……！　ち、乳首がお姉ちゃんの乳首に\nグリグリ擦りつけられて……！%K%P
まるでお姉ちゃんのおっぱいに、んはぁ……！\n僕のおっぱいが食べられてるみたい……！%K%P
まるでお姉ちゃんのおっぱいに、んはぁ……！\n僕のおっぱいが食べられてるみたい……！%K%P
%LC千鶴
%LC千鶴
「乳首もビンビンじゃん……。\n　あたしより勃ってんよ？」%K%P
「乳首もビンビンじゃん……。\n　あたしより勃ってんよ？」%K%P
%LC千鶴
%LC千鶴
「ね……。素直になっちゃおうよ。\n　ちょっとしたプレイじゃん、プレイ」%K%P
「ね……。素直になっちゃおうよ。\n　ちょっとしたプレイじゃん、プレイ」%K%P
%LC千鶴
%LC千鶴
「いっつも普通にエッチしてるだけじゃ、\n　マンネリしちゃうだろうしさ。\n　今日は、蛍としてあたしとエッチして？」%K%P
「いっつも普通にエッチしてるだけじゃ、\n　マンネリしちゃうだろうしさ。\n　今日は、蛍としてあたしとエッチして？」%K%P
%LC蛍
%LC蛍
「ほ、蛍と、んん、して……」%K%P
「ほ、蛍と、んん、して……」%K%P
僕の性欲を巧みに煽るような動きをしながら、\nお姉ちゃんが囁きかけてくる。%K%P
僕の性欲を巧みに煽るような動きをしながら、\nお姉ちゃんが囁きかけてくる。%K%P
うぅ、ズルい……。エッチしたい気持ちを人質に、\nそんな恥ずかしいことを強要してくるなんて……。%K%P
うぅ、ズルい……。エッチしたい気持ちを人質に、\nそんな恥ずかしいことを強要してくるなんて……。%K%P
でも、んふ、エッチしたい……。%K%P
でも、んふ、エッチしたい……。%K%P
%LC蛍
%LC蛍
「わ……わかりました。千鶴……様……」%K%P
「わ……わかりました。千鶴……様……」%K%P
%LC千鶴
%LC千鶴
「おおー……。ヤッバい、その顔濡れる……」%K%P
「おおー……。ヤッバい、その顔濡れる……」%K%P
%LC蛍
%LC蛍
「〜〜っっ」%K%P
「〜〜っっ」%K%P
口にした瞬間、自分でもわかるほど\n羞恥心で顔が真っ赤になってしまう。%K%P
口にした瞬間、自分でもわかるほど\n羞恥心で顔が真っ赤になってしまう。%K%P
ビックリするくらい身体が熱くなって――\nだけど、その火照りにドキドキしてる自分もいた。%K%P
ビックリするくらい身体が熱くなって――\nだけど、その火照りにドキドキしてる自分もいた。%K%P
%LC千鶴
%LC千鶴
「それで……蛍はあたしにどうして欲しいの？」%K%P
「それで……蛍はあたしにどうして欲しいの？」%K%P
%LC蛍
%LC蛍
「ですから……そ、その……。\n　気持ち良くしてもらいたいと言いますか……」%K%P
「ですから……そ、その……。\n　気持ち良くしてもらいたいと言いますか……」%K%P
%LC千鶴
%LC千鶴
「そんなのわかってるってばぁ〜。\n　もっと、可愛くおねだりしてってコート」%K%P
「そんなのわかってるってばぁ〜。\n　もっと、可愛くおねだりしてってコート」%K%P
ここぞとばかりに千鶴様が\n悪戯心満載に囁きかけてくる。%K%P
ここぞとばかりに千鶴様が\n悪戯心満載に囁きかけてくる。%K%P
うぅ、こうなったらもう破れかぶれだよ……！%K%P
うぅ、こうなったらもう破れかぶれだよ……！%K%P
%LC蛍
%LC蛍
「お……お願いします、千鶴様……」%K%P
「お……お願いします、千鶴様……」%K%P
%LC蛍
%LC蛍
「どうか蛍の淫らなおちんぽを、\n　千鶴様のおまんこで気持ち良くして下さい……」%K%P
「どうか蛍の淫らなおちんぽを、\n　千鶴様のおまんこで気持ち良くして下さい……」%K%P
蚊の鳴くような声でおねだりする。\nそれだけでおちんちんがビクビクと震えてしまった。%K%P
蚊の鳴くような声でおねだりする。\nそれだけでおちんちんがビクビクと震えてしまった。%K%P
%LC千鶴
%LC千鶴
「いいねいいね……。興奮しちゃう……」%K%P
「いいねいいね……。興奮しちゃう……」%K%P
%LC蛍
%LC蛍
「こ、興奮しちゃうじゃなくて……」%K%P
「こ、興奮しちゃうじゃなくて……」%K%P
早く挿れて欲しい。\n焦らさないで早く……！%K%P
早く挿れて欲しい。\n焦らさないで早く……！%K%P
%LC千鶴
%LC千鶴
「ダーメ。必死さが足んないよ。\n　もっと、ふふ、全力で言って？」%K%P
「ダーメ。必死さが足んないよ。\n　もっと、ふふ、全力で言って？」%K%P
%LC蛍
%LC蛍
「全力でって……はぁはぁ……」%K%P
「全力でって……はぁはぁ……」%K%P
%LC千鶴
%LC千鶴
「大声で。どうせ今誰もいないんだし」%K%P
「大声で。どうせ今誰もいないんだし」%K%P
%LC蛍
%LC蛍
「っっ」%K%P
「っっ」%K%P
そんな恥ずかしいコト……！\nでも、はぁはぁ、言わないと挿れてもらないし……。%K%P
そんな恥ずかしいコト……！\nでも、はぁはぁ、言わないと挿れてもらないし……。%K%P
%LC蛍
%LC蛍
%XS17「お、お願い……します……」%XE%K%P
%XS17「お、お願い……します……」%XE%K%P
%LC千鶴
%LC千鶴
「んん〜？」%K%P
「んん〜？」%K%P
%LC蛍
%LC蛍
「っっ。お願いしますっ！　どうか蛍の淫らなおちんぽを\n　千鶴様のおまんこで気持ち良くして下さいっ！！」%K%P
「っっ。お願いしますっ！　どうか蛍の淫らなおちんぽを\n　千鶴様のおまんこで気持ち良くして下さいっ！！」%K%P
叫んだ瞬間、我慢汁が噴き出したのがわかった。\nそのくらい羞恥心と妙な快感を覚えながら絶叫した。%K%P
叫んだ瞬間、我慢汁が噴き出したのがわかった。\nそのくらい羞恥心と妙な快感を覚えながら絶叫した。%K%P
すると――%K%P
すると――%K%P
%LC千鶴
%LC千鶴
「いいじゃん――超もえる」%K%P
「いいじゃん――超もえる」%K%P
そう言って千鶴様は自らの秘部に、\nわたしのおちんちんをあてがってくれて――%K%P
そう言って千鶴様は自らの秘部に、\nわたしのおちんちんをあてがってくれて――%K%P
%LC蛍
%LC蛍
「あぁあああんっ……！！\n　んぁっ、はぁあああああん……！！！」%K%P
「あぁあああんっ……！！\n　んぁっ、はぁあああああん……！！！」%K%P
ヌププププっ――と、おちんちんがトロトロで\nアツアツの膣肉に包まれる。き、気持ちい……！！%K%P
ヌププププっ――と、おちんちんがトロトロで\nアツアツの膣肉に包まれる。き、気持ちい……！！%K%P
%LC千鶴
%LC千鶴
「んっ、んはぁ……♪　動いちゃダメだってばぁ〜。\n　腰振ったら動いてあげないよ〜？」%K%P
「んっ、んはぁ……♪　動いちゃダメだってばぁ〜。\n　腰振ったら動いてあげないよ〜？」%K%P
%LC蛍
%LC蛍
「はぁ、はぁ……！　ふ、振っているつもりは……！」%K%P
「はぁ、はぁ……！　ふ、振っているつもりは……！」%K%P
無意識に突き上げようとしてしまっていたのか、\n千鶴様にグっと体重をかけられてホールドされてしまう。%K%P
無意識に突き上げようとしてしまっていたのか、\n千鶴様にグっと体重をかけられてホールドされてしまう。%K%P
んんっ……！　根元までずっぽり入って……！\nはぁはぁ、ヒダヒダが吸い付いてくる……！%K%P
んんっ……！　根元までずっぽり入って……！\nはぁはぁ、ヒダヒダが吸い付いてくる……！%K%P
%LC千鶴
%LC千鶴
「蛍のチンポ……んふ♪　ドエロい。\n　おまんこの中でずーっとビクビクしちゃってる♪」%K%P
「蛍のチンポ……んふ♪　ドエロい。\n　おまんこの中でずーっとビクビクしちゃってる♪」%K%P
%LC千鶴
%LC千鶴
「あたしのおまんこ……ふふふ。\n　そんなに気持ちいいんだ？」%K%P
「あたしのおまんこ……ふふふ。\n　そんなに気持ちいいんだ？」%K%P
%LC蛍
%LC蛍
「は、はい、はぁはぁ、気持ちいいです……」%K%P
「は、はい、はぁはぁ、気持ちいいです……」%K%P
%LC千鶴
%LC千鶴
「そっかそっか。じゃあ、しばらくこのまま\n　動かないでいてあげるね？」%K%P
「そっかそっか。じゃあ、しばらくこのまま\n　動かないでいてあげるね？」%K%P
%LC蛍
%LC蛍
「っっ。そ、そういう意味じゃなくて……」%K%P
「っっ。そ、そういう意味じゃなくて……」%K%P
むしろ、ん、はぁ、動いて欲しい……。\nこの気持ちいいおまんこで扱いて欲しい……！%K%P
むしろ、ん、はぁ、動いて欲しい……。\nこの気持ちいいおまんこで扱いて欲しい……！%K%P
%LC千鶴
%LC千鶴
「だからダメだって。動くの禁止。\n　ちょっとでも腰揺らしたら抜いちゃうよ？」%K%P
「だからダメだって。動くの禁止。\n　ちょっとでも腰揺らしたら抜いちゃうよ？」%K%P
%LC蛍
%LC蛍
「そ、そんな……！」%K%P
「そ、そんな……！」%K%P
%LC千鶴
%LC千鶴
「心配しなくても、あたしも鬼じゃないから。\n　むしろ、ご奉仕してあげようと思ってるくらいだよ？」%K%P
「心配しなくても、あたしも鬼じゃないから。\n　むしろ、ご奉仕してあげようと思ってるくらいだよ？」%K%P
%LC千鶴
%LC千鶴
「だから、ふふふ。して欲しいことがあれば、\n　素直に言いな。その通りにやってあげるから」%K%P
「だから、ふふふ。して欲しいことがあれば、\n　素直に言いな。その通りにやってあげるから」%K%P
%LC蛍
%LC蛍
「う、うぅ……！」%K%P
「う、うぅ……！」%K%P
逆に言えばわたしが言うまで何もするつもりがないんだ。\nわたしにわざと恥ずかしいおねだりをさせようとして……%K%P
逆に言えばわたしが言うまで何もするつもりがないんだ。\nわたしにわざと恥ずかしいおねだりをさせようとして……%K%P
%LC蛍
%LC蛍
「う……動いて、下さい……」%K%P
「う……動いて、下さい……」%K%P
%LC千鶴
%LC千鶴
「ん？」%K%P
「ん？」%K%P
%LC蛍
%LC蛍
「っっ。う、動いて下さいっ……！\n　わたしのおちんぽ、おまんこで扱いて下さい……！」%K%P
「っっ。う、動いて下さいっ……！\n　わたしのおちんぽ、おまんこで扱いて下さい……！」%K%P
%LC千鶴
%LC千鶴
「ふふふ。しっかたないな〜」%K%P
「ふふふ。しっかたないな〜」%K%P
すると千鶴様はご満悦顔で\nゆっくりと腰を揺らし始めて――%K%P
すると千鶴様はご満悦顔で\nゆっくりと腰を揺らし始めて――%K%P
%LC蛍
%LC蛍
「ふぁあんっ…………！　あはぁあん…………！！\n　あっ……！　あぁぁっっ…………！！」%K%P
「ふぁあんっ…………！　あはぁあん…………！！\n　あっ……！　あぁぁっっ…………！！」%K%P
まるで蛇がじっくりと獲物を呑み込んでいくように、\nねっとりねっとりと千鶴様が腰を上下させる。%K%P
まるで蛇がじっくりと獲物を呑み込んでいくように、\nねっとりねっとりと千鶴様が腰を上下させる。%K%P
き、気持ちいい――けど。んんっ……！\nこうじゃないっ……！　もっと激しく、ん、んん……！%K%P
き、気持ちいい――けど。んんっ……！\nこうじゃないっ……！　もっと激しく、ん、んん……！%K%P
%LC千鶴
%LC千鶴
「どうしたの？　辛そうな顔して。\n　言われたとおり動いてあげたのに♪」%K%P
「どうしたの？　辛そうな顔して。\n　言われたとおり動いてあげたのに♪」%K%P
わざとらしく千鶴様が尋ねてくる。\nイ、イジワルだよぉ……！%K%P
わざとらしく千鶴様が尋ねてくる。\nイ、イジワルだよぉ……！%K%P
%LC蛍
%LC蛍
「焦らさないで、ふぁぁ……！　下さい……！」%K%P
「焦らさないで、ふぁぁ……！　下さい……！」%K%P
%LC蛍
%LC蛍
「もっと激しく、んっ……！\n　動いて欲しい、ですっ……！」%K%P
「もっと激しく、んっ……！\n　動いて欲しい、ですっ……！」%K%P
トロ肉に、おちんちんをねぶられるような\n快感に悶えながらも必死に訴える。%K%P
トロ肉に、おちんちんをねぶられるような\n快感に悶えながらも必死に訴える。%K%P
%LC千鶴
%LC千鶴
「え〜？　聞こえないなぁ〜」%K%P
「え〜？　聞こえないなぁ〜」%K%P
%LC蛍
%LC蛍
「はふぁぁぁ…………！！\n　あっ、あぁぁぁ……！！」%K%P
「はふぁぁぁ…………！！\n　あっ、あぁぁぁ……！！」%K%P
強く吸い付くようにおちんちんを締め付けながら、\nゆっくりゆっくりと抽挿が繰り返される。%K%P
強く吸い付くようにおちんちんを締め付けながら、\nゆっくりゆっくりと抽挿が繰り返される。%K%P
動きが緩慢すぎて、はぁはぁ……！\nどんどんおちんちんが敏感にさせられちゃ……！！%K%P
動きが緩慢すぎて、はぁはぁ……！\nどんどんおちんちんが敏感にさせられちゃ……！！%K%P
%LC蛍
%LC蛍
「激しく動いて下さいっ……！！\n　お願い、します、千鶴様ぁ……！！」%K%P
「激しく動いて下さいっ……！！\n　お願い、します、千鶴様ぁ……！！」%K%P
%LC千鶴
%LC千鶴
「きっこえなーい♪」%K%P
「きっこえなーい♪」%K%P
%LC蛍
%LC蛍
「はふぅぅぅ…………！！？\n　んぁっ、あふぁぁぁ…………！！」%K%P
「はふぅぅぅ…………！！？\n　んぁっ、あふぁぁぁ…………！！」%K%P
こ、この人、あくまでわたしを焦らすつもりだ……！\nこれじゃ動かないでもらえた方がマシだったかも……！%K%P
こ、この人、あくまでわたしを焦らすつもりだ……！\nこれじゃ動かないでもらえた方がマシだったかも……！%K%P
イくにもイけない動きで、はぁはぁ……！\nおちんちんがずっと刺激され続けて――キ、キツい……！%K%P
イくにもイけない動きで、はぁはぁ……！\nおちんちんがずっと刺激され続けて――キ、キツい……！%K%P
%LC千鶴
%LC千鶴
「はぁはぁ……。蛍の顔、どんどんエロくなってる……。\n　トロトロで、ふやけた顔になってきてるよ……？」%K%P
「はぁはぁ……。蛍の顔、どんどんエロくなってる……。\n　トロトロで、ふやけた顔になってきてるよ……？」%K%P
%LC千鶴
%LC千鶴
「チンポも、膣内でムクムク膨らんできてるのわかる。\n　根元から先っぽまで、ザーメンでいっぱいって感じ」%K%P
「チンポも、膣内でムクムク膨らんできてるのわかる。\n　根元から先っぽまで、ザーメンでいっぱいって感じ」%K%P
%LC千鶴
%LC千鶴
「今までずーっと、やられる側だったけど……ふふふ。\n　こうやって苛めるのも結構楽しいかも……♪」%K%P
「今までずーっと、やられる側だったけど……ふふふ。\n　こうやって苛めるのも結構楽しいかも……♪」%K%P
%LC蛍
%LC蛍
「はぁっ……！　はぁっ……！　んはぁんっ……！！\n　苦しいです、んぁ、千鶴様ぁ……！」%K%P
「はぁっ……！　はぁっ……！　んはぁんっ……！！\n　苦しいです、んぁ、千鶴様ぁ……！」%K%P
%LC蛍
%LC蛍
「お願いですから、もっとシコシコして……！！\n　わたしのおちんぽ、はぁはぁ、ゴシゴシ擦ってぇ……！」%K%P
「お願いですから、もっとシコシコして……！！\n　わたしのおちんぽ、はぁはぁ、ゴシゴシ擦ってぇ……！」%K%P
%LC千鶴
%LC千鶴
「え〜。せっかく愉しくなってきたところだもん。\n　もうちょっと我慢できるっしょ？」%K%P
「え〜。せっかく愉しくなってきたところだもん。\n　もうちょっと我慢できるっしょ？」%K%P
耐えられなくなって腰を突き上げようとするけれど、\nグっと押さえつけられてしまって動くこともできない。%K%P
耐えられなくなって腰を突き上げようとするけれど、\nグっと押さえつけられてしまって動くこともできない。%K%P
ただただ焦れったいばかりの快感に晒されて。\nおちんちんだけじゃなく全身が過敏になっていく――%K%P
ただただ焦れったいばかりの快感に晒されて。\nおちんちんだけじゃなく全身が過敏になっていく――%K%P
%LC蛍
%LC蛍
「ふぁぁぁ…………！！　あはぁあんんっ…………！！\n　あっ……！！　あぁ…………！！　あああ…………！！」%K%P
「ふぁぁぁ…………！！　あはぁあんんっ…………！！\n　あっ……！！　あぁ…………！！　あああ…………！！」%K%P
%LC蛍
%LC蛍
「（な、何この感覚ぅ……！　おちんちん擦られてるだけ\n　なのに、あっ、あぁ、身体中を舐められてるような\n　気分になってきてっ……！）」%K%P
「（な、何この感覚ぅ……！　おちんちん擦られてるだけ\n　なのに、あっ、あぁ、身体中を舐められてるような\n　気分になってきてっ……！）」%K%P
%LC蛍
%LC蛍
「（と、蕩けてきちゃうっ……！\n　全身が火照って、身体中フワフワしてぇ……！）」%K%P
「（と、蕩けてきちゃうっ……！\n　全身が火照って、身体中フワフワしてぇ……！）」%K%P
媚薬入りの温泉に浸からされてるみたいだ……！\nお、おちんちんが勝手に跳ねる、ビクついちゃう……！%K%P
媚薬入りの温泉に浸からされてるみたいだ……！\nお、おちんちんが勝手に跳ねる、ビクついちゃう……！%K%P
%LC千鶴
%LC千鶴
「蛍の吐息、はぁはぁ、めちゃくちゃ熱くなってる……。\n　イきそうでイけない女の子の顔になってるよ……？」%K%P
「蛍の吐息、はぁはぁ、めちゃくちゃ熱くなってる……。\n　イきそうでイけない女の子の顔になってるよ……？」%K%P
%LC千鶴
%LC千鶴
「我慢汁もヤッバい……。蛇口を軽く捻った時みたいに\n　さっきからジャバジャバ溢れ出っぱなし……」%K%P
「我慢汁もヤッバい……。蛇口を軽く捻った時みたいに\n　さっきからジャバジャバ溢れ出っぱなし……」%K%P
%LC蛍
%LC蛍
「んぁっ……！　あっ……！　あぁっ！！」%K%P
「んぁっ……！　あっ……！　あぁっ！！」%K%P
も、もうダメ……！　敏感になりすぎて、はぁはぁ……！\nゆっくり動かれるだけでもイきそうっ……！%K%P
も、もうダメ……！　敏感になりすぎて、はぁはぁ……！\nゆっくり動かれるだけでもイきそうっ……！%K%P
乳首が気持ちいい……！！\n千鶴様の乳首にクリクリされてっ……！！%K%P
乳首が気持ちいい……！！\n千鶴様の乳首にクリクリされてっ……！！%K%P
い、いっそこのままでもいいや……！\n焦れったいけど、はぁはぁ、すごく気持ちいい……！！%K%P
い、いっそこのままでもいいや……！\n焦れったいけど、はぁはぁ、すごく気持ちいい……！！%K%P
%LC千鶴
%LC千鶴
「ん。そろそろかな」%K%P
「ん。そろそろかな」%K%P
%LC蛍
%LC蛍
「え――？」%K%P
「え――？」%K%P
不意に、千鶴様がぐっと腰を落として動きを止めた。\nそして、その次の瞬間――%K%P
不意に、千鶴様がぐっと腰を落として動きを止めた。\nそして、その次の瞬間――%K%P
%LC蛍
%LC蛍
「――あ゛ひぃんっ！！？\n　ん゛ぁっ！？　あ゛っ、あ゛っ、あ゛ぁあっ！！？」%K%P
「――あ゛ひぃんっ！！？\n　ん゛ぁっ！？　あ゛っ、あ゛っ、あ゛ぁあっ！！？」%K%P
は、はげひっっ！！？　いきなり激しくなっへっ！！？%K%P
は、はげひっっ！！？　いきなり激しくなっへっ！！？%K%P
%LC千鶴
%LC千鶴
「んぁんっ、あぁあんっ、あっ、はぁ、んはぁん……！」%K%P
「んぁんっ、あぁあんっ、あっ、はぁ、んはぁん……！」%K%P
%LC千鶴
%LC千鶴
「ヤッバいっ、超気持ちいいっ……！！\n　今までで一番チンポ、パンパンかもっ……！！」%K%P
「ヤッバいっ、超気持ちいいっ……！！\n　今までで一番チンポ、パンパンかもっ……！！」%K%P
%LC蛍
%LC蛍
「ふあぁぁぁあっっ！！　待っ――ん゛あぁっ！！\n　とまっ、とまっへくだひゃっ、はげひしゅぎぃ……！！」%K%P
「ふあぁぁぁあっっ！！　待っ――ん゛あぁっ！！\n　とまっ、とまっへくだひゃっ、はげひしゅぎぃ……！！」%K%P
%LC千鶴
%LC千鶴
「蛍がっ、んはぁんっ、激しくしてって言ったんでしょ？」%K%P
「蛍がっ、んはぁんっ、激しくしてって言ったんでしょ？」%K%P
%LC蛍
%LC蛍
「言っひゃけどっ――あはぁああんっっ！！\n　急に動きしゅぎっ、おちんぽ焼けちゃっ……！！\n　気持ちよしゅぎへ、おかしくなっひゃっ……！！」%K%P
「言っひゃけどっ――あはぁああんっっ！！\n　急に動きしゅぎっ、おちんぽ焼けちゃっ……！！\n　気持ちよしゅぎへ、おかしくなっひゃっ……！！」%K%P
%LC蛍
%LC蛍
「とまっへっ、あ゛ぁあっ、イ゛ぐっ、イ゛ぐぅっ！！\n　おちんぽ弾けりゅぅっっ……！！」%K%P
「とまっへっ、あ゛ぁあっ、イ゛ぐっ、イ゛ぐぅっ！！\n　おちんぽ弾けりゅぅっっ……！！」%K%P
%LC千鶴
%LC千鶴
「気づいてないのっ？　もう――ん゛んっ！！\n　ビュービュー出ちゃってるんよっ？」%K%P
「気づいてないのっ？　もう――ん゛んっ！！\n　ビュービュー出ちゃってるんよっ？」%K%P
%LC千鶴
%LC千鶴
「あたしの膣内っ、あっ、はぁっ、あぁあんっ……！\n　蛍のエロザーメンで、あぁん、いっぱいなんだからっ」%K%P
「あたしの膣内っ、あっ、はぁっ、あぁあんっ……！\n　蛍のエロザーメンで、あぁん、いっぱいなんだからっ」%K%P
%LC蛍
%LC蛍
「あ゛ふぁぁっ！　あはぁんっ！　あっ、あっ、あっ！！」%K%P
「あ゛ふぁぁっ！　あはぁんっ！　あっ、あっ、あっ！！」%K%P
だ、だかりゃなのぉっ……！？\nずっひょ、お漏らししてりゅみたいな感じがぁ……！%K%P
だ、だかりゃなのぉっ……！？\nずっひょ、お漏らししてりゅみたいな感じがぁ……！%K%P
ぎもひいいっ……！！　あ゛っ、あ゛ふぁっ……！！\nドビュドビュしへりゅの、あぁ、わかりゅぅ……！！%K%P
ぎもひいいっ……！！　あ゛っ、あ゛ふぁっ……！！\nドビュドビュしへりゅの、あぁ、わかりゅぅ……！！%K%P
%LC千鶴
%LC千鶴
「相当っ、んはぁっ、気持ちいいんだっ？\n　白目剥きかけちゃってるよっ？」%K%P
「相当っ、んはぁっ、気持ちいいんだっ？\n　白目剥きかけちゃってるよっ？」%K%P
%LC千鶴
%LC千鶴
「ホントエロいっ……！　蛍、可愛いっ……！！\n　マジで犯してる気がしてきちゃうっ……！！」%K%P
「ホントエロいっ……！　蛍、可愛いっ……！！\n　マジで犯してる気がしてきちゃうっ……！！」%K%P
%LC蛍
%LC蛍
「お゛っ、お゛かされてましゅぅっっ……！！\n　千鶴しゃまに、あ゛あぁ、お゛かされてましゅぅ……！」%K%P
「お゛っ、お゛かされてましゅぅっっ……！！\n　千鶴しゃまに、あ゛あぁ、お゛かされてましゅぅ……！」%K%P
%LC蛍
%LC蛍
「ぎもひよしゅぎへ、し、死んじゃひしょうっ……！！\n　あ゛っ、はぁっ、ん゛ぁっ、あ゛ぁっっ……！！」%K%P
「ぎもひよしゅぎへ、し、死んじゃひしょうっ……！！\n　あ゛っ、はぁっ、ん゛ぁっ、あ゛ぁっっ……！！」%K%P
身体の痙攣がとまんなひっ……！\nおちんちんの痙攣はもっととまんなひっ……！！%K%P
身体の痙攣がとまんなひっ……！\nおちんちんの痙攣はもっととまんなひっ……！！%K%P
射精してりゅのかしてなひのかっ、\nあ゛ぁっ、わかんなひくりゃい気持ひいいっ……！！%K%P
射精してりゅのかしてなひのかっ、\nあ゛ぁっ、わかんなひくりゃい気持ひいいっ……！！%K%P
%LC千鶴
%LC千鶴
「ん゛はぁっ……！　ふふふっっ……！！\n　蛍の淫乱チンポ、まーた膨らんできてる……！！」%K%P
「ん゛はぁっ……！　ふふふっっ……！！\n　蛍の淫乱チンポ、まーた膨らんできてる……！！」%K%P
%LC千鶴
%LC千鶴
「イかせて欲しいっ？　思いっきりイかせてあげよっか？」%K%P
「イかせて欲しいっ？　思いっきりイかせてあげよっか？」%K%P
%LC蛍
%LC蛍
「イ゛がせてっ！！　あ゛ふぁあっっ……！！\n　イ゛がせてくだひゃいっっ……！！」%K%P
「イ゛がせてっ！！　あ゛ふぁあっっ……！！\n　イ゛がせてくだひゃいっっ……！！」%K%P
%LC蛍
%LC蛍
「イ゛ぎだいっ、イ゛ぎだいれふっっ……！！\n　千鶴しゃまのおまんこで、ふぁ、思いっきりぃ……！！」%K%P
「イ゛ぎだいっ、イ゛ぎだいれふっっ……！！\n　千鶴しゃまのおまんこで、ふぁ、思いっきりぃ……！！」%K%P
考えるよりも先に言葉が出てくる。\n頭の中、あぁあ、もうフニャフニャれぇ……！！%K%P
考えるよりも先に言葉が出てくる。\n頭の中、あぁあ、もうフニャフニャれぇ……！！%K%P
%LC千鶴
%LC千鶴
「ふふふっ、じゃあもっと激しく――あっ、はぁんっ！\n　腰振ったげるねっ……！！」%K%P
「ふふふっ、じゃあもっと激しく――あっ、はぁんっ！\n　腰振ったげるねっ……！！」%K%P
%LC蛍
%LC蛍
「ん゛ぁっ！　あ゛はぁっ！\n　あ゛っ、あ゛っ、あ゛っ、あ゛あああっっ！！！」%K%P
「ん゛ぁっ！　あ゛はぁっ！\n　あ゛っ、あ゛っ、あ゛っ、あ゛あああっっ！！！」%K%P
千鶴様のおっぱいがブルンブルンと激しく揺れる。%K%P
千鶴様のおっぱいがブルンブルンと激しく揺れる。%K%P
ギチギチにおまんこを締めながら\nおちんちんを強烈に扱き上げてくれる。%K%P
ギチギチにおまんこを締めながら\nおちんちんを強烈に扱き上げてくれる。%K%P
ぎ、ぎもひいいっっ……！！！\n子宮がっ、敏感な先っぽをグリグリ擦ってきて……！！！%K%P
ぎ、ぎもひいいっっ……！！！\n子宮がっ、敏感な先っぽをグリグリ擦ってきて……！！！%K%P
%LC蛍
%LC蛍
「あ゛ふぁっっ……！！　あ゛ぁっっ……！！\n　ふぁぁあんっ、あっ、ああっ、あ゛あああっ……！！」%K%P
「あ゛ふぁっっ……！！　あ゛ぁっっ……！！\n　ふぁぁあんっ、あっ、ああっ、あ゛あああっ……！！」%K%P
%LC蛍
%LC蛍
「あ゛ぁあっ、イ゛ぐっっ……！！\n　イ゛ぎましゅっ、あ゛ふぁああっ、イ゛ぐぅぅっっ！！」%K%P
「あ゛ぁあっ、イ゛ぐっっ……！！\n　イ゛ぎましゅっ、あ゛ふぁああっ、イ゛ぐぅぅっっ！！」%K%P
%LC蛍
%LC蛍
「あ゛っ、あ゛っ、あ゛っ、あ゛っ、あ゛っ！！！\n　ぎもひいいっ、ん゛ぁあっ、でりゅっ、イ゛ぐぅ！！！」%K%P
「あ゛っ、あ゛っ、あ゛っ、あ゛っ、あ゛っ！！！\n　ぎもひいいっ、ん゛ぁあっ、でりゅっ、イ゛ぐぅ！！！」%K%P
痛みを感じるほど、おちんちんが膨張する。\n身体中の火照りという火照りが集まって……！！%K%P
痛みを感じるほど、おちんちんが膨張する。\n身体中の火照りという火照りが集まって……！！%K%P
%LC蛍
%LC蛍
「あ゛ぁああああああっっ――！！\n　イ゛くっ、イ゛くイ゛くイ゛くっ！！！」%K%P
「あ゛ぁああああああっっ――！！\n　イ゛くっ、イ゛くイ゛くイ゛くっ！！！」%K%P
%LC蛍
%LC蛍
「イ゛っっ――」%K%P
「イ゛っっ――」%K%P
%LC蛍
%LC蛍
「っくぅぅぅぅぅん゛ん゛んんんんんんっっ〜〜！！！！」%K%P
「っくぅぅぅぅぅん゛ん゛んんんんんんっっ〜〜！！！！」%K%P
わたしの中で何かが弾ける。\n悶絶しながら、おちんちんが膣内で暴れ回る――%K%P
わたしの中で何かが弾ける。\n悶絶しながら、おちんちんが膣内で暴れ回る――%K%P
%LC千鶴
%LC千鶴
「んはぁぁっっ……！！　あっ、あぁぁんっ……！！\n　すっごい射精っ、んんんんっっっ……！！」%K%P
「んはぁぁっっ……！！　あっ、あぁぁんっ……！！\n　すっごい射精っ、んんんんっっっ……！！」%K%P
%LC千鶴
%LC千鶴
「めいっぱい締めてるのにっ、んふふっ……！！\n　膣内でブルンブルン震えながら射精してきて……！！」%K%P
「めいっぱい締めてるのにっ、んふふっ……！！\n　膣内でブルンブルン震えながら射精してきて……！！」%K%P
%LC蛍
%LC蛍
「あふあああっ、ああああっっ！！\n　はぁーっ、はぁーっ、ん゛はぁぁっー……！！！」%K%P
「あふあああっ、ああああっっ！！\n　はぁーっ、はぁーっ、ん゛はぁぁっー……！！！」%K%P
め、目の前がチカチカするっ……！！\nビュービューするの、ふぁ、気持ち良すぎて……！！%K%P
め、目の前がチカチカするっ……！！\nビュービューするの、ふぁ、気持ち良すぎて……！！%K%P
苛められるの、あふぁ、は、はまっちゃうかもぉ……！\n女の子になりきると、ふへへぇ、感じちゃう……！！%K%P
苛められるの、あふぁ、は、はまっちゃうかもぉ……！\n女の子になりきると、ふへへぇ、感じちゃう……！！%K%P
%LC蛍
%LC蛍
「ふはぁー……！　はぁー……！　はぁー……！\n　あふぁ……！　はぁはぁっ……！！」%K%P
「ふはぁー……！　はぁー……！　はぁー……！\n　あふぁ……！　はぁはぁっ……！！」%K%P
%LC千鶴
%LC千鶴
「はぁはぁ……。気持ち良かった？\n　って……聞くまでもなさそうだね？」%K%P
「はぁはぁ……。気持ち良かった？\n　って……聞くまでもなさそうだね？」%K%P
%LC千鶴
%LC千鶴
「ふふ……。だらしなく涎まで零して\n　感じちゃってるじゃん。顔もトロットロ」%K%P
「ふふ……。だらしなく涎まで零して\n　感じちゃってるじゃん。顔もトロットロ」%K%P
%LC千鶴
%LC千鶴
「あたしをマゾだ、ドＭだって言ってたけど……ふふ。\n　蛍も結構マゾなんじゃない？」%K%P
「あたしをマゾだ、ドＭだって言ってたけど……ふふ。\n　蛍も結構マゾなんじゃない？」%K%P
%LC蛍
%LC蛍
「はぁ、はぁ……。しょ、しょうなのかも……。\n　想像以上に、ふぁぁぁ、き、気持ち良かった……」%K%P
「はぁ、はぁ……。しょ、しょうなのかも……。\n　想像以上に、ふぁぁぁ、き、気持ち良かった……」%K%P
%LC千鶴
%LC千鶴
「あれま。素直になっちゃって」%K%P
「あれま。素直になっちゃって」%K%P
からかうように言ってくるお姉ちゃんに\n何も反応できない。まだ頭がフワフワしてて……。%K%P
からかうように言ってくるお姉ちゃんに\n何も反応できない。まだ頭がフワフワしてて……。%K%P
%LC千鶴
%LC千鶴
「んじゃさ……ふふ。\n　このままもう一度、苛めてあげよっか？」%K%P
「んじゃさ……ふふ。\n　このままもう一度、苛めてあげよっか？」%K%P
%LC蛍
%LC蛍
「そ、それは……」%K%P
「そ、それは……」%K%P
%LC千鶴
%LC千鶴
「それとも男らしくお姉ちゃんをひぃひぃ言わせたい？\n　どっちがいいかな？　あたしは、どっちでもいいよ？」%K%P
「それとも男らしくお姉ちゃんをひぃひぃ言わせたい？\n　どっちがいいかな？　あたしは、どっちでもいいよ？」%K%P
お姉ちゃんが愉しそうに尋ねてくる。\nそんな彼女に僕は、いいえ、わたしは息を呑んで――%K%P
お姉ちゃんが愉しそうに尋ねてくる。\nそんな彼女に僕は、いいえ、わたしは息を呑んで――%K%P
%LC蛍
%LC蛍
「も、もう一度苛めて下さい……。千鶴しゃまぁ……」%K%P
「も、もう一度苛めて下さい……。千鶴しゃまぁ……」%K%P
%LC千鶴
%LC千鶴
「ふふふ。ホント可愛い妹だね？」%K%P
「ふふふ。ホント可愛い妹だね？」%K%P
弟だもん――とは今日はもう言えそうになかった。%K%P
弟だもん――とは今日はもう言えそうになかった。%K%P
女装してエッチするの……はぁはぁ。\nこれからも定期的におねだりしちゃいそう……。%K%P
女装してエッチするの……はぁはぁ。\nこれからも定期的におねだりしちゃいそう……。%K%P
%LC千鶴
%LC千鶴
「それじゃ……このまま二回戦始めちゃおっか。\n　今日もまた……一日中エッチ、しようね？」%K%P
「それじゃ……このまま二回戦始めちゃおっか。\n　今日もまた……一日中エッチ、しようね？」%K%P
%LC蛍
%LC蛍
「は……はい……。千鶴しゃまぁ……」%K%P
「は……はい……。千鶴しゃまぁ……」%K%P
そうして千鶴様が再びゆっくりと腰を動かし始める。%K%P
そうして千鶴様が再びゆっくりと腰を動かし始める。%K%P
わたしはそんな千鶴様の焦らすような愛撫に\n羞恥心と期待を抱きながら、身を任せた――%K%P
わたしはそんな千鶴様の焦らすような愛撫に\n羞恥心と期待を抱きながら、身を任せた――%K%P
